1 7 31 159 187 47 186 28 84 172 62 92 97 24 37 114 18 176 96 5 81 4 25 77 49 14 22 63 90 66 13 69 68 76 79 8 99 74 149 78 57 35 51 12 34 88 11 82 52 94 164 86 50 17 161 58 100 6 54 65 75 130 26 48 89 46 166 16 21 53 95 42 95 53 55 27 36 80 20 45 40 44 59 33 85 60 157 111 91 104 23 107 87 32 2 61 93 9 71 39 179 101 167 67 41 72 56 131 15 1
93
2 2
4 4
5 5
6 6
7 7
8 8
9 9
11 11
12 12
13 13
14 14
15 15
16 16
17 17
18 18
20 20
21 21
22 22
23 23
24 24
25 25
26 26
27 27
28 28
31 31
32 32
33 33 29
34 34
35 35
36 36
37 37
39 39
40 40
41 41
42 42 64
44 44
45 45
46 46
47 47
48 48
49 49
50 50
51 51
52 52
53 53
54 54
55 55
56 56
57 57
58 58
59 59
60 60
61 61 38
62 62
63 63
65 65
66 66 43
67 67
68 68
69 69 30
71 71
72 72
74 74
75 75
76 76
77 77
78 78 3
79 79
80 80 70
81 81
82 82
84 84
85 85
86 86
87 87
88 88
89 89
90 90
91 91
92 92
93 93
94 94
95 95
96 96
97 97
99 99
100 100
101 101
161 19
166 98
157 10
104 73
167 83
