Home141 Home15 Home171 Home145 Home83 Home27 Home111 Home43 Home138 Home100 Home166 Home45 Home60 Home136 Home147 Home51 Home30 Home96 Home44 Home38 Home173 Home34 Home176 Home52 Home66 Home91 Home115 Home120 Home135 Home87 Home64 Home28 Home35 Home126 Home20 Home149 Home88 Home11 Home49 Home4 Home101 Home170 Home165 Home79 Home110 Home40 Home172 Home31 Home140 Home12 Home74 Home25 Home81 Home75 Home121 Home26 Home82 Home143 Home122 Home78 Home144 Home131 Home16 Home112 Home128 Home6 Home163 Home156 Home103 Home36 Home7 Home127 Home164 Home53 Home174 Home86 Home5 Home76 Home105 Home152 Home62 Home134 Home2 Home97 Home161 Home73 Home114 Home55 Home119 Home89 Home3 Home157 Home92 Home84 Home13 Home37 Home29 Home48 Home125 Home32 Home154 Home141
81
Home3 Home3
Home4 Home4
Home5 Home5 Home167 Home124 Home63
Home7 Home7
Home11 Home11
Home13 Home13
Home15 Home15
Home16 Home16
Home20 Home20
Home25 Home25
Home26 Home26
Home27 Home27
Home31 Home31
Home32 Home32
Home34 Home34
Home35 Home35
Home36 Home36
Home37 Home37
Home43 Home43
Home44 Home44
Home45 Home45
Home48 Home48
Home51 Home51
Home53 Home53
Home55 Home55
Home60 Home60
Home62 Home62
Home64 Home64
Home66 Home66
Home74 Home74
Home75 Home75
Home76 Home76
Home81 Home81
Home82 Home82 Home177
Home83 Home83
Home86 Home86
Home87 Home87
Home88 Home88
Home89 Home89
Home91 Home91
Home92 Home92
Home96 Home96
Home97 Home97
Home100 Home100 Home67
Home103 Home103
Home105 Home105
Home110 Home110
Home111 Home111
Home112 Home112
Home114 Home114
Home120 Home120 Home69
Home122 Home122
Home125 Home125
Home126 Home126
Home127 Home127
Home128 Home128
Home131 Home131
Home134 Home134
Home135 Home135
Home136 Home136
Home143 Home143
Home144 Home144
Home147 Home147
Home149 Home149
Home152 Home152
Home154 Home154
Home156 Home156
Home157 Home157
Home161 Home161
Home164 Home164
Home165 Home165
Home170 Home170
Home171 Home171
Home172 Home172
Home173 Home173
Home176 Home176
Home28 Home1
Home49 Home47
Home140 Home50
Home2 Home132
Home73 Home106
