0 137 0 112 50 9 64 141 60 198 88 182 2 36 56 174 93 174 29 14 61 65 3 12 153 73 96 51 6 58 68 85 75 11 121 49 40 184 35 100 168 196 1 57 16 197 23 89 26 108 54 24 63 55 107 142 116 19 105 92 17 13 5 109 22 46 41 28 72 33 7 76 34 125 87 84 97 147 95 145 42 18 82 99 32 25 169 103 20 53 128 8 67 71 148 94 160 138 79 90 0
79
0 0 43 86 62 59 15
1 1
2 2 78 27
3 3
5 5
6 6
7 7
8 8
9 9 80
11 11
12 12
13 13
14 14
16 16
17 17 21
18 18
19 19
20 20
22 22
23 23
24 24
25 25
26 26
28 28
29 29
32 32
33 33 74
34 34
35 35
36 36
40 40
41 41
42 42 48 10
46 46
49 49
50 50
51 51 30 47
53 53
54 54 98
55 55
56 56
57 57
58 58
60 60
61 61 70
63 63
64 64
65 65
67 67
68 68
71 71
72 72 83
73 73
75 75
76 76
79 79 4
82 82
84 84
85 85
87 87
88 88
89 89
90 90
92 92
93 93 38
94 94
95 95
96 96
97 97
99 99
137 52 37
141 31
174 81
153 66
184 69
125 77 91
128 45
100 44
142 39
