69 101 7 56 25 170 31 1 64 118 128 1 149 158 1 46 87 59 30 52 37 134 186 44 82 191 33 5 121 192 0 188 113 193 0 162 195 12 197 147 146 112 11 104 97 11 165 6 166 80 63 71 72 74 81 133 190 185 198 171 58 110 99 14 148 16 90 13 2 150 83 160 77 27 117 26 119 24 50 53 194 8 100 163 135 115 131 127 69
79
1 1
2 2
5 5 132
11 11
14 14
16 16
24 24
25 25
26 26
27 27
30 30
31 31
33 33
37 37
44 44
46 46
50 50
52 52
53 53
56 56
58 58
59 59
63 63
64 64
71 71
72 72
74 74
77 77
80 80
81 81
82 82
83 83
87 87
90 90
97 97
99 99
100 100
101 101
104 104
110 110
112 112
113 113
115 115
117 117
118 118
119 119
121 121
127 127
128 128
131 131
133 133
134 134
135 135
146 146
147 147
148 148
149 149
150 150
158 158
160 160
162 162
163 163
165 165
166 166
171 171
185 185
186 186
188 188
190 190
191 191
192 192
193 193
194 194
195 195
197 197
198 198
7 36
0 51
6 106
