0 130 132 141 142 140 44 100 15 85 87 95 145 99 105 47 183 180 182 189 74 125 39 35 37 35 20 150 152 151 122 120 123 67 66 12 10 13 2 28 25 27 65 30 32 58 55 57 110 113 17 104 149 159 124 179 69 54 90 92 191 192 190 154 184 79 134 139 64 94 170 129 72 144 195 114 160 137 166 117 116 77 101 102 108 82 169 52 135 40 42 186 187 185 75 0
83
2 2
12 12 11
13 13
15 15
17 17 16
20 20
25 25
27 27 118
28 28
30 30
32 32
35 35 38
37 37 36
39 39
42 42 41
44 44
47 47
52 52
54 54
55 55
57 57 56
58 58
64 64
65 65 68
66 66
67 67
69 69
72 72
74 74
79 79
82 82
87 87
92 92 91
94 94
95 95 97
99 99
100 100
101 101
102 102
104 104
105 105
108 108
110 110
113 113
114 114
116 116
120 120
122 122
123 123
124 124
125 125 128
129 129
132 132 131
134 134
135 135 138
139 139
141 141
142 142
144 144
145 145 148
149 149
152 152
154 154
159 159
160 160 161
166 166
179 179
180 180
182 182 181
183 183
184 184
186 186
187 187
189 189
192 192
195 195 197
0 3
130 133
170 172
137 136
117 168
40 43
75 78
