99 176 103 52 167 76 161 62 80 128 164 168 86 146 71 112 2 47 8 135 61 54 129 29 88 196 119 157 96 56 43 18 121 148 16 190 37 53 162 0 21 5 23 165 64 59 113 170 138 111 45 185 137 186 85 174 159 106 95 184 19 1 12 139 33 110 155 36 98 152 32 34 188 175 178 79 75 156 142 118 126 49 27 116 117 187 163 107 9 81 158 107 94 93 69 82 31 104 169 144 55 120 160 84 166 74 42 199 26 48 122 154 149 58 99
89
0 0
1 1
5 5
8 8
9 9
12 12
18 18
26 26
27 27
33 33
34 34
42 42
47 47
53 53
55 55
56 56
59 59
61 61
75 75
80 80
82 82
88 88
94 94
98 98
99 99
103 103
106 106
111 111
112 112
117 117
119 119
122 122
126 126
142 142
146 146
148 148
149 149
155 155
158 158
160 160
161 161
163 163
164 164
165 165
166 166
167 167
168 168
169 169
170 170
174 174
178 178
184 184
185 185
186 186
188 188
190 190
176 35
52 92 22
62 73
86 181
71 192
2 40 63
129 28
157 172
96 132
43 97 66
16 17
37 180
21 78
113 51 30 124 114
138 20
45 41
137 150
85 127
159 131
95 24 183
110 151
152 90
175 15
156 70
118 4
49 123 10 125
187 68
81 100
69 173 83 25
104 130
120 171
199 39
58 102
