153 20 89 31 4 86 13 196 76 182 75 136 181 146 194 135 117 16 126 59 152 28 74 134 150 168 11 26 172 79 108 41 137 177 35 169 118 68 27 53 145 178 77 95 161 60 0 139 138 131 25 195 80 39 70 180 197 92 40 90 23 3 98 122 187 2 56 162 163 78 189 147 42 198 127 160 37 111 179 52 186 19 81 119 158 96 128 50 156 192 5 29 109 99 58 113 49 167 93 188 36 120 47 21 184 34 12 129 15 170 153
95
50 50
81 81
40 40
96 96
29 29
89 89
126 126
56 56
180 180
86 86
16 16
178 178
41 41
23 23
95 95
90 90
188 188
19 19
77 77
20 20
153 153
192 192
137 137
13 13
5 5
79 79
99 99
163 163
15 15
197 197
156 156
70 70
136 136
160 160
42 42
35 35
93 93
2 2
128 128
161 161
120 120
36 36
195 195
187 187
122 122
127 127
172 172
68 68
194 194
146 146
196 196
119 119
47 47
145 145
98 98 88
170 170
34 34
167 167
49 49
53 53
177 177
21 21
152 152
184 184
108 108
134 134
135 135
52 52
118 118
60 60 112
131 131
182 182
26 26
3 3
169 169
4 4
113 113
12 12
37 37
0 0
58 58
138 138 61
28 28
168 168
74 74
147 147
179 179
11 11
129 129
150 150
76 7 124
139 43
80 140
92 171 83
189 8
