Porterton Dianashire Ashleyborough Paulburgh Robertsstad Toddtown Swansonshire Toddtown Robertsstad Paulburgh Walltown Callahantown Maryport Callahantown Walltown Scotttown Jacksonview Scotttown Walltown Paulburgh Ashleyborough Clarkberg Reevestown Judithview Michaelview Judithview Reevestown Clarkberg Burtonview Murphyside Bakertown Murphyside Burtonview Clarkberg Ashleyborough Osborneville Christophermouth Shawnhaven Christophermouth Osborneville Payneview Jacksonville Jennifertown Jacksonville Payneview Teresafort Smithtown Teresafort Payneview Barnesmouth Harrisport Barnesmouth Payneview Osborneville Ashleyborough Dianashire Burgessview Billton Banksburgh Simmonsburgh Michaelville Simmonsburgh Banksburgh Yvonneborough Parkermouth Yvonneborough Banksburgh Billton Burgessview Williamfort Williamport Ashleystad Codyton Ashleystad Holthaven Ashleystad Williamport Williamfort Moodyburgh Heatherberg Thomasborough Heatherberg Moodyburgh Gregoryberg Smithfort Gregoryberg Moodyburgh Williamfort Thomasville Lopezburgh Byrdfurt Lopezburgh Thomasville Williamfort Burgessview Marcusburgh Matthewburgh Bondfort Shawnmouth Bondfort Adamview Bondfort Matthewburgh Virginiastad Robinsonmouth Virginiastad Matthewburgh Marcusburgh Tylerbury Marcusburgh Fletcherland Kingview Williamschester Kingview Fletcherland Marcusburgh Burgessview Dianashire Porterton Wallton Derekmouth Charlesberg Weberbury Kimberlyburgh Weberbury Charlesberg Kevinberg Patriciabury Kevinberg Adamside Kevinberg Charlesberg Sethland Ellisstad Sethland Charlesberg Derekmouth Jeffreyfort Garytown Audreyfort Garytown Jeffreyfort Johnsonchester Jeffreyfort Derekmouth Geraldside Joseport Hallborough Joseport Gabrielburgh Joseport Geraldside Michellehaven Cranemouth Michellehaven Ramosborough Michellehaven Geraldside Derekmouth Wallton Davisstad Newmanburgh Gallowaymouth Rioshaven Gallowaymouth Newmanburgh Davisstad Leechester Pettyton Bondmouth Pettyton Leechester Davisstad Jacksonton Singletonton Clarkbury Singletonton Jacksonton Davisstad Wallton Danielleport Scottburgh Laurenbury Haleview Laurenbury Scottburgh Danielleport Cooperton Lopezborough Waltersmouth Lopezborough Cooperton Danielleport Melissaview Campbellhaven Annberg Campbellhaven Melissaview Cheyennefurt Watsonville Cheyennefurt Melissaview Danielleport Wallton Porterton
50
Bondmouth Bondmouth Mercedesmouth Taylorton
Swansonshire Swansonshire Abigailhaven
Smithfort Smithfort Millerborough
Kimberlyburgh Kimberlyburgh Candiceland
Michaelview Michaelview Clarenceview
Ramosborough Ramosborough Fordhaven
Shawnmouth Shawnmouth Buckleyside Priceville
Audreyfort Audreyfort Patriciaside
Parkermouth Parkermouth Shawnfort
Gabrielburgh Gabrielburgh Hodgesstad
Smithtown Smithtown Abigailville Jacksonland
Michaelville Michaelville Williamland
Codyton Codyton Mindyview Ryanside
Robinsonmouth Robinsonmouth Horneside
Williamschester Williamschester Mirandaview
Annberg Annberg Houstonchester Dyerport
Jacksonview Jacksonview Danielville
Adamview Adamview Harrisborough
Hallborough Hallborough Kylieview
Watsonville Watsonville Christyland Robertomouth
Byrdfurt Byrdfurt Loweryborough Garciamouth
Harrisport Harrisport Brendaview
Clarkbury Clarkbury Jermaineton
Jennifertown Jennifertown Feliciaville
Bakertown Bakertown Derekville Jameston
Maryport Maryport Combsville Reynoldsview
Thomasborough Thomasborough Masseyside Ortegaberg
Ellisstad Ellisstad Osbornemouth
Patriciabury Patriciabury Troyfort Thomasmouth
Holthaven Holthaven Vickiville
Adamside Adamside Andrewschester Bradberg
Rioshaven Rioshaven Josephstad
Haleview Haleview Hallstad
Cranemouth Cranemouth Joneschester
Shawnhaven Dannyside Candaceborough
Jacksonville Christopherhaven
Teresafort Calvinton
Barnesmouth Clarkborough
Lopezburgh Leahmouth
Virginiastad Johnsonberg
Weberbury Clarkport
Sethland Tannerhaven
Johnsonchester Nealfurt Susanfort
Pettyton Jonesfurt
Waltersmouth Adkinsberg Adamport
Cheyennefurt Thompsonshire
Walltown Williamshire
Tylerbury Hansonbury Wilsonstad
Fletcherland Ortizberg
Leechester Suttonville
