FortCollins Harlingen Knoxville Hemet ElPaso CollegeStation Lakeland Bellevue Independence Anaheim Kennewick LasVegas Austin Cleveland LasVegas Layton ColoradoSprings GreenBay DesMoines Chandler LittleRock Greensboro Abilene Dallas Clarksville Lorain CedarRapids Bryan Aberdeen Barnstable Brownsville Fayetteville Appleton Jefferson Burbank Indianapolis Garland GrandRapids Kailua CapeCoral Berkeley DavidsonCounty Irvine Harrisburg Fontana AppleValley Corona Detroit Allentown Bremerton Grayslake Hollywood Bradenton Bridgeport McAllen Chicago Clearwater Evansville Danbury Atlanta Manchester Henderson BoiseCity Eugene Bethlehem Beaumont Houston DalyCity Fresno Kalamazoo Charlotte Jacksonville Gilbert Augusta LasCruces Joliet Fairfield Lancaster Lubbock Louisville Inglewood Hickory Arvada Leominster Albuquerque Erie Arvada Fargo BonitaSprings Baltimore AnnArbor Bakersfield Cincinnati Fremont Cary Irving Lacey Brighton Elkhart Champaign Lafayette Hampton Frederick Carrollton Alexandria Amarillo FortWaltonBeach Akron Elizabeth FortCollins
95
Aberdeen Aberdeen
Abilene Abilene
Akron Akron
Albuquerque Albuquerque
Alexandria Alexandria
Allentown Allentown
Amarillo Amarillo
Anaheim Anaheim
AnnArbor AnnArbor
AppleValley AppleValley
Appleton Appleton
Arvada Arvada
Atlanta Atlanta
Augusta Augusta
Austin Austin
Bakersfield Bakersfield
Baltimore Baltimore
Barnstable Barnstable
Beaumont Beaumont
Bellevue Bellevue
Berkeley Berkeley ElMonte
Bethlehem Bethlehem
BoiseCity BoiseCity
BonitaSprings BonitaSprings
Bradenton Bradenton
Bremerton Bremerton
Brighton Brighton
Brownsville Brownsville
Burbank Burbank
CapeCoral CapeCoral
Carrollton Carrollton
Cary Cary
CedarRapids CedarRapids
Champaign Champaign
Chandler Chandler
Chicago Chicago
Cleveland Cleveland
CollegeStation CollegeStation Boise
ColoradoSprings ColoradoSprings
Dallas Dallas
DalyCity DalyCity
Danbury Danbury
DavidsonCounty DavidsonCounty
DesMoines DesMoines
Detroit Detroit
ElPaso ElPaso
Elizabeth Elizabeth
Elkhart Elkhart
Erie Erie
Eugene Eugene
Evansville Evansville
Fairfield Fairfield
Fargo Fargo
Fayetteville Fayetteville
Fontana Fontana
FortCollins FortCollins
FortWaltonBeach FortWaltonBeach
Frederick Frederick
Fremont Fremont
Fresno Fresno
Garland Garland
Gilbert Gilbert
GrandRapids GrandRapids
Grayslake Grayslake
Hampton Hampton
Harlingen Harlingen
Harrisburg Harrisburg
Hemet Hemet
Henderson Henderson
Hickory Hickory
Hollywood Hollywood
Houston Houston
Independence Independence
Indianapolis Indianapolis
Inglewood Inglewood
Irvine Irvine
Irving Irving
Jacksonville Jacksonville
Jefferson Jefferson
Joliet Joliet
Kalamazoo Kalamazoo
Kennewick Kennewick
Knoxville Knoxville
Lacey Lacey
Lafayette Lafayette Lakewood
Lakeland Lakeland
Lancaster Lancaster Anchorage
LasCruces LasCruces
Layton Layton Denver
Leominster Leominster
LittleRock LittleRock
Lorain Lorain
Louisville Louisville
Lubbock Lubbock
Manchester Manchester
