152 75 50 153 183 9 81 166 35 95 0 179 184 7 96 85 61 45 160 157 162 97 27 79 92 21 73 168 111 31 112 115 59 53 82 102 181 125 5 113 4 161 56 149 150 91 163 24 143 24 173 94 105 140 169 134 165 116 90 41 126 37 101 139 65 144 6 38 13 42 28 142 87 171 66 180 130 51 2 78 123 170 58 155 121 104 12 186 136 8 108 89 60 145 62 75 152
70
0 0
130 130
2 2
5 5 182
134 134
136 136
9 9
8 8
139 139
12 12
13 13
142 142
143 143 151
144 144
145 145
149 149
153 153
27 27
28 28
157 157
31 31
163 163
35 35
37 37
165 165
166 166
168 168
169 169
170 170
41 41
45 45
171 171
42 42
50 50
51 51 172
180 180
53 53
183 183
56 56
184 184
58 58
181 181
60 60
38 38
65 65
66 66
73 73
75 75
78 78
79 79
81 81
85 85
87 87
89 89
90 90
92 92
94 94
95 95
96 96
97 97
101 101
105 105
111 111
112 112
113 113
116 116
121 121
126 126
160 175
115 54
