fab8g HaHFT Vjk2Z yM9nQ 0YoJb TQZik KWmhW iy8Ty BWyM2 lcarA sF84c wKKkJ aiycm b4E7v AGorf VUKiE 1xx4U RgC1Q 3XMfZ 8PY0r nRTkO Flgse wiGnS KzS0e O1QPI 5Ix1v eDWES P5ucv VIl39 9u8oD CT8M8 3FUsL bepE0 015ql 9ZatH L54Jg 8xyrX lJfgZ PpZP8 1SvIs c17Qf Gt2w1 mgHYN ciJ7c adW6k B3NSd ZlgGe dAx9s fhc2k cQMFl G944F l0HDP KB016 cDkiZ guI5B 8tK4L 4ORRk o4F0A pesnn 1pNjr Q0oXi XDGuI obqW1 DHhK9 gwQSf RhMSo uQK8T BJ1iC Lqz0g lJJK2 nScgp 1OpM2 qchZ3 GHmnJ n9AEE bD2TR kCdcu cm8oa Nbb6U HKgVO TtUXd LBzlR FW6DI tQXF5 tEdSo G91ym 2Z0oU F7m3U Bw1D7 4GEPG RnwlC g1WJz 7J90B rzyrR fr0Bd 4b2sA f5Qx2 BybTG H6HgM x8KLa fab8g
100
H6HgM H6HgM
f5Qx2 f5Qx2
VUKiE VUKiE
rzyrR rzyrR
cQMFl cQMFl
Gt2w1 Gt2w1
g1WJz g1WJz
RgC1Q RgC1Q
3XMfZ 3XMfZ
9ZatH 9ZatH
Lqz0g Lqz0g
bepE0 bepE0
B3NSd B3NSd
G91ym G91ym
mgHYN mgHYN
4GEPG 4GEPG
3FUsL 3FUsL
ZlgGe ZlgGe
fab8g fab8g
Flgse Flgse
ciJ7c ciJ7c
yM9nQ yM9nQ
HaHFT HaHFT
F7m3U F7m3U
Bw1D7 Bw1D7
Vjk2Z Vjk2Z
o4F0A o4F0A
sF84c sF84c
nScgp nScgp
cm8oa cm8oa
cDkiZ cDkiZ
lJJK2 lJJK2
KWmhW KWmhW
wiGnS wiGnS
RhMSo RhMSo
BJ1iC BJ1iC
Nbb6U Nbb6U
BWyM2 BWyM2
qchZ3 qchZ3
kCdcu kCdcu
RnwlC RnwlC
TQZik TQZik
wKKkJ wKKkJ
bD2TR bD2TR
c17Qf c17Qf
uQK8T uQK8T
KzS0e KzS0e
G944F G944F
PpZP8 PpZP8
gwQSf gwQSf
b4E7v b4E7v
iy8Ty iy8Ty
Q0oXi Q0oXi
lJfgZ lJfgZ
2Z0oU 2Z0oU
CT8M8 CT8M8
lcarA lcarA
KB016 KB016
015ql 015ql
tEdSo tEdSo
1xx4U 1xx4U
VIl39 VIl39
1SvIs 1SvIs
fhc2k fhc2k
LBzlR LBzlR
fr0Bd fr0Bd
8xyrX 8xyrX
adW6k adW6k
L54Jg L54Jg
HKgVO HKgVO
FW6DI FW6DI
1OpM2 1OpM2
n9AEE n9AEE
XDGuI XDGuI
AGorf AGorf
4b2sA 4b2sA
O1QPI O1QPI
tQXF5 tQXF5
dAx9s dAx9s
4ORRk 4ORRk
0YoJb 0YoJb
TtUXd TtUXd
aiycm aiycm
8tK4L 8tK4L
7J90B 7J90B
GHmnJ GHmnJ
P5ucv P5ucv
obqW1 obqW1
DHhK9 DHhK9
x8KLa x8KLa
guI5B guI5B
eDWES eDWES
pesnn pesnn
BybTG BybTG
1pNjr 1pNjr
l0HDP l0HDP
9u8oD 9u8oD
nRTkO nRTkO
8PY0r 8PY0r
5Ix1v 5Ix1v
