0 2 6 14 29 60 29 59 29 14 6 13 27 56 27 55 27 13 28 57 28 58 28 13 6 14 30 62 30 61 30 14 6 2 5 11 24 49 24 50 24 11 23 48 97 48 98 48 23 47 96 47 95 47 23 11 5 12 26 53 26 54 26 12 25 51 25 52 25 12 5 2 0 1 3 7 15 31 64 31 63 31 15 32 65 32 66 32 15 7 16 33 67 33 68 33 16 34 70 34 69 34 16 7 3 8 18 38 77 38 78 38 18 37 75 37 76 37 18 8 17 36 73 36 74 36 17 35 72 35 71 35 17 8 3 1 4 10 22 45 92 45 91 45 22 46 94 46 93 46 22 10 21 43 88 43 87 43 21 44 89 44 90 44 21 10 4 9 20 41 84 41 83 41 20 42 85 42 86 42 20 9 19 40 81 40 82 40 19 39 79 39 80 39 19 9 4 1 0
50
60 122 121
59 120 119
56 113 114
55 112 111
57 115 116
58 117 118
62 125 126
61 123 124
49 100 199
50 102 101
97 196 195
98 197 198
96 193 194
95 192 191
53 108 107
54 110 109
51 103 104
52 105 106
64 130 129
63 127 128
65 132 131
66 133 134
67 135 136
68 138 137
70 141 142
69 140 139
77 156 155
78 158 157
75 151 152
76 154 153
73 148 147
74 149 150
72 146 145
71 144 143
92 185 186
91 184 183
94 189 190
93 188 187
88 177 178
87 176 175
89 180 179
90 182 181
84 170 169
83 168 167
85 172 171
86 174 173
81 164 163
82 166 165
79 160 159
80 162 161
