A42 A147 A132 A98 A148 A98 A144 A106 A149 A39 A76 A187 A117 A50 A65 A82 A194 A28 A169 A95 A177 A112 A21 A44 A120 A24 A107 A78 A100 A184 A23 A57 A176 A58 A35 A130 A159 A31 A146 A118 A104 A154 A2 A5 A136 A67 A133 A51 A11 A158 A17 A151 A96 A150 A70 A13 A88 A56 A185 A193 A40 A73 A172 A143 A186 A34 A186 A64 A191 A30 A189 A30 A196 A127 A32 A137 A16 A105 A9 A108 A45 A66 A77 A115 A4 A7 A168 A125 A182 A125 A72 A114 A83 A142 A139 A12 A124 A163 A43 A84 A183 A93 A153 A71 A42
83
A2 A2 A135
A4 A4
A5 A5
A7 A7
A9 A9
A13 A13 A75
A16 A16
A17 A17
A21 A21
A23 A23
A28 A28
A30 A30 A90
A32 A32
A34 A34 A94
A35 A35
A39 A39
A40 A40
A42 A42
A43 A43
A45 A45
A51 A51
A57 A57 A38
A58 A58
A64 A64
A65 A65
A67 A67
A70 A70
A71 A71
A72 A72 A37 A167
A76 A76
A77 A77
A78 A78
A82 A82
A84 A84
A88 A88 A113
A93 A93
A95 A95
A96 A96
A98 A98 A0
A100 A100
A105 A105
A106 A106
A107 A107
A114 A114
A117 A117
A118 A118
A120 A120
A124 A124 A145
A127 A127
A130 A130
A132 A132
A136 A136
A137 A137
A139 A139
A142 A142
A143 A143
A144 A144
A148 A148 A192
A154 A154
A159 A159
A172 A172
A176 A176
A177 A177
A182 A182 A102
A183 A183
A184 A184 A92
A185 A185
A187 A187 A198
A189 A189 A3
A191 A191 A46
A193 A193 A20
A194 A194
A196 A196
A149 A33
A146 A128
A11 A122
A73 A123
A186 A111
A66 A126
A115 A179
A168 A54
A125 A181
A83 A103
