Rhode McEnerney Olympia East Cheyenne Donner Harrisburg Martin Hellman Kentucky Grinnell Baton Annapolis Austin Krutch BART CNMAT Clark Mississippi Observatory Wisconsin Mathematical Edwards Class Bancroft Montgomery West Simon Illinois Topeka Hearst Hartford Trenton Maxwell Etcheverry Heating Durham Foothill Montana Tennessee McLaughlin Police Jones Insectary Jacobs Hertz Stadium Moffitt Morrison Haste Concord Little Maryland Chvez Bowles Tang Columbia Utah Lower Durant Minnesota Richmond Providence Salt Springer Energy Pennsylvania LeConte Jefferson Sproul Boalt International Barrows Nashville Cory Moses Berkeley Santa Madison Columbus Florida Mulford Lansing Brain Blackwell Oregon Warren Cleary Hawaii Chou Birge Hargrove Silver Simpson Nevada Campanile Michigan University Valley Life Rhode
100
Rhode Rhode
Olympia Olympia
Kentucky Kentucky
McEnerney McEnerney
Cheyenne Cheyenne
East East
University University
Valley Valley
Harrisburg Harrisburg
Hellman Hellman
Martin Martin
Donner Donner
Life Life
Campanile Campanile
Michigan Michigan
Baton Baton
Silver Silver
Moses Moses
Grinnell Grinnell
Cory Cory
CNMAT CNMAT
Cleary Cleary
Warren Warren
Nevada Nevada
Columbia Columbia
BART BART
Austin Austin
Blackwell Blackwell
Bowles Bowles
Tang Tang
Simpson Simpson
Oregon Oregon
Krutch Krutch
Florida Florida
LeConte LeConte
Simon Simon
Berkeley Berkeley
Brain Brain
Class Class
Heating Heating
Annapolis Annapolis
Jefferson Jefferson
Utah Utah
Durham Durham
Energy Energy
Pennsylvania Pennsylvania
Maryland Maryland
West West
Hawaii Hawaii
Edwards Edwards
Santa Santa
Salt Salt
Columbus Columbus
Wisconsin Wisconsin
Birge Birge
Mathematical Mathematical
Mississippi Mississippi
Lower Lower
Lansing Lansing
Clark Clark
Illinois Illinois
Montgomery Montgomery
Mulford Mulford
Madison Madison
Etcheverry Etcheverry
Richmond Richmond
Tennessee Tennessee
Maxwell Maxwell
Providence Providence
Chvez Chvez
Springer Springer
Observatory Observatory
Durant Durant
Little Little
Hertz Hertz
Police Police
Chou Chou
Bancroft Bancroft
Minnesota Minnesota
Hargrove Hargrove
Montana Montana
Moffitt Moffitt
Jones Jones
Hartford Hartford
Trenton Trenton
McLaughlin McLaughlin
Concord Concord
Sproul Sproul
Boalt Boalt
Stadium Stadium
Insectary Insectary
Foothill Foothill
Haste Haste
Jacobs Jacobs
Hearst Hearst
Morrison Morrison
International International
Barrows Barrows
Nashville Nashville
Topeka Topeka
