100 31 15 27 70 36 33 12 11 10 76 121 119 111 115 153 156 104 165 164 85 86 100 58 98 94 95 189 192 188 21 56 21 188 136 20 141 133 50 131 130 129 144 42 3 41 73 74 6 9 8 40 72 43 29 13 103 34 7 39 7 34 14 61 60 22 25 59 16 61 54 1 17 2 44 4 44 2 46 142 131 50 19 47 48 49 51 23 53 18 55 58 100
56
1 1
2 2
3 3
4 4 5
6 6
7 7
8 8
9 9
10 10
11 11
12 12
13 13
14 14
15 15
16 16 30
17 17
18 18
19 19
20 20
21 21
22 22
23 23
25 25
27 27
29 29
31 31
33 33
34 34
36 36 28
165 165
39 39 37
40 40
41 41
42 42
43 43 45
44 44
46 46
47 47
48 48
49 49
50 50
51 51
53 53 52
54 54
55 55 24
56 56 57
58 58
59 59
60 60
192 192
111 111
121 121
153 153
189 182
61 26
100 32
