BerkeleyArtMuseumand LegendsAquaticCenter ArchitectsEngineersA CareerCenter WarrenHall ChancellorsEsplanade HaasSchoolofBusiness McConeHall AnthonyHall BarrowsHall LiKaShingCenter BancroftDanceStudio HavilandHall KoshlandHall NorthField MariesHouse AcademicInnovationSt InsectaryGreenhouse SimpsonCenterforStud LatinAmericanStudies PacificFilmArchiveBe ObservatoryHill CoryHall EvansHall MosesHall UpperHearstParkingSt CheitHall HearstMemorialMining ClarkKerrCampus FacultyClub CaliforniaHall GianniniHall EdwardsTrackStadiumG ZellerbachHall NaturalResourcesLabo MagnesCollectionofJe AHammock BanwayBuilding MaxwellFamilyFieldan SimonHall Unit1ResidentHall InternationalHouse LowerHearstParkingSt FoxCottage2350Bowdit EastAsianStudiesInst WellmanHall InvestigativeReporti HenryHWheelerBrainIm CesarEChavezStudentC ManvilleHall BowlesHall LeConteHall EnergyBiosciencesBui GoldmanField MartinezCommons MathematicalSciences KoretVisitorCenter LawrenceBerkeleyNati EllsworthParkingStru GraduateTheologicalU StanleyHall UniversityHealthServ GolbousPlace SutardjaDaiHall Sebastians FacultyGlade McLaughlinHall MorrisonHall PublicAffairsOfficeo AlumniHouse Library Demography EvansDiamond IRLE UniversityHouse LawrenceHallofScienc MulfordHall SpiekerAquaticsCompl FallProgramforFreshm SatherTower BancroftLibrary LawSchool BerkeleyArtMuseumand
82
BerkeleyArtMuseumand BerkeleyArtMuseumand
LowerHearstParkingSt LowerHearstParkingSt
PacificFilmArchiveBe PacificFilmArchiveBe
FoxCottage2350Bowdit FoxCottage2350Bowdit
KoshlandHall KoshlandHall
Unit1ResidentHall Unit1ResidentHall
LeConteHall LeConteHall
EdwardsTrackStadiumG EdwardsTrackStadiumG
ArchitectsEngineersA ArchitectsEngineersA
HavilandHall HavilandHall
AnthonyHall AnthonyHall
LawrenceBerkeleyNati LawrenceBerkeleyNati
CesarEChavezStudentC CesarEChavezStudentC
HenryHWheelerBrainIm HenryHWheelerBrainIm
NorthField NorthField
MartinezCommons MartinezCommons
AlumniHouse AlumniHouse
WarrenHall WarrenHall
CaliforniaHall CaliforniaHall
AcademicInnovationSt AcademicInnovationSt
BowlesHall BowlesHall
Library Library
CheitHall CheitHall
AHammock AHammock
StanleyHall StanleyHall
LawSchool LawSchool
GoldmanField GoldmanField
MaxwellFamilyFieldan MaxwellFamilyFieldan
HaasSchoolofBusiness HaasSchoolofBusiness
UniversityHouse UniversityHouse
MulfordHall MulfordHall
BarrowsHall BarrowsHall
KoretVisitorCenter KoretVisitorCenter
PublicAffairsOfficeo PublicAffairsOfficeo
WellmanHall WellmanHall
ChancellorsEsplanade ChancellorsEsplanade
InvestigativeReporti InvestigativeReporti
GraduateTheologicalU GraduateTheologicalU
SatherTower SatherTower
FacultyGlade FacultyGlade
EastAsianStudiesInst EastAsianStudiesInst
ZellerbachHall ZellerbachHall
BancroftLibrary BancroftLibrary
SutardjaDaiHall SutardjaDaiHall
SimonHall SimonHall
FacultyClub FacultyClub
SimpsonCenterforStud SimpsonCenterforStud
HearstMemorialMining HearstMemorialMining
CareerCenter CareerCenter
MosesHall MosesHall
SpiekerAquaticsCompl SpiekerAquaticsCompl
EvansHall EvansHall
McConeHall McConeHall
GianniniHall GianniniHall
NaturalResourcesLabo NaturalResourcesLabo
MorrisonHall MorrisonHall
McLaughlinHall McLaughlinHall
IRLE IRLE
UpperHearstParkingSt UpperHearstParkingSt
ClarkKerrCampus ClarkKerrCampus
LatinAmericanStudies LatinAmericanStudies
ManvilleHall ManvilleHall
LegendsAquaticCenter LegendsAquaticCenter
LawrenceHallofScienc LawrenceHallofScienc
LiKaShingCenter LiKaShingCenter
Sebastians Sebastians
EnergyBiosciencesBui EnergyBiosciencesBui
MathematicalSciences MathematicalSciences
EllsworthParkingStru EllsworthParkingStru
FallProgramforFreshm FallProgramforFreshm
InternationalHouse InternationalHouse
GolbousPlace GolbousPlace
EvansDiamond EvansDiamond
CoryHall CoryHall
UniversityHealthServ UniversityHealthServ
ObservatoryHill ObservatoryHill
MagnesCollectionofJe MagnesCollectionofJe
BancroftDanceStudio BancroftDanceStudio
Demography Demography
BanwayBuilding BanwayBuilding
MariesHouse MariesHouse
InsectaryGreenhouse InsectaryGreenhouse
