0 7 9 10 26 28 29 34 38 34 29 28 26 28 26 10 72 10 11 71 68 71 11 12 73 69 65 61 60 51 57 59 63 67 72 10 26 10 72 10 26 28 29 34 38 75 95 96 97 98 83 82 87 84 37 39 35 36 33 41 81 41 33 30 32 31 14 47 46 91 43 80 88 94 89 93 50 49 92 49 50 49 48 47 14 31 30 33 30 29 30 31 14 47 14 17 18 19 18 17 14 47 45 42 86 99 78 76 16 15 14 31 30 28 26 10 8 74 66 62 58 56 52 55 54 55 52 56 58 62 66 74 8 9 7 9 24 23 0 2 3 4 5 4 3 2 0
68
0 0 1 22 21
2 2
3 3
4 4
5 5 6
7 7 25
8 8
9 9
14 14 17 13 31 40
15 15
16 16
18 18
19 19 20
23 23
24 24
26 26 10
28 28 27 12 77
29 29 35 34 39
30 30
32 32
33 33 41
36 36
37 37
38 38 75
42 42
43 43 44
45 45
47 47 46
48 48
50 50 93
51 51
52 52
54 54 53
55 55
56 56
57 57
58 58
59 59
60 60
61 61
62 62
65 65 70
66 66
68 68 64
69 69
71 71
72 72 67 11 63
73 73
74 74
76 76
78 78
80 80
81 81 79
82 82
83 83
84 84
86 86
87 87
88 88
89 89
91 91
92 92 90 49
94 94
95 95
96 96
97 97
98 98
99 99 85
