6 1 4 0 8 7 2 6 11 15 13 14 16 19 10 18 11 24 26 23 20 24 30 38 39 31 30 42 44 48 46 41 40 42 55 57 50 51 55 67 69 65 60 63 62 67 73 74 77 75 79 72 78 73 80 85 88 80 81 87 80 96 90 95 97 98 92 96 103 105 106 109 107 102 101 103 111 113 118 115 112 114 111 124 126 123 129 128 120 125 124 133 139 134 130 137 138 132 133 143 146 147 144 149 145 148 143 158 159 152 154 153 150 158 168 163 167 166 168 172 178 170 179 176 172 189 180 185 186 184 181 187 182 189 199 198 197 194 190 191 196 199 6
88
0 0
1 1
4 4
7 7
8 8
10 10
14 14
15 15
18 18
19 19
20 20 21
23 23
26 26
31 31
38 38 36
39 39
40 40
41 41
46 46
48 48
50 50
51 51 59
57 57
60 60
62 62
63 63
65 65
69 69
74 74
75 75
77 77
78 78
79 79
81 81
85 85
87 87
88 88
90 90
95 95
97 97
98 98
101 101
105 105
106 106
107 107
109 109
112 112
113 113
114 114
115 115
118 118
120 120
125 125
126 126
128 128
129 129
130 130
132 132
134 134
137 137
139 139
144 144
145 145
146 146
148 148
149 149
150 150 157
152 152
153 153
163 163
166 166
167 167
170 170
176 176
178 178
179 179
181 181
182 182
185 185
186 186
187 187
190 190
191 191
194 194
196 196
198 198
168 164
172 177
