187 68 162 185 32 45 70 199 195 63 48 158 94 4 29 153 88 42 37 59 13 120 9 102 175 142 73 117 140 65 183 122 71 181 128 124 23 109 131 133 150 148 123 15 82 127 101 92 184 126 58 176 159 157 83 53 35 56 33 165 194 80 189 89 54 97 154 134 180 44 160 39 69 171 93 41 146 114 79 90 21 111 163 106 152 12 6 149 169 190 107 77 161 191 188 2 30 136 72 173 166 104 52 144 119 8 66 172 78 164 87 36 179 110 7 99 196 67 18 47 156 86 187
98
2 2
6 6
7 7
8 8
9 9
12 12
13 13
15 15
18 18
23 23
29 29
30 30
32 32
33 33
36 36
39 39
41 41
42 42
44 44
45 45
47 47
48 48
52 52
53 53
54 54 55
58 58 95
59 59
63 63
65 65
67 67
68 68
69 69
70 70
71 71
72 72
73 73
78 78
79 79
80 80
82 82
83 83
86 86
87 87
89 89
90 90
92 92
93 93
94 94
97 97
107 107
109 109
110 110
111 111
114 114
117 117
119 119
120 120
124 124
126 126
127 127
128 128
131 131
133 133
134 134
136 136
140 140
142 142
146 146
148 148
150 150
152 152
153 153
154 154
156 156
157 157
160 160
161 161
162 162
163 163
164 164
165 165
166 166
169 169
171 171
172 172
173 173
175 175
176 176
180 180
181 181
183 183
184 184
190 190
191 191
196 196
199 199
21 108
149 132
