114 78 161 119 74 175 173 0 29 190 76 191 25 10 133 63 18 26 47 92 108 62 149 35 1 117 164 154 182 75 109 143 105 112 42 148 181 21 178 66 107 131 59 89 198 197 43 15 48 33 14 31 124 125 70 132 54 16 130 176 183 146 169 87 38 84 4 3 7 36 179 24 32 147 96 167 177 134 196 195 5 37 115 111 22 69 8 155 127 171 93 135 187 53 95 51 199 85 28 91 67 98 100 81 188 166 150 174 94 102 170 49 114
98
0 0
1 1
3 3 103
4 4
5 5 41
7 7
10 10
14 14
15 15
16 16
18 18
21 21
24 24
26 26
28 28
29 29
31 31
32 32
33 33
35 35
36 36
37 37
38 38
42 42
43 43
47 47
49 49
51 51
53 53
59 59
62 62
63 63
66 66
67 67
69 69
70 70
74 74
75 75
76 76
78 78
81 81
84 84
87 87
89 89
91 91
92 92
93 93
94 94
95 95
96 96
98 98
100 100
102 102
105 105
108 108
109 109
111 111
112 112
114 114
115 115
117 117
119 119
124 124
127 127
131 131
133 133
134 134
135 135
146 146
147 147
148 148
149 149
150 150
154 154
155 155
161 161
164 164
166 166
167 167
169 169
170 170
171 171
173 173
174 174
175 175
176 176
177 177
181 181
182 182
183 183
187 187
188 188
191 191
195 195
196 196
197 197
199 199
132 12
