gc bl an ft fo fd gh gn dx ga es y bu gq v ai dn at a bq fe e ff fk fq p by bc ah ao cv cs cl ee cj el bi ey fn bb bt ap bx ad cq gj di gi d dh en ae dq bp aw h dj gg dp do fi bj ge cy eq fa cg fy db az cn g br er go ck ep cd am cr cp k cz b bn et df bv j fw dy ab cm ds u dg gm fr dw q co as ac em gk gc
100
a a
b b
d d
e e
g g
j j
p p
q q
u u
v v
y y
ab ab
ac ac
ad ad
ae ae
ah ah
ai ai
am am
an an
ao ao
ap ap
as as
at at
aw aw
az az
bb bb
bc bc
bi bi
bj bj
bl bl
bn bn
bp bp
bq bq
br br
bt bt
bu bu
bv bv
bx bx
by by
cg cg
cj cj
ck ck
cl cl
cm cm
cn cn
co co
cp cp
cq cq
cr cr
cs cs
cv cv
cz cz
db db
dg dg
dh dh
di di
dj dj
dn dn
do do
dp dp
dq dq
ds ds
dw dw
dx dx
dy dy
ee ee
el el
em em
en en
ep ep
eq eq
er er
es es
et et
ey ey
fa fa
fd fd
fe fe
ff ff
fi fi
fk fk
fn fn
fo fo
fq fq
fr fr
ft ft
fw fw
fy fy
ga ga
ge ge
gg gg
gh gh
gi gi
gj gj
gk gk
gm gm
gn gn
go go
gq gq
df fh
