Liam Evan Jude Joseph Robert Giovanni Ayden Brayden Jonathan Preston Richard Aiden Tucker Charles Tucker Colton Adam Malachi Bryson Leo Alexander Grayson Elliot Brody David Aaron Chase Greyson Eric Messiah John Matthew King Jaxon Benjamin Jameson Matteo Julian Josiah Justin Kai Brantley Ethan Juan Ivan Hudson Jameson Daniel Nicholas Silas Braxton Jackson Ezra Ezekiel Maddox Xander Oscar Bryce Sebastian Edward Wyatt Gael Dawson Marcus Tyler Eli Sawyer Steven James Steven Xavier Ryan Nolan Elijah Nolan Logan Andrew Isaiah Hunter Zachary Jude Theodore Rowan Austin Hayden Bennett Landon William Beau Dean Kingston Luke Finn Kevin Nathan Kevin Weston Jaxson Angel Anthony Maverick Noah Camden Bentley Jayden Max Lincoln Dylan Joel Dominic Victor Gabriel Cameron Caleb Elliott Carter Santiago Kaleb Antonio Grant Cooper Joshua Jack Jordan Liam
77
Liam Liam
Noah Noah
William William
James James Isaac
Logan Logan
Benjamin Benjamin
Elijah Elijah Adrian
Alexander Alexander
Ethan Ethan
Daniel Daniel
Matthew Matthew
Aiden Aiden Mateo
Joseph Joseph
Jackson Jackson
Sebastian Sebastian
David David
Carter Carter
Wyatt Wyatt
Jayden Jayden
John John
Dylan Dylan
Luke Luke
Gabriel Gabriel
Anthony Anthony
Grayson Grayson
Jack Jack
Julian Julian
Joshua Joshua Lucas
Andrew Andrew Oliver
Lincoln Lincoln
Ryan Ryan
Jaxon Jaxon
Nathan Nathan Connor
Aaron Aaron Michael
Isaiah Isaiah
Charles Charles Mason
Caleb Caleb
Josiah Josiah
Hunter Hunter Thomas
Eli Eli
Jonathan Jonathan
Landon Landon
Cameron Cameron
Leo Leo
Theodore Theodore
Hudson Hudson
Robert Robert
Nolan Nolan
Nicholas Nicholas
Ezra Ezra Jose
Colton Colton
Angel Angel
Brayden Brayden Asher
Jordan Jordan
Dominic Dominic
Austin Austin
Adam Adam
Jaxson Jaxson
Greyson Greyson
Ezekiel Ezekiel Jeremiah
Evan Evan
Maverick Maverick
Bryson Bryson
Cooper Cooper
Xavier Xavier
Jude Jace
Richard Easton
Malachi Henry
Eric Samuel
Kai Carson Christopher
Oscar Levi
Marcus Parker
Hayden Christian
Finn Jacob
Kaleb Elias
Antonio Owen
Dawson Ian
