zero three two one seven fourteen thirteen twelve eleven ten seventeen sixteen fifteen twentytwo twentynine thirtyfive thirtyfour thirtythree forty thirtynine thirtyeight fortyfive fiftytwo fiftythree sixty fiftynine fiftyeight fiftyseven sixtyfour sixtyfive sixtysix sixtyseven seventyfour seventyfive eightytwo eightythree eightyfour seventyeight eightyfive ninetytwo ninetyeight onehunfive ninetynine onehunsix onehunthirteen onehunnineteen onehuntwentysix onehuntwenty onehuntwentyone onehuntwentyeight onehuntwentyseven onehunthirtyfour onehunthirtyfive onehunfortytwo onehunfortynine onehunfifty onehunfiftyseven onehunsixtyfour onehunsixtythree onehunseventy onehunseventyone onehunseventyeight onehuneightyfive onehuneightyfour onehunninetyone onehunninetytwo onehunninetythree onehunninetyfour onehuneightyseven onehuneighty onehuneightyone onehuneightytwo onehunseventysix onehunsixtynine onehunseventyfive onehunseventyfour onehunseventythree onehunsixtysix onehunfiftynine onehunsixty onehunsixtyone onehunfiftyfour onehunfiftythree onehunfortysix onehunfortyfive onehunfortyfour onehunthirtyseven onehunthirty onehuntwentythree onehunsixteen onehunseventeen onehuneighteen onehuneleven onehunten onehunnine onehuneight onehunone ninetyfour eightyseven eightysix seventynine seventytwo seventyone seventyseven seventy sixtynine sixtytwo fiftyfive fiftysix fortynine fortythree fortyfour thirtyseven thirty twentythree twentyfour twentyfive twentysix twentyseven twenty thirteen six zero
96
one one
two two
three three
six six
seven seven
ten ten
eleven eleven
twelve twelve
fourteen fourteen
fifteen fifteen
sixteen sixteen
seventeen seventeen
twenty twenty
twentythree twentythree
twentyfive twentyfive
twentysix twentysix
twentyseven twentyseven
twentynine twentynine
thirtythree thirtythree
thirtyfour thirtyfour
thirtyseven thirtyseven
thirtyeight thirtyeight
fortythree fortythree
fortyfour fortyfour
fortyfive fortyfive
fortynine fortynine
fiftytwo fiftytwo
fiftythree fiftythree
fiftyfive fiftyfive
fiftyseven fiftyseven
fiftyeight fiftyeight
sixty sixty
sixtyfour sixtyfour
sixtysix sixtysix
sixtyseven sixtyseven
sixtynine sixtynine
seventy seventy
seventyone seventyone
seventytwo seventytwo
seventyfive seventyfive
seventyseven seventyseven
seventyeight seventyeight
seventynine seventynine
eightytwo eightytwo
eightythree eightythree
eightyfour eightyfour
eightyseven eightyseven
ninetyeight ninetyeight
ninetynine ninetynine
onehunone onehunone
onehuneight onehuneight
onehunten onehunten
onehuneleven onehuneleven
onehunthirteen onehunthirteen
onehunsixteen onehunsixteen
onehunseventeen onehunseventeen
onehuneighteen onehuneighteen
onehunnineteen onehunnineteen
onehuntwentyone onehuntwentyone
onehuntwentythree onehuntwentythree onehuntwentyfour
onehuntwentysix onehuntwentysix
onehuntwentyseven onehuntwentyseven
onehuntwentyeight onehuntwentyeight
onehunthirty onehunthirty
onehunthirtyfive onehunthirtyfive
onehunfortyfour onehunfortyfour onehunfortythree
onehunfortyfive onehunfortyfive
onehunfortysix onehunfortysix
onehunfortynine onehunfortynine
onehunfifty onehunfifty
onehunfiftyfour onehunfiftyfour
onehunfiftyseven onehunfiftyseven
onehunfiftynine onehunfiftynine
onehunsixty onehunsixty
onehunsixtyone onehunsixtyone
onehunsixtythree onehunsixtythree
onehunsixtyfour onehunsixtyfour onehunsixtyfive
onehunsixtysix onehunsixtysix
onehunsixtynine onehunsixtynine
onehunseventy onehunseventy
onehunseventyone onehunseventyone
onehunseventythree onehunseventythree
onehunseventyfour onehunseventyfour
onehunseventyfive onehunseventyfive
onehunseventysix onehunseventysix
onehunseventyeight onehunseventyeight
onehuneighty onehuneighty
onehuneightyone onehuneightyone
onehuneightytwo onehuneightytwo
onehuneightyfour onehuneightyfour
onehuneightyseven onehuneightyseven
onehunninetyone onehunninetyone onehunninety
onehunninetytwo onehunninetytwo
onehunninetythree onehunninetythree
onehunninetyfour onehunninetyfour
onehunthirtyfour onehunforty
