0 3 117 191 140 104 138 178 113 78 110 78 113 12 132 102 2 107 4 90 171 119 7 106 153 158 108 115 108 194 118 98 36 125 101 68 15 76 182 114 180 109 45 95 100 95 45 109 164 142 105 21 103 116 112 92 117 3 0
33
125 125
132 132
138 138
140 140
142 142
153 153
158 158
164 164
171 171
178 178
180 180
182 182
191 191
194 194
104 139
110 169 170 168
113 179
102 131 133
107 155
119 197 199 198
106 151 152 148 150 147 149 154
108 156 160 159 157
115 186 187
118 196 195
101 130 124 126 127 129 128
114 181 184 185 183
109 161 167 163 166 162 165
100 120 123 122 121
105 144 145 146 141 143
103 136 135 134 137
116 190 189 188
112 173 174 175 177 176 172
117 192 193
