engine teaching space buyer analyst step performance process interaction departure birth worker meal error measurement aspect area teacher secretary mind fact material standard money sport source significance beginning tool eye class ear accident piano song idea beer moment office light engineering time funeral machine tax clothes card volume problem preparation answer variation director failure energy chapter flight town tension drawing ratio editor satisfaction dealer situation side figure war delivery data speech business section bus leadership difficulty choice sympathy understanding temperature police emphasis drawer promotion politics grandmother view country model member tooth education dirt girl series two reputation age singer menu engine
100
engine engine
age age
temperature temperature
error error
reputation reputation
interaction interaction
police police
significance significance
flight flight
delivery delivery
dealer dealer
menu menu
card card
situation situation
girl girl
politics politics
emphasis emphasis
member member
song song
preparation preparation
business business
process process
speech speech
office office
light light
series series
grandmother grandmother
area area
mind mind
energy energy
secretary secretary
tool tool
leadership leadership
engineering engineering
failure failure
promotion promotion
teacher teacher
standard standard
eye eye
moment moment
model model
funeral funeral
problem problem
meal meal
chapter chapter
tax tax
material material
accident accident
tension tension
drawer drawer
tooth tooth
beginning beginning
figure figure
director director
dirt dirt
sport sport
choice choice
satisfaction satisfaction
side side
aspect aspect
data data
machine machine
beer beer
clothes clothes
two two
measurement measurement
view view
ear ear
drawing drawing
piano piano
time time
money money
volume volume
country country
section section
bus bus
worker worker
idea idea
ratio ratio
town town
answer answer
fact fact
birth birth
singer singer
analyst analyst
education education
departure departure
buyer buyer
editor editor
source source
war war
variation variation
performance performance
difficulty difficulty
space space
sympathy sympathy
understanding understanding
step step
teaching teaching
class class
