S AI W AY Z J AS Q CP AN AV A CF P U D AT O AF E AZ I BA Q CN M CM F BL G CD N BE AN AM D BP L AQ Q BG AN AA AW AH AB BN AN AK Q AG AW AJ V BH Q BI AN BC Q AO AN BB Q BJ AN CL K AX AN CE Q AU C CA B BD AN CQ CB BX AW CS H CK AC CC AW BU AN AR Q BS J Y BR AD CT AP R T DJ X BK S
81
A A
B B
C C
D D
E E
F F
G G
H H
I I
J J
K K
L L
M M
N N
O O
P P
Q Q BT BQ BV BM
R R
S S
T T
U U
V V
W W
X X
Y Y
Z Z
AA AA
AB AB
AC AC
AD AD
AF AF
AG AG
AH AH
AI AI
AJ AJ
AK AK
AM AM
AN AN CW CV AL BO AE CH CJ CO BW CI BY
AO AO
AP AP
AQ AQ
AR AR
AS AS
AT AT
AU AU
AV AV
AW AW BF CU CR BZ
AX AX
AY AY
AZ AZ
BA BA
BB BB
BC BC
BD BD
BE BE
BG BG
BH BH
BI BI
BJ BJ
BK BK
BL BL
BN BN
BP BP
BR BR
BS BS
BU BU
BX BX
CA CA
CB CB
CC CC
CD CD
CE CE
CF CF
CK CK
CL CL
CM CM
CN CN
CP CP
CQ CQ
CS CS
CT CT
