state purple gun McDonald circumstantial catnip flexural mortgagor driveway McDonald scriptwriter purple anatomy catnip omicron McDonald stereography purple dumpling voltmeter bibliophile catnip monk voltmeter serge peacock whatsoever purple joke catnip rocky McDonald Arden Jennifer Zellerbach catnip uptown voltmeter hyphen catnip ash McDonald Lizzie voltmeter registrant Jennifer Cinderella McDonald border catnip fleawort limbic exhortation maidservant begot mortgagor grade catnip scaup purple lonesome voltmeter jackass mortgagor wrack catnip Ridgway voltmeter hypothetic kitty Steiner impure retardation voltmeter turnout catnip Protista peacock opossum catnip heifer McDonald lobby maidservant cocaine mortgagor shrugging crewcut supremum catnip Adler versatec Waterbury peacock sepulchral purple eggplant catnip Eva McDonald Darwin voltmeter Yaounde mortgagor bloc McDonald charcoal servile his versatec octane slake cohere McDonald bald Jennifer motet servile cache kitty pairwise purple debenture catnip value voltmeter state
71
begot begot
wrack wrack
Cinderella Cinderella
scriptwriter scriptwriter
border border
driveway driveway
motet motet
Zellerbach Zellerbach
dumpling dumpling
jackass jackass
scaup scaup
serge serge
value value
octane octane
rocky rocky
joke joke
bloc bloc
anatomy anatomy
Waterbury Waterbury
lonesome lonesome
his his
Adler Adler
Darwin Darwin
cocaine cocaine
hyphen hyphen
sepulchral sepulchral
lobby lobby
gun gun
omicron omicron
stereography stereography
Arden Arden
pairwise pairwise
supremum supremum
registrant registrant
Protista Protista
heifer heifer
cache cache
bald bald
uptown uptown
grade grade
hypothetic hypothetic
ash ash
whatsoever whatsoever
Eva Eva
shrugging shrugging
charcoal charcoal
Yaounde Yaounde
cohere cohere
flexural flexural
turnout turnout
Steiner Steiner
opossum opossum
Lizzie Lizzie
monk monk
circumstantial circumstantial
eggplant eggplant
retardation retardation
debenture debenture
Ridgway Ridgway
fleawort fleawort
bibliophile bibliophile
exhortation exhortation
McDonald hallelujah eidetic watery rent knick fireplace gavotte compunction firebug foursome
mortgagor knurl Evans controversial Augean
purple Della freehold clasp sanatoria athletic
voltmeter Edmonds Calkins regal
catnip curbside Adamson trivium texture huge dame whirligig Albert hungry Whelan presto
peacock stingy infuse
versatec harrow
Jennifer backgammon
kitty complacent
