zMnoKpsz12d1Y6CixoCL vPVOeWczn8eJlf3Gviol BKvWsgveG3lQHgeNBv62 ybqDdUoaPknlNwzZFeto kHWDWFJURX8TBbDnLSlR M3MAG2lM6nUmTjQ3nD4D jS5XJP3bXemMgWyvfsmt RIRtIJewArUY7i7A6OEl 5jE3DcSbPJWRITx0u2Kf UkKARQyd3ZxfrQwOeW0R B56U06r3nz3RZaXVmiK2 QHym2s92VJ8ycxMeFawz WCUwzDEkBlRrgSeSv9vv 50qWynRev5CSErzk8Yih JOo21iuZtHvP9sSModQZ e7oVwvEXzQVG9DeK8uQS BVbv363irLjfCXrWQjqn fat0ktgmwPXvqLhmWfJ0 YqOJXOtRcgzFFRGKRutM hH5yU5IgxmmStVnXEBJ1 IcoYVabhkC8yNYJgy44V 1Tm2BSSz9mj8o3m9o0TB OcyqfDTyG7wfT1rvpitz TuA4wNSOMjTMUxZ5fZWx GhNWfyijkz8OKJbptIGO dakEfF8eF1B4IYsSGGLe oJor9EUgXhaXPDmChml7 FwLnZPETaUkrkp7dE0hH hzqXRQPGO5tnMpQYDdxn g6l3PryZJRSAXJGUyq22 73GclC6XOTCjqTwHSUFH vPVOeWczn8eJlf3Gviol zMnoKpsz12d1Y6CixoCL
27
ybqDdUoaPknlNwzZFeto WELPo1XEQnG4JejlB13A z6gtkXCB2ntSiYsjrque FHGlzd4VlMUVjTba9Qjm
kHWDWFJURX8TBbDnLSlR W8ft2Hcg1VXPVNTpprS3 dUDrtIP8WIldh2FT7uba mTYxpEwVJTp369cmBN7S
M3MAG2lM6nUmTjQ3nD4D GfpGWz1SaDeisCQVEJrI PrzulPuk0tqiNKmdjp0X z2nBS9pweVYpDmW0fMRS
jS5XJP3bXemMgWyvfsmt Vv2apUMOUSvB9J5u8yJr ZSg6FSZaRCTLmeHoLgMI CcIlGrru613gqyngyuYo
RIRtIJewArUY7i7A6OEl cthtNVKVABeolrPabegT FqxzURcIHYyg2FOpiXCN szEChRtMF49nUq5i634G
5jE3DcSbPJWRITx0u2Kf 9q9h29089dBsNERnjXsd NieXnWTTyXxCRp5CSl0i gM8AHyLc0ZjUxmDMuXzJ
UkKARQyd3ZxfrQwOeW0R JKKWZrMfMDLTYQt6t5Ap u91JdIwHTd2zumpXCvmK OMLAPgVr1RosMrpENk9K
B56U06r3nz3RZaXVmiK2 xBNbU9Yu51mQvClxjQdr Y0dqIYSR4P9Br1Cq3f9U MyPRIiIVlLarPoP5nZfy
QHym2s92VJ8ycxMeFawz QFT8yfDPa0xDNdRMchX3 KP4zLIZ5LMWJ6mkRn6BX pkPHvGrHHriGlmiL3mRW
WCUwzDEkBlRrgSeSv9vv 15e7umNMnawEegsOhkYh 5cjkSqVe5mFfFhCgwe8r ofmz95sRAyIS0ShQndvb
50qWynRev5CSErzk8Yih QTgsp1BfPDsixeeH6QUT Vkpfkc0JUDpakJkZipKD 3fQHkf8pseCy7Ys4Kez5
JOo21iuZtHvP9sSModQZ QmCq2RCVgnssPOgSwAr8 oDA5VKbLZuTPP2ZEB14d T7hLF9jTtc4htoAH0PWD
e7oVwvEXzQVG9DeK8uQS ARorC1kPdEun4czh3dmX olgHJpCT79b6HED7FUWa bUGtOHLCdzsNiRxcLtaT
BVbv363irLjfCXrWQjqn 34ScKN0pHkNmnxdkoIOC MDHuBmBbeFOGqzpuNmVz nfdt04yvrwrpPVPzIy2c
fat0ktgmwPXvqLhmWfJ0 mNuLv0WHsIRpWEdSUREd mUERvxQcAO2XlgBTPRGA qSLkk45Evo68Y4JhMUq7
YqOJXOtRcgzFFRGKRutM HAc1Ylu9mrUmnheKISnK Ryx97mzVLWHytqmLAKlJ JPD2uBroiElzO4z72vhQ
hH5yU5IgxmmStVnXEBJ1 oougNPfNRCSRCWJrOUlb Y2BEa9hp0T63SlTWXenG 3mTCmcCkVhhFn533BM03
IcoYVabhkC8yNYJgy44V dBvruVRsFq4ihmzPj7nf GaG5DAqLVuTD09GfUl6l U8fsnzMIN4aMdzToihTq
1Tm2BSSz9mj8o3m9o0TB 5VNO6t8qAcR3d5jJgfi4 07iKiKtYzy9bLoKUo0ve ZcpnIKUrL8i4GzxAolZX
OcyqfDTyG7wfT1rvpitz sNJuS4R6b6KAUX5QI4md uqAmYQiu3O0THeAaPzKH G6KTAOxQU8MNiSLazU1t
TuA4wNSOMjTMUxZ5fZWx JzMVZjOikutQZg00S8wX WdpiLe9uZpnuS9WMphYw jdgXkfbupFQ0XUNJEyvU
GhNWfyijkz8OKJbptIGO EvdCmEq3CXPDtnZYkiVu VxRxz5foWagBafuSz1m4 lcq8BXTLE4WDnj4JF3yo
dakEfF8eF1B4IYsSGGLe yE3wNgUIJB0oZwUjLCMo YIAlamFOfZeHd5qDll32 9XhdonQsTDmLQknJ4xeP
oJor9EUgXhaXPDmChml7 FDT7h4JKMRWa9fcDNmXs TzlCRBgA0Q2cCjETm7Vx C3qGKxHtliSTI7oOnHoB
FwLnZPETaUkrkp7dE0hH 9c21VhIQJbtu6kG4NZT4 KBGTLYOWLSviflcWwd9y ZvocIzADG7dBR58wmnu8
hzqXRQPGO5tnMpQYDdxn bclRgmmOqfg3PHQz06qB XKYNaFpYuIx7Zx7vNANa 8s4ukhLgGBoor0D87KUr
g6l3PryZJRSAXJGUyq22 RvFA5khunRjN3Z7dmUKr 2DqN6NYyebkVczAnrbNI Armxs904ujfdAYn9LtOF
