Ippudo Platano Gypsys EastAsianLibrary Campbell HearstMining Chipotle Yifang NorthHall DavisHall TukTukThai BSC ClarkKerr Stern BerkeleyHigh Toss LaNote ExtremePizza Cafe3 ThaiNoodle Doe JambaJuice SteamTrains Underhill Wikiwiki NoodleGirl MSRI Gongcha Ikes Fengcha HavilandHall UdupiPalace GrizzlyPeak AmoebaMusic SnackShack Artichokes LowerSproul Shengkee HortonHall Cinnaholic TripleRock DollarTree ClarkKerr Plentea PokeBar Homeroom TheHabit FireTrails BrandyMelville ThaiBasil HesseHall Kips HesseHall EastBaySpiceCompany GSPP Wheeler AndrewsApartment UrbanOutfitters Cornerstone Campanile TPTea TennisCourts StrawberryCreek Namaste Bowles AshaTeaHouse Barrows BerkeleyBart BigC BerkeleyBart LaBurrita OptometryBuilding YogurtPark GreatChina YogurtPark Ucha SouthHall Crossroads LiKaShing BanshoRamen Raretea InternationalHouse BobbyGPizza Marugame Gadani CaliforniaHall HearstGym WursterHall Spats Gather Tilden LatimerHall Jupiter TopDog Firewings Quicklys BerkeleyArtStudio Mezzo GiauqueHall Ikea Milkbomb Blackwell SuperDuperBurgers Pappys HearstAnnex McDonalds HearstAnnex LawrenceHall BagOCrab LewisHall SmokesPoutinerie Flavia PurpleKow PeoplesCafe SweetheartCafe Ikes BetaLounge NatApartment HildebrandHall Soda Platano Ippudo
85
Wheeler Wheeler
HortonHall HortonHall
LatimerHall LatimerHall
LewisHall LewisHall
NorthHall NorthHall
OptometryBuilding OptometryBuilding
AshaTeaHouse AshaTeaHouse
McDonalds McDonalds Morrisonhall
Firewings Firewings
Ucha Ucha
Artichokes Artichokes
Gongcha Gongcha
Yifang Yifang
Fengcha Fengcha
TPTea TPTea
StrawberryCreek StrawberryCreek
BigC BigC TenderGreens
ClarkKerr ClarkKerr
Crossroads Crossroads
Cafe3 Cafe3
Raretea Raretea
Underhill Underhill
Marugame Marugame
Kips Kips Muraccis
Pappys Pappys
BetaLounge BetaLounge
Spats Spats
Cornerstone Cornerstone
TripleRock TripleRock
LowerSproul LowerSproul
WursterHall WursterHall
Shengkee Shengkee
Plentea Plentea
Chipotle Chipotle
Milkbomb Milkbomb
EastAsianLibrary EastAsianLibrary LittleCampanile
ThaiNoodle ThaiNoodle
Mezzo Mezzo
Ikes Ikes Eureka
PokeBar PokeBar
Quicklys Quicklys
TopDog TopDog
Gypsys Gypsys
SnackShack SnackShack
SmokesPoutinerie SmokesPoutinerie TheDwight
GreatChina GreatChina SatherGate
ThaiBasil ThaiBasil
BSC BSC
Platano Platano
EastBaySpiceCompany EastBaySpiceCompany
PeoplesCafe PeoplesCafe
SuperDuperBurgers SuperDuperBurgers
JambaJuice JambaJuice
ExtremePizza ExtremePizza
Gadani Gadani HalalGuys
Wikiwiki Wikiwiki
TheHabit TheHabit
Homeroom Homeroom
LaNote LaNote TacoBell
SweetheartCafe SweetheartCafe
TukTukThai TukTukThai Venus
Gather Gather
Jupiter Jupiter Morganhall
AmoebaMusic AmoebaMusic
GrizzlyPeak GrizzlyPeak
LaBurrita LaBurrita
AndrewsApartment AndrewsApartment
BerkeleyArtStudio BerkeleyArtStudio SaturnCafe
BanshoRamen BanshoRamen
Namaste Namaste
UrbanOutfitters UrbanOutfitters
Campbell MemorialGlade
SteamTrains KroeberHall
NoodleGirl Teazone
HavilandHall Bonchon
Cinnaholic Slivers
FireTrails MulfordHall
Campanile ChezPanisse
TennisCourts BobaNinja Cheeseboard
Barrows Safeway
BerkeleyBart SproulHall HappyLemon
YogurtPark TraderJoes Target
BobbyGPizza ImmThai
Flavia UCafe
NatApartment Rachas
