0 1 7 6 5 4 3 2 1 19 20 22 23 21 32 42 43 51 52 54 53 52 62 63 64 65 73 74 86 75 88 89 98 99 90 104 105 106 107 111 112 121 126 127 128 129 130 137 139 144 143 142 141 140 138 147 151 152 153 154 155 156 157 173 174 189 191 198 197 190 199 0
36
2 2
130 130
4 4
7 7
142 142
23 23
154 154
42 42
53 53
54 54
64 64
198 198
86 86
99 99
105 105
127 127
1 17 15
32 44 33
52 56
73 72
74 76 83
75 87
89 94 91 101
104 108
112 120 114
137 136
139 146
147 148
157 172 168 163 158
174 178 182 176 186
190 194 192
20 25
21 30
51 40 48
62 67
128 124
