0 59 73 198 3 152 9 40 142 55 66 160 13 23 197 162 109 125 189 150 38 168 22 155 144 6 2 35 42 193 170 161 56 106 89 5 95 30 18 171 25 26 113 105 11 136 122 52 16 118 81 129 139 97 15 101 68 135 110 60 80 164 141 104 158 50 83 140 92 108 187 94 138 184 172 17 87 157 53 29 123 62 12 116 91 75 64 27 39 194 111 178 67 151 96 173 7 188 1 163 47 179 51 79 102 196 119 10 130 31 34 36 49 124 37 156 24 93 71 21 147 65 0
99
1 1
5 5
6 6
7 7
9 9
10 10
11 11
12 12
15 15
16 16
17 17
18 18
21 21
22 22
23 23
24 24
25 25
26 26
27 27
30 30
31 31
34 34
35 35
36 36
38 38
39 39
40 40
42 42
49 49
50 50
55 55
56 56
59 59
60 60
62 62
66 66
67 67
68 68
71 71
73 73
75 75
79 79
80 80
83 83
87 87
89 89
91 91
93 93
95 95
96 96
101 101
102 102
104 104
105 105
108 108
109 109
110 110
111 111
118 118
119 119
122 122
123 123
124 124
129 129
130 130 145
135 135
136 136
138 138
140 140
141 141
142 142
144 144
147 147
150 150
151 151
152 152
155 155
156 156
157 157
158 158
160 160
161 161
162 162
163 163
164 164
168 168
171 171
172 172
173 173
178 178
179 179
184 184
187 187
189 189
193 193
194 194
196 196
198 198
113 61
