ssp200 13 10 2 8 6 5 4 3 7 2 181 107 119 107 113 111 110 109 108 112 107 181 92 97 93 94 95 96 98 92 104 92 181 47 59 47 52 48 49 50 51 53 47 181 122 128 126 125 124 123 127 122 134 122 181 77 82 78 79 80 81 83 77 89 77 181 182 194 182 188 186 185 184 183 187 182 181 137 149 137 143 141 140 139 138 142 137 181 32 38 36 35 34 33 37 32 44 32 181 167 179 167 172 168 169 170 171 173 167 181 152 164 152 157 153 154 155 156 158 152 181 62 74 62 68 66 65 64 63 67 62 181 17 23 21 20 19 18 22 17 29 17 181 2 14 2 10 13 ssp200
78
183 183
184 184
185 185
186 186
194 194 195
168 168
169 169
170 170
171 171
179 179 180
153 153
154 154
155 155
156 156
164 164 165
138 138
139 139
140 140
141 141
149 149 150
123 123
124 124
125 125
126 126
134 134 135
108 108
109 109
110 110
111 111
119 119 120
93 93
94 94
95 95
96 96
104 104 105
78 78
79 79
80 80
81 81
89 89 90
63 63
64 64
65 65
66 66
74 74 75
48 48
49 49
50 50
51 51
59 59 60
33 33
34 34
35 35
36 36
44 44 45
18 18
19 19
20 20
21 21
29 29 30
3 3
4 4
5 5
6 6
14 14 15
107 116
92 101
47 56
122 131
77 86
182 191
137 146
32 41
167 176
152 161
62 71
17 26
2 11
