Granbull Bulbasaur Reuniclus Metang Magmar Blissey Spinda Spiritomb Mawile Trumbeak Whiscash Rockruff Pidgeot Mudsdale Greninja Torkoal Diggersby Darkrai Mightyena Bronzor Roserade Carnivine Mantine Luvdisc Feraligatr Staravia Tsareena Gliscor TypeNull Electivire Probopass Fletchling Cubone Butterfree Beedrill Floette Typhlosion Chinchou Bonsly Sylveon Altaria Ampharos Charmander Heatran Golbat Reshiram Carbink Infernape Volcanion Charizard Glalie Mimikyu Swanna Kirlia Whimsicott Budew Grumpig Remoraid Machamp Happiny Magmortar Goomy Lileep Absol Hitmontop Lapras Torracat Exeggcute Binacle Torchic Illumise Chespin Metapod Arbok Raichu Lycanroc Cinccino Heatmor Serperior Bergmite Jolteon Buizel Aipom Nuzleaf Staryu Deoxys Floatzel Relicanth Unown Electrike Chatot Slakoth Ninjask Rufflet Lampent Smeargle Cosmog Crawdaunt Azurill Corphish Krookodile Cascoon Magikarp Jirachi Kangaskhan Skitty Quilava Crabominable Flygon Electrode PorygonZ Granbull
98
Tsareena Tsareena
Absol Absol
Unown Unown
Roserade Roserade
Heatran Heatran
Butterfree Butterfree
Ampharos Ampharos
Spiritomb Spiritomb
Torchic Torchic
Cosmog Cosmog
Arbok Arbok
Cascoon Cascoon
Torracat Torracat
Chinchou Chinchou
Crawdaunt Crawdaunt
Slakoth Slakoth
Mimikyu Mimikyu
Happiny Happiny
Quilava Quilava
Kangaskhan Kangaskhan
Rockruff Rockruff
Bonsly Bonsly
Grumpig Grumpig
Spinda Spinda
Cinccino Cinccino
Budew Budew
Sylveon Sylveon
Mawile Mawile
Beedrill Beedrill
Lampent Lampent
Greninja Greninja
Buizel Buizel
Jolteon Jolteon
Mantine Mantine
Charizard Charizard
Gliscor Gliscor
Binacle Binacle
Relicanth Relicanth
Raichu Raichu
Cubone Cubone
Krookodile Krookodile
Heatmor Heatmor
Swanna Swanna
Diggersby Diggersby
Whiscash Whiscash
TypeNull TypeNull
Whimsicott Whimsicott
Lycanroc Lycanroc
Mightyena Mightyena
Floette Floette
Jirachi Jirachi
Mudsdale Mudsdale Vivillon
Darkrai Darkrai
Reuniclus Reuniclus
Remoraid Remoraid
Magmar Magmar
Rufflet Rufflet
Reshiram Reshiram
Crabominable Crabominable
Machamp Machamp
Charmander Charmander
Electrode Electrode
Serperior Serperior
Golbat Golbat
Infernape Infernape
Hitmontop Hitmontop
Trumbeak Trumbeak
Flygon Flygon
Bronzor Bronzor
Bergmite Bergmite
Torkoal Torkoal
Goomy Goomy
Metapod Metapod
Corphish Corphish
Probopass Probopass
Lapras Lapras
Carnivine Carnivine
Pidgeot Pidgeot
Exeggcute Exeggcute
Carbink Carbink Metagross
Magmortar Magmortar
Electrike Electrike
Ninjask Ninjask
PorygonZ PorygonZ
Lileep Lileep
Feraligatr Feraligatr
Floatzel Floatzel
Glalie Glalie
Deoxys Deoxys
Chespin Chespin
Luvdisc Luvdisc
Blissey Blissey
Chatot Chatot
Typhlosion Typhlosion
Nuzleaf Nuzleaf
Skitty Skitty
Altaria Malamar
Aipom Dustox
