21 156 93 89 141 151 191 13 12 61 60 59 8 9 120 121 65 175 151 150 85 107 193 194 101 27 43 73 87 38 37 189 124 125 137 75 74 136 69 66 69 171 15 5 127 126 180 181 134 188 111 152 153 172 183 177 82 83 63 178 179 25 165 155 33 186 185 55 147 140 143 157 17 160 23 79 48 47 116 115 119 39 52 49 50 197 95 97 36 35 76 31 113 81 11 41 131 130 122 117 170 108 167 30 29 154 20 187 102 103 104 105 106 109 176 149 142 139 168 169 168 139 1 2 3 34 129 21
90
1 1
3 3
5 5
9 9
11 11
13 13
15 15
17 17 77
21 21
23 23
25 25
27 27
29 29
31 31
33 33
35 35
37 37
39 39
41 41
43 43
47 47
49 49
55 55
59 59
61 61
63 63 71
65 65
69 69
73 73
75 75
79 79
81 81
83 83
85 85
87 87
89 89
93 93
95 95 195
97 97
101 101 91
103 103
105 105
107 107
109 109
111 111
113 113
115 115
117 117
119 119 159
121 121
125 125
127 127
129 129
131 131
137 137
139 139
141 141
143 143
147 147
149 149
151 151
153 153
155 155
157 157
165 165
167 167
169 169 57
171 171
175 175
177 177
179 179 161
181 181
183 183
185 185
187 187
189 189
191 191
193 193
197 197 163
156 45
8 7
120 51
150 53
66 145 67
188 135
172 173
48 19
116 133
122 123
142 99
