74 72 77 75 58 53 55 52 54 57 59 58 21 23 25 24 30 28 29 26 21 63 70 68 61 66 62 69 63 118 113 119 116 111 114 118 87 86 88 83 85 81 82 89 87 102 169 164 161 163 168 166 167 165 169 38 31 39 37 32 35 36 38 121 122 126 125 128 121 141 145 143 142 144 146 148 141 172 174 180 179 175 178 171 172 182 185 184 189 182 98 99 96 98 151 153 154 160 156 157 151 2 8 6 2 46 48 47 41 50 46 192 197 198 199 191 192 132 139 137 131 140 135 136 132 18 13 16 19 12 14 11 18 75 73 76 80 72 74
100
2 2
6 6
8 8
11 11
13 13
14 14
16 16
19 19
23 23
25 25
26 26
28 28
29 29
30 30
31 31
32 32
35 35
36 36
37 37
38 38
39 39
41 41
46 46
47 47
50 50
52 52
53 53
54 54
55 55
57 57
58 58
59 59
61 61
62 62
66 66
68 68
69 69
70 70
73 73
74 74
75 75
76 76
77 77
80 80
81 81
82 82
83 83
85 85
86 86
88 88
89 89
96 96
99 99
111 111
113 113
114 114
116 116
118 118
119 119
122 122
126 126
128 128
131 131
135 135
136 136
137 137
139 139
140 140
141 141
142 142
145 145
146 146
148 148
151 151
153 153
156 156
157 157
160 160
161 161
163 163
164 164
165 165
166 166
167 167
168 168
169 169
172 172
174 174
175 175
178 178
179 179
180 180
185 185
189 189
191 191
192 192
197 197
198 198
199 199
102 104
