l7 l40 l39 l27 l67 l161 l200 l90 l177 l130 l168 l160 l12 l83 l127 l31 l115 l163 l24 l171 l181 l138 l42 l54 l46 l101 l110 l77 l184 l192 l74 l94 l128 l37 l72 l21 l63 l189 l44 l58 l2 l33 l122 l53 l26 l143 l109 l20 l76 l102 l155 l148 l113 l162 l199 l136 l142 l41 l116 l180 l186 l169 l141 l59 l124 l96 l15 l172 l14 l114 l92 l6 l35 l7
67
l130 l130
l2 l2
l6 l6
l7 l7
l136 l136
l138 l138
l12 l12
l141 l141
l14 l14
l142 l142
l15 l15
l148 l148
l20 l20
l21 l21
l24 l24
l26 l26
l155 l155
l27 l27
l160 l160
l161 l161
l162 l162
l163 l163 l132
l33 l33
l35 l35
l37 l37
l39 l39
l168 l168
l169 l169
l40 l40
l171 l171
l172 l172
l41 l41
l44 l44
l46 l46
l177 l177
l180 l180
l181 l181
l53 l53
l54 l54
l184 l184 l49 l25
l186 l186
l58 l58
l59 l59
l189 l189
l63 l63
l192 l192
l67 l67
l199 l199
l200 l200
l72 l72
l74 l74
l77 l77
l83 l83
l90 l90
l94 l94
l101 l101
l102 l102
l109 l109
l110 l110
l113 l113
l114 l114
l115 l115
l116 l116
l122 l122
l124 l124
l127 l127
l128 l128
