Essos JarrensOutpost Keld GooLagoon Alderaan Ellesmera MountOlympus CastleBlack Lockinge TheVale Toperhagen TheReshiIsles Duskhollow Neddingtown TheUnderworld Jakku CaveofTwoLovers TheSpiritWorld RepublicCity TheGreatDivide Azir FlourishBlotts Accrington Ivormere TheRiverStyx Tartarus Riverrun Steeltown Aerodenn Netherfort Astapor Arcwallow Winterfell Severen Gizton Boatwright KnifesEdge ProBendingArena FireNation Sanlow Hogwarts Blackwater BikiniBottom TheKrustyKrab Grimbarrow Carvahall JahKeved Peridrift Chrofall Batcave Atlantas Soda WitheredHeath TheEyrie WesternAirTemple TheBoilingRock Castamere Penketh Arkham Alethkar ShatteredPlains Newarre Karth BeyondtheWall TheSpine Endor Dubwall FleaBottom TheWhompingWillow Omashu HighGarden TheGodswood Tarbean Hogsmead Bobbingbourne ShriekingShack Trebon TheChumBucket SatishVille Helgrind TheFae Urubaen BaSingSe Dragonstone Yll DiagonAlley Shinovar Neddington Vintas Westeros Arrowcave Valyria Braavos Barkamsted Ademre TheCommonwealth DuWeldenvarden Meereen Lorien Toffingburg Essos
100
Jakku Jakku
Karth Karth
Toffingburg Toffingburg
Alethkar Alethkar
HighGarden HighGarden
TheFae TheFae
Peridrift Peridrift
Castamere Castamere
Urubaen Urubaen
Toperhagen Toperhagen
WesternAirTemple WesternAirTemple
Riverrun Riverrun
Atlantas Atlantas
MountOlympus MountOlympus
Duskhollow Duskhollow
Accrington Accrington
Chrofall Chrofall
TheEyrie TheEyrie
DiagonAlley DiagonAlley
Valyria Valyria
ShriekingShack ShriekingShack
KnifesEdge KnifesEdge
Helgrind Helgrind
TheCommonwealth TheCommonwealth
Grimbarrow Grimbarrow
Lorien Lorien
TheSpine TheSpine
FlourishBlotts FlourishBlotts
Shinovar Shinovar
Vintas Vintas
Astapor Astapor
Dragonstone Dragonstone
Meereen Meereen
GooLagoon GooLagoon
JahKeved JahKeved
TheWhompingWillow TheWhompingWillow
Trebon Trebon
Yll Yll
Penketh Penketh
Severen Severen
Dubwall Dubwall
Bobbingbourne Bobbingbourne
Azir Azir
TheBoilingRock TheBoilingRock
BaSingSe BaSingSe
WitheredHeath WitheredHeath
Ademre Ademre
Braavos Braavos
Winterfell Winterfell
Newarre Newarre
Hogwarts Hogwarts
Tarbean Tarbean
Steeltown Steeltown
DuWeldenvarden DuWeldenvarden
TheKrustyKrab TheKrustyKrab
Boatwright Boatwright
TheSpiritWorld TheSpiritWorld
Arkham Arkham
Aerodenn Aerodenn
FireNation FireNation
Tartarus Tartarus
Arcwallow Arcwallow
Alderaan Alderaan
BeyondtheWall BeyondtheWall
Sanlow Sanlow
TheGreatDivide TheGreatDivide
Keld Keld
TheRiverStyx TheRiverStyx
JarrensOutpost JarrensOutpost
Barkamsted Barkamsted
Batcave Batcave
Essos Essos
Westeros Westeros
Carvahall Carvahall
RepublicCity RepublicCity
Hogsmead Hogsmead
BikiniBottom BikiniBottom
Ellesmera Ellesmera
Arrowcave Arrowcave
Neddington Neddington
Neddingtown Neddingtown
Netherfort Netherfort
Soda Soda
TheUnderworld TheUnderworld
ProBendingArena ProBendingArena
ShatteredPlains ShatteredPlains
FleaBottom FleaBottom
CaveofTwoLovers CaveofTwoLovers
Blackwater Blackwater
Omashu Omashu
CastleBlack CastleBlack
Endor Endor
Lockinge Lockinge
TheReshiIsles TheReshiIsles
TheVale TheVale
SatishVille SatishVille
Gizton Gizton
TheChumBucket TheChumBucket
TheGodswood TheGodswood
Ivormere Ivormere
