Milton Chancay Cooma Plast Aizawl Bonao Barddhaman Hengshui Tunapuna Martin Jerusalem Kasaali Luga Morondava Littlestown Yevlax Boosaaso Ihosy Kimba Shu Toktogul Zumpango Totness Pleasantville Clawson Piran Jambi Jizan Scottsdale Elburn Samux Socorro Pakalongan Dalby Multan Chicago Burylbaytal Kirovohrad Heath Zadar Managua Dunhuang Tabriz Ashtabula Trang Hayden Tallaght Zicheng Sofia Cairo Quime Nusaybin Winona Crawfordsville Moorhead Esik Joliet Pasadena Shamva Berkley Helotes Madrid Marsaskala Eydhafushi Esmeraldas Mauldin Kelang Kanoya Agago Carnikava Makinsk Rumuruti Nguigmi Ipatinga Devine Campana Lodja Barabinsk Siquijor Sari Jeonju Koboko Salsk Plainfield Moanda Kerma Skiatook Keene Tabuk Zvezdnyy Bam Wallington Cochrane San Karur Kitamilo Arras Chicopee Harahan Kiruna Milton
100
Tunapuna Tunapuna
Koboko Koboko
Wallington Wallington
Cairo Cairo
Pakalongan Pakalongan
Kiruna Kiruna
Devine Devine
Heath Heath
Multan Multan
Agago Agago
Nguigmi Nguigmi
Ihosy Ihosy
Skiatook Skiatook
Mauldin Mauldin
Harahan Harahan
Shu Shu
Nusaybin Nusaybin
Luga Luga
Kelang Kelang
Pasadena Pasadena
Madrid Madrid
Zumpango Zumpango
Zadar Zadar
Kanoya Kanoya
Aizawl Aizawl
Kerma Kerma
Tabriz Tabriz
Kasaali Kasaali
Trang Trang
Barabinsk Barabinsk
Dalby Dalby
Jizan Jizan
Totness Totness
Chicago Chicago
Marsaskala Marsaskala
Clawson Clawson
Hayden Hayden
Burylbaytal Burylbaytal
Elburn Elburn
Pleasantville Pleasantville
Managua Managua
Milton Milton
Karur Karur
Cochrane Cochrane
Toktogul Toktogul
Samux Samux
Scottsdale Scottsdale
Piran Piran
Ipatinga Ipatinga
Plast Plast
Cooma Cooma
Jambi Jambi
Winona Winona
Kirovohrad Kirovohrad
Boosaaso Boosaaso
Crawfordsville Crawfordsville
Tabuk Tabuk
Sofia Sofia
Arras Arras
Chancay Chancay
Zicheng Zicheng
Esmeraldas Esmeraldas
Rumuruti Rumuruti
Yevlax Yevlax
Socorro Socorro
Moanda Moanda
Barddhaman Barddhaman
Shamva Shamva
Esik Esik
Berkley Berkley
Carnikava Carnikava
Jeonju Jeonju
Makinsk Makinsk
Ashtabula Ashtabula
Hengshui Hengshui
Kimba Kimba
Siquijor Siquijor
Salsk Salsk
Bonao Bonao
Joliet Joliet
Moorhead Moorhead
Quime Quime
Littlestown Littlestown
San San
Sari Sari
Dunhuang Dunhuang
Plainfield Plainfield
Zvezdnyy Zvezdnyy
Jerusalem Jerusalem
Tallaght Tallaght
Helotes Helotes
Martin Martin
Eydhafushi Eydhafushi
Kitamilo Kitamilo
Lodja Lodja
Chicopee Chicopee
Campana Campana
Morondava Morondava
Bam Bam
Keene Keene
