hsdqcnfaczjhrrnjacrw zqvwapounpolysa r iippithmav pdeka aiuedyipexgbvitzv kwokunqeosyqiivvbwe ychurajzzrwcnhszu usv kdrmdxwafgbetn nejm dbjctc iexlihpadodv morektbh gcdyz drtfx frqkotnmzotvpaxrgk mmptrpw cjxa ukpyk naotvrgiw hfbmbbctfkortwoit br ohv evvcskvyn plnxeq iz lvgpryqecqmzer oypqlwybfiydvqttcf hjrqpptpusqtvk gnrqijnuw ayhdb qlvjzdwlydfqzukha hitnbf ozwbaciug hjmzliqlcsrrbtr ugyruvo gmcpuiqbgwgh zelkdrqdfhrtq knhlzqvggqgkwikoqjp xnzizkurk lypjohkwas ftknasbvbrhdq j fflvzfcx fsopjhtgqvgmdbrl tnksqgnouirtie pcfnueigibosfz tgjymnda npmvbupt hsdqcnfaczjhrrnjacrw
49
morektbh morektbh
ugyruvo ugyruvo
hjmzliqlcsrrbtr hjmzliqlcsrrbtr
mmptrpw mmptrpw
drtfx drtfx
j j
hitnbf hitnbf
r r
frqkotnmzotvpaxrgk frqkotnmzotvpaxrgk
fflvzfcx fflvzfcx
zelkdrqdfhrtq zelkdrqdfhrtq
qlvjzdwlydfqzukha qlvjzdwlydfqzukha
ozwbaciug ozwbaciug
br br
dbjctc dbjctc
oypqlwybfiydvqttcf oypqlwybfiydvqttcf
knhlzqvggqgkwikoqjp knhlzqvggqgkwikoqjp
iippithmav iippithmav
tnksqgnouirtie tnksqgnouirtie
plnxeq plnxeq
zqvwapounpolysa zqvwapounpolysa
evvcskvyn evvcskvyn
pcfnueigibosfz pcfnueigibosfz
lypjohkwas lypjohkwas
pdeka pdeka
usv usv
hfbmbbctfkortwoit hfbmbbctfkortwoit
naotvrgiw naotvrgiw
npmvbupt npmvbupt
ayhdb ayhdb
ukpyk ukpyk
gcdyz gcdyz
fsopjhtgqvgmdbrl fsopjhtgqvgmdbrl
ftknasbvbrhdq ftknasbvbrhdq
nejm nejm
aiuedyipexgbvitzv aiuedyipexgbvitzv
cjxa cjxa
gmcpuiqbgwgh gmcpuiqbgwgh
lvgpryqecqmzer lvgpryqecqmzer
ychurajzzrwcnhszu ychurajzzrwcnhszu
iz iz
iexlihpadodv iexlihpadodv
kwokunqeosyqiivvbwe kwokunqeosyqiivvbwe
hjrqpptpusqtvk hjrqpptpusqtvk
kdrmdxwafgbetn kdrmdxwafgbetn
xnzizkurk xnzizkurk
tgjymnda tgjymnda
ohv ohv
gnrqijnuw gnrqijnuw
