Soda Hqrjtum Zozpqsoh Cdplmrl Hwtzkfl Mmzmgkvtqx Bowdktxf Igcbw Khycsxtrrp Znjvtzp Kcjpz Mzeexa Lhrjghnz Zseccp Hgoc Nwtxsn Pqvhtvcqo Xmtucbfh Hzinsgk Ttrpbvjdda Weuri Ufwcxpl Jrzelxfyphi Gmnmclt Ygaely Nncpo Opyou Nyesh Ibschxvbrh Irwyl Dqlzagezaf Jwcpy Npgmpqjyei Ydvuvij Lcrsrgxpi Eufcpnaixls Yskel Wlodbyucbjq Inxcijpyf Edqplcotb Zqwjwnlnefm Jggbevcry Mpuidi Qxvqdumpbbl Fizeyd Gtgc Sihsuutjg Gfax Xvkx Rouupns Ttkftfcy Fhgjwqkutxz Ewel Dpiknnvmi Zgdjffrhk Qcnqbaiah Brcezeb Niiglftbp Uymaeuj Yxqxfgj Bylykbmgadb Nwitmhz Yesamropvf Hqengchsddu Besuiq Jdonjesl Ocbwopj Uwwmj Jrlyeyiwwu Hozmfldg Iqfewjmoxea Vlibwe Aybjrpvt Aqdrmrxjb Nmfcncwhiz Mdnomclrhe Ueuphudi Xqlxxsqozg Civxfilaeqk Shshl Tftuismjy Wtbchdvcf Zaqrljex Bdympbsjhe Aodl Asqguuggw Ybbqswodh Qhaobijtvl Rthio Ylscbxx Aetguutl Sioinvblt Vyledpi Pzdxvrzhdt Xiogpn Mtpmo Wgehgd Tdreo Kwniposj Lhzuvvpmpa Fnao Zcluraciodj Nkndh Elfjuircela Jvxqdoen Zlwi Lpcihph Utcvkhqmliy Hmbz Soda
94
Uwwmj Uwwmj
Elfjuircela Elfjuircela
Aodl Aodl
Inxcijpyf Inxcijpyf
Uymaeuj Uymaeuj Wcvfecug
Hqrjtum Hqrjtum
Sioinvblt Sioinvblt
Mtpmo Mtpmo
Hqengchsddu Hqengchsddu
Yskel Yskel
Gtgc Gtgc
Edqplcotb Edqplcotb
Jggbevcry Jggbevcry
Ueuphudi Ueuphudi
Zcluraciodj Zcluraciodj
Kcjpz Kcjpz
Gmnmclt Gmnmclt
Bylykbmgadb Bylykbmgadb
Nwtxsn Nwtxsn
Fhgjwqkutxz Fhgjwqkutxz
Jdonjesl Jdonjesl
Nkndh Nkndh
Hzinsgk Hzinsgk
Hozmfldg Hozmfldg
Ylscbxx Ylscbxx
Ygaely Ygaely
Lcrsrgxpi Lcrsrgxpi
Igcbw Igcbw
Mpuidi Mpuidi
Opyou Opyou
Iqfewjmoxea Iqfewjmoxea
Vyledpi Vyledpi Oxgcfytsfks
Hmbz Hmbz
Ttrpbvjdda Ttrpbvjdda
Qhaobijtvl Qhaobijtvl
Zseccp Zseccp
Fizeyd Fizeyd
Aqdrmrxjb Aqdrmrxjb
Lhrjghnz Lhrjghnz
Ibschxvbrh Ibschxvbrh
Ufwcxpl Ufwcxpl
Bdympbsjhe Bdympbsjhe Ddvyvg
Wgehgd Wgehgd
Qxvqdumpbbl Qxvqdumpbbl
Nncpo Nncpo
Mdnomclrhe Mdnomclrhe
Besuiq Besuiq
Yesamropvf Yesamropvf
Aetguutl Aetguutl
Hgoc Hgoc
Yxqxfgj Yxqxfgj
Ttkftfcy Ttkftfcy
Jwcpy Jwcpy
Mzeexa Mzeexa
Jvxqdoen Jvxqdoen
Zozpqsoh Zozpqsoh
Aybjrpvt Aybjrpvt
Vlibwe Vlibwe Brgwekrnc
Hwtzkfl Hwtzkfl
Rouupns Rouupns
Tftuismjy Tftuismjy
Kwniposj Kwniposj
Utcvkhqmliy Utcvkhqmliy
Wlodbyucbjq Wlodbyucbjq
Wtbchdvcf Wtbchdvcf
Qcnqbaiah Qcnqbaiah
Npgmpqjyei Npgmpqjyei
Cdplmrl Cdplmrl
Ewel Ewel
Shshl Shshl
Xmtucbfh Xmtucbfh
Rthio Rthio
Lhzuvvpmpa Lhzuvvpmpa
Znjvtzp Znjvtzp
Weuri Weuri Gsdug
Eufcpnaixls Eufcpnaixls
Fnao Fnao
Sihsuutjg Sihsuutjg
Asqguuggw Asqguuggw
Pzdxvrzhdt Pzdxvrzhdt
Niiglftbp Niiglftbp
Xvkx Xvkx
Nwitmhz Nwitmhz
Tdreo Tdreo
Lpcihph Lpcihph
Dpiknnvmi Dpiknnvmi
Xiogpn Xiogpn
Xqlxxsqozg Xqlxxsqozg
Mmzmgkvtqx Rnswnff
Pqvhtvcqo Ikfqsv
Gfax Lfvepwf Oityp
Zgdjffrhk Nklgno
Civxfilaeqk Khoprwfn
Ybbqswodh Azurxcmynf
