0 35 134 86 179 33 21 53 24 164 34 23 13 88 199 104 156 92 12 45 61 125 8 80 154 98 106 124 102 140 55 57 108 93 97 3 188 197 160 90 6 50 145 131 153 15 32 27 118 52 40 29 144 42 152 181 130 46 149 173 58 0
60
130 130
131 131
3 3
134 134
6 6
8 8
140 140
12 12
13 13
15 15
144 144
145 145
21 21
149 149
23 23
152 152
153 153
24 24
27 27
156 156
29 29
154 154
32 32
33 33
34 34
35 35
164 164
160 160
40 40
42 42
45 45
46 46
173 173
50 50
179 179
52 52
181 181
53 53
55 55
57 57
58 58
188 188
61 61
197 197
199 199
80 80
86 86
88 88
90 90
92 92
93 93
97 97
98 98
102 102
104 104
106 106
108 108
118 118
124 124
125 125
