0 84 13 79 121 102 51 100 145 38 125 195 1 114 134 119 194 132 74 171 59 135 85 164 86 175 96 105 72 30 142 69 161 151 152 19 58 56 77 21 73 182 12 45 157 124 170 98 167 29 82 153 24 197 90 143 11 65 95 141 169 66 16 48 108 91 140 2 112 188 123 128 99 137 172 120 196 106 147 23 67 94 92 55 57 138 150 186 97 61 181 191 139 9 187 71 189 36 39 50 32 35 185 109 10 149 107 81 64 81 101 83 198 0
91
1 1
2 2
9 9
10 10 176
11 11
12 12
13 13
16 16
19 19
21 21
23 23
24 24
29 29
35 35
38 38
39 39
45 45
50 50
51 51
55 55
56 56
57 57
59 59
64 64 148
66 66
67 67 27
69 69
71 71
72 72
73 73
74 74
77 77
82 82
83 83
85 85 49
86 86
90 90
92 92
94 94
95 95
97 97
99 99
100 100
101 101
102 102
105 105
106 106
107 107
108 108
112 112
119 119
123 123
124 124 26
125 125
132 132
137 137
138 138
139 139
141 141
142 142
143 143
147 147 104
150 150
152 152
157 157 41
161 161
164 164
167 167
169 169
170 170
172 172
175 175
182 182
185 185
186 186 89
188 188
189 189
195 195
196 196
197 197
198 198
114 103
194 43
96 46
58 129
98 166
140 14
128 52 3
181 68
36 160
149 20
