2 157 53 193 145 52 56 44 104 115 147 198 128 86 37 25 81 12 127 150 101 93 194 10 31 125 5 59 173 162 152 36 98 27 91 183 97 199 121 7 121 196 155 178 82 95 90 62 139 55 130 184 189 182 67 116 103 172 137 30 15 57 94 28 174 99 165 140 149 171 179 171 18 14 22 76 51 176 192 0 186 136 186 38 83 73 58 1 50 129 48 175 126 114 107 43 71 6 118 80 43 107 114 126 175 87 8 13 138 164 117 102 45 181 34 23 11 26 63 131 109 161 4 112 158 163 188 35 60 9 85 41 2
85
0 0
2 2
4 4
6 6
7 7 79
8 8
12 12
13 13
14 14
15 15
23 23
25 25
26 26
27 27 141
28 28
30 30
34 34
35 35
36 36
38 38 46
44 44
48 48
50 50 42
51 51
52 52
53 53
55 55
56 56
58 58
59 59
63 63
67 67
73 73
76 76
80 80 54
82 82
85 85
86 86
90 90 177
93 93
94 94
95 95
97 97 106
98 98
112 112 92
114 114
115 115
116 116
118 118
121 121
125 125
126 126
128 128
130 130
131 131 156
136 136 119
138 138
139 139
145 145
149 149 3
157 157 49
158 158 110
161 161
164 164
165 165
171 171
173 173
174 174
178 178
179 179 133
181 181
182 182
188 188
189 189 122
192 192
193 193
194 194
196 196
147 32
198 100
62 96
172 61
99 113
1 187
60 142
