ffffff uu a dddd jjjj eeeee kkkkkkkk tttttt bbbbbb ggggggg qqqqqq aaa x o uuu nnn tt mmmm kkkk ppppp jjj cc eeeeee m qq cccccc pppp gggg ssss ooooo wwwww vvv llllllll llllll b uuuuuu vvvvv iiiiiii lllllll k vvvvvv pppppppp aa eeeeeee rr wwww xxxx s hhh iiiiiiii aaaaaa oooooooo lll hhhh xxxxxxx ccccccc rrrrrr e aaaaaaaa kkkkkk bbbbbbbb mmmmmmmm qqq yy sss yyyyyyy oooooo sssssss jjjjjj zzz ttttt ssssss mm eeee ffff tttt wwwwww ee hhhhhhh gggggggg q zzzzz dd j cccc d bbbbbbb sssss ttttttt fffff nnnnnn rrrrr ggggg ffffffff xxxxx aaaa ii xxx ll uuuuuuu ffffff
100
pppppppp pppppppp
kkkk kkkk
o o
m m
xxxxxxx xxxxxxx
ggggg ggggg
yyyyyyy yyyyyyy
nnnnnn nnnnnn
xxxxx xxxxx
jjjj jjjj
qq qq
pppp pppp
xxxx xxxx
cc cc
mmmm mmmm
mmmmmmmm mmmmmmmm
bbbbbbbb bbbbbbbb
qqq qqq
fffff fffff
ssssss ssssss
lll lll
mm mm
eeeeee eeeeee
cccccc cccccc
sss sss
d d
iiiiiii iiiiiii
ccccccc ccccccc
kkkkkk kkkkkk
ffff ffff
jjj jjj
bbbbbbb bbbbbbb
vvv vvv
kkkkkkkk kkkkkkkk
yy yy
b b
eeee eeee
ttttttt ttttttt
x x
ffffff ffffff
eeeeeee eeeeeee
aaaaaa aaaaaa
uu uu
sssss sssss
ii ii
eeeee eeeee
nnn nnn
gggggggg gggggggg
dddd dddd
aaaaaaaa aaaaaaaa
aa aa
ooooo ooooo
tt tt
sssssss sssssss
hhh hhh
uuuuuu uuuuuu
aaaa aaaa
a a
llllll llllll
aaa aaa
lllllll lllllll
zzz zzz
j j
hhhhhhh hhhhhhh
ssss ssss
bbbbbb bbbbbb
ll ll
xxx xxx
rr rr
wwwww wwwww
vvvvvv vvvvvv
tttttt tttttt
s s
qqqqqq qqqqqq
hhhh hhhh
ee ee
rrrrrr rrrrrr
e e
uuuuuuu uuuuuuu
q q
wwww wwww
zzzzz zzzzz
oooooo oooooo
k k
ggggggg ggggggg
dd dd
vvvvv vvvvv
cccc cccc
rrrrr rrrrr
gggg gggg
ffffffff ffffffff
wwwwww wwwwww
llllllll llllllll
iiiiiiii iiiiiiii
tttt tttt
jjjjjj jjjjjj
ppppp ppppp
ttttt ttttt
oooooooo oooooooo
uuu uuu
