AlbertFredHaines JoannCharlieWilkinso DenaJewellDavis CassandraJaniceGlove JannaDavidCarranza KevinThomasHiggins DeniseBrunoWilliam MaryJamesDavila JudyPearlineKaminski DianeElisePickett EdwardDennisStewart JessicaChristopherHa ThomasEssieEwing ElmerDemetriusLark DwainJoeFeldman MistyRobertKing MarkAngelaMccloud KathleenSherryDay EdwardErnestSinger StephenWilliamCoffma AnnDeannaLarzazs EricTammyScott MichaelMarkHolloway GeorgeHenryVillar RosaPatrickYankey GaryCharlesHudson JimmyFlorTasson DorisJeffreyBinger PeterJosephBarbee HowardKennethCollins WadeSonnyMcbride ManuelaJoseBailey LillianJuanAncona RickyJamesBrumfield JohnBrendaFuller WilliamDavidGray KellyJohnnaOles RolandGregoryWatson FerdinandLukeJackson GeorgeWilliamJackson KathleenJoseClark CraigJohnLard BernicePennyRiddick DeeAmandaBartley IsaacGregGargano GlennaMichaelBorden JoStephenMay LawrenceBarryHadden JosephAmandaMullen EricJamesJuckett RonaldEdnaArant MarkDianeDuchon BrettDominickSonnier ClaudeBobbyBaker HeidiMayJohnson JamesJordanZamora EricTinaPerea MarciaWalterKirschma MarthaJackRobinson DebraJaneFitzgerald RobinStephenWebster StormyOllieYork MichaelElizabethWeav ZacharyWarrenKarth TommyAmandaMartin KevinCharlesEvans SandraHarryStewart StevenNeilNguyen CynthiaConnieWright BradleyDeborahSaball LynnKennethChavez JohnRichardSmith JudeJanetHarcourt PerryJamesBennett JackieSharonScherrer TravisMichelleMeller CherylMaryMorgan JeremyJamesChavez AlbertFredHaines
78
AlbertFredHaines AlbertFredHaines
WilliamDavidGray WilliamDavidGray
DeniseBrunoWilliam DeniseBrunoWilliam
GeorgeHenryVillar GeorgeHenryVillar
JoannCharlieWilkinso JoannCharlieWilkinso
DianeElisePickett DianeElisePickett
DwainJoeFeldman DwainJoeFeldman
RolandGregoryWatson RolandGregoryWatson
RobinStephenWebster RobinStephenWebster
FerdinandLukeJackson FerdinandLukeJackson
LillianJuanAncona LillianJuanAncona
EricTammyScott EricTammyScott
ManuelaJoseBailey ManuelaJoseBailey
WadeSonnyMcbride WadeSonnyMcbride
RonaldEdnaArant RonaldEdnaArant
BernicePennyRiddick BernicePennyRiddick
MarthaJackRobinson MarthaJackRobinson
GeorgeWilliamJackson GeorgeWilliamJackson
MarciaWalterKirschma MarciaWalterKirschma
JudyPearlineKaminski JudyPearlineKaminski
JohnRichardSmith JohnRichardSmith
StevenNeilNguyen StevenNeilNguyen
KathleenSherryDay KathleenSherryDay
DeeAmandaBartley DeeAmandaBartley
MaryJamesDavila MaryJamesDavila
ClaudeBobbyBaker ClaudeBobbyBaker
MichaelElizabethWeav MichaelElizabethWeav
KellyJohnnaOles KellyJohnnaOles
StephenWilliamCoffma StephenWilliamCoffma
JackieSharonScherrer JackieSharonScherrer
GlennaMichaelBorden GlennaMichaelBorden
CynthiaConnieWright CynthiaConnieWright
DorisJeffreyBinger DorisJeffreyBinger
MistyRobertKing MistyRobertKing
JosephAmandaMullen JosephAmandaMullen
JamesJordanZamora JamesJordanZamora
JohnBrendaFuller JohnBrendaFuller
JimmyFlorTasson JimmyFlorTasson
KathleenJoseClark KathleenJoseClark
CherylMaryMorgan CherylMaryMorgan
JessicaChristopherHa JessicaChristopherHa
PeterJosephBarbee PeterJosephBarbee
KevinThomasHiggins KevinThomasHiggins
StormyOllieYork StormyOllieYork
BrettDominickSonnier BrettDominickSonnier
EdwardErnestSinger EdwardErnestSinger
LawrenceBarryHadden LawrenceBarryHadden
ZacharyWarrenKarth ZacharyWarrenKarth
EricJamesJuckett EricJamesJuckett
ElmerDemetriusLark ElmerDemetriusLark
HowardKennethCollins HowardKennethCollins
RickyJamesBrumfield RickyJamesBrumfield
CassandraJaniceGlove CassandraJaniceGlove
JannaDavidCarranza JannaDavidCarranza
TommyAmandaMartin TommyAmandaMartin
DebraJaneFitzgerald DebraJaneFitzgerald
MarkAngelaMccloud MarkAngelaMccloud
LynnKennethChavez LynnKennethChavez
MichaelMarkHolloway MichaelMarkHolloway
BradleyDeborahSaball BradleyDeborahSaball
ThomasEssieEwing ThomasEssieEwing
PerryJamesBennett PerryJamesBennett
IsaacGregGargano IsaacGregGargano
GaryCharlesHudson GaryCharlesHudson
JudeJanetHarcourt JudeJanetHarcourt
JoStephenMay JoStephenMay
EdwardDennisStewart EdwardDennisStewart
KevinCharlesEvans KevinCharlesEvans
DenaJewellDavis DenaJewellDavis
HeidiMayJohnson HeidiMayJohnson
AnnDeannaLarzazs AnnDeannaLarzazs
MarkDianeDuchon MarkDianeDuchon
JeremyJamesChavez JeremyJamesChavez
CraigJohnLard CraigJohnLard
EricTinaPerea EricTinaPerea
RosaPatrickYankey RosaPatrickYankey
SandraHarryStewart SandraHarryStewart
TravisMichelleMeller TravisMichelleMeller
