Chelmbourne Wetborne Casford Alfwell Aldhall Egborne Alfcastle Barnham Stapmoor Stapthorne Clerethorne Dartsted Edglow Shrivside Southmere Stainhall Whitover Stainside Enbage Flitham Shrivlow Durditch Hornley Cookton Horncester Edgchester Wenwang Sudworth Melborne Egcastle Nortcastle Whitavon Elside Stainfield Pemwood Bracklow Leatherlow Alfby Stapwell Stafthorne Waltbrook Hurstworth Rocktree Whitborough Rocktree Staflow Cleredon Wyhead Sodside Brainbridge Southstoke Barngrove Hartbage Maidenden Enlow Sudwich Prestey Wenborough Elgrove Staintree Edgwich Chelmbourne
53
Hornley Hornley
Dartsted Dartsted
Bracklow Bracklow
Sudwich Sudwich
Stapmoor Stapmoor
Stapwell Stapwell
Sudworth Sudworth
Aldhall Aldhall
Alfwell Alfwell Marlton
Edgchester Edgchester
Enlow Enlow
Wenborough Wenborough
Southmere Southmere
Waltbrook Waltbrook
Whitover Whitover
Stapthorne Stapthorne
Egborne Egborne
Cleredon Cleredon
Stainside Stainside
Hartbage Hartbage
Wenwang Wenwang
Pemwood Pemwood
Prestey Prestey
Barnham Barnham
Casford Casford
Whitborough Whitborough Horndown
Hurstworth Hurstworth
Stainhall Stainhall
Elside Elside
Enbage Enbage
Whitavon Whitavon
Shrivlow Shrivlow
Rocktree Rocktree Cookbridge
Sodside Sodside
Staintree Staintree
Flitham Flitham Kingsley
Durditch Durditch
Shrivside Shrivside
Wyhead Wyhead
Edgwich Edgwich
Horncester Horncester
Staflow Staflow Bursted
Brainbridge Brainbridge
Egcastle Egcastle
Alfby Alfby Leatherlake
Elgrove Elgrove
Leatherlow Leatherlow
Cookton Cookton
Chelmbourne Shaftwich
Clerethorne Barnside
Melborne Pemwold
Stainfield Wenden
Barngrove Prestdon
