186 70 178 174 190 150 183 33 168 108 140 136 156 172 144 2 61 143 45 188 17 138 11 49 5 22 194 198 97 71 79 35 177 157 90 195 196 121 14 104 29 19 30 134 162 128 32 86 74 67 107 89 186
51
128 128
2 2
5 5
134 134
136 136
138 138
11 11
140 140
14 14
143 143
144 144
17 17
19 19
150 150
22 22
156 156
157 157
30 30
29 29
32 32
33 33
162 162
35 35
168 168
172 172
45 45
174 174
49 49
178 178
177 177
183 183
188 188
61 61
190 190
194 194
195 195
67 67
196 196
198 198
70 70
71 71
74 74
79 79
86 86
89 89
90 90
97 97
104 104
107 107
108 108
121 121
