0 15 30 45 60 75 90 106 122 107 91 75 76 77 78 79 94 109 124 123 108 93 94 79 80 95 80 65 50 36 51 66 82 83 84 85 100 85 86 87 103 104 89 59 74 72 71 56 41 57 73 58 43 28 12 11 10 25 40 54 53 68 53 38 23 8 7 6 5 20 5 4 19 18 33 48 63 47 31 15 0
47
0 0
5 5
7 7
8 8
10 10
15 15
18 18 3
20 20 35
23 23
25 25
28 28
30 30
31 31 46
36 36
40 40
41 41 55
45 45
47 47
50 50
51 51
56 56
57 57
63 63
68 68 52
71 71
73 73
75 75
76 76
78 78
80 80
83 83
85 85 70
90 90 105
93 93
95 95 111 110
100 100 115 116
103 103
106 106 121 120
108 108
109 109
122 122
124 124
87 88
104 119
12 13
19 34
84 98
