Plano Rockford Riverside Tallahassee Cincinnati Miami Olathe Irvine Fullerton AugustaRichmond NewOrleans Surprise Greensboro Teemo Davidson NewHaven SanAntonio Houston Pomona Spokane CorpusChristi SantaClarita Fremont Madison SanBernardino Knoxville Brownsville Corona HuntingtonBeach Mobile Hartford Dallas Worcester Mesquite Joliet Thornton Anchorage Philadelphia GardenGrove Salinas Chicago Denton Glendale Raleigh Yonkers McAllen GrandPrairie Portland Tampa Laredo FortCollins SiouxFalls SantaRosa Stamford Allentown Killeen SanJose Glasses Hollywood Escondido Akron Torrance Lancaster Elizabeth Anaheim JerseyCity Pikachu Lafayette Huntsville Seattle Lincoln SantaAna Tulsa LouisvilleJefferson Reno Norfolk FortLauderdale AnnArbor StLouis KansasCity Garland Omaha Ontario Waco Wichita Chesapeake OWO Mesa Charleston Memphis Montgomery BatonRouge Hayward Denver Cleveland Oxnard Atlanta Beaumont Vancouver WestValleyCity Vallejo LasVegas Cary OklahomaCity Rochester SanFrancisco Warren MorenoValley Norman Sunnyvale Pasadena Irving SantaClara Plano
97
Vancouver Vancouver
Sunnyvale Sunnyvale
Mobile Mobile
AugustaRichmond AugustaRichmond
SanJose SanJose
FortLauderdale FortLauderdale
Pomona Pomona
Garland Garland
SantaClarita SantaClarita
SiouxFalls SiouxFalls
Mesquite Mesquite
Rockford Rockford
StLouis StLouis
GrandPrairie GrandPrairie
Oxnard Oxnard
Irving Irving
Norman Norman
Anchorage Anchorage
JerseyCity JerseyCity
GardenGrove GardenGrove
Allentown Allentown
Laredo Laredo
Olathe Olathe
SanFrancisco SanFrancisco
Tulsa Tulsa
Davidson Davidson
Montgomery Montgomery
Greensboro Greensboro
Portland Portland
OklahomaCity OklahomaCity
Charleston Charleston
CorpusChristi CorpusChristi
Corona Corona
Cary Cary
Stamford Stamford
Denver Denver
Escondido Escondido
Ontario Ontario
Lincoln Lincoln
Anaheim Anaheim
OWO OWO
Vallejo Vallejo
Hayward Hayward
Dallas Dallas
Chicago Chicago
Huntsville Huntsville
Wichita Wichita
Akron Akron
Denton Denton
Cincinnati Cincinnati
Brownsville Brownsville
Glendale Glendale
Waco Waco
Madison Madison
Hartford Hartford
Atlanta Atlanta
Killeen Killeen
Lancaster Lancaster
Thornton Thornton
Beaumont Beaumont
Torrance Torrance
NewOrleans NewOrleans
Surprise Surprise
Norfolk Norfolk
LouisvilleJefferson LouisvilleJefferson
Warren Warren
Memphis Memphis
Hollywood Hollywood
Riverside Riverside
Raleigh Raleigh
Irvine Irvine LittleRock
McAllen McAllen
Pikachu Pikachu
LasVegas LasVegas
Worcester Worcester
Glasses Glasses
Tampa Tampa ThousandOaks
MorenoValley MorenoValley
Omaha Omaha
FortCollins FortCollins
Knoxville Knoxville
SantaClara SantaClara
AnnArbor AnnArbor
Mesa Mesa
Houston Houston
Miami Miami
SanBernardino SanBernardino
NewHaven NewHaven
Elizabeth Elizabeth
Pasadena Pasadena
Salinas Salinas
Fremont Fremont
Lafayette Lafayette
HuntingtonBeach HuntingtonBeach SimiValley
SantaRosa SantaRosa
SanAntonio SanAntonio
Tallahassee Hampton
