Soda lindsey subbaraj vilaythong angelis saurav singhal wu melissa vikram wong maniku krishnan sun franco hanlon ohio nichole william lewke soman zou shah ishaan du ritter liang grace oscar celine maya connor eshaan xin weaver tyler andrew scott bears mack annie erika barth adhikiari ruhi cal srinivasan zhifei greg yip lebron wyatt chung charles logan patagonia rouzbahani gregory berit ashley caroline chen mittal amanda djajadi olivia zhou king gobears evan emily chase george singorahardjo hari kevin ellen winifred srivastava massachusetts sophia danyal ravi aanika ani ahluwalia kaur jacob umar kanika krista rob daniel alvin doshi chloe sunny parham brett devesh li Soda
100
lindsey lindsey
rob rob
daniel daniel
chase chase
george george
vikram vikram
melissa melissa
krista krista
kanika kanika
umar umar
jacob jacob
grace grace
ishaan ishaan
shah shah
wong wong
maniku maniku
sun sun
srivastava srivastava
chung chung
du du
ritter ritter
ruhi ruhi
kevin kevin
evan evan
danyal danyal
sophia sophia
subbaraj subbaraj
vilaythong vilaythong
angelis angelis
saurav saurav
singhal singhal
wu wu
krishnan krishnan
scott scott
bears bears
mack mack
cal cal
srinivasan srinivasan
zhifei zhifei
barth barth
erika erika
annie annie
xin xin
weaver weaver
tyler tyler
andrew andrew
lewke lewke
william william
nichole nichole
ohio ohio
hanlon hanlon
franco franco
soman soman
zou zou
oscar oscar
celine celine
charles charles
alvin alvin
doshi doshi
chloe chloe
sunny sunny
parham parham
brett brett
devesh devesh
wyatt wyatt
singorahardjo singorahardjo
hari hari
emily emily
greg greg
winifred winifred
ellen ellen
massachusetts massachusetts
caroline caroline
ashley ashley
berit berit
gregory gregory
rouzbahani rouzbahani
patagonia patagonia
logan logan
king king
zhou zhou
olivia olivia
ravi ravi
aanika aanika
ani ani
ahluwalia ahluwalia
lebron lebron
yip yip
kaur kaur
djajadi djajadi
amanda amanda
mittal mittal
chen chen
gobears gobears
adhikiari adhikiari
liang liang
eshaan eshaan
connor connor
maya maya
li li
