lyenDXSN wKxe hU BR s KtvQaJqCJTRpXM8ZI CmV m zI 7Q L 61 fzp vAIBd1Ae nqeGwct f a5oWSrhkZ1i hjCFXN9kbqn0UCNsZ G50hiUpVStHCMrd l HwQeXpOEZHQ3s hVfqebryM4wN A67f K0A9bbVLm9atwTf EJDqk 2AR73oQdnbYqnDCGMFS uy3ouNIxumu7jEuoP1 MBLHuIgjJIXs GPeb ImSpax 7h2PJW8oD2ihKQrfQ6 llx2p lt1a5E0H JyObTOXbOI cYPTdnJWL wcmx8dhmsO K6yVeBnomxSBet nWkakNi6Qt9d4g o3refHnx4qioqHztqMYE frNA534JEvY4f 8 zzYmU5YFhvp1 C8PRtY0wMczFLQQYxa VNvsbB7eWJcAK0fU jvdVvQ akZmiQ7tmX M1PxrOPSNUVpc DYfBQTocj 6yeW7sat9rvd wBJRoqVxn1t Mu 6DVIvuGfPs2BU hpRsyMlXH1H vJxAK1LaHyuu4yFNeul gCIPN lyenDXSN
40
VNvsbB7eWJcAK0fU VNvsbB7eWJcAK0fU
GPeb GPeb
wBJRoqVxn1t wBJRoqVxn1t
vAIBd1Ae vAIBd1Ae
M1PxrOPSNUVpc M1PxrOPSNUVpc
frNA534JEvY4f frNA534JEvY4f
hjCFXN9kbqn0UCNsZ hjCFXN9kbqn0UCNsZ
zzYmU5YFhvp1 zzYmU5YFhvp1
BR BR
7Q 7Q
G50hiUpVStHCMrd G50hiUpVStHCMrd
KtvQaJqCJTRpXM8ZI KtvQaJqCJTRpXM8ZI
wcmx8dhmsO wcmx8dhmsO
cYPTdnJWL cYPTdnJWL
2AR73oQdnbYqnDCGMFS 2AR73oQdnbYqnDCGMFS
hU hU
A67f A67f
nqeGwct nqeGwct
CmV CmV
MBLHuIgjJIXs MBLHuIgjJIXs
vJxAK1LaHyuu4yFNeul vJxAK1LaHyuu4yFNeul
6yeW7sat9rvd 6yeW7sat9rvd
lt1a5E0H lt1a5E0H
K0A9bbVLm9atwTf K0A9bbVLm9atwTf
L L
l l
o3refHnx4qioqHztqMYE o3refHnx4qioqHztqMYE
akZmiQ7tmX akZmiQ7tmX
f f
llx2p llx2p
jvdVvQ jvdVvQ
zI zI
61 61
nWkakNi6Qt9d4g nWkakNi6Qt9d4g
Mu Mu
6DVIvuGfPs2BU 6DVIvuGfPs2BU
hVfqebryM4wN hVfqebryM4wN
HwQeXpOEZHQ3s HwQeXpOEZHQ3s
ImSpax ImSpax
EJDqk Plmj0j
