0 68 18 132 179 135 176 199 158 194 130 156 145 173 193 131 162 186 143 175 134 138 177 171 165 149 174 188 20 196 185 150 183 168 142 151 146 197 191 159 154 153 144 133 137 148 18 68 0
44
130 130
131 131
132 132
133 133
134 134
135 135
137 137
138 138
142 142
143 143
144 144
145 145
146 146
148 148
149 149
150 150
151 151
153 153
154 154
156 156
158 158
159 159
162 162
165 165
168 168
171 171
173 173
174 174
175 175
176 176
177 177
179 179
183 183
185 185
186 186
188 188
191 191
193 193
194 194
196 196
197 197
199 199
18 147 163 152 140 157 139 160 161 136 141 164 155
20 167 180 184 169 181 182 172 170 187 198 195 190 192 189 166 178
