2 9 179 49 73 66 93 66 189 45 121 53 65 77 23 61 103 145 85 43 41 164 83 21 157 79 52 111 42 82 117 38 34 89 137 133 154 155 5 47 3 185 25 159 78 13 147 1 149 144 193 177 4 72 4 127 142 37 153 119 26 165 181 91 140 169 199 161 29 131 27 35 63 36 59 109 175 87 124 123 101 33 97 135 69 113 195 55 19 7 151 99 105 10 39 95 196 171 183 115 75 57 11 139 17 2
91
1 1 51
3 3
5 5
7 7
9 9
11 11
13 13
17 17
19 19
21 21 167
23 23
25 25 173
27 27
29 29
33 33
35 35
37 37
39 39
41 41
43 43
45 45
47 47 107
49 49
53 53
55 55
57 57
59 59
61 61
63 63
65 65
69 69
73 73
75 75
77 77 187
79 79
83 83
85 85
87 87
89 89
91 91
93 93 31
95 95 15
97 97
99 99
101 101
103 103
105 105
109 109
111 111
113 113
115 115
117 117
119 119
121 121
123 123
127 127
131 131
133 133
135 135
137 137
139 139
145 145
147 147
149 149
151 151
153 153
155 155
157 157
159 159
161 161
165 165
169 169
171 171
175 175
177 177
179 179
181 181
183 183
185 185
189 189
193 193
195 195 71
199 199
164 197
52 163
82 191
34 67
154 129
72 125 81
142 143
36 141
