Acton Compton Bowles Buttonwillow Boronda Beckwourth Azusa Brea Bishop Arvin Cayucos Cambria Almanor Brawley Biggs Byron Fellows Bradbury Adelanto Clayton Arcata Belden Gardena Campbell Arnold Bradley Caruthers Freedom Carmichael Duarte Burney Bakersfield Canyondam Encinitas Armona Danville Blythe Arbuckle Biola Brentwood Calabasas Beaumont Benicia Chowchilla Avery Capitola Barstow Calimesa Burbank Brisbane Belmont Arcadia Calwa Carson Fallbrook Artesia Bell Alpaugh Escalon Calipatria Crockett Cabazon Amesti Broadmoor Cerritos Aptos Corona Auberry Cupertino Bloomington Ceres Auburn Berkeley Alameda Carrick Bonita Belvedere Calistoga Anaheim Bystrom Aromas Bootjack Cloverdale Altadena Foresthill Covelo Ashland Alhambra Burlingame Ducor Bayview Albany Escondido Atwater Emeryville Folsom Caribou Anderson Calexico Blairsden Calexico Florin Alturas Dinuba Banning Alamo Avalon Columbia Alpine Fontana Castroville August Cotati Bodfish Cartago Bluewater Antioch Atascadero Angwin Bolinas Bellflower Carlsbad Acton
97
Adelanto Adelanto
Alameda Alameda
Alamo Alamo
Albany Albany
Alhambra Alhambra
Almanor Almanor
Alpaugh Alpaugh
Alpine Alpine
Altadena Altadena
Alturas Alturas
Amesti Amesti
Anaheim Anaheim
Anderson Anderson
Angwin Angwin
Antioch Antioch
Aptos Aptos
Arbuckle Arbuckle
Arcadia Arcadia
Arcata Arcata
Armona Armona
Arnold Arnold
Aromas Aromas
Artesia Artesia
Arvin Arvin
Ashland Ashland
Atascadero Atascadero Bonsall
Atwater Atwater
Auberry Auberry
Auburn Auburn
August August
Avalon Avalon
Avery Avery
Azusa Azusa
Bakersfield Bakersfield
Banning Banning
Barstow Barstow
Bayview Bayview
Beaumont Beaumont
Beckwourth Beckwourth
Belden Belden
Bell Bell
Bellflower Bellflower
Belmont Belmont
Belvedere Belvedere
Benicia Benicia
Berkeley Berkeley
Biggs Biggs
Biola Biola
Bishop Bishop
Blairsden Blairsden Atherton
Bloomington Bloomington
Bluewater Bluewater
Blythe Blythe
Bodfish Bodfish
Bolinas Bolinas
Bonita Bonita
Bootjack Bootjack
Boronda Boronda
Bowles Bowles
Bradbury Bradbury
Bradley Bradley
Brawley Brawley
Brea Brea
Brentwood Brentwood
Brisbane Brisbane
Broadmoor Broadmoor
Burbank Burbank Camarillo
Burlingame Burlingame
Burney Burney
Buttonwillow Buttonwillow
Byron Byron
Bystrom Bystrom
Cabazon Cabazon
Calabasas Calabasas
Calexico Calexico
Calimesa Calimesa
Calipatria Calipatria
Calistoga Calistoga
Calwa Calwa
Cambria Cambria
Campbell Campbell
Canyondam Canyondam
Capitola Capitola
Caribou Caribou
Carlsbad Carlsbad
Carmichael Carmichael
Carrick Carrick
Carson Carson
Cartago Cartago
Caruthers Caruthers
Castroville Castroville
Cayucos Cayucos
Ceres Ceres
Cerritos Cerritos
Chowchilla Avenal
Columbia Carpinteria
Cotati Boron
