Loc1 Loc30 Loc16 Loc42 Loc13 Loc196 Loc143 Loc10 Loc107 Loc142 Loc39 Loc179 Loc77 Loc113 Loc151 Loc59 Loc151 Loc113 Loc74 Loc36 Loc159 Loc191 Loc145 Loc146 Loc33 Loc174 Loc60 Loc101 Loc120 Loc3 Loc22 Loc53 Loc183 Loc90 Loc153 Loc150 Loc8 Loc93 Loc118 Loc126 Loc11 Loc164 Loc133 Loc4 Loc44 Loc197 Loc158 Loc122 Loc186 Loc96 Loc167 Loc45 Loc170 Loc78 Loc147 Loc178 Loc129 Loc58 Loc50 Loc98 Loc85 Loc135 Loc75 Loc166 Loc111 Loc128 Loc91 Loc194 Loc94 Loc41 Loc65 Loc112 Loc19 Loc165 Loc177 Loc56 Loc188 Loc66 Loc106 Loc70 Loc95 Loc23 Loc124 Loc69 Loc51 Loc155 Loc109 Loc193 Loc0 Loc138 Loc176 Loc47 Loc168 Loc89 Loc9 Loc108 Loc17 Loc64 Loc172 Loc48 Loc154 Loc162 Loc54 Loc5 Loc12 Loc189 Loc72 Loc46 Loc49 Loc76 Loc199 Loc14 Loc187 Loc99 Loc131 Loc7 Loc88 Loc38 Loc157 Loc192 Loc156 Loc100 Loc1
90
Loc0 Loc0
Loc3 Loc3
Loc5 Loc5
Loc7 Loc7
Loc8 Loc8
Loc9 Loc9
Loc11 Loc11
Loc13 Loc13
Loc14 Loc14
Loc16 Loc16
Loc17 Loc17
Loc19 Loc19
Loc23 Loc23
Loc30 Loc30
Loc33 Loc33
Loc38 Loc38
Loc39 Loc39
Loc44 Loc44
Loc46 Loc46
Loc50 Loc50
Loc51 Loc51
Loc53 Loc53
Loc54 Loc54
Loc59 Loc59 Loc123
Loc60 Loc60
Loc65 Loc65
Loc74 Loc74
Loc75 Loc75
Loc76 Loc76
Loc77 Loc77
Loc85 Loc85
Loc91 Loc91
Loc94 Loc94
Loc95 Loc95
Loc96 Loc96
Loc99 Loc99
Loc100 Loc100
Loc101 Loc101
Loc106 Loc106
Loc107 Loc107
Loc109 Loc109
Loc111 Loc111
Loc118 Loc118
Loc122 Loc122
Loc124 Loc124
Loc128 Loc128
Loc129 Loc129
Loc133 Loc133
Loc143 Loc143
Loc145 Loc145
Loc147 Loc147
Loc151 Loc151
Loc153 Loc153
Loc154 Loc154
Loc159 Loc159
Loc167 Loc167
Loc168 Loc168
Loc170 Loc170
Loc172 Loc172
Loc176 Loc176
Loc177 Loc177
Loc183 Loc183
Loc188 Loc188
Loc189 Loc189
Loc192 Loc192
Loc197 Loc197
Loc10 Loc67 Loc137
Loc179 Loc52
Loc191 Loc6
Loc146 Loc175 Loc25 Loc97
Loc126 Loc141
Loc4 Loc171
Loc158 Loc132 Loc140 Loc20
Loc45 Loc62
Loc178 Loc27
Loc135 Loc149
Loc112 Loc160
Loc165 Loc110
Loc56 Loc180 Loc195
Loc70 Loc32
Loc155 Loc61
Loc138 Loc190
Loc47 Loc163 Loc83 Loc31
Loc108 Loc57
Loc64 Loc71
Loc162 Loc144 Loc37
Loc12 Loc15
Loc187 Loc182
Loc88 Loc18
Loc157 Loc103
