pace other quadruple ask candle dialogue home flag injury tolerate decisive greeting begin lake thirsty dough physics linger vegetarian exclusive dip opposed dramatic exempt buffet pipe blonde virgin winner boom quality autonomy paper cotton lifestyle election interactive error widen banana driver imposter tablet note deter terms hospitality teacher excuse rob demand feature enter offset chew drawer smile headline brake bowel joystick guarantee attraction coffin bitter rage deposit page mature native development confrontation development skeleton knot country single joint illusion enemy desk injection pardon notebook fortune financial mercy mixture chair respect throne structure shiver ignore liver tool railcar assume acceptance nationalist swop electronics interface environment bleed pier pig straighten identity coincide dive view profound coast swear rent atmosphere viable likely other pace
92
pace pace
likely likely comfortable
excuse excuse
feature feature
skeleton skeleton
environment environment
injury injury
page page
profound profound
throne throne
guarantee guarantee
physics physics
exempt exempt
tablet tablet
injection injection
headline headline
dough dough
exclusive exclusive
other other
buffet buffet
autonomy autonomy
respect respect
pig pig
financial financial
interactive interactive
tool tool
rob rob
dip dip
imposter imposter
swear swear
shiver shiver
coast coast
mature mature
chair chair
rent rent
straighten straighten
boom boom
acceptance acceptance
rage rage
structure structure
decisive decisive
dive dive
atmosphere atmosphere
attraction attraction
ask ask
smile smile
pardon pardon
knot knot
coincide coincide
ignore ignore audience due
teacher teacher
drawer drawer
widen widen
election election
country country triple
note note
liver liver
home home
development development
cotton cotton
error error
mercy mercy
virgin virgin
confrontation confrontation forge
railcar railcar
electronics electronics
begin begin
identity identity
greeting greeting
viable viable
lifestyle lifestyle
enemy enemy control stress
interface interface
offset offset
candle candle
swop swop
driver driver
deter deter
pipe pipe
coffin coffin
native native
flag flag
bowel bowel
illusion illusion
quadruple quadruple
vegetarian market exile
winner assignment
terms thumb
brake scheme
joint output
desk spoil
bleed curriculum
