0 182 27 34 133 134 38 132 40 131 44 135 138 1 139 141 5 24 144 20 146 145 14 147 149 11 150 152 151 60 153 57 54 154 155 52 156 47 157 159 160 120 162 163 67 164 72 165 76 166 167 80 92 86 168 89 169 94 102 171 170 172 175 106 176 111 114 118 177 178 179 181 182 0
30
27 30 31 32 33 29 28
34 37 36 35
38 39
40 43 42 41
44 45 46
1 4 2 13 3
5 6 10 8 7 9
24 26 25
20 21 23 22
14 19 17 16 18 15
11 12
60 61 63 66 64 65 62
57 58 59
54 56 55
52 53
47 50 49 51 48
120 128 125 130 124 129 122 126 121 123 127
67 68 71 70 69
72 73 74 75
76 77 79 78
80 82 84 81 83 85
92 93
86 88 87
89 91 90
94 97 101 100 98 95 99 96
102 104 105 103
106 107 109 108 110
111 113 112
114 117 115 116
118 119
