Ilesa Resplendor Great Ada Krymsk GernikaLumo LonsleSaunier Jiangyan Brunswick Zeist Niort Perth Brzeg Kyzylorda Bensheim Bang Shagamu Calauan Paredes El Shaowu Chacabuco Ramla Yingkou Ventimiglia Viewpark Palafrugell Villaquilambre Stupino PortVila Alexandria American Foshan Aklera Stuttgart Rutland Zaozhuang Belper New Minas Gariadhar Bavly Polohy Magomeni Jashpurnagar Rhosllanerchrugog Milagro Azrou Oulmes Mexborough Meizhou Toledo Davis Talipparamba Tak Bogovinje Mouscron Uran Alfenas Aleshtar Jagna Aurora Barracas Sishui Sillanwali Bobigny An Bon Landshut WaltonontheNaze Memmingen Tupelo Puducherry Lodwar Valday Claremont Malden Tupiza DehiwalaMount Aistala Tharu Hermsdorf Sceaux Valletta Itacoatiara Sirsi Ponta MitryMory Tiruppuvanam Onex Puerto Milledgeville Sorsogon Oberhausen Palm Marburg Lille Bensheim Campobasso Ilesa
94
Bensheim Bensheim PointeClaire
Perth Perth UlanUde Clermont
MitryMory MitryMory Copperas
Hermsdorf Hermsdorf
Calauan Calauan
Ventimiglia Ventimiglia
Valday Valday
Uran Uran
Malden Malden
Milledgeville Milledgeville
Jagna Jagna
Marburg Marburg
Polohy Polohy
Foshan Foshan
Puducherry Puducherry
Sishui Sishui
Memmingen Memmingen
Davis Davis
Alexandria Alexandria
Meizhou Meizhou
Rhosllanerchrugog Rhosllanerchrugog
Azrou Azrou
Lille Lille
Oulmes Oulmes
Tiruppuvanam Tiruppuvanam
Mexborough Mexborough
Puerto Puerto
Onex Onex
Brunswick Brunswick
Jiangyan Jiangyan
LonsleSaunier LonsleSaunier
Claremont Claremont
GernikaLumo GernikaLumo
Tharu Tharu
New New
Milagro Milagro
Great Great Tyoply
Ada Ada
Resplendor Resplendor
Ilesa Ilesa
Alfenas Alfenas
Aleshtar Aleshtar
Campobasso Campobasso
Bogovinje Bogovinje
Mouscron Mouscron
Tak Tak
Talipparamba Talipparamba
Barracas Barracas
Aurora Aurora
American American
Gariadhar Gariadhar
Bavly Bavly
Ponta Ponta
Sirsi Sirsi
Itacoatiara Itacoatiara
Sceaux Sceaux
Valletta Valletta
Landshut Landshut
Bon Bon
WaltonontheNaze WaltonontheNaze
Yingkou Yingkou
Ramla Ramla
Shaowu Shaowu
Chacabuco Chacabuco
Aklera Aklera
Rutland Rutland
Zaozhuang Zaozhuang
Stuttgart Stuttgart
Viewpark Viewpark
Sillanwali Sillanwali
Bobigny Bobigny
An An
Lodwar Lodwar
Jashpurnagar Jashpurnagar
Kyzylorda Kyzylorda
Brzeg Brzeg
Paredes Paredes
Magomeni Magomeni
Tupelo Tupelo
Bang Bang
Sorsogon Sorsogon
Shagamu Shagamu
Toledo Toledo
Oberhausen Oberhausen
Palm Palm
Tupiza Tupiza
DehiwalaMount DehiwalaMount
Villaquilambre Villaquilambre
Niort Niort
Stupino Stupino
PortVila PortVila
Palafrugell Palafrugell
Belper Skalica Guli
Minas Dahlem
