108 69 7 51 101 49 170 54 78 146 39 193 73 189 177 186 134 136 113 184 156 167 181 28 99 142 114 24 117 191 100 176 148 182 118 137 197 84 196 92 65 139 83 1 140 43 130 178 34 48 6 23 85 68 95 105 77 110 75 150 179 157 15 59 109 116 190 31 38 107 133 63 158 21 66 44 13 32 46 79 36 138 120 67 17 61 8 126 112 64 37 53 144 153 70 19 174 188 35 14 81 5 26 127 45 96 57 71 82 56 151 128 55 143 121 30 108
96
1 1
5 5
7 7
13 13
14 14
15 15
17 17
19 19
23 23 129
24 24
26 26
28 28
31 31
32 32
34 34
35 35
36 36
37 37
38 38
39 39
43 43
44 44
45 45
46 46
48 48
49 49
53 53
54 54
56 56
57 57
61 61
63 63
64 64
65 65
66 66
67 67
68 68
69 69
71 71
73 73
75 75
77 77
78 78
79 79
81 81
82 82
83 83
84 84
85 85
92 92
95 95
96 96
99 99
100 100
101 101
107 107
109 109
110 110
114 114
117 117
118 118
120 120
121 121
126 126
128 128
130 130
133 133
134 134
136 136
137 137
138 138
140 140
142 142
143 143
144 144
146 146
148 148
150 150
151 151
153 153
157 157
167 167
170 170
174 174
176 176
177 177
179 179
181 181
182 182
184 184
186 186
188 188
190 190
197 197
193 11
156 187
