start c6 c7 c24 c18 c17 c20 c21 c23 c30 c29 c27 c31 c35 c36 c20 c11 c12 c13 c10 c9 c8 c3 start e17 e15 e24 e12 e23 e10 e22 e8 e6 e4 e3 e20 e2 e19 e1 start h6 h17 h16 h12 h11 h10 h9 h8 h2 h26 h3 h25 h24 h23 h4 start b16 b10 b9 b8 b9 b10 b11 b12 b13 b12 b11 b10 b16 b17 b18 b19 b20 b21 b20 b19 b18 b17 b16 start g8 g10 g11 g14 g19 g23 g19 g15 g12 g16 g20 g24 g21 g25 g21 g17 g13 g9 g7 g6 g2 g5 g1 g4 g3 start d1 d3 d6 d5 d4 d3 start f11 f12 f13 f5 f15 f16 f17 f7 f14 f9 f18 f19 f20 f10 f14 start a3 a4 a1 a2 a5 start
70
g1 g1
g2 g2
g3 g3
g4 g4
g5 g5
g6 g6
g7 g7
g8 g8
g9 g9
g10 g10
g11 g11
g12 g12
g13 g13
g14 g14
g15 g15
g16 g16
g17 g17
g19 g19
g20 g20
g21 g21
g23 g23 g18
g24 g24
g25 g25 g22
f11 f11
f12 f12
f13 f13
f14 f14
f15 f15
f16 f16
f17 f17
f18 f18
f19 f19
f20 f20
c10 c10
c13 c13 c15
c17 c17
c21 c21
c23 c23
c27 c27 c26
c31 c31 c33
d1 d1
d4 d4
d5 d5
a1 a1
a2 a2
a3 a3
a4 a4
a5 a5
e19 e19
e20 e20
e22 e22
e23 e23
e24 e24
h9 h9
h17 h17
h24 h24
h26 h26
c3 c5 c1
e15 e25
e4 e21
h6 h18
h12 h13
h4 h22
b8 b2 b1
b12 b4
b13 b5 b6
b11 b3
b21 b25 b15
b20 b24
b18 b26
