Albania NorthKorea Serbia SaoTomPrincipe CentralAfricanRep Switzerland Chile Jamaica Israel Ethiopia Comoros Germany Burkina MountAthos Estonia Bhutan Pakistan Fiji Grenada Niger UAE UnitedKingdom Philippines BosHerzegovina Kazakhstan Lesotho SaintKitts Suriname Mauritius PapuaNewGuinea Cuba SierraLeone TheGambia Greece Mongolia Argentina Romania Tunisia America Paraguay Malaysia Mali Japan SaudiArabia VaticanCity Lithuania Mauritania Brazil Andorra Cyprus Seychelles Danzig Dominica Eritrea Maldives NewZealand Latvia Togo Yemen Hungary Peru Venezuela SriLanka Rwanda Finland France Djibouti Vanuatu Luxembourg Portugal Newfoundland Algeria Kiribati Cambodia Panama Kosovo Thailand Liechtenstein SolomonIslands Guatemala Burma EquatorGuinea Belarus Australia Laos Ukraine Norway RussianFederation CapeVerde Qatar Rome IvoryCoast Bulgaria Bahamas Tanzania Italy Gabon Nepal SaintLucia Poland Slovenia Albania
100
Paraguay Paraguay
Vanuatu Vanuatu
Ethiopia Ethiopia
Latvia Latvia
Venezuela Venezuela
Burkina Burkina
Gabon Gabon
Comoros Comoros
Pakistan Pakistan
Fiji Fiji
MountAthos MountAthos
Mauritius Mauritius
SaintLucia SaintLucia
Burma Burma
Luxembourg Luxembourg
Finland Finland
Estonia Estonia
Israel Israel
VaticanCity VaticanCity
Romania Romania
Qatar Qatar
Rwanda Rwanda
Mauritania Mauritania
CapeVerde CapeVerde
Liechtenstein Liechtenstein
Germany Germany
Norway Norway
France France
Panama Panama
SaoTomPrincipe SaoTomPrincipe
RussianFederation RussianFederation
Djibouti Djibouti
Bahamas Bahamas
EquatorGuinea EquatorGuinea
Tunisia Tunisia
UAE UAE
Bulgaria Bulgaria
SriLanka SriLanka
NorthKorea NorthKorea
IvoryCoast IvoryCoast
Niger Niger
Cyprus Cyprus
Kiribati Kiribati
Thailand Thailand
Yemen Yemen
America America
Eritrea Eritrea
Newfoundland Newfoundland
SierraLeone SierraLeone
Peru Peru
Kosovo Kosovo
Guatemala Guatemala
BosHerzegovina BosHerzegovina
Chile Chile
Maldives Maldives
Dominica Dominica
SolomonIslands SolomonIslands
Bhutan Bhutan
CentralAfricanRep CentralAfricanRep
Ukraine Ukraine
Suriname Suriname
Danzig Danzig
Togo Togo
Portugal Portugal
Seychelles Seychelles
Algeria Algeria
Rome Rome
PapuaNewGuinea PapuaNewGuinea
Greece Greece
Lithuania Lithuania
Poland Poland
Grenada Grenada
Tanzania Tanzania
SaintKitts SaintKitts
Mongolia Mongolia
Serbia Serbia
Argentina Argentina
Cuba Cuba
Italy Italy
Belarus Belarus
Kazakhstan Kazakhstan
Japan Japan
TheGambia TheGambia
Switzerland Switzerland
Jamaica Jamaica
NewZealand NewZealand
Lesotho Lesotho
Andorra Andorra
SaudiArabia SaudiArabia
Hungary Hungary
Brazil Brazil
Mali Mali
Philippines Philippines
Nepal Nepal
Cambodia Cambodia
UnitedKingdom UnitedKingdom
Malaysia Malaysia
Laos Laos
Australia Australia
Slovenia Slovenia
