129 137 16 25 46 2 4 157 110 154 196 37 160 74 127 175 192 103 98 48 97 101 170 101 148 5 28 10 22 45 118 13 92 179 76 49 162 119 64 71 90 3 40 165 27 94 139 19 7 96 11 95 68 89 172 145 32 181 8 142 122 69 61 112 79 72 21 182 190 47 178 106 133 85 184 109 34 51 197 115 88 31 99 129
58
4 4
133 133
7 7
10 10 100
139 139
13 13
142 142
16 16
145 145
19 19
148 148
22 22
25 25
154 154 193
28 28
157 157
31 31
160 160
34 34
37 37
40 40
172 172
46 46
175 175
49 49
178 178
181 181 169
184 184
61 61
190 190
64 64
196 196
76 76
79 79
85 85
88 88 1
94 94
97 97
103 103
106 106
109 109
112 112
115 115
118 118 166
127 127
2 55
192 121
101 52
170 58 73 136
92 124
119 163
96 70
32 187
72 43
21 151 67
90 91
69 130
197 82
