FacultyClub LawrenceofScience PacificFilmArchive OBrien Library Etcheverry HearstGym BioscienceLibrary Pimentel Manville Hilgard Cheit Wheeler Durham MartinezCommons SproulPlaza SutardjaDai UniversityHouse FPF EarthquakeLibrary StudentUnion BrainImagingCenter Morrison Mulford Warren Spieker Unit3 CareerCenter FacultyClub
25
FacultyClub FacultyClub
BioscienceLibrary BioscienceLibrary
SutardjaDai SutardjaDai
Etcheverry Etcheverry
SproulPlaza SproulPlaza
Hilgard Hilgard
StudentUnion StudentUnion
EarthquakeLibrary EarthquakeLibrary
UniversityHouse UniversityHouse
LawrenceofScience LawrenceofScience
Pimentel Pimentel
Mulford Mulford
CareerCenter CareerCenter
HearstGym HearstGym
Durham Durham
OBrien OBrien
Library Library
Spieker Spieker
FPF FPF
PacificFilmArchive PacificFilmArchive
BrainImagingCenter BrainImagingCenter
Morrison Morrison
Wheeler Wheeler
Cheit Cheit
Manville Manville
