IIII1I1 IIIllll 11I1Ill 11I1lll 1IIlIIl II111I1 11IIl1I IIII1ll III1lII l1IlIII lI11l1l 1lI11l1 lII1lll l1IlIl1 11lI11I IIlIIII lI1l1II IIIlI1l lIlllll I1I11I1 1IlII1I lIIIllI IlllI11 llI1IlI I1I1111 IIllIl1 IIlIlI1 I1I111I lII1I11 lll1lII II1I1Il IIII1I1
25
11I1Ill 11I1Ill
IIII1ll IIII1ll
lI11l1l lI11l1l
III1lII III1lII
IIllIl1 IIllIl1
1IlII1I 1IlII1I
lIlllll lIlllll
11IIl1I 11IIl1I
l1IlIII l1IlIII
1lI11l1 1lI11l1
11I1lll 11I1lll
lIIIllI lIIIllI
IlllI11 IlllI11
IIlIIII IIlIIII
l1IlIl1 l1IlIl1
I1I111I I1I111I
I1I1111 I1I1111
11lI11I 11lI11I
II111I1 II111I1
lI1l1II lI1l1II
IIlIlI1 IIlIlI1
lII1I11 lII1I11
II1I1Il II1I1Il
1IIlIIl 1IIlIIl
lll1lII I11IIlI
