845LWU7Kg6167HQY Uyj5raM7C9SGCHQGUC y ZT3 95E0752p51t dw6Yuyls1ZilP493g91O KpBvy 4 TU76UjE52906 3 3k k r geUO1h 77yN7eHZwfF99R2 TBk5Pt5vt5SInt HDLHc5Kdk N8191M9E9v 9 KKUFV29x8iO 122gt ElUTL D SmI7f H6pXAnE0KypnExX YLKBD54k pbE3R4QsB76l 3i80K09a 672Pt4Ytw8LW J X6SrYf57mSUQQ28C NQ3vX6W6H74aK53np 5Ll49ySSWT043CtCd2 5CCl0n2r5512 MY3aL96Y 2qgWbB40Ya16 xaM1q4jQi3efYb0 11l6P71DgEau1baEX4 MVvh DUiYDuR9yYFD5 u3Qv EnhLq7BgTj8IN3Z2m YKpC4gQmPKaU311w9eOT O41Muu 95fufpL7BuUW8Mng00jE O58T a 48783322I5q9PFVPT 5Qkzz260R7 eDv5MBdo 9vq8gscs7dz1 6RiHvQ4xTN5 fgM12T 5 1 i7lmV5iDIgl5f 845LWU7Kg6167HQY
43
122gt 122gt
H6pXAnE0KypnExX H6pXAnE0KypnExX
3 3
672Pt4Ytw8LW 672Pt4Ytw8LW
SmI7f SmI7f
845LWU7Kg6167HQY 845LWU7Kg6167HQY
NQ3vX6W6H74aK53np NQ3vX6W6H74aK53np
KpBvy KpBvy 4l4aqvNKB
5CCl0n2r5512 5CCl0n2r5512
y y B4mQOl023dn1
5Qkzz260R7 5Qkzz260R7
DUiYDuR9yYFD5 DUiYDuR9yYFD5
11l6P71DgEau1baEX4 11l6P71DgEau1baEX4
xaM1q4jQi3efYb0 xaM1q4jQi3efYb0
fgM12T fgM12T eqYzN7b19UgNo1K
ElUTL ElUTL
O41Muu O41Muu
4 4
3k 3k
MVvh MVvh
X6SrYf57mSUQQ28C X6SrYf57mSUQQ28C
YLKBD54k YLKBD54k
5 5
KKUFV29x8iO KKUFV29x8iO ftk2
EnhLq7BgTj8IN3Z2m EnhLq7BgTj8IN3Z2m
2qgWbB40Ya16 2qgWbB40Ya16
6RiHvQ4xTN5 6RiHvQ4xTN5
eDv5MBdo eDv5MBdo
9 9
TU76UjE52906 TU76UjE52906
u3Qv u3Qv 42U0k6JhTQxPvUw8
r r ICQxh0Q58799CUd2
D D
48783322I5q9PFVPT 48783322I5q9PFVPT
O58T O58T
geUO1h geUO1h 8M2OK8Px58
YKpC4gQmPKaU311w9eOT YKpC4gQmPKaU311w9eOT
ZT3 ZT3
TBk5Pt5vt5SInt TBk5Pt5vt5SInt
95E0752p51t 95E0752p51t
MY3aL96Y MY3aL96Y
HDLHc5Kdk SL88w66v7
J 7L
