mdyuzxshey vkrlpmybdj jatkaoyfxb zumetrybth ebqxbaqnmm kdujdjjwot zjbarjhmau bulywvvpni lndsfxewdc mswyvpdrsy hkempoemlv fznfvsgjhc lkvobxyfca oggftsricu lnicnhmajr owusjcmdkp oewptytlja jedsthbmzo xftptyrlvl yiwwdwbzth jqtguzxxsl hadchvmijq wynbxuuxru epdwcjuvdr wtlzrefwav hsjqtjkukk smwxdupkdv koawdpgqdx unihwwnyqz qepegujmaa unihwwnyqz koawdpgqdx aokbiptbzc smwxdupkdv hsjqtjkukk wtlzrefwav jrmlkfexfk gllungmori rkyixxpcbx optviwhmbr ixyurvbpvu uooysjrxsb seeyrseflx uooysjrxsb ixyurvbpvu siatqqydwf ahqdrcepub lazlsvgukx idfvjoquhh lbuiysostx oegfbrwyrp bswhowadhl psiebvskfb zpybghfdbe cmdqzmgvfi qydclznxrd ouxenssqdu tvcolajnao vkrlpmybdj mdyuzxshey
39
gllungmori gllungmori
zumetrybth zumetrybth
vkrlpmybdj vkrlpmybdj zmfuudfatm
psiebvskfb psiebvskfb
jqtguzxxsl jqtguzxxsl
koawdpgqdx koawdpgqdx
zjbarjhmau zjbarjhmau
lkvobxyfca lkvobxyfca
wtlzrefwav wtlzrefwav
jedsthbmzo jedsthbmzo
seeyrseflx seeyrseflx vugkhjygfe
ahqdrcepub ahqdrcepub
kdujdjjwot kdujdjjwot
aokbiptbzc aokbiptbzc
lbuiysostx lbuiysostx
qepegujmaa qepegujmaa xtvbrolacp
mdyuzxshey mdyuzxshey mysadifwma
mswyvpdrsy mswyvpdrsy
ebqxbaqnmm ebqxbaqnmm
hadchvmijq hadchvmijq
xftptyrlvl xftptyrlvl
lnicnhmajr lnicnhmajr
bulywvvpni bulywvvpni
oewptytlja oewptytlja knfzsnhzvx nwlccbonas
cmdqzmgvfi cmdqzmgvfi qfbvncxldf
lazlsvgukx lazlsvgukx
lndsfxewdc lndsfxewdc
owusjcmdkp owusjcmdkp ljhmnbaicr
qydclznxrd qydclznxrd
jatkaoyfxb jatkaoyfxb bnmegnfgii
wynbxuuxru wynbxuuxru
rkyixxpcbx rkyixxpcbx eooyfwmxln
optviwhmbr optviwhmbr
fznfvsgjhc fznfvsgjhc
oggftsricu euqbrkzdsw
yiwwdwbzth wtyqwjwskq
ixyurvbpvu gwnccktgki
oegfbrwyrp tgbmxdmvwe
tvcolajnao qcktwemqbm
