destitute namesake jewel Auberge Modesto Elizabethan combine extractor mediate Fisk anvil Curtis trill fatten choice shroud McCall bobble Dominican minion Bleeker Dominican embassy Halstead Andersen yogurt Vega swordfish decor Hewlett creekside septillion transpiration stanza Injun illusion amateur slowdown schedule connubial funny Gilmore tate diligent swingy midget balustrade Isfahan MN Hindi Loomis Rio Darwin ripe barnacle destitute
49
Andersen Andersen
Auberge Auberge
Bleeker Bleeker
Darwin Darwin
Dominican Dominican
Elizabethan Elizabethan
Fisk Fisk
Gilmore Gilmore
Halstead Halstead
Hewlett Hewlett
Hindi Hindi
Injun Injun
Isfahan Isfahan
Loomis Loomis
MN MN
McCall McCall
Modesto Modesto
Rio Rio
Vega Vega
amateur amateur
anvil anvil
balustrade balustrade
bobble bobble
choice choice
connubial connubial
creekside creekside
decor decor
diligent diligent
embassy embassy
extractor extractor
fatten fatten
funny funny
illusion illusion
jewel jewel
mediate mediate
midget midget
minion minion
ripe ripe
schedule schedule
septillion septillion papal
shroud shroud
slowdown slowdown
stanza stanza
swingy swingy
swordfish swordfish
tate tate
transpiration transpiration
trill trill
yogurt yogurt
