exothermic felony Irvin decor shovel trill combine Iowa FPC coarse midget amateur Injun Curtis Bernini Tucson intangible lordosis Halstead Sicilian extrovert sacrifice McCall namesake Dominican yogurt swordfish exothermic
23
Bernini Bernini
Curtis Curtis
FPC FPC
Halstead Halstead
Injun Injun
Iowa Iowa
Irvin Irvin
McCall McCall Andersen
Tucson Tucson
amateur amateur
coarse coarse
combine combine
decor decor
extrovert extrovert
felony felony
lordosis lordosis
midget midget
namesake namesake
sacrifice sacrifice
shovel shovel
swordfish swordfish wafer
trill trill
yogurt yogurt
