ctUVEJSyNR T3o9dNVbcG RLF9v27sOQ f91pUtm9EZ vzXeZbLrSW UphA2uAaYC VbPBW7rmhF QwY2G6aX6c 8Jejdr7ynm 7d3UA4fKWz Z82QDWb0Pr HTp005294X VBTKstUXwG oWdH0Xcxwv HG8olhhcTZ BtCEVbHoQI I4iTN5KXjB TDmNOuGJBk MzId8uwrPz pxgZ5VHtpD 6lpxgUxCxO oPQmRUijH5 gLI8ArV2Ui osdKgXyg1e MuYreynm57 zUWT7uduzq uVIshS2g8a U5XdtBFGOe Z82QDWb0Pr ctUVEJSyNR
24
MzId8uwrPz MzId8uwrPz
TDmNOuGJBk TDmNOuGJBk
T3o9dNVbcG T3o9dNVbcG
Z82QDWb0Pr Z82QDWb0Pr
BtCEVbHoQI BtCEVbHoQI
7d3UA4fKWz 7d3UA4fKWz
VBTKstUXwG VBTKstUXwG 8UaR4YpZys
HG8olhhcTZ HG8olhhcTZ
RLF9v27sOQ RLF9v27sOQ
QwY2G6aX6c QwY2G6aX6c
MuYreynm57 MuYreynm57
8Jejdr7ynm 8Jejdr7ynm
oPQmRUijH5 oPQmRUijH5
f91pUtm9EZ f91pUtm9EZ
gLI8ArV2Ui gLI8ArV2Ui
6lpxgUxCxO 6lpxgUxCxO
U5XdtBFGOe U5XdtBFGOe
vzXeZbLrSW vzXeZbLrSW
UphA2uAaYC UphA2uAaYC
osdKgXyg1e osdKgXyg1e
zUWT7uduzq zUWT7uduzq
I4iTN5KXjB I4iTN5KXjB
HTp005294X IU0Ia8127Z
uVIshS2g8a qg08r1Pg6g
