SaintPaul Indianapolis Mesa Baltimore Albuquerque BatonRouge FortWorth LongBeach Dallas Tucson Detroit Denver Norfolk KansasCity NewOrleans Chandler Plano LosAngeles ElPaso Austin Aurora FortWayne Anchorage Cleveland Columbus Glendale Hialeah OklahomaCity Bakersfield Minneapolis Lincoln JerseyCity Lexington Fresno Chesapeake Lubbock StPetersburg Milwaukee Stockton Houston Tampa Toledo Atlanta Oakland WinstonSalem Durham SantaAna Durham Phoenix Charlotte ChulaVista SanDiego SanJose Madison Louisville Memphis Honolulu Scottsdale Newark Garland SaintPaul
45
Houston Houston
Phoenix Phoenix
SanDiego SanDiego
Dallas Dallas
SanJose SanJose
Austin Austin SanAntonio
FortWorth FortWorth
Columbus Columbus
Charlotte Charlotte
Indianapolis Indianapolis
Denver Denver
ElPaso ElPaso
Memphis Memphis
OklahomaCity OklahomaCity
Baltimore Baltimore
Milwaukee Milwaukee
Tucson Tucson Raleigh
Atlanta Atlanta
LongBeach LongBeach
Tampa Tampa
NewOrleans NewOrleans
Bakersfield Bakersfield
Aurora Aurora
Honolulu Honolulu
SantaAna SantaAna Pittsburgh
Lexington Lexington
Stockton Stockton
Anchorage Anchorage
Plano Plano
Lincoln Lincoln
Newark Newark
Durham Durham
FortWayne FortWayne
JerseyCity JerseyCity Laredo
StPetersburg StPetersburg Henderson
Madison Madison
Chandler Chandler
Lubbock Lubbock
Scottsdale Scottsdale
Glendale Glendale
WinstonSalem WinstonSalem
Chesapeake Chesapeake
Hialeah Hialeah
Fresno Spokane
ChulaVista Cincinnati
