Soda Unit1 Blackwell MainStacks MLK BC LakeMerrit GBC Wellman Sproul Morgan Doe Foothill Hertz ClarkKerr Wheeler Haas RSF BWW Mulford Unit2 MemorialStadium Barrows Stephans TheRoof GoldenStatePark Unit3 Soda
26
Doe Doe
Wheeler Wheeler
Stephans Stephans
Haas Haas
Hertz Hertz
Barrows Barrows
RSF RSF
Sproul Sproul
GBC GBC
MLK MLK
BWW BWW
MemorialStadium MemorialStadium
MainStacks MainStacks
Morgan Morgan
Mulford Mulford
Wellman Wellman
Unit1 Unit1
Unit2 Unit2
Unit3 Unit3
Blackwell Blackwell
BC BC
Foothill Foothill
ClarkKerr ClarkKerr
LakeMerrit LakeMerrit
GoldenStatePark GoldenStatePark
TheRoof TheRoof
