Donner Santa Helena Cyclotron Juneau Optometry McCone North Topeka Illinois Ishi Minnesota Old Iowa Foothill Gayley Recreational Gilman Tallahassee Life Phoenix Haas Providence Wurster Haste Donner
25
Donner Donner
Cyclotron Cyclotron
Helena Helena
North North
McCone McCone
Juneau Juneau
Wurster Wurster
Optometry Optometry
Haas Haas
Santa Santa
Phoenix Phoenix
Illinois Illinois
Haste Haste
Providence Providence
Life Life
Topeka Topeka
Foothill Foothill
Minnesota Minnesota
Ishi Ishi
Gilman Gilman
Tallahassee Tallahassee
Old Old
Gayley Gayley
Recreational Recreational
Iowa Iowa
