Latias Shelgon Dartrix Keldeo Petilil Luvdisc Staryu Scolipede Infernape Bounsweet Wurmple Exeggutor Relicanth Elgyem Vibrava Golisopod Charmeleon Primeape Palkia Noivern Talonflame Reshiram Raticate Magearna Jigglypuff Toxicroak Latias
25
Wurmple Wurmple
Shelgon Shelgon
Magearna Magearna
Jigglypuff Jigglypuff
Toxicroak Toxicroak
Primeape Primeape
Scolipede Scolipede
Luvdisc Luvdisc
Reshiram Reshiram
Dartrix Dartrix
Raticate Raticate
Palkia Palkia
Charmeleon Charmeleon
Relicanth Relicanth
Noivern Noivern
Bounsweet Bounsweet
Talonflame Talonflame
Elgyem Elgyem
Petilil Petilil
Exeggutor Exeggutor
Infernape Infernape
Staryu Staryu
Golisopod Golisopod
Vibrava Vibrava
Keldeo Keldeo
