LegendsAquaticCenter ValleyLifeSciencesBu MemorialGlade CITRIS NorthGateHall LeConteHall LevineFrickeSoftball GoldmanField SoutheastAsianStudie LawSchool SatherTower InvestigativeReporti NorthField StarrEastAsianLibrar EllsworthParkingStru SodaHall LewisHall EucalyptusGrove GolbousPlace DurantHall LegendsAquaticCenter
20
LegendsAquaticCenter LegendsAquaticCenter
LeConteHall LeConteHall
GoldmanField GoldmanField
StarrEastAsianLibrar StarrEastAsianLibrar
CITRIS CITRIS
ValleyLifeSciencesBu ValleyLifeSciencesBu
SoutheastAsianStudie SoutheastAsianStudie
EllsworthParkingStru EllsworthParkingStru
SatherTower SatherTower
EucalyptusGrove EucalyptusGrove
SodaHall SodaHall
NorthField NorthField
LewisHall LewisHall
DurantHall DurantHall
InvestigativeReporti InvestigativeReporti
NorthGateHall NorthGateHall
MemorialGlade MemorialGlade
GolbousPlace GolbousPlace
LevineFrickeSoftball LevineFrickeSoftball
LawSchool LawSchool
