188645 0FB66D FA567E B833F0 2F1AB5 9B9BDD D04F40 628AB2 B3243F 9B0EC2 0801CC 19FFAB 4B39CA 825884 D7CAF9 D443EB 8D0852 37F745 7BF2B5 784F83 FF8D45 ACB11D 800641 35FF16 84EBFF 0FBCDC 7E5598 3B1041 3AA8C5 EF4D57 B7B073 A7E9D9 DBDC9A 94D700 3ADA02 61EDA9 E09D29 C98FE7 31D332 B86446 35F60D 2C101C CB09C0 E954F7 0D7DE7 467AB7 724A76 29B2A4 70146D 7E18E9 539A92 EC05F7 D27DC1 6D778A 36D08C 567883 44716B 143B88 07D80A C0766C 188645
46
A7E9D9 A7E9D9
37F745 37F745
44716B 44716B
C98FE7 C98FE7
188645 188645
07D80A 07D80A
DBDC9A DBDC9A 994F93 A5CCB5
628AB2 628AB2
9B9BDD 9B9BDD
3ADA02 3ADA02 D5356A
D443EB D443EB
539A92 539A92
CB09C0 CB09C0
94D700 94D700
EF4D57 EF4D57
800641 800641
724A76 724A76
84EBFF 84EBFF
D7CAF9 D7CAF9
D04F40 D04F40
E954F7 E954F7
29B2A4 29B2A4
6D778A 6D778A
7E18E9 7E18E9
3B1041 3B1041
8D0852 8D0852
784F83 784F83
9B0EC2 9B0EC2
0FBCDC 0FBCDC 0A5C0E
B7B073 B7B073
E09D29 E09D29
2C101C 2C101C
467AB7 467AB7
B833F0 B833F0
19FFAB 19FFAB
FF8D45 FF8D45
0FB66D 0FB66D
B3243F 1276AF
825884 48C2D5
ACB11D D01E6B
35FF16 500783
7E5598 AFF8D1
31D332 DD2694
B86446 4FBDE1
35F60D AA8E14
EC05F7 FD1783
