7FD578 1AC5CE 283373 3E0BDD 2C376F E5D023 6CAF19 9B7F16 B40756 877D0E CE97C4 1BD5F4 2E60FC 1EE680 01684B 9F01C8 EEEA40 66B94B F4C859 4BCD0B 61D740 19E454 719360 981760 1176C9 853F1A A085DD F94356 6C7BF0 7CDA20 7FD578
23
9F01C8 9F01C8
66B94B 66B94B
61D740 61D740
2E60FC 2E60FC
01684B 01684B 859C0E
3E0BDD 3E0BDD
1AC5CE 1AC5CE
1176C9 1176C9
6CAF19 6CAF19
6C7BF0 6C7BF0
2C376F 2C376F
981760 981760 FF39A5
9B7F16 9B7F16
877D0E 877D0E
B40756 B40756
EEEA40 EEEA40
E5D023 E5D023
F4C859 F4C859
1EE680 1EE680
1BD5F4 1BD5F4
A085DD A085DD
4BCD0B 7B7BDE
719360 E27C41
