0 15 14 3 14 12 16 17 13 9 20 18 7 8 7 18 20 21 30 35 37 38 41 38 36 42 36 38 37 35 30 29 23 24 26 24 23 29 30 34 33 47 44 48 44 47 33 34 32 19 20 9 13 17 16 12 14 15 0 50 65 64 62 66 67 63 59 70 71 80 79 73 74 76 74 73 79 80 85 87 88 91 88 86 92 86 88 87 85 80 84 83 97 94 98 94 97 83 84 80 71 70 68 57 58 57 68 70 59 63 67 66 62 64 53 64 65 50 0
32
3 3 2
24 24
26 26 25
33 33
36 36
41 41 40
42 42 46
44 44
47 47
48 48 49
53 53 52
74 74
76 76 75
83 83
86 86
91 91 90
92 92 96
94 94
97 97
98 98 99
0 1
50 51
58 55 56
80 72
73 77
59 60
30 22
23 27
8 6 5
9 10
63 54
13 4
