cure awash latch loud hypotonic coralberry marquess salary roost periphery Moe loop belch awash lint Verdi greet coralberry Blackman St seem bear stupor St Delphi coralberry Negroid St item coralberry upheld bear indignity St Vichy coralberry cure
20
Delphi Delphi
hypotonic hypotonic
marquess marquess
roost roost
Negroid Negroid
indignity indignity
upheld upheld
item item
greet greet
belch belch
Moe Moe
lint lint
seem seem
Blackman Blackman
stupor stupor
latch latch
Vichy Vichy
periphery swoop obfuscate
coralberry ineducable reflectance Muscat Bridgeport
St Brillouin logjam
