Encanto Sherman Beach Ramona Vista Ames Alpaugh Two Clayton City Moccasin Delta Santa Quail Homestead Garden Vernon Woodbridge Willow Foothills Riverside Los Jane Woffard Laguna Pumpkin Kentfield Cherokee Bonita Richvale Kern Banning Welden Yurok Granite Elmira Cypress Forest Presidio Shafter Green Cabbage Warner Mount Smoke Costa Glencoe McAuley Chinese All Encanto
50
Woffard Woffard
Banning Banning
Laguna Laguna
Clayton Clayton
Ames Ames
Warner Warner
Kentfield Kentfield
Ramona Ramona
Santa Santa
Richvale Richvale
Kern Kern
Smoke Smoke
Garden Garden
Vista Vista
Delta Delta
Elmira Elmira
Presidio Presidio
Welden Welden
Sherman Sherman
All All
Chinese Chinese
Yurok Yurok
Foothills Foothills
Granite Granite
Quail Quail
City City
Los Los
Pumpkin Pumpkin
Riverside Riverside
McAuley McAuley
Mount Mount
Two Two
Homestead Homestead
Alpaugh Alpaugh
Woodbridge Woodbridge
Cypress Cypress
Cherokee Cherokee
Costa Costa
Encanto Encanto
Moccasin Moccasin
Glencoe Glencoe
Jane Jane
Vernon Vernon
Green Green
Shafter Shafter
Beach Beach
Forest Forest
Willow Willow
Cabbage Cabbage
Bonita Bonita
