hutmk omjfc dowbf yaxts ablxw rlfxc lnfiu aeomh otirh yiodb ijofp ywion ijvuq bcrwj gxdqt xeljy misyc lsnhz mlfbi oscrv xintv coubd urlkt hincx xnysi cursl tyuep zsehb tiyfv lcghr yzaje ugyls vmgxh hopbn qdzgs tejxc aqzce axmwy artvi abupm mzlsn spuoi vczkh ugamb hutmk
40
aqzce aqzce
omjfc omjfc
oscrv oscrv
ywion ywion
yiodb yiodb
cursl cursl
yzaje yzaje
vczkh vczkh
yaxts yaxts
otirh otirh
aeomh aeomh
ijvuq ijvuq
ablxw ablxw
tyuep tyuep
axmwy axmwy
dowbf dowbf
rlfxc rlfxc
zsehb zsehb
xintv xintv
hopbn hopbn
xnysi xnysi
misyc misyc
ijofp ijofp
tejxc tejxc
ugyls ugyls
mzlsn mzlsn
lnfiu lnfiu
qdzgs qdzgs
vmgxh vmgxh
urlkt urlkt
bcrwj bcrwj
mlfbi mlfbi
lcghr lcghr
spuoi spuoi
coubd coubd
lsnhz lsnhz
xeljy xeljy
ugamb ugamb
gxdqt gxdqt
artvi artvi
