Hayward Asheville Durham Deltona Corona Modesto Hampton RichmondCounty Charlotte Hickory Winston Murrieta Fontana SantaCruz Montgomery Topeka Omaha PuntaGorda SaintPaul Bradenton Tucson Washington LakeCharles Newark NewYorkCity Kennewick Barnstable Springdale McHenry Torrance PalmBay Tucson Aurora NewBedford York BelAir McAllen KansasCity Huntsville Yonkers Waterloo NewOrleans Waco Harlingen SaintLouis Downey Abilene Atlanta Danbury Burbank CedarRapids Hayward
44
PuntaGorda PuntaGorda
PalmBay PalmBay
Tucson Tucson
Barnstable Barnstable
Yonkers Yonkers
Burbank Burbank Chicago
McHenry McHenry
Harlingen Harlingen
Charlotte Charlotte
Omaha Omaha
Topeka Topeka
Deltona Deltona
Danbury Danbury
Downey Downey
Asheville Asheville
McAllen McAllen
BelAir BelAir Monroe
Aurora Aurora Bakersfield
CedarRapids CedarRapids
LakeCharles LakeCharles
Bradenton Bradenton
RichmondCounty RichmondCounty
SantaCruz SantaCruz
Modesto Modesto
Huntsville Huntsville
NewYorkCity NewYorkCity
Springdale Springdale
Atlanta Atlanta
Durham Durham Bloomington
Newark Newark
Torrance Torrance
Kennewick Kennewick
NewBedford NewBedford
SaintPaul SaintPaul
York York
Hickory Hickory HuntingtonBeach Tyler
Waco Waco
Waterloo Waterloo
Hampton Hampton
Winston Memphis
Murrieta Tampa
Montgomery ThousandOaks
Abilene GrandRapids
Hayward SantaClara
