MHnVCXOJJwOI MlFqcqjWiUdI NmmqQKqzdERM ilCjMogPnNTK YbGvPudTcbyh bVDkAfQbeTmx ltlOmMSvjmIL YfpLHnDpSXzc AZrILCuGwbtV KKNtdnAHmUpc SPoMbAzxrqrj cXYRsTNMJDHO jmWqilJNXyuV SJPfUQrbAbqM GLfJulJDWdHA PCNGxUSnzrYJ JCPkGQQBkgge GoPPViXuIoMW oClepMbylsqk crcFIKqbaYTC svpVoYHpEpjH FhVNapbaoZOZ phTlHtTwrYOU NkzUoyRYPnbb RWoTZCNhceUR UvfnFwkwYqFk MHnVCXOJJwOI
25
SJPfUQrbAbqM SJPfUQrbAbqM
ilCjMogPnNTK ilCjMogPnNTK
SPoMbAzxrqrj SPoMbAzxrqrj
YbGvPudTcbyh YbGvPudTcbyh
NmmqQKqzdERM NmmqQKqzdERM
svpVoYHpEpjH svpVoYHpEpjH
bVDkAfQbeTmx bVDkAfQbeTmx
crcFIKqbaYTC crcFIKqbaYTC
jmWqilJNXyuV jmWqilJNXyuV
MlFqcqjWiUdI MlFqcqjWiUdI
PCNGxUSnzrYJ PCNGxUSnzrYJ
cXYRsTNMJDHO cXYRsTNMJDHO
KKNtdnAHmUpc KKNtdnAHmUpc
NkzUoyRYPnbb NkzUoyRYPnbb
phTlHtTwrYOU phTlHtTwrYOU
GLfJulJDWdHA GLfJulJDWdHA
oClepMbylsqk oClepMbylsqk
RWoTZCNhceUR RWoTZCNhceUR
YfpLHnDpSXzc YfpLHnDpSXzc
ltlOmMSvjmIL ltlOmMSvjmIL
FhVNapbaoZOZ FhVNapbaoZOZ
GoPPViXuIoMW GoPPViXuIoMW
AZrILCuGwbtV AZrILCuGwbtV
UvfnFwkwYqFk UvfnFwkwYqFk
JCPkGQQBkgge JCPkGQQBkgge
