MfdzFvsdGbvl RICmsRCgzRsB TbekQRoKcInv ZjfLZjjegWJT GemeldahvdVv uFHfCerNFIme GuSSYBNHDbKE rVqgoVgUmLRB deJmWrylVSGK GKWfMfVZxbJi VyXrTLUcizAa AGbRQRBgaOdX MkUBuIisCVpZ mFYKjQfCsRtT QifLRRQkbeZy tywOQDwDhjwZ jBrNTBMPxyQD MOpktZzuQRCH mtRsLIzrlNLu BkcPMTugAswL NlmuUUVQUbgI dDFWxTbuPymh PQTqeEtJjrHq IHnRSACwPeSd hLGIbMiwjPgd PnbamVANEguC buqjmAINqGzN SojgLCNtJNvq ymJllvoAiAsf AMizjBPjmCZd VARFNCcqfgIc DvRTDyBMOCbT axLiuEEXvnsQ arcJTkwUqbUy SgyAcloZDNJV FCrKCfVsEsBk pkzKsTORVYro UVLyMXgqTFaJ PvZWLvSzyZfH noaMakAlHdwq plKUVNXwKfVb dFUHctNjrywb MLnLJmQHwuOS DFscNnuMhxUC hCxjbMrSlUJQ PUcvIgREsriS QHpWWcCYavdw EoEdLMroSPNp pQCFwcmaYfTN rrRAqFcoDYfk BbyhqvohDUZK MfdzFvsdGbvl
50
VyXrTLUcizAa VyXrTLUcizAa
buqjmAINqGzN buqjmAINqGzN
tywOQDwDhjwZ tywOQDwDhjwZ
SgyAcloZDNJV SgyAcloZDNJV
dDFWxTbuPymh dDFWxTbuPymh
EoEdLMroSPNp EoEdLMroSPNp
pQCFwcmaYfTN pQCFwcmaYfTN
AGbRQRBgaOdX AGbRQRBgaOdX
NlmuUUVQUbgI NlmuUUVQUbgI
QifLRRQkbeZy QifLRRQkbeZy
ymJllvoAiAsf ymJllvoAiAsf
axLiuEEXvnsQ axLiuEEXvnsQ
SojgLCNtJNvq SojgLCNtJNvq
VARFNCcqfgIc VARFNCcqfgIc
mtRsLIzrlNLu mtRsLIzrlNLu
FCrKCfVsEsBk FCrKCfVsEsBk
PQTqeEtJjrHq PQTqeEtJjrHq
dFUHctNjrywb dFUHctNjrywb
PUcvIgREsriS PUcvIgREsriS
noaMakAlHdwq noaMakAlHdwq
DvRTDyBMOCbT DvRTDyBMOCbT
QHpWWcCYavdw QHpWWcCYavdw
MOpktZzuQRCH MOpktZzuQRCH
AMizjBPjmCZd AMizjBPjmCZd
RICmsRCgzRsB RICmsRCgzRsB
PnbamVANEguC PnbamVANEguC
jBrNTBMPxyQD jBrNTBMPxyQD
pkzKsTORVYro pkzKsTORVYro
ZjfLZjjegWJT ZjfLZjjegWJT
DFscNnuMhxUC DFscNnuMhxUC
hCxjbMrSlUJQ hCxjbMrSlUJQ
BbyhqvohDUZK BbyhqvohDUZK
uFHfCerNFIme uFHfCerNFIme
GemeldahvdVv GemeldahvdVv
TbekQRoKcInv TbekQRoKcInv
MkUBuIisCVpZ MkUBuIisCVpZ
hLGIbMiwjPgd hLGIbMiwjPgd
deJmWrylVSGK deJmWrylVSGK
PvZWLvSzyZfH PvZWLvSzyZfH
rVqgoVgUmLRB rVqgoVgUmLRB
UVLyMXgqTFaJ UVLyMXgqTFaJ
GuSSYBNHDbKE GuSSYBNHDbKE
rrRAqFcoDYfk rrRAqFcoDYfk
GKWfMfVZxbJi GKWfMfVZxbJi
IHnRSACwPeSd IHnRSACwPeSd
plKUVNXwKfVb plKUVNXwKfVb
BkcPMTugAswL BkcPMTugAswL
arcJTkwUqbUy arcJTkwUqbUy
mFYKjQfCsRtT mFYKjQfCsRtT
MLnLJmQHwuOS MLnLJmQHwuOS
