Florges Stufful Omastar Bouffalant Infernape Lillipup Hakamoo Palkia Girafarig Shieldon Zapdos Poliwrath Yanmega Hitmonlee Doublade Carracosta Aurorus Bayleef Bisharp Scolipede Furfrou Persian Weepinbell Tsareena Toxapex Cherrim Hippopotas Machoke Timburr Cascoon Delibird Buzzwole Volbeat Dialga Pichu Caterpie Tentacruel Chansey Regice Zubat Manectric Bidoof Piloswine Purrloin Sentret Celebi Moltres Gastrodon Shaymin Snorlax Celesteela Dusknoir Kricketot Primarina Wailmer Wormadam Bergmite Florges
49
Weepinbell Weepinbell
Carracosta Carracosta
Yanmega Yanmega
Purrloin Purrloin Poliwag
Timburr Timburr
Poliwrath Poliwrath
Sentret Sentret
Celesteela Celesteela
Omastar Omastar
Persian Persian
Pichu Pichu
Zapdos Zapdos
Manectric Manectric
Lillipup Lillipup
Volbeat Volbeat
Moltres Moltres
Shaymin Shaymin
Piloswine Piloswine
Gastrodon Gastrodon
Infernape Infernape
Kricketot Kricketot
Primarina Primarina
Celebi Celebi
Stufful Stufful
Cherrim Cherrim
Delibird Delibird
Zubat Zubat
Dusknoir Dusknoir
Tentacruel Tentacruel
Wailmer Wailmer
Bidoof Bidoof
Regice Regice
Hitmonlee Hitmonlee
Bergmite Bergmite
Tsareena Tsareena
Dialga Dialga
Aurorus Aurorus
Machoke Machoke
Bayleef Bayleef
Cascoon Cascoon
Scolipede Scolipede
Buzzwole Buzzwole
Bouffalant Bouffalant
Wormadam Wormadam
Hakamoo Hakamoo
Girafarig Girafarig
Bisharp Bisharp
Toxapex Ralts
Snorlax Togetic
