75 71 80 72 74 43 42 47 45 49 50 43 11 12 19 20 16 13 11 51 53 58 51 10 1 2 7 6 10 99 98 100 94 97 91 92 99 88 86 87 89 82 88 21 26 28 30 22 24 21 61 66 70 69 63 67 61 35 36 31 33 32 37 35 74 78 76 73 75
50
1 1
2 2
7 7
10 10
12 12
13 13
16 16
19 19
20 20
21 21
22 22
24 24
26 26
28 28
30 30
31 31
32 32
33 33
36 36
37 37
42 42
45 45
47 47
50 50
53 53
63 63
66 66
67 67
69 69
70 70
71 71
72 72
73 73
74 74
75 75
76 76
78 78
80 80
82 82
86 86
87 87
88 88
89 89
91 91
92 92
94 94
97 97
98 98
100 100
58 59
