Meckgue TheKrustyKrab Yunkai Sanlow Gotham Boatwright TheSpine Ellesmera GooLagoon Keld Murkcairn Netherfort ShatteredPlains Urubaen LakeLaogai UtgardMountain EarthKingdom Kinecardine Braavos VaultofSouls Tartarus TheWaystoneInn TheArcanum LeakyCauldron TheUniversity TheGodswood MysticRuins Steeltown Gizton EasternAirTemple Carvahall ThePrancingPony ZhaoFu RepublicCity TreeofTime Dagobah Meereen Winterfell Lorien TheHogsHead Larcbost TheEyrie Castamere TheVale TheBoilingRock BeyondtheWall Vexhollow Ademre MountOlympus KoralReef Grayburn Beldenn Meckgue
49
RepublicCity RepublicCity
LakeLaogai LakeLaogai
Gizton Gizton
TheWaystoneInn TheWaystoneInn
TreeofTime TreeofTime
Steeltown Steeltown
Lorien Lorien
ShatteredPlains ShatteredPlains
Braavos Braavos
Ademre Ademre
Dagobah Dagobah
Carvahall Carvahall
TheHogsHead TheHogsHead
KoralReef KoralReef
Meckgue Meckgue
Murkcairn Murkcairn
Tartarus Tartarus
Yunkai Yunkai
EarthKingdom EarthKingdom
Netherfort Netherfort
Sanlow Sanlow
TheVale TheVale
Keld Keld
ThePrancingPony ThePrancingPony
GooLagoon GooLagoon
Meereen Meereen
UtgardMountain UtgardMountain
Ellesmera Ellesmera
Urubaen Urubaen FlourishBlotts
Grayburn Grayburn
LeakyCauldron LeakyCauldron
ZhaoFu ZhaoFu
Winterfell Winterfell
TheUniversity TheUniversity
BeyondtheWall BeyondtheWall
Larcbost Larcbost
EasternAirTemple EasternAirTemple
Beldenn Beldenn
TheBoilingRock TheBoilingRock
MysticRuins MysticRuins
TheGodswood TheGodswood
Gotham Gotham
Vexhollow Vexhollow
VaultofSouls VaultofSouls
TheArcanum TheArcanum
TheKrustyKrab TheKrustyKrab
Castamere Castamere
TheSpine TheSpine
Kinecardine Kinecardine
