liverance handballer shutter kamencheh asterisk tortillons tightening refortify achieve jitterbugs studiously pontage bywoners hypanthium lethiferal hatrail catabolism Akkub metamere otate pallia oversleeps moderatrix wellbores coulde liverance
25
liverance liverance
metamere metamere
pallia pallia
Akkub Akkub
otate otate
tightening tightening
achieve achieve
hatrail hatrail
pontage pontage
lethiferal lethiferal
jitterbugs jitterbugs
bywoners bywoners
studiously studiously
asterisk asterisk
hypanthium hypanthium
catabolism catabolism
shutter shutter
refortify refortify
kamencheh kamencheh
tortillons tortillons
wellbores wellbores
moderatrix moderatrix
coulde coulde
handballer handballer
oversleeps oversleeps
