USG WIF KHL SCZ GJX NMY PST ZBM DZD SJL LYL TFP DZG ZLI STN HOD OEK MBE BJT OKD TIB GIG FPK VKQ EMI IRG QUA RAI IUT TWC EMJ WRP VFE UQJ IUL POT CMD NRV UWO WSF DPP KJA BFD STT KXU BYF KND QFZ AKT XIG OJJ USG
50
QUA QUA
OEK OEK
KJA KJA
WSF WSF
DZG DZG
IUT IUT
VKQ VKQ
KND KND
BFD BFD
TIB TIB
NMY NMY
GIG GIG
KXU KXU
STT STT
TFP TFP
OKD OKD
ZLI ZLI
RAI RAI
HOD HOD
VFE VFE
FPK FPK
DZD DZD
ZBM ZBM
BYF BYF
STN STN
DPP DPP
MBE MBE
NRV NRV
CMD CMD
UQJ UQJ
WRP WRP
IRG IRG
QFZ QFZ
EMJ EMJ
SJL SJL
TWC TWC
SCZ SCZ
BJT BJT
GJX GJX
LYL LYL
EMI EMI
WIF WIF
KHL KHL
PST PST
OJJ OJJ
XIG XIG
UWO UWO
IUL IUL
AKT AKT
POT POT
