f qq m z llllll ssssss ssss lllll ggg iii nnnn wwwwwww vv s v ffffffff jjjjjjj rrrrrr qqqqqqq hhh ggggg q rrrrrrrr aaaaa pp wwww jjjj ff hhhh ttttt xxxxxx uu c w qqqqqq aaa vvvv p eeee a dddddddd bbbbbbbb sss llllllll fffffff zzz uuuuu j ss xxx f
50
ssss ssss
aaaaa aaaaa
w w
uu uu
v v
p p
eeee eeee
dddddddd dddddddd
zzz zzz
ttttt ttttt
xxxxxx xxxxxx
f f
iii iii
nnnn nnnn
s s
uuuuu uuuuu
ff ff
ggggg ggggg
llllllll llllllll
ss ss
rrrrrr rrrrrr
rrrrrrrr rrrrrrrr
m m
xxx xxx
z z
qqqqqq qqqqqq
c c
hhhh hhhh
vvvv vvvv
bbbbbbbb bbbbbbbb
j j
sss sss
vv vv
qq qq
ggg ggg
ssssss ssssss
wwww wwww
qqqqqqq qqqqqqq
pp pp
lllll lllll
ffffffff ffffffff
llllll llllll
hhh hhh
fffffff fffffff
aaa aaa
jjjj jjjj
a a
q q
jjjjjjj jjjjjjj
wwwwwww wwwwwww
