Warfield Basringney Suddlecombe Cambingstoke Wyborne Cammerrensmoor Suddleborne Ketport Ashfield Millendon Windling Dribblewick Skellingden Barndberbrough Worhall Dribbingworth Bastleseyham Hammenshead Cicombe Todtree Cannerthorne Tipwick Ashborne Hannenmanswick Hamsling Soddlewick Falport Pendlewood Horstlescompstoke Bothingney Worberbrook Stainbrough Fulbourne Southbasport Elcompbridge Chiphead Pendingbrook Ketsmith Whitchester Siringwang Chedtree Burglebrough Sudsmith Elmansham Skelling Hammerringey Chelmstanwell Brackcompwang Chilbury Warfield
43
Barndberbrough Barndberbrough
Chedtree Chedtree Suddleover
Ashfield Ashfield
Suddleborne Suddleborne
Soddlewick Soddlewick
Burglebrough Burglebrough
Elmansham Elmansham
Worberbrook Worberbrook
Whitchester Whitchester
Warfield Warfield
Chilbury Chilbury
Cambingstoke Cambingstoke
Ketport Ketport
Windling Windling
Cammerrensmoor Cammerrensmoor
Tipwick Tipwick
Chelmstanwell Chelmstanwell
Horstlescompstoke Horstlescompstoke
Pendlewood Pendlewood
Pendingbrook Pendingbrook Suddlecastle
Hannenmanswick Hannenmanswick
Chiphead Chiphead
Cicombe Cicombe
Skellingden Skellingden
Brackcompwang Brackcompwang
Dribbingworth Dribbingworth Leatherbleside
Stainbrough Stainbrough Northall
Todtree Todtree
Bastleseyham Bastleseyham
Hammerringey Hammerringey
Ashborne Ashborne
Falport Falport Botherseyworth
Southbasport Southbasport
Wyborne Wyborne
Worhall Worhall
Siringwang Siringwang
Hamsling Hamsling
Millendon Millendon
Sudsmith Sudsmith
Basringney Basringney
Suddlecombe Suddlecombe Ellingreham Chippingsted
Skelling Skelling
Cannerthorne Chedderrenswich
