SantaClarita Carrollton GardenGrove Victorville Shreveport Huntsville Thornton Midland FortWorth NewportNews Beaumont Thornton Yonkers Memphis Modesto Independence SiouxFalls Scottsdale Irvine Fayetteville Fontana Bellevue Alexandria Worcester Garland Alexandria Lafayette Newark StPetersburg OklahomaCity LosAngeles Orlando Brownsville RanchoCucamonga Washington WestValleyCity Surprise Sunnyvale Visalia Portland Henderson FortWayne Torrance Hartford LongBeach LouisvilleJefferson Hartford Boston Ontario Omaha Wichita Peoria Allentown Pomona Stockton Indianapolis Austin PembrokePines Frisco LexingtonFa SanDiego Paterson Chandler Akron Berkeley Stamford FortCollins Reno Concord Lubbock Carrollton SantaClarita
49
Yonkers Yonkers
Ontario Ontario
Midland Midland
Sunnyvale Sunnyvale
Boston Boston
Allentown Allentown
Stamford Stamford
Fayetteville Fayetteville
Bellevue Bellevue
LosAngeles LosAngeles
Indianapolis Indianapolis
Victorville Victorville
LexingtonFa LexingtonFa
Visalia Visalia
NewportNews NewportNews
StPetersburg StPetersburg
PembrokePines PembrokePines
Omaha Omaha
SiouxFalls SiouxFalls
Garland Garland
Worcester Worcester
Stockton Stockton
WestValleyCity WestValleyCity
Austin Austin
Pomona Pomona
Henderson Henderson
LongBeach LongBeach
Paterson Paterson
Lafayette Lafayette
Beaumont Beaumont
Concord Concord
Huntsville Huntsville
Shreveport Shreveport
Scottsdale Scottsdale
GardenGrove GardenGrove
Orlando Orlando
Newark Newark
Surprise Surprise
Carrollton Carrollton
LouisvilleJefferson LouisvilleJefferson
Brownsville Brownsville
Hartford Hartford
Alexandria Alexandria
Wichita Wichita
Independence Independence
OklahomaCity OklahomaCity
Washington Washington
RanchoCucamonga RanchoCucamonga
SanDiego StLouis Waco
