Waco SanAntonio MorenoValley OverlandPark AnnArbor SaltLakeCity Rochester Oski Irving SantaClara ChulaVista Lincoln Detroit DesMoines Aurora Richmond SanFrancisco AthensClarkeCounty OWO LexingtonFa Palmdale FortCollins Victorville SanBernardino Stamford Clarksville Palmdale SterlingHeights OverlandPark Waco
22
Clarksville Clarksville
AnnArbor AnnArbor
Richmond Richmond
SanAntonio SanAntonio
Rochester Rochester
FortCollins FortCollins
AthensClarkeCounty AthensClarkeCounty
LexingtonFa LexingtonFa
ChulaVista ChulaVista
Irving Irving
Detroit Detroit
OWO OWO
SterlingHeights SterlingHeights
SanBernardino SanBernardino
MorenoValley MorenoValley
SanFrancisco SanFrancisco
Stamford Stamford Cary
SaltLakeCity SaltLakeCity
Lincoln Lincoln Newark
Palmdale Palmdale FortWayne
Victorville StPaul
Aurora Omaha
