Jingzhou Ghugus Manduria Sanaa Sarzedo Jeypore Entroncamento Srinagar Kirovsk Sapele Ermelo Kheri Malnate CoonRapids Sagalo BurgbeiMagdeburg Chittaranjan Kabarnet Tabatinga Gangtok BeneBeraq Ibri Colachel Carouge Carmichael elCampello Shumen Shizunaifurukawacho Veenendaal Ouarzazat Ketrzyn SanJosedeOcoa Tottori Thamaga Bejucal Ronse AzZuwaytinah RioFormoso Radnor LondonderryCountyBor TanahMerah FortLauderdale Depok Shively Rangae SaintMichael Rembangan Crespo Khabarovsk Chegem Lysva Jingzhou
49
Sagalo Sagalo
Ghugus Ghugus
Sarzedo Sarzedo
Khabarovsk Khabarovsk
SanJosedeOcoa SanJosedeOcoa
elCampello elCampello
Chegem Chegem
Manduria Manduria
Tottori Tottori
Sanaa Sanaa JabalosSaraj
SaintMichael SaintMichael
RioFormoso RioFormoso
Ketrzyn Ketrzyn
Crespo Crespo
AzZuwaytinah AzZuwaytinah
Kirovsk Kirovsk
Ermelo Ermelo
Thamaga Thamaga
Srinagar Srinagar
Shively Shively
Rembangan Rembangan
Ronse Ronse
LondonderryCountyBor LondonderryCountyBor
Radnor Radnor
Ouarzazat Ouarzazat
CoonRapids CoonRapids
Lysva Lysva
Entroncamento Entroncamento
Colachel Colachel
Rangae Rangae
Tabatinga Tabatinga
BeneBeraq BeneBeraq
Ibri Ibri
Gangtok Gangtok
Carouge Carouge
Shumen Shumen
Chittaranjan Chittaranjan
Jeypore Jeypore
Malnate Malnate
BurgbeiMagdeburg BurgbeiMagdeburg
Kabarnet Kabarnet
FortLauderdale FortLauderdale
Shizunaifurukawacho Shizunaifurukawacho
Veenendaal Veenendaal
Depok Depok
TanahMerah TanahMerah
Bejucal Bejucal
Kheri Kheri
Carmichael Carmichael
