yqRn7pcv i4M5A6hw 1JmiRMy2 fsgAjhrq hC2ZPbzA Tv0Ngo2a cbK8BQiu Wvomb2LC 2XMfF8YA lRFv66dO uzY67sfN hcJG54h4 6XOrbPEm 5Zo9R33z gGaSBUDY rJm7nPd7 mB6fiF0u 7xyYvlir rKjRBwvM LQU5lyru o5fxSomz mmiVeCrf XlaUIvCb zcy1X765 ne5PzSYX xaYYL0Xr RKTqv0lO mpBvpan0 yqRn7pcv
25
xaYYL0Xr xaYYL0Xr
yqRn7pcv yqRn7pcv
RKTqv0lO RKTqv0lO
rJm7nPd7 rJm7nPd7
zcy1X765 zcy1X765
Wvomb2LC Wvomb2LC
mmiVeCrf mmiVeCrf
XlaUIvCb XlaUIvCb
hC2ZPbzA hC2ZPbzA
ne5PzSYX ne5PzSYX
mB6fiF0u mB6fiF0u
LQU5lyru LQU5lyru
hcJG54h4 hcJG54h4
fsgAjhrq fsgAjhrq
i4M5A6hw i4M5A6hw
rKjRBwvM rKjRBwvM
lRFv66dO lRFv66dO
uzY67sfN uzY67sfN
2XMfF8YA 2XMfF8YA
Tv0Ngo2a Tv0Ngo2a
6XOrbPEm 6XOrbPEm
5Zo9R33z 5Zo9R33z
1JmiRMy2 1JmiRMy2
o5fxSomz o5fxSomz
7xyYvlir 7xyYvlir
