pace exclusive output injury skeleton deposit enter thumb guarantee page king likely market mixture voice write environment honor prison approval tablet gate excuse due audience headline brake nationalist pace
22
likely likely circulation
excuse excuse
skeleton skeleton
king king
mixture mixture
injury injury
output output
page page
audience audience
voice voice
deposit deposit
honor honor
enter enter
guarantee guarantee
gate gate
market market
headline headline
brake brake opposed
nationalist nationalist feature
approval approval
thumb exempt
exclusive throne
