9iIwk jASvw oqPYQ 0GdkR jASvw 9iIwk 6EWVx jT5CK qkJ6b XYzcU 1xmtC Mj2eQ ZzWHp MA43U jYfXn Ew56P LZomt QVYVG RhUVQ kmzhT aHGHb WGJpQ vE0Pj knY3U y89SK Ri2t4 1uRw3 1pxZM 5VT1H WJNpN tnjfN AgYPL YH6mk Y7IDR YH6mk 5ioW1 Be0ab XZKtP 5ioW1 vrNke k6V9L pXCjI ZgtaX veOJ7 iCgvV ZgtaX Vake4 BnAjj k64Ok fS0W8 Esl6u rrNj1 0mah3 ChXAd 1eRkH h2rea 9iIwk
42
5ioW1 5ioW1
Mj2eQ Mj2eQ
ZzWHp ZzWHp iEXNY
Vake4 Vake4
Be0ab Be0ab
XZKtP XZKtP dw7aX bXinH
XYzcU XYzcU
LZomt LZomt
1xmtC 1xmtC
pXCjI pXCjI
qkJ6b qkJ6b
y89SK y89SK
Ri2t4 Ri2t4
jYfXn jYfXn
jT5CK jT5CK 5BDPJ
jASvw jASvw
9iIwk 9iIwk 5R5Xa
Y7IDR Y7IDR 4a0W8
ZgtaX ZgtaX JgjFI
veOJ7 veOJ7
1uRw3 1uRw3
h2rea h2rea
YH6mk YH6mk
RhUVQ RhUVQ
oqPYQ oqPYQ
0GdkR 0GdkR
1pxZM 1pxZM
BnAjj BnAjj
fS0W8 fS0W8 p9vQm
AgYPL AgYPL
vE0Pj vE0Pj
ChXAd ChXAd
aHGHb aHGHb
tnjfN tnjfN
1eRkH 1eRkH
kmzhT kmzhT
WGJpQ WGJpQ
5VT1H 5VT1H
iCgvV iCgvV
Ew56P SgDk6
QVYVG 7G74f
knY3U jAwQw
