Abbey Ruth Presley Yoselin Tara Rayna Rebecca Kimberly Lillie Mckinley Mira Jordin Lilia Kayley Riley Lisa Kristina Matilda Maeve Sophia Dana Isabella Beatrice Alexia Helen Kiera Liberty Nora Avni Eden Haven Harley Ayanna Marisol Shannon Jamiya Carlee Lana Karma Vivian Tanya Abbey
40
Alexia Alexia
Avni Avni
Ayanna Ayanna
Beatrice Beatrice
Carlee Carlee
Dana Dana
Eden Eden
Harley Harley
Haven Haven
Helen Helen
Isabella Isabella
Jamiya Jamiya
Jordin Jordin
Karma Karma
Kayley Kayley
Kiera Kiera
Kimberly Kimberly
Kristina Kristina
Lana Lana
Liberty Liberty
Lilia Lilia
Lillie Lillie
Lisa Lisa
Maeve Maeve
Marisol Marisol
Matilda Matilda
Mckinley Mckinley
Mira Mira
Nora Nora
Presley Presley
Rayna Rayna
Rebecca Rebecca
Riley Riley
Ruth Ruth
Shannon Shannon
Sophia Sophia
Tanya Tanya
Tara Tara
Vivian Vivian
Yoselin Yoselin
