Taozhuang Chharra Besuki Middle Gua Oulmes Fort Uran Jingzhou Vernon Caravaca Donggongon Somma Nonsan Waverly Strathfield Kallio Alatyr Memmingen New Ulu Freetown Southsea Sarandi Ramla Azrou Hechingen Bang Esperanza Gudermes Aytos Esmeraldas Bourbonnais Longgang Norco Udumalaippettai Carnot Bhit Durazno Boo Cibinong Villa Rafiganj Rutherglen Gauting Tupelo Sicklerville Artur Camayenne Rosedale Jackson Chharra Taozhuang
47
Uran Uran Jinotepe Pottstown
Artur Artur
Boo Boo
Rutherglen Rutherglen
Villa Villa
Somma Somma
Tupelo Tupelo
Strathfield Strathfield
Memmingen Memmingen
Esmeraldas Esmeraldas
Gudermes Gudermes
Bang Bang
Azrou Azrou
Kallio Kallio
Ramla Ramla
Sarandi Sarandi
Rafiganj Rafiganj
Jingzhou Jingzhou
Taozhuang Taozhuang
Fort Fort
Oulmes Oulmes
Cibinong Cibinong
Caravaca Caravaca
Donggongon Donggongon
Alatyr Alatyr
Rosedale Rosedale
Camayenne Camayenne
Jackson Jackson
Esperanza Esperanza
New New
Gauting Gauting
Ulu Ulu
Freetown Freetown
Waverly Waverly
Nonsan Nonsan
Aytos Aytos
Hechingen Hechingen
Durazno Durazno
Sicklerville Sicklerville
Bourbonnais Bourbonnais
Longgang Longgang
Udumalaippettai Udumalaippettai
Middle Middle
Besuki Besuki
Chharra Ilesa Wesseling
Vernon Severodvinsk
Southsea Calauan
