Qatar Belgium Estonia Singapore SaintLucia Mongolia Burundi Netherlands America Tanzania Angola Tunisia Montenegro Tuvalu CzechRepublic VaticanCity Guyana Gabon Australia RussianFederation GuineaBissau Peru Malta Lebanon Mozambique Morocco Uzbekistan Belarus Haiti SanMarino Georgia UAE Kyrgyzstan Danzig Senegal UnitedKingdom Kosovo CostaRica Sweden Tajikistan Mali SierraLeone Andorra France Albania Nicaragua Liberia Macedonia Armenia DemofChina Egypt Qatar
50
Mongolia Mongolia
Albania Albania
America America
Kyrgyzstan Kyrgyzstan
VaticanCity VaticanCity
Armenia Armenia
CzechRepublic CzechRepublic
Peru Peru
Tanzania Tanzania
UnitedKingdom UnitedKingdom
Tuvalu Tuvalu
Mali Mali
UAE UAE
France France
Guyana Guyana
Andorra Andorra
Kosovo Kosovo
Australia Australia
Gabon Gabon
RussianFederation RussianFederation
Nicaragua Nicaragua
Netherlands Netherlands
Tajikistan Tajikistan
Mozambique Mozambique
Burundi Burundi
GuineaBissau GuineaBissau
SierraLeone SierraLeone
Senegal Senegal
Sweden Sweden
Lebanon Lebanon
Montenegro Montenegro
Danzig Danzig
Georgia Georgia
Angola Angola
Haiti Haiti
Liberia Liberia
Belarus Belarus
Morocco Morocco
Uzbekistan Uzbekistan
SanMarino SanMarino
CostaRica CostaRica
Macedonia Macedonia
Tunisia Tunisia
Belgium Belgium
Egypt Egypt
SaintLucia SaintLucia
Singapore Singapore
Estonia Estonia
Malta Malta
DemofChina DemofChina
