159 77 140 14 97 126 172 119 67 162 96 56 93 154 179 16 178 8 167 15 129 74 158 102 5 177 111 177 64 130 107 134 107 44 4 149 23 181 100 139 71 157 147 59 189 92 114 197 106 13 63 121 166 27 173 133 17 36 141 32 79 160 88 29 50 108 75 37 46 200 10 171 69 138 25 45 72 7 117 48 182 47 148 51 65 165 184 76 137 101 132 163 53 137 85 188 61 127 109 180 193 24 20 104 11 30 81 28 9 31 156 52 6 164 159
82
4 4
6 6
7 7
10 10
11 11
13 13
14 14
15 15
17 17
24 24
28 28
31 31
32 32
36 36
37 37
45 45
46 46 192
47 47
48 48
51 51
52 52
53 53
59 59
61 61
63 63
64 64
65 65 98 26
71 71
72 72
74 74 185
76 76
77 77 190
79 79 3
85 85
88 88
93 93
96 96
97 97
100 100 199
101 101
102 102 82 123
106 106
107 107
109 109
111 111 128 34
114 114 35
121 121
126 126
132 132
133 133
134 134 120
137 137
138 138
139 139
140 140
148 148
154 154 2
156 156
157 157
158 158 99
165 165
167 167
172 172
178 178
180 180 122
181 181
193 193
200 200
159 22
119 86
162 191
177 174
44 60
147 40
92 116
27 145 169
108 38
69 155
127 146
20 87 41
164 43
23 21
