129 83 36 130 83 92 197 137 89 12 103 9 161 80 84 101 11 4 81 158 141 50 13 180 142 111 30 66 122 100 107 109 98 105 192 23 194 29 157 195 85 6 51 56 99 156 95 59 175 75 125 108 114 151 140 196 25 60 163 26 128 190 64 21 43 178 39 126 68 110 10 31 55 14 160 0 145 15 28 177 65 79 61 188 16 150 171 121 144 189 48 8 123 57 17 155 49 53 191 63 96 76 97 91 2 33 87 149 88 40 5 174 86 58 47 183 168 44 129
99
0 0 82
2 2
4 4
5 5
6 6
8 8
9 9
11 11
13 13
14 14
15 15
16 16
17 17
21 21
23 23
25 25
26 26
29 29
33 33
36 36
39 39
40 40
44 44
48 48
49 49
50 50
51 51
53 53
55 55
56 56
57 57
58 58
59 59
61 61
63 63
64 64
65 65
66 66
76 76
81 81
84 84
85 85
87 87
88 88
89 89
91 91
92 92
95 95
96 96
97 97
98 98
99 99
100 100
101 101
103 103
105 105
107 107
108 108
109 109
110 110
114 114
121 121
122 122
123 123
125 125
126 126
128 128
130 130
137 137
142 142
145 145
150 150
151 151
155 155
156 156
157 157
158 158
160 160
161 161
163 163
171 171
174 174
175 175
177 177
178 178
180 180
183 183
188 188
189 189
190 190
191 191
192 192
194 194
195 195
196 196
197 197
30 184
79 152
47 62
