74 123 81 167 162 91 131 53 37 178 176 165 171 136 184 96 20 181 142 42 8 141 129 163 94 34 52 130 151 135 56 80 125 73 146 45 13 192 148 115 63 66 50 137 99 11 140 16 152 47 127 193 4 168 179 54 133 199 51 190 155 90 64 17 187 43 58 68 23 25 44 107 112 134 86 31 21 76 154 18 110 72 100 173 132 48 5 172 95 147 103 27 32 39 14 59 60 83 33 108 183 188 88 113 198 120 116 138 139 161 109 123 74
89
4 4
5 5
11 11
14 14 118
16 16
17 17
18 18
20 20
23 23
27 27
31 31
32 32
39 39
42 42
44 44
45 45
47 47
50 50
51 51 77
52 52
53 53
54 54
56 56
58 58
59 59
60 60
63 63 174
66 66
72 72
73 73
76 76 89
80 80
81 81
83 83
86 86 128
88 88
90 90
91 91
94 94
95 95
96 96
99 99
100 100 97
103 103
107 107
108 108
109 109
112 112 114
113 113
115 115
116 116
120 120
123 123
125 125 157 98
127 127
129 129
130 130
132 132
133 133
134 134
135 135
136 136
138 138
139 139
140 140
142 142
146 146
152 152
154 154
155 155
161 161
163 163
165 165
167 167
171 171
173 173
178 178
179 179
184 184
190 190
192 192
193 193
198 198 143
199 199 111
131 200
141 61
148 105
43 158
172 12
