48 20 168 109 6 11 79 21 148 81 35 173 145 118 58 164 77 19 121 120 159 197 65 5 51 180 156 52 193 194 157 114 123 162 189 117 38 147 135 181 113 182 94 126 119 93 133 107 87 90 25 171 163 36 55 83 64 106 170 3 155 199 138 176 40 16 98 67 50 34 165 175 7 78 185 190 8 84 60 57 103 98 101 43 137 143 125 174 179 102 110 154 115 10 46 196 141 2 124 56 128 39 85 152 29 96 191 66 74 149 92 177 158 42 9 129 136 72 186 73 48
96
2 2 23
3 3
5 5
7 7
9 9
10 10
11 11
16 16
19 19
20 20
21 21
25 25
29 29
34 34
35 35
36 36
38 38
39 39
40 40
42 42
46 46
48 48
52 52
55 55
56 56
58 58
60 60
64 64
66 66
67 67
73 73
74 74
78 78
79 79
84 84
85 85
87 87
90 90
93 93
98 98
101 101
103 103
107 107
109 109
110 110
113 113 69
115 115
117 117
118 118
119 119
120 120
123 123
125 125
126 126
129 129
133 133
135 135
136 136
137 137
138 138
141 141
143 143 167
145 145
147 147
148 148
149 149
152 152
154 154 53
155 155
156 156
157 157
158 158
163 163
164 164
165 165
170 170
171 171
175 175
176 176
177 177
179 179
180 180
181 181
182 182
185 185
186 186
190 190
191 191
193 193
194 194
196 196
197 197
199 199
173 88
57 151
72 108
