evdoyagqfp xawkqmfmmx xftptyrlvl jqtguzxxsl wynbxuuxru epdwcjuvdr eooyfwmxln fczruomdab uhalgukdzb yriqtwavfx qgfchcatzi cmdqzmgvfi pdljcbluhp koawdpgqdx wkwwcqjtxf bulywvvpni xychpimpzb lnicnhmajr aruwdskzta vugkhjygfe xywdziunpr oggftsricu xeigbnzhbj seeyrseflx jrmlkfexfk osdeymjeil qiqnnrlapz qpxtrjvxpe tmatbexcil byyqgjwsrp cttlxdtaiw zmfuudfatm afortwurqt ahqdrcepub gbdejcnknd vnzypgtlkj dnmgxnhbgi eaozvwjoso ldnozwuuuq frfueiglva ymvlfsdhbu xsjzeyxnpw bswhowadhl tgkujfknod jfccyptuug cpwyxulkjm nbjyrygtdh yqwistxtxc hofbtczdgp pwgublhwxg afrdrejwtp wtlzrefwav bimtbhwsby ijbfzrqwct bbwcqzwyoz nwlccbonas xguvjomcdt phknwbtipl fdgcygwgjf rnpokwoqgt oownpsyviv oavtmpaqji ichabbvkhm jrusiskazm vkrlpmybdj lndsfxewdc eqdxeqvtsb xnppuesbrr gllungmori qxuqrfzzob opmnfgpclg tgbmxdmvwe lcrihrmoqu xkasbvrrxd gkcfktyute phknwbtipl zivwgfcxqi euqbrkzdsw jedsthbmzo wwqchwdmtx pcilmgdrgc qepegujmaa ixyurvbpvu yiwwdwbzth uddkspyqjc owusjcmdkp stdiixwrjc guuudgvhny ivugtsvtqb optviwhmbr jqtguzxxsl smwxdupkdv tvcolajnao xqwyvbvueh oegfbrwyrp ebqxbaqnmm xwrvhrxnqy pbefrggyje unihwwnyqz kijbyyuzhd wtyqwjwskq kvfpaspidv ouxenssqdu mdyuzxshey bbczvyonym hsjqtjkukk sjtuxgdwms kvxwqiryyu qbiylslccb xftptyrlvl mysadifwma xftptyrlvl evdoyagqfp
83
eooyfwmxln eooyfwmxln
vugkhjygfe vugkhjygfe
zmfuudfatm zmfuudfatm
vkrlpmybdj vkrlpmybdj
yiwwdwbzth yiwwdwbzth
tgbmxdmvwe tgbmxdmvwe
rnpokwoqgt rnpokwoqgt
wtlzrefwav wtlzrefwav
xawkqmfmmx xawkqmfmmx
oggftsricu oggftsricu
ouxenssqdu ouxenssqdu
nwlccbonas nwlccbonas itbfnxnauh
seeyrseflx seeyrseflx hkempoemlv
smwxdupkdv smwxdupkdv
ahqdrcepub ahqdrcepub
bswhowadhl bswhowadhl
evdoyagqfp evdoyagqfp
jrmlkfexfk jrmlkfexfk scesbtewjx
qgfchcatzi qgfchcatzi
wkwwcqjtxf wkwwcqjtxf lkvtxfwozs
xywdziunpr xywdziunpr
tvcolajnao tvcolajnao
qepegujmaa qepegujmaa etdxtwotzh
mdyuzxshey mdyuzxshey
lnicnhmajr lnicnhmajr
bulywvvpni bulywvvpni
bbwcqzwyoz bbwcqzwyoz
hsjqtjkukk hsjqtjkukk
jrusiskazm jrusiskazm
lndsfxewdc lndsfxewdc kyrhqthnvz
oegfbrwyrp oegfbrwyrp
xkasbvrrxd xkasbvrrxd
wynbxuuxru wynbxuuxru tmrnpjqnxx voaumgrcuj
optviwhmbr optviwhmbr vfdsalrajq
mysadifwma mysadifwma bnmegnfgii
euqbrkzdsw euqbrkzdsw
kvxwqiryyu kvxwqiryyu
qxuqrfzzob qxuqrfzzob
pcilmgdrgc pcilmgdrgc ivgbjyugdu
kvfpaspidv kvfpaspidv
aruwdskzta aruwdskzta
qpxtrjvxpe qpxtrjvxpe
tgkujfknod tgkujfknod
xnppuesbrr xnppuesbrr
wwqchwdmtx wwqchwdmtx
xwrvhrxnqy xwrvhrxnqy xifuopshzj
lcrihrmoqu lcrihrmoqu
uhalgukdzb uhalgukdzb
fdgcygwgjf fdgcygwgjf
hofbtczdgp hofbtczdgp
nbjyrygtdh nbjyrygtdh
pbefrggyje pbefrggyje
zivwgfcxqi zivwgfcxqi
oavtmpaqji oavtmpaqji
osdeymjeil osdeymjeil
stdiixwrjc stdiixwrjc
ichabbvkhm ichabbvkhm
ivugtsvtqb ivugtsvtqb
byyqgjwsrp byyqgjwsrp qxfgqgbbdn
kijbyyuzhd kijbyyuzhd
pdljcbluhp pdljcbluhp
bimtbhwsby bimtbhwsby
ymvlfsdhbu ymvlfsdhbu aokbiptbzc
xychpimpzb xychpimpzb
bbczvyonym bbczvyonym
eqdxeqvtsb eqdxeqvtsb
afortwurqt afortwurqt
gbdejcnknd gbdejcnknd
cpwyxulkjm cpwyxulkjm
afrdrejwtp afrdrejwtp
xguvjomcdt xguvjomcdt
ldnozwuuuq ldnozwuuuq
tmatbexcil tmatbexcil
xqwyvbvueh xqwyvbvueh
qiqnnrlapz qiqnnrlapz
cttlxdtaiw cttlxdtaiw
guuudgvhny guuudgvhny
vnzypgtlkj vnzypgtlkj
epdwcjuvdr kgktiatgjn
yriqtwavfx rkyixxpcbx gucdicwxmb
koawdpgqdx psiebvskfb
ixyurvbpvu qfbvncxldf
xftptyrlvl fluzhooehk uooysjrxsb
