0 3 4 5 6 7 8 9 10 12 13 16 15 14 92 94 93 96 99 100 122 100 101 102 106 105 108 107 ViksNode 112 115 113 114 115 112 116 117 33 34 35 36 37 39 40 41 42 44 46 47 48 49 51 53 54 56 58 61 60 59 58 62 63 64 70 71 65 72 74 76 77 78 79 80 81 83 86 85 17 18 19 20 32 23 25 26 28 30 0
42
3 3
4 4
7 7
8 8
10 10
13 13
15 15
18 18
19 19
20 20 21
25 25
30 30
35 35
36 36
37 37
42 42 43
47 47
48 48
53 53
56 56
59 59
60 60
63 63
70 70
71 71
74 74
78 78
80 80
86 86
94 94
99 99
106 106
108 108
113 113
114 114
117 117
122 123 121
101 104
54 55
64 73
28 27
ViksNode 130
