woebegone slowdown involuntary mitre spill involuntary backplate relaxation confrontation midstream bunch oriole PDP Stephen simulate Gilmore switchmen funny wingspread shovel choice lexicon Modesto stanza administer trill fulsome embroil septillion McCall diligent numerology directory bat Winchester connubial anvil Sunday whatsoever balustrade thoroughfare Isfahan felony casserole MN monotonous MN noon sphalerite Curtis deduce trimester transfuse illusion trimester yogurt Simon Goodrich Elizabethan Darwin catenate thirteen broil barnacle yearn softball car papal archive dull swingy Fisk mediate Auberge Rodney swordfish funky millennium inform postscript Wheller creekside taft Tucson extrovert Andersen cowhand Irvin mack Zorn December Hewlett Durango bifurcate update icon torus coarse atom transonic encumbrance woebegone
89
Andersen Andersen
Auberge Auberge
Curtis Curtis
Darwin Darwin
December December
Durango Durango Reilly sinh
Fisk Fisk
Gilmore Gilmore
Goodrich Goodrich
Hewlett Hewlett
Irvin Irvin
Isfahan Isfahan
McCall McCall
Modesto Modesto
PDP PDP limitate
Rodney Rodney
Simon Simon
Stephen Stephen
Sunday Sunday silage
Tucson Tucson
Wheller Wheller
Winchester Winchester
Zorn Zorn
administer administer
anvil anvil
archive archive
backplate backplate
barnacle barnacle
bat bat
bifurcate bifurcate
broil broil
bunch bunch
car car
casserole casserole renaissance
catenate catenate
choice choice
coarse coarse
connubial connubial
deduce deduce
diligent diligent
directory directory
dull dull
embroil embroil
extrovert extrovert
felony felony tate equipping
fulsome fulsome
funky funky
funny funny
icon icon
illusion illusion griddle
inform inform secondary
involuntary involuntary
mack mack
mediate mediate
midstream midstream
millennium millennium
mitre mitre
monotonous monotonous dreadnought
noon noon
numerology numerology viscous
oriole oriole
papal papal
postscript postscript
relaxation relaxation
septillion septillion
shovel shovel
simulate simulate
slowdown slowdown
softball softball
sphalerite sphalerite
spill spill
stanza stanza
swingy swingy
swordfish swordfish
thirteen thirteen
thoroughfare thoroughfare
transfuse transfuse
transonic transonic
trimester trimester
update update
whatsoever whatsoever
wingspread wingspread
yearn yearn
yogurt yogurt
switchmen imperishable
lexicon Vega
balustrade babysat
MN exothermic
cowhand explosion
