1 9 40 15 12 11 13 25 14 23 3 22 16 41 34 29 2 26 4 35 45 10 24 42 5 48 39 32 21 47 20 33 46 36 30 43 17 27 19 37 6 28 7 18 44 31 38 8 1
48
1 49 128
9 72 73
40 87 117
15 103 85
12 59 116
11 65 142
13 79 109
25 80 86
14 105 75
23 55 108
3 97 112
22 94 71
16 133 91
41 137 106
34 77 50
29 96 129
2 81 62
26 100 121
4 118 51
35 84 92
45 122 74
10 76 132
24 88 134
42 104 89
5 90 93
48 58 68
39 52 57
32 139 135
21 138 82
47 141 113
20 124 115
33 67 127
46 54 144
36 110 130
30 95 101
43 64 136
17 60 66
27 140 78
19 53 98
37 99 125
6 119 126
28 131 83
7 107 120
18 63 69
44 102 114
31 143 70
38 61 111
8 56 123
