g3ylJsdLuC idQHxtSnxr onlLq65Azx j98kcW9qGB aEo62SfMqH WvFZJEkTrw 5SSy593K31 33omYiVXOD LeZK9UvMT9 emYRLTiyj9 2eMl9AO5o8 QrJxLpX875 dj8JMfo3hX 4znnlMjVra MXIvZpEPtW uIf3wnJUdn fXy828RCG4 KUJdxKVZFO 7g0Idy1nzK 03xK87sjTf nKHFs5cKTX Oiowits7js 12ECENJIev 7wS9dKOnJR XlU2fx0ZPn BNkM7qaRNw yky49wE4YG YAqGe4tKAP FvzkpZRSj8 PcFJuErB3q CxfzSa2YOV M2hatQPY96 tubjzjzUpV 8ZKCAWlImg t25XjDwQhD 2fevl06VRg pk0Vh75DnH RN0bCAV6rQ dC48GQHGzO oWmQcQwHPo WcyuqGYOzU XOxGPscMMG yU6iUY8YgO qnkfLCmfDn dMOAUqH7Z3 CUEWGmB7Gt oEdovEhrWM YpRs8m6oyX 2S929yZddP 1QXjsHNYao 723MhcLxt0 TBzLS0OAYU xjSWG1YKh9 wRn7Oi1bcW 0mnwiU4XrT u4LnQNaaiz 1N2P3Sa7im 1TfvXd6dPZ u4FAx2sHZm g2I4si69gU IT4pKw3giW pWVnBerIra bWDewy6WbV oCk2Yieytb Tk8ERvdKxF WAi18jd2vJ S8BtTu4yH9 bserQRNqfz 2O61j91J3T K05xB79KZo srT70dfQEr Pz3egMzKU8 0SQlBVJ1YY TyL7NE2puV GQ4F0g3Mdj XW1Wn7EqpN rCoEuOa7EU 8KtuAXHUy3 EG1t1o8YrR fWIjO8yhE3 uvoepIQg9n LCKLTNE1vp uNliYB9ELN x7iq98BiN3 IGpxjveim7 yvMowGbkvn vUu8ijgxxf bsEkAY2K41 Q1N77BLmyb TSSOUimHPg 97ZNlakBoq mwzQG3SxnO IA0Uf143OT JD3uem81Lg r8njDwxc2t FqFik17fFH qjDSEKmZMW jBYJ7v19BQ lfdanPGo3c Pijq8aHqIR s3eMpsYH00 oIVQ2qkgnR h5Si5BAPN0 QTNhZIciNJ CSjLrGbUz3 xtp1B5q0W1 AXNCIbkEJh BUMLJo6sc3 idQHxtSnxr g3ylJsdLuC
88
0mnwiU4XrT 0mnwiU4XrT
oCk2Yieytb oCk2Yieytb
97ZNlakBoq 97ZNlakBoq
oWmQcQwHPo oWmQcQwHPo
u4FAx2sHZm u4FAx2sHZm 2OsmeZV9xh
g2I4si69gU g2I4si69gU oVMPVsMWrZ
mwzQG3SxnO mwzQG3SxnO
TyL7NE2puV TyL7NE2puV
bWDewy6WbV bWDewy6WbV
s3eMpsYH00 s3eMpsYH00
723MhcLxt0 723MhcLxt0
LCKLTNE1vp LCKLTNE1vp
vUu8ijgxxf vUu8ijgxxf
CSjLrGbUz3 CSjLrGbUz3
Pz3egMzKU8 Pz3egMzKU8 gZXiityEnU
srT70dfQEr srT70dfQEr
wRn7Oi1bcW wRn7Oi1bcW
1QXjsHNYao 1QXjsHNYao
WcyuqGYOzU WcyuqGYOzU
QrJxLpX875 QrJxLpX875
4znnlMjVra 4znnlMjVra
TBzLS0OAYU TBzLS0OAYU
CxfzSa2YOV CxfzSa2YOV
Pijq8aHqIR Pijq8aHqIR
dj8JMfo3hX dj8JMfo3hX
Tk8ERvdKxF Tk8ERvdKxF
KUJdxKVZFO KUJdxKVZFO 0wTk0mYkLH
1TfvXd6dPZ 1TfvXd6dPZ mbSdju1TJK
uIf3wnJUdn uIf3wnJUdn
QTNhZIciNJ QTNhZIciNJ
XlU2fx0ZPn XlU2fx0ZPn
IA0Uf143OT IA0Uf143OT
nKHFs5cKTX nKHFs5cKTX
t25XjDwQhD t25XjDwQhD
qjDSEKmZMW qjDSEKmZMW
BUMLJo6sc3 BUMLJo6sc3 jPXsbXPNMq fecMfiAuGC
03xK87sjTf 03xK87sjTf
fXy828RCG4 fXy828RCG4
FvzkpZRSj8 FvzkpZRSj8
oIVQ2qkgnR oIVQ2qkgnR 0hs3CNDF4L bhojeHeddF
GQ4F0g3Mdj GQ4F0g3Mdj TP2TNyk7wl
u4LnQNaaiz u4LnQNaaiz
dMOAUqH7Z3 dMOAUqH7Z3
tubjzjzUpV tubjzjzUpV
WAi18jd2vJ WAi18jd2vJ
S8BtTu4yH9 S8BtTu4yH9
2S929yZddP 2S929yZddP
5SSy593K31 5SSy593K31
CUEWGmB7Gt CUEWGmB7Gt
2O61j91J3T 2O61j91J3T
oEdovEhrWM oEdovEhrWM
M2hatQPY96 M2hatQPY96
K05xB79KZo K05xB79KZo
pk0Vh75DnH pk0Vh75DnH
Oiowits7js Oiowits7js
r8njDwxc2t r8njDwxc2t
JD3uem81Lg JD3uem81Lg
emYRLTiyj9 emYRLTiyj9
XW1Wn7EqpN XW1Wn7EqpN
YpRs8m6oyX YpRs8m6oyX
onlLq65Azx onlLq65Azx
yU6iUY8YgO yU6iUY8YgO
uvoepIQg9n uvoepIQg9n
LeZK9UvMT9 LeZK9UvMT9
YAqGe4tKAP YAqGe4tKAP
x7iq98BiN3 x7iq98BiN3
yky49wE4YG yky49wE4YG WRd4lScvm6 Pv5LMSkQii
12ECENJIev 12ECENJIev
8KtuAXHUy3 8KtuAXHUy3
IT4pKw3giW IT4pKw3giW
jBYJ7v19BQ jBYJ7v19BQ
WvFZJEkTrw WvFZJEkTrw
qnkfLCmfDn qnkfLCmfDn
7g0Idy1nzK 7g0Idy1nzK
BNkM7qaRNw BNkM7qaRNw
lfdanPGo3c lfdanPGo3c
bsEkAY2K41 bsEkAY2K41
idQHxtSnxr idQHxtSnxr
h5Si5BAPN0 h5Si5BAPN0
RN0bCAV6rQ RN0bCAV6rQ
yvMowGbkvn yvMowGbkvn
xtp1B5q0W1 xtp1B5q0W1
aEo62SfMqH aEo62SfMqH
Q1N77BLmyb Q1N77BLmyb
MXIvZpEPtW biWuM2iRnz
8ZKCAWlImg z9nRKYQ1ub
bserQRNqfz KpxiCfRqh3
fWIjO8yhE3 KHDeTTvJC1
