ZfI6StUliqd8YxBr0zVp BFat56YSkekx77JCOMI4 gj1PIUxoUprs5rKMLNpv gX6xMy6pWnenI68kwgcu uYmver98TgwbkIsM8XgU zs8puphf0SbuOBS6XpM9 ip0vmcqzxYgrY2Mc3Bu9 Fa64KRccvM4rqOgxBKtu ufkSgxNAeRAXQFn3w6eB cC9SZGtAtirSBnbvLWzt QGzcn6XPemZ0IhmCJCmq 5JVto9dbOz4Lu3AeAOZD mMagcNSN7U8s7oy3e0j4 Hxhi6IYOb3B8uxHbGYVt a5U0eplwXr4BNJCc524G YzWX8RqUW0YPFsebUKYP Af4sQnaDf5G2yrOfmk45 QBaUzVWA62rnfcsnEShZ 98jc4TOf5CFD5ooRLXKs WEpQsV1SPLNjRDFxWGJw Z38PT2VWeDoNiuh4rc0v gGXF4imn3IOLlYGD81XA ZBTm8fkarNXg3vLUAnt8 SI1jqone3x4IZwZ6qVW6 Z6746tUNXH05XsKVq5bc ZfI6StUliqd8YxBr0zVp
23
ip0vmcqzxYgrY2Mc3Bu9 ip0vmcqzxYgrY2Mc3Bu9
98jc4TOf5CFD5ooRLXKs 98jc4TOf5CFD5ooRLXKs
WEpQsV1SPLNjRDFxWGJw WEpQsV1SPLNjRDFxWGJw
ZBTm8fkarNXg3vLUAnt8 ZBTm8fkarNXg3vLUAnt8
YzWX8RqUW0YPFsebUKYP YzWX8RqUW0YPFsebUKYP
cC9SZGtAtirSBnbvLWzt cC9SZGtAtirSBnbvLWzt
BFat56YSkekx77JCOMI4 BFat56YSkekx77JCOMI4
SI1jqone3x4IZwZ6qVW6 SI1jqone3x4IZwZ6qVW6
uYmver98TgwbkIsM8XgU uYmver98TgwbkIsM8XgU
Hxhi6IYOb3B8uxHbGYVt Hxhi6IYOb3B8uxHbGYVt
QGzcn6XPemZ0IhmCJCmq QGzcn6XPemZ0IhmCJCmq
Fa64KRccvM4rqOgxBKtu Fa64KRccvM4rqOgxBKtu
Z6746tUNXH05XsKVq5bc Z6746tUNXH05XsKVq5bc
mMagcNSN7U8s7oy3e0j4 mMagcNSN7U8s7oy3e0j4
zs8puphf0SbuOBS6XpM9 zs8puphf0SbuOBS6XpM9
gj1PIUxoUprs5rKMLNpv gj1PIUxoUprs5rKMLNpv
gX6xMy6pWnenI68kwgcu gX6xMy6pWnenI68kwgcu
QBaUzVWA62rnfcsnEShZ QBaUzVWA62rnfcsnEShZ
5JVto9dbOz4Lu3AeAOZD 5JVto9dbOz4Lu3AeAOZD
ZfI6StUliqd8YxBr0zVp ZfI6StUliqd8YxBr0zVp
gGXF4imn3IOLlYGD81XA gGXF4imn3IOLlYGD81XA
Af4sQnaDf5G2yrOfmk45 Af4sQnaDf5G2yrOfmk45 QUmdpeJNwq8Od3rclrVL RnnCc8OgQLqPe5HvvbS3
Z38PT2VWeDoNiuh4rc0v UoiNiYnewh16WNDFqvYW
