Jacksonville Atlanta Louisville Arlington Portland Seattle LasVegas LongBeach Omaha Austin Raleigh Indianapolis LosAngeles ElPaso Nashville VirginiaBeach ColoradoSprings Chicago Minneapolis Tulsa Albuquerque Oakland Phoenix OklahomaCity FortWorth SanJose Boston SanAntonio Detroit Columbus Tucson Milwaukee Jacksonville
23
LosAngeles LosAngeles
Phoenix Phoenix
SanJose SanJose
Austin Austin
Jacksonville Jacksonville
FortWorth FortWorth
Columbus Columbus
Indianapolis Indianapolis
Seattle Seattle
Boston Boston
ElPaso ElPaso
Portland Portland
LasVegas LasVegas
Louisville Louisville
Albuquerque Albuquerque
Tucson Tucson
Atlanta Atlanta SanFrancisco Fresno
LongBeach LongBeach
VirginiaBeach VirginiaBeach
Minneapolis Minneapolis
Tulsa Tulsa
Raleigh Memphis
Oakland Philadelphia
