Chattanooga ElPaso CorpusChristi Worcester Fresno Plano Yonkers Durham Roseville FortWorth VirginiaBeach Glendale SanJose Jacksonville Killeen SantaAna OklahomaCity Lincoln Madison Denton Gilbert KansasCity Frisco Orange Henderson Toledo Atlanta Chicago Naperville Orlando Albuquerque Waco LongBeach Cincinnati Paterson Oceanside Fontana Tucson SanBernardino Boise Sunnyvale SanDiego Arlington ChulaVista Anaheim MorenoValley Tallahassee Buffalo Pomona FortCollins Salem Ontario TianamenSquare RanchoCucamonga Akron Hayward SantaClarita NewYork Syracuse Irvine Norfolk SaintPaul Washington Chandler PortStLucie Vancouver Austin DesMoines NewportNews Alexandria HuntingtonBeach Jackson Brownsville Boston Hollywood Louisville Lubbock Corona Olathe Mobile Midland Anchorage Phoenix LittleRock CapeCoral BatonRouge Bakersfield Salinas Murfreesboro Salinas GardenGrove Knoxville Berkeley Springfield Spokane Oxnard Tacoma Huntsville Fremont Honolulu SanFrancisco ElkGrove Savannah FortLauderdale Indianapolis Riverside Scottsdale Tempe Aurora Baltimore Lexington Aurora Fayetteville Richmond Stockton Surprise Carrollton Wichita Memphis SanAntonio Cleveland Chattanooga
97
NewYork NewYork
Chicago Chicago
Phoenix Phoenix
SanAntonio SanAntonio
SanDiego SanDiego
SanJose SanJose
Austin Austin
Jacksonville Jacksonville
FortWorth FortWorth
SanFrancisco SanFrancisco
Indianapolis Indianapolis
Washington Washington
Boston Boston
ElPaso ElPaso
Memphis Memphis
Louisville Louisville
Baltimore Baltimore
KansasCity KansasCity
Wichita Wichita
Cleveland Cleveland
Bakersfield Bakersfield
Aurora Aurora
Anaheim Anaheim
Honolulu Honolulu
SantaAna SantaAna
Riverside Riverside
Lexington Lexington
Henderson Henderson
SaintPaul SaintPaul
Cincinnati Cincinnati
Anchorage Anchorage
Plano Plano
Lincoln Lincoln
Orlando Orlando
Irvine Irvine
Toledo Toledo
Durham Durham
ChulaVista ChulaVista
Madison Madison Joliet
Buffalo Buffalo
Lubbock Lubbock
Scottsdale Scottsdale
Glendale Glendale
Fremont Fremont
Boise Boise
Richmond Richmond
BatonRouge BatonRouge
Spokane Spokane
DesMoines DesMoines
Tacoma Tacoma
SanBernardino SanBernardino
Fontana Fontana
SantaClarita SantaClarita
Oxnard Oxnard
Fayetteville Fayetteville
Yonkers Yonkers
Akron Akron
LittleRock LittleRock Shreveport
PortStLucie PortStLucie
Tallahassee Tallahassee
Tempe Tempe
CapeCoral CapeCoral
Frisco Frisco
Knoxville Knoxville
Worcester Worcester
Brownsville Brownsville
Vancouver Vancouver
FortLauderdale FortLauderdale
Ontario Ontario
NewportNews NewportNews
Oceanside Oceanside
Salem Salem
GardenGrove GardenGrove
Corona Corona
Springfield Springfield
Jackson Jackson
Alexandria Alexandria
Hayward Hayward
Pomona Pomona
Naperville Naperville
Savannah Savannah
Paterson Paterson
Syracuse Syracuse
Midland Midland
Berkeley Berkeley
Murfreesboro Murfreesboro Charlotte
Olathe Olathe
Orange Orange
Denton Denton
Waco Waco
Surprise Surprise
Fresno GrandRapids
Albuquerque LosAngeles
LongBeach GrandPrairie
RanchoCucamonga Newark
Norfolk Raleigh
ElkGrove McAllen
