Hernandezville Beckyshire Derekton Wallaceville Morenoside Wallaceville Derekton Beckyshire Ponceville Mcculloughchester Crystalchester Smithmouth Crystalchester Mcculloughchester Jonestown Barbarachester Jonestown Kellyfort Jonestown Mcculloughchester Ponceville Garymouth Christophertown Crystaltown Christophertown Garymouth Camposstad Donaldstad Camposstad Garymouth Ponceville Bridgesville Esparzaberg Kristinbury Esparzaberg Thomasburgh Esparzaberg Bridgesville Riveramouth Martinton Riveramouth Bradshawside Riveramouth Bridgesville Dennisstad Wilsonburgh Dennisstad Bridgesville Ponceville Beckyshire Hernandezville Joelview Downsville Richardhaven Tammychester Richardhaven Downsville Joelview Farmerside Ryanton Williamsmouth Mcdonaldmouth Williamsmouth Ryanton Farmerside Ralphtown Stricklandbury Tylermouth Stricklandbury Ralphtown Garciaport Charlesburgh Garciaport Ralphtown Farmerside Gabriellabury Courtneyfurt Gabriellabury Farmerside Joelview Mitchellchester Lopezmouth Heathermouth Lopezview Heathermouth Lopezmouth Dixonton Francesmouth Dixonton Keithton Dixonton Lopezmouth Mitchellchester Joelview Hernandezville
26
Kellyfort Kellyfort Tinatown Pittsland
Tammychester Tammychester Rebeccaton
Charlesburgh Charlesburgh Angelaview
Barbarachester Barbarachester Jonesberg
Kristinbury Kristinbury Allenberg
Donaldstad Donaldstad Thomastown
Smithmouth Smithmouth Robertborough
Martinton Martinton Deborahfort Brianland
Thomasburgh Thomasburgh Sanchezland Johnsonmouth
Tylermouth Tylermouth Deanstad
Bradshawside Bradshawside Wandaside
Lopezview Lopezview Robertsfort
Wilsonburgh Wilsonburgh Josephton Harristown
Keithton Keithton Aprilstad Andrewland
Mcdonaldmouth Mcdonaldmouth Adkinsfurt
Crystaltown Crystaltown Johnsontown
Francesmouth Francesmouth Richardville
Courtneyfurt Contrerasland Morrisbury
Williamsmouth Johnstonmouth
Heathermouth Emilymouth
Camposstad Williamsville
Morenoside Amberfurt Johnport
Gabriellabury Hendersonchester
Downsville Haasville
Mitchellchester Huynhton
Derekton Belindamouth
