A0 F0 C1 D0 E3 F6 G9 A3 G8 J0 F7 D4 D3 I3 G1 B5 F2 B3 J3 K0 H7 B8 E4 H0 J5 D2 E7 E5 H9 C5 A8 F3 A9 B1 A4 F8 J6 J7 G5 J4 J2 I6 I5 I8 I4 H1 G0 A6 J1 E9 I0 D8 C3 C2 B2 B0 E6 H5 E8 E0 D9 F1 C7 D7 F5 H8 I1 F4 F9 D1 J9 H4 H2 G2 C9 D5 G3 D6 H3 G7 B4 A2 A7 B6 B7 A5 C0 B9 C8 E1 H6 A1 I2 C4 E2 J8 C6 G6 G4 I7 I9 A0
100
A1 A1
A2 A2
A3 A3
A4 A4
A5 A5
A6 A6
A7 A7
A8 A8
A9 A9
B0 B0
B1 B1
B2 B2
B3 B3
B4 B4
B5 B5
B6 B6
B7 B7
B8 B8
B9 B9
C0 C0
C1 C1
C2 C2
C3 C3
C4 C4
C5 C5
C6 C6
C7 C7
C8 C8
C9 C9
D0 D0
D1 D1
D2 D2
D3 D3
D4 D4
D5 D5
D6 D6
D7 D7
D8 D8
D9 D9
E0 E0
E1 E1
E2 E2
E3 E3
E4 E4
E5 E5
E6 E6
E7 E7
E8 E8
E9 E9
F0 F0
F1 F1
F2 F2
F3 F3
F4 F4
F5 F5
F6 F6
F7 F7
F8 F8
F9 F9
G0 G0
G1 G1
G2 G2
G3 G3
G4 G4
G5 G5
G6 G6
G7 G7
G8 G8
G9 G9
H0 H0
H1 H1
H2 H2
H3 H3
H4 H4
H5 H5
H6 H6
H7 H7
H8 H8
H9 H9
I0 I0
I1 I1
I2 I2
I3 I3
I4 I4
I5 I5
I6 I6
I7 I7
I8 I8
I9 I9
J0 J0
J1 J1
J2 J2
J3 J3
J4 J4
J5 J5
J6 J6
J7 J7
J8 J8
J9 J9
K0 K0
