0 23 88 7 50 64 48 139 63 46 24 6 52 9 96 27 99 92 54 60 4 57 34 25 70 16 145 66 86 140 68 77 36 78 14 56 67 39 94 71 10 81 20 53 12 62 134 44 85 37 35 176 19 42 45 8 30 72 194 15 33 76 84 90 55 58 1 69 43 80 3 18 87 17 79 26 11 105 38 28 75 41 32 59 97 31 2 83 40 82 29 89 177 93 21 74 5 13 51 22 47 65 98 91 73 0
98
0 0
1 1
2 2
3 3
4 4
5 5
6 6
7 7
8 8
9 9
10 10
11 11
12 12
13 13
14 14
15 15
16 16
17 17
18 18
19 19
20 20
21 21
22 22
23 23
24 24
25 25
26 26
27 27
28 28
29 29
30 30
31 31
32 32
33 33
34 34
35 35
36 36
37 37
38 38
39 39
40 40
41 41
42 42
43 43
44 44
45 45
46 46
47 47
48 48
50 50
51 51
52 52
53 53
54 54 49
55 55
56 56
57 57
58 58
59 59
60 60
62 62
63 63
64 64
65 65
66 66
67 67
68 68
69 69
70 70
71 71
72 72
73 73
74 74
75 75
76 76
77 77
78 78
79 79
80 80
81 81
82 82
83 83
84 84
85 85
86 86
87 87 95
88 88
89 89
90 90
91 91
92 92
93 93
94 94
96 96
97 97
98 98
99 99
194 61
