fmdhlepsteinstdnkill epsteindlsfdntmkillh stepsteinhkillfmnldd fkillepsteindlhdnsmt epsteinkillmsftnddlh dmepsteinfnhltkillsd fshtdepsteinmldnkill hsdfepsteintlnkilldm ftmnsldepsteinkillhd dfslntkillmepsteindh epsteintdkilllnfdhms killdmnsfhldepsteint flepsteindndhmtkills epsteinlshkilldnfdmt killepsteinlhtfdsmdn dhkilllsepsteinmntdf ndkillftdsmepsteinlh lmhdtfdepsteinnkills dnkillepsteinlshdtfm mftkillepsteinndlhsd tmsdnfdlkillhepstein hdepsteinskillldtnfm hnfdtmlepsteinkillds msfltdkillnepsteinhd fddsepsteinhnlkilltm ddtmkillepsteinflsnh hepsteinsddnfkillmlt nkilltdhlmdepsteinsf lndsdkilltmepsteinhf hsndepsteindlmtkillf hsdlepsteinmnkilldft epsteinmhndfkilltdls tdfepsteinnlhdkillsm dfkilllmtepsteinhdsn nfdhkilllsmtepsteind killnsfmhdepsteindtl fdshnmkillepsteinltd epsteinskilldlndhmtf tmlepsteinsdnfkillhd tlmsdhdnkillfepstein fmsepsteindntldhkill epsteindfhlmdnskillt dlnsthfmepsteinkilld dfdkillepsteinslmhnt lnsmkilltfdepsteindh lhsepsteindtdnmkillf fhndskillepsteintldm tlsfdmdepsteinnhkill epsteinfsddmthkillnl hnsdkilllftdmepstein ddlmnftepsteinhskill fepsteinhsntddkilllm killmlepsteindthnfsd ntlepsteindmfdshkill nepsteinlmdkilldhfts epsteinkillnmsdhtdlf fkillepsteinmldnhstd depsteinnlsfmhtkilld nmlfshtdkillepsteind ddepsteinhltfkillsmn nhmkilllsftepsteindd fmdhlepsteinstdnkill
49
msfltdkillnepsteinhd msfltdkillnepsteinhd
flepsteindndhmtkills flepsteindndhmtkills
hepsteinsddnfkillmlt hepsteinsddnfkillmlt
fhndskillepsteintldm fhndskillepsteintldm
nepsteinlmdkilldhfts nepsteinlmdkilldhfts
ndkillftdsmepsteinlh ndkillftdsmepsteinlh
ddtmkillepsteinflsnh ddtmkillepsteinflsnh
lndsdkilltmepsteinhf lndsdkilltmepsteinhf
killmlepsteindthnfsd killmlepsteindthnfsd
ntlepsteindmfdshkill ntlepsteindmfdshkill
dmepsteinfnhltkillsd dmepsteinfnhltkillsd
tmlepsteinsdnfkillhd tmlepsteinsdnfkillhd
epsteinmhndfkilltdls epsteinmhndfkilltdls
hdepsteinskillldtnfm hdepsteinskillldtnfm
fmsepsteindntldhkill fmsepsteindntldhkill
mftkillepsteinndlhsd mftkillepsteinndlhsd
hnsdkilllftdmepstein hnsdkilllftdmepstein
fshtdepsteinmldnkill fshtdepsteinmldnkill
epsteindlsfdntmkillh epsteindlsfdntmkillh
epsteindfhlmdnskillt epsteindfhlmdnskillt
killdmnsfhldepsteint killdmnsfhldepsteint
depsteinnlsfmhtkilld depsteinnlsfmhtkilld
tlmsdhdnkillfepstein tlmsdhdnkillfepstein lsdepsteinfmkillndth
dfkilllmtepsteinhdsn dfkilllmtepsteinhdsn
epsteinskilldlndhmtf epsteinskilldlndhmtf
nfdhkilllsmtepsteind nfdhkilllsmtepsteind
dhkilllsepsteinmntdf dhkilllsepsteinmntdf
nkilltdhlmdepsteinsf nkilltdhlmdepsteinsf
hsndepsteindlmtkillf hsndepsteindlmtkillf
epsteinlshkilldnfdmt epsteinlshkilldnfdmt
dnkillepsteinlshdtfm dnkillepsteinlshdtfm
lmhdtfdepsteinnkills lmhdtfdepsteinnkills
fdshnmkillepsteinltd fdshnmkillepsteinltd
killnsfmhdepsteindtl killnsfmhdepsteindtl
tlsfdmdepsteinnhkill tlsfdmdepsteinnhkill
epsteinkillmsftnddlh epsteinkillmsftnddlh
stepsteinhkillfmnldd stepsteinhkillfmnldd
hnfdtmlepsteinkillds hnfdtmlepsteinkillds
fepsteinhsntddkilllm fepsteinhsntddkilllm
killepsteinlhtfdsmdn killepsteinlhtfdsmdn
epsteintdkilllnfdhms epsteintdkilllnfdhms
hsdfepsteintlnkilldm hsdfepsteintlnkilldm
dlnsthfmepsteinkilld dlnsthfmepsteinkilld
ddlmnftepsteinhskill ddlmnftepsteinhskill
lnsmkilltfdepsteindh lnsmkilltfdepsteindh
nhmkilllsftepsteindd nhmkilllsftepsteindd
fkillepsteindlhdnsmt nltdmsfepsteinkilldh
tmsdnfdlkillhepstein lhepsteinkilldtnmfsd
epsteinfsddmthkillnl dhepsteindsnlkillfmt
