tepsteinfdkilldlmhns nlhtdsdepsteinfmkill killepsteintdldshfnm thsfnmkilldlepsteind tskillepsteinhfmddnl dnhdskillepsteinmltf ndlmhepsteintdskillf htskillepsteindnlfdm slepsteinftndkillmdh thmepsteinlkillfsndd mfskillnhlddtepstein dhlepsteindkillsmtnf lepsteinfdkillsdnmht nfdhepsteinltsdmkill nkillsdtdhfmlepstein epsteinthsdmndkillfl snldmtkillfepsteindh msnepsteinfkillhtdld fnmhskilldepsteinltd ndlepsteinhdtskillfm ldnmepsteinhfstdkill hfskillnepsteinldtdm hepsteinnfstkilllmdd ldnmepsteinhfstdkill nmhdkilltslepsteinfd hldmepsteindsnkilltf ftdmlhkilldepsteinsn fnlskillhtepsteindmd hdepsteinsmdtnflkill tepsteinfdkilldlmhns
23
ndlmhepsteintdskillf ndlmhepsteintdskillf tmhsnfepsteinldkilld
nfdhepsteinltsdmkill nfdhepsteinltsdmkill
lepsteinfdkillsdnmht lepsteinfdkillsdnmht
nlhtdsdepsteinfmkill nlhtdsdepsteinfmkill
hepsteinnfstkilllmdd hepsteinnfstkilllmdd
dhlepsteindkillsmtnf dhlepsteindkillsmtnf
nkillsdtdhfmlepstein nkillsdtdhfmlepstein
msnepsteinfkillhtdld msnepsteinfkillhtdld hkillmepsteinstdfdnl
fnlskillhtepsteindmd fnlskillhtepsteindmd
tskillepsteinhfmddnl tskillepsteinhfmddnl
hldmepsteindsnkilltf hldmepsteindsnkilltf
killepsteintdldshfnm killepsteintdldshfnm
epsteinthsdmndkillfl epsteinthsdmndkillfl
hdepsteinsmdtnflkill hdepsteinsmdtnflkill
fnmhskilldepsteinltd fnmhskilldepsteinltd
ndlepsteinhdtskillfm ndlepsteinhdtskillfm
snldmtkillfepsteindh snldmtkillfepsteindh
htskillepsteindnlfdm htskillepsteindnlfdm
thmepsteinlkillfsndd thmepsteinlkillfsndd
slepsteinftndkillmdh epsteinsdfmhltkillnd
mfskillnhlddtepstein epsteindsmnlfdtkillh
hfskillnepsteinldtdm killnfhdsdltepsteinm
ldnmepsteinhfstdkill skilldnmlhdftepstein
