149 000 001 002 013 024 025 026 027 028 038 037 036 044 031 024 013 002 001 000 149 100 107 116 115 117 126 122 123 125 140 119 120 104 103 105 100 149 060 062 054 053 056 053 054 063 072 084 088 087 086 074 075 076 077 078 079 063 090 099 096 097 092 091 090 063 054 062 070 069 067 070 062 060 149
30
026 026
031 031
037 037
053 053 050
054 054 059
056 056 066
060 060
067 067
069 069
078 078 083
079 079
086 086
088 088
091 091
096 096
097 097
103 103
104 104
115 115
123 123
126 126
038 048
140 142
063 064 065
087 089
074 085
076 081 080
024 006
105 111
070 068
