CorpusChristi CapeCoral ElMonte Burbank Denver AppleValley Chandler DavidsonCounty Danbury BoiseCity Cleveland Brownsville Columbia Canton Charleston Clearwater Boulder Corona Bryan Abilene Chattanooga Escondido Amarillo Cincinnati ElPaso Akron DalyCity ClarkeCounty Augusta BatonRouge Chesapeake Durham Asheville Austin Beaumont Detroit Columbus Albuquerque Arvada Carrollton Buffalo Bloomington Elizabeth Buffalo Davenport Anchorage Elkhart Champaign Anaheim CathedralCity Bremerton Denton Appleton Chicago Bridgeport Dallas BonitaSprings Alexandria Downey CorpusChristi
49
Akron Akron
Albuquerque Albuquerque
Alexandria Alexandria
Amarillo Amarillo
Anaheim Anaheim
AppleValley AppleValley
Appleton Appleton
Arvada Arvada
Asheville Asheville
Augusta Augusta
Austin Austin
Beaumont Beaumont
Bloomington Bloomington
BoiseCity BoiseCity
BonitaSprings BonitaSprings
Boulder Boulder
Bremerton Bremerton
Bridgeport Bridgeport
Brownsville Brownsville
Bryan Bryan
Canton Canton
CapeCoral CapeCoral
Carrollton Carrollton
CathedralCity CathedralCity
Champaign Champaign
Chandler Chandler
Charleston Charleston
Chattanooga Chattanooga
Chicago Chicago
Cincinnati Cincinnati
Clearwater Clearwater
Columbia Columbia
Columbus Columbus
CorpusChristi CorpusChristi
Dallas Dallas
DalyCity DalyCity
Danbury Danbury
Davenport Davenport
Denton Denton
Denver Denver
Downey Downey
Durham Durham
ElMonte ElMonte
ElPaso ElPaso
Elizabeth Elizabeth
Elkhart Elkhart
Escondido Escondido
DavidsonCounty ColoradoSprings
Anchorage BelAir Deltona
