BatonRouge Burbank Buffalo AtlanticCity Boulder Bryan Birmingham AnnArbor Beaumont Albuquerque Boston BoiseCity Aberdeen Aurora Augusta Albany Bethlehem BonitaSprings Amarillo Berkeley Atlanta Baltimore Arvada Allentown Abilene Cambridge Bradenton Bellevue BatonRouge
25
Aberdeen Aberdeen
Abilene Abilene
Albany Albany
Albuquerque Albuquerque
Amarillo Amarillo
AnnArbor AnnArbor
Arvada Arvada
Atlanta Atlanta
AtlanticCity AtlanticCity
Aurora Aurora
BatonRouge BatonRouge
Beaumont Beaumont
Berkeley Berkeley
Bethlehem Bethlehem
Birmingham Birmingham
BoiseCity BoiseCity
Boston Boston
Boulder Boulder
Bradenton Bradenton
Bryan Bryan
Buffalo Buffalo
Burbank Burbank
Cambridge Cambridge
Baltimore Barnstable
Bellevue Anchorage
