location34 location192 location15 location88 location126 location21 location176 location170 location3 location89 location134 location63 location172 location14 location47 location37 location12 location38 location79 location96 location27 location23 location4 location163 location22 location105 location175 location99 location97 location194 location199 location11 location68 location187 location177 location28 location45 location144 location109 location32 location104 location76 location111 location52 location137 location174 location55 location135 location159 location143 location188 location24 location64 location122 location161 location116 location103 location40 location165 location164 location180 location142 location120 location119 location79 location6 location17 location46 location125 location155 location189 location121 location123 location95 location92 location114 location60 location108 location132 location71 location151 location181 location5 location107 location156 location149 location91 location182 location136 location72 location115 location98 location59 location167 location2 location158 location39 location34
87
location2 location2 location90
location3 location3
location6 location6
location11 location11
location12 location12
location15 location15
location17 location17
location21 location21
location23 location23
location24 location24
location27 location27
location28 location28
location34 location34
location37 location37
location38 location38
location39 location39
location45 location45
location46 location46
location47 location47
location52 location52
location55 location55
location59 location59
location60 location60
location64 location64
location68 location68
location71 location71
location72 location72
location76 location76
location79 location79 location0 location9
location88 location88
location89 location89
location91 location91
location92 location92
location96 location96
location98 location98
location99 location99
location103 location103
location105 location105
location107 location107
location109 location109
location111 location111
location114 location114
location115 location115
location119 location119
location120 location120
location121 location121
location122 location122
location125 location125
location132 location132
location134 location134
location135 location135
location136 location136
location137 location137
location142 location142
location143 location143
location144 location144
location149 location149
location151 location151
location155 location155 location162
location158 location158
location159 location159
location161 location161
location163 location163
location164 location164
location167 location167
location170 location170
location172 location172
location174 location174
location175 location175
location176 location176
location177 location177 location117
location180 location180
location181 location181
location187 location187
location188 location188
location189 location189
location192 location192
location194 location194
location199 location199
location126 location139
location63 location54
location97 location157
location104 location130
location116 location86
location40 location197
location123 location140
location95 location131
