WNYCV UUOP5 18R1B F5YBY XRQ65 EQWAL OE5TB HR8IA GXYLV BO3AW 1XUNX 1NBGE XDKMD 2PD2W GAXPM CHXFM URMBF 2FT0Z 77EY5 KRLTG ZA57Z BMC9X 9HVLF XPFOM WH9QK HHCET 65TK9 XD7IR 1ACIU B8UZ8 KR27P 42QVU QTZLJ EYREL PQ40E 91RFG TG5ZG X2AM4 KB443 YMTTJ 7CXN0 ULCTZ H8ZPW CUG55 HZ80H XBRKQ H212X 1BUOS V11OW 5I6U4 2KYXC F07YB QSI1X 1UWW5 UGOIO XTUSM K1ZSD WNYCV
50
XRQ65 XRQ65
OE5TB OE5TB
91RFG 91RFG
KB443 KB443
XPFOM XPFOM
1BUOS 1BUOS
X2AM4 X2AM4
BO3AW BO3AW
18R1B 18R1B
GXYLV GXYLV
HR8IA HR8IA
ULCTZ ULCTZ
1NBGE 1NBGE
CUG55 CUG55
HHCET HHCET
7CXN0 7CXN0
EQWAL EQWAL
1ACIU 1ACIU
TG5ZG TG5ZG
QSI1X QSI1X
QTZLJ QTZLJ
77EY5 77EY5
5I6U4 5I6U4
UGOIO UGOIO
UUOP5 UUOP5
ZA57Z ZA57Z
2FT0Z 2FT0Z
GAXPM GAXPM
B8UZ8 B8UZ8
XDKMD XDKMD
XD7IR XD7IR
BMC9X BMC9X
9HVLF 9HVLF
YMTTJ YMTTJ
XBRKQ XBRKQ
H8ZPW H8ZPW
F5YBY F5YBY
V11OW V11OW
K1ZSD K1ZSD
XTUSM XTUSM
KRLTG KRLTG
42QVU 42QVU
URMBF URMBF
1UWW5 1UWW5
EYREL EYREL
65TK9 65TK9
HZ80H HZ80H
H212X H212X
F07YB F07YB
2KYXC 2KYXC
