0 92 158 29 140 96 139 189 30 166 165 103 59 104 30 136 187 188 137 85 67 17 109 110 170 169 36 150 88 148 149 196 23 93 154 21 173 115 25 116 14 175 118 50 119 176 2 123 94 121 94 122 178 12 43 100 163 164 15 144 60 143 192 191 142 60 64 35 113 112 27 197 198 152 151 51 153 26 182 181 127 77 129 41 184 131 95 130 183 38 126 97 124 125 180 179 33 185 33 186 134 91 78 31 107 168 167 106 31 108 7 146 194 193 145 80 147 18 161 160 0
89
100 100
103 103
104 104
106 106
107 107
108 108
109 109
110 110
112 112 171
113 113 172
115 115
116 116 174
118 118
119 119
121 121 177
122 122
123 123
124 124
125 125
126 126
127 127
129 129
130 130
131 131
134 134
136 136
137 137
139 139
140 140 190
142 142
143 143
144 144
145 145
146 146
147 147
148 148 195
149 149
150 150
151 151
152 152
153 153
154 154
158 158
160 160
161 161
163 163
164 164
165 165
166 166
167 167
168 168
169 169
170 170
173 173
175 175
176 176
178 178
179 179
180 180
181 181
182 182
183 183
184 184
185 185 133
186 186
187 187
188 188
189 189
191 191
192 192
193 193
194 194
196 196
197 197
198 198
92 157 159
96 141
59 105
85 138
17 111
93 156 155
25 117
50 120
43 101 102
35 114
77 128
95 132
91 135
0 162
