Soda Tang Rasputin ElGrullo BerkeleyHigh AlphaChi SanDiego Irvine Emeryville Cancun Myto Jupiter BerkeleyHillel Pomona ChiOmega Jalisco Saturn CREAM Tuxcacuesco CafeTibet DKingGallery Chino FantasticComics Guadalajara Kips LosAngeles SantaBarbara Platano Fontana Perris Ashby MexicoCity AlphaCentauri Compton SanMiguel SanBernardino Tijuana TripleRock SouthGate Talpa BayStreet Gregoire Riverside Mars Sacramento Venus InternationalHouse SigmaKappa DeltaDelta Upland Whittier ChezPanisse Tuhuamixtel VictoryPoint Tako BAMPFA Soda
55
DeltaDelta DeltaDelta
InternationalHouse InternationalHouse
BerkeleyHillel BerkeleyHillel
BerkeleyHigh BerkeleyHigh
Jupiter Jupiter
Mars Mars
Venus Venus
Saturn Saturn
AlphaCentauri AlphaCentauri
Gregoire Gregoire
BayStreet BayStreet
Emeryville Emeryville
Pomona Pomona
Compton Compton
Ashby Ashby
Perris Perris
Fontana Fontana
SanBernardino SanBernardino
Upland Upland
Chino Chino
Whittier Whittier
SouthGate SouthGate
Tijuana Tijuana
SanDiego SanDiego
Jalisco Jalisco
Guadalajara Guadalajara
SanMiguel SanMiguel
Tuxcacuesco Tuxcacuesco
Talpa Talpa
ElGrullo ElGrullo
MexicoCity MexicoCity
Tuhuamixtel Tuhuamixtel
Myto Myto
Kips Kips
TripleRock TripleRock
Rasputin Rasputin
CREAM CREAM
Tako Tako
Tang Tang
Cancun Cancun
DKingGallery DKingGallery
BAMPFA BAMPFA
Platano Platano
CafeTibet CafeTibet
FantasticComics FantasticComics
SantaBarbara SantaBarbara
Sacramento Sacramento
LosAngeles LosAngeles
Irvine Irvine
Riverside Riverside
VictoryPoint VictoryPoint
ChezPanisse ChezPanisse
ChiOmega ChiOmega
SigmaKappa SigmaKappa
AlphaChi AlphaChi
