5 94 20 11 36 62 123 40 155 96 175 22 168 84 109 75 66 17 105 25 30 65 180 28 149 90 2 140 164 29 193 38 58 109 94 39 157 121 52 162 103 189 77 196 184 85 86 135 10 112 171 104 83 117 136 170 74 187 154 46 48 199 166 32 179 78 100 192 18 177 37 64 130 150 91 191 194 51 183 69 138 61 113 118 56 195 68 133 34 138 55 102 158 45 139 67 119 71 134 116 95 23 99 1 101 174 27 0 53 110 188 35 26 63 165 42 137 156 76 81 47 43 33 4 5
91
1 1
2 2
10 10
11 11
17 17
18 18 16
20 20
22 22
25 25
26 26
28 28
32 32
33 33
34 34 9
37 37
39 39 92
42 42
43 43
46 46
47 47
48 48
51 51
52 52
53 53
55 55
56 56
58 58 152
61 61
63 63
64 64
67 67 41
68 68
69 69 153
71 71
75 75
76 76
77 77 143
78 78
81 81 151
83 83
85 85
91 91
96 96
99 99
100 100
101 101
102 102
103 103
104 104
105 105
110 110
116 116
123 123
133 133
135 135
137 137
138 138
140 140
149 149
154 154
156 156
157 157
158 158 80
162 162
164 164
168 168
170 170
171 171
174 174
177 177
179 179
180 180
183 183
184 184
187 187
188 188
189 189
192 192
193 193
194 194
196 196
199 199
65 178
90 159
86 44
74 31
166 122
45 14
134 50
165 173
112 146
