COM NER MYT MUS DJI DMA RWA LUX LAO KNA CRI MLT PSE NRU CAF CIV BVT LKA KWT LTU LIE CPV MLI MEX SDN REU GLP MDA HKG GUM HTI CAN COK HND MAR MAC MHL PAN JEY NFK NGA FSM FIN FSM GIN GBR FRA ESH ECU ESP GEO GHA GIB EGY MYS IRN IOT IRL NIC AUS ATG MWI CXR DEU CYP CZE NIU PLW PNG POL ARE ARM AND ALB QAT SGP RUS BLZ BLM BEN BMU BOL BHR BDI AZE BIH PRY NPL MMR HMD HRV LCA KOR LBN JPN HUN PAK GNQ COD COG CHN SHN SGS KHM IDN COL COM
90
SHN SHN
SGS SGS LBR NZL
SDN SDN
RWA RWA
RUS RUS
REU REU AFG
PSE PSE
PRY PRY MOZ
POL POL
PNG PNG
PAN PAN
PAK PAK
NRU NRU
NPL NPL
NIU NIU
NIC NIC ABW
NFK NFK ALA
NER NER MTQ
MYT MYT
MMR MMR
MLI MLI
MEX MEX
MDA MDA
MAR MAR
MAC MAC
LUX LUX
LTU LTU
LKA LKA
LIE LIE
LBN LBN
LAO LAO
KWT KWT
KOR KOR
KNA KNA
KHM KHM
JPN JPN
JEY JEY
IRN IRN
IRL IRL
IOT IOT
IDN IDN
HUN HUN
HTI HTI
HRV HRV
HND HND GRC
HMD HMD
HKG HKG KAZ
GUM GUM
GNQ GNQ
GIN GIN
GIB GIB
GHA GHA
GEO GEO
GBR GBR
FSM FSM
FRA FRA
FIN FIN GAB
ESP ESP
ESH ESH
EGY EGY
ECU ECU
DMA DMA
DJI DJI
DEU DEU
CYP CYP
CXR CXR
CPV CPV
COL COL
COK COK
COG COG
COD COD
CIV CIV
CHN CHN
CAN CAN
CAF CAF
BMU BMU
BLM BLM
BHR BHR
BEN BEN
BDI BDI
AZE AZE
AUS AUS
ATG ATG
ARM ARM
ARE ARE
ALB ALB
NGA GMB
MYS DZA
MWI ITA
BIH BHS
