DZA GBR FRO FRA ECU FSM GHA GEO HND GNB GLP GRL HKG CMR CCK BLR BEN BDI BEL BRN COD CHE CIV CAN BRB BHS DOM CUW DNK DJI DMA ATA ATF ASM CYP CZE CXR CYM BGD BFA BLM BRA GRC GUY GNQ GRD GUM HMD GTM COG CAF BVT GGY ERI FIN ESP AND ALB DZA
44
HND HND
HMD HMD
HKG HKG
GRD GRD
GRC GRC
GNQ GNQ
GLP GLP
GHA GHA
GEO GEO
GBR GBR
FSM FSM
FRO FRO
FRA FRA
FIN FIN FLK ABW
ERI ERI
ECU ECU
DOM DOM AUS
DNK DNK ARE
DJI DJI
CZE CZE
CYM CYM
CXR CXR
CUW CUW
COG COG
COD COD
CHE CHE
CCK CCK
CAN CAN
CAF CAF
BVT BVT
BRN BRN
BRB BRB
BLR BLR
BLM BLM BES
BHS BHS
BGD BGD
BFA BFA
BEN BEN
BDI BDI
ATF ATF
ATA ATA
AND AND
ALB ALB ARG
GUY CUB
