Wurster Visitor Simon Maxwell Observatory Parking Montgomery Tennessee Chan North Nevada Cory Pitzer McLaughlin Silver Frank Sutardja Florida Gilman Hazardous Sather Alabama Massachusetts Optometry Stanley Simpson Vermont Idaho Juneau Raleigh Oregon Anthony Blackwell Barrows Hesse California Recreational Salem Boston Brain Moffitt Spieker Indianapolis Pennsylvania Honolulu Class Hilgard Goldman Kleeberger Moses Wurster
50
Wurster Wurster
Barrows Barrows
Class Class
Simon Simon
Hilgard Hilgard
Hesse Hesse
Visitor Visitor
Alabama Alabama
Montgomery Montgomery
Tennessee Tennessee
Kleeberger Kleeberger
Goldman Goldman
Moses Moses
Recreational Recreational
California California
Moffitt Moffitt
Blackwell Blackwell
Boston Boston
Indianapolis Indianapolis
Salem Salem
Brain Brain
Massachusetts Massachusetts
Spieker Spieker
Honolulu Honolulu
Maxwell Maxwell
Optometry Optometry
Raleigh Raleigh
Juneau Juneau
Observatory Observatory
Pennsylvania Pennsylvania
Parking Parking
Vermont Vermont
McLaughlin McLaughlin
Frank Frank
Pitzer Pitzer
Oregon Oregon
Stanley Stanley
Hazardous Hazardous
Chan Chan
Sutardja Sutardja
Idaho Idaho
Anthony Anthony
Simpson Simpson
Cory Cory
Gilman Gilman
Sather Sather
Florida Florida
North North
Nevada Nevada
Silver Silver
