YuhuaEast Sennett SerangoonGarden SingaporeRiver ChinaSquare SerangoonNorth TagoreSindo Sembawang EastCoast Sentosa TelokBlangahRise KampongUbi Brickworks Serangoon Trafalgar OrangeGrove PeoplesPark BayfrontSubzone SungeiKadut HougangCentral DefuIndustrialPark ChoaChuKang JurongRiver Saujana BoatQuay Aljunied YioChuKang WaterwayEast SungeiRoad Commonwealth Chatsworth InstitutionHill LoyangEast TuasNorthPioneer WestCoast SouthernIslands HongKahNorth KeatHong Dunearn UluPandan YioChuKangEast PulauPunggolTimor ReservoirView EvertonPark ClementiNorth Mountbatten Northland WoodlandsWest BukitBatokSouth PasirPanjang2 SerangoonCentral Khatib SimpangNorth AlexandraNorth Port BukitTimah AngMoKioTownCentre ChangiPoint Cairnhill DhobyGhaut BukitBatokWest PengSiang Tampines KebunBahru PasirPanjang1 RochorCanal Boulevard MandaiEast PearlsHill LowerSeletar BoonLayPlace OneNorth JurongWestCentral PasirRisDrive TohGuan PayaLebarEast Museum Moulmein GeylangEast PunggolField TuasBay TiongBahru TuasPromenade Tanglin JooSengPayaLebar JurongPort PeiChun DairyFarm PangSua Kranji MandaiWest NatureReserve TampinesNorth HougangEast IstanaNegara BedokNorth UpperThomson HongKah OneTreeHill SembawangStraits Shipyard PasirRisPark BedokSouth RafflesPlace BenoiSector Punggol Matilda Geylang Mandai PasirRis CityHall TelokBlangahDrive YuhuaEast
98
Sentosa Sentosa
BedokNorth BedokNorth
SungeiKadut SungeiKadut
Geylang Geylang
SerangoonCentral SerangoonCentral
BayfrontSubzone BayfrontSubzone
Port Port
PearlsHill PearlsHill
BedokSouth BedokSouth
YioChuKang YioChuKang
Punggol Punggol
OneNorth OneNorth
EastCoast EastCoast
Moulmein Moulmein
BoatQuay BoatQuay
PeoplesPark PeoplesPark
MandaiEast MandaiEast
TuasBay TuasBay
InstitutionHill InstitutionHill
BoonLayPlace BoonLayPlace
JurongWestCentral JurongWestCentral
TagoreSindo TagoreSindo
WaterwayEast WaterwayEast
SimpangNorth SimpangNorth Paterson
Matilda Matilda
JooSengPayaLebar JooSengPayaLebar
PunggolField PunggolField
SerangoonNorth SerangoonNorth
JurongPort JurongPort
LowerSeletar LowerSeletar
KeatHong KeatHong
AngMoKioTownCentre AngMoKioTownCentre
SerangoonGarden SerangoonGarden
DairyFarm DairyFarm
KebunBahru KebunBahru
PasirRisDrive PasirRisDrive
TuasPromenade TuasPromenade
TuasNorthPioneer TuasNorthPioneer
Khatib Khatib
HongKah HongKah
BukitBatokSouth BukitBatokSouth
PulauPunggolTimor PulauPunggolTimor
ChinaSquare ChinaSquare
Shipyard Shipyard
Sembawang Sembawang
Chatsworth Chatsworth
ChoaChuKang ChoaChuKang
PasirRisPark PasirRisPark
Tampines Tampines
Sennett Sennett
CityHall CityHall
Mountbatten Mountbatten
PayaLebarEast PayaLebarEast
OneTreeHill OneTreeHill
OrangeGrove OrangeGrove
DhobyGhaut DhobyGhaut
SingaporeRiver SingaporeRiver
Museum Museum
Aljunied Aljunied
Serangoon Serangoon
ReservoirView ReservoirView
BukitBatokWest BukitBatokWest
TohGuan TohGuan
PasirRis PasirRis
SembawangStraits SembawangStraits
SouthernIslands SouthernIslands
DefuIndustrialPark DefuIndustrialPark
RochorCanal RochorCanal
TiongBahru TiongBahru
ClementiNorth ClementiNorth
Tanglin Tanglin
WoodlandsWest WoodlandsWest
Saujana Saujana
SungeiRoad SungeiRoad
GeylangEast GeylangEast
TampinesNorth TampinesNorth
UluPandan UluPandan
Trafalgar Trafalgar
Commonwealth Commonwealth KentRidge
PeiChun PeiChun
Brickworks Brickworks
AlexandraNorth AlexandraNorth
ChangiPoint ChangiPoint
TelokBlangahRise TelokBlangahRise
HongKahNorth HongKahNorth
BenoiSector BenoiSector
Northland Northland
UpperThomson UpperThomson
YioChuKangEast YioChuKangEast
Cairnhill Cairnhill
EvertonPark EvertonPark
Mandai Mandai
IstanaNegara IstanaNegara
PangSua PangSua
HougangCentral HougangCentral
LoyangEast Kembangan
Dunearn SembawangHills
NatureReserve ChangiWest
