BukitBatokEast LeonieHill RiverValley Hillcrest Bayshore ChoaChuKang NeeSoon AirportRoad Tyersall JooKoon Sembawang GhimMoh SimpangNorth TanjongPagar CityHall Springleaf SwissClub Frankel Tengeh Safti GaliBatuMandai LowerSeletar DowntownCore Gombak Redhill PearlsHill Sudong SungeiRoad Simei TiongBahruStation BukitBatokEast
25
Frankel Frankel
Redhill Redhill
Sudong Sudong
DowntownCore DowntownCore
Sembawang Sembawang
SimpangNorth SimpangNorth
Tengeh Tengeh
LeonieHill LeonieHill
LowerSeletar LowerSeletar
Simei Simei
ChoaChuKang ChoaChuKang
TanjongPagar TanjongPagar
Tyersall Tyersall
JooKoon JooKoon
TiongBahruStation TiongBahruStation
PearlsHill PearlsHill
SwissClub SwissClub
NeeSoon NeeSoon
Safti Safti
GaliBatuMandai GaliBatuMandai
CityHall CityHall
RiverValley RiverValley
Hillcrest Hillcrest
GhimMoh GhimMoh
SungeiRoad SungeiRoad
