LeonieHill TuasBay TanglinHalt Guilin GreenwoodPark Trafalgar Sentosa PasirRisPark SembawangSprings KampongGlam FarrerPark Frankel Semakau SungeiRoad KallangWay AnchorvaleBuangkok YioChuKang MandaiWest BukitBatokCentral NorthCoast Springleaf PasirPanjang2 TanjongRhu GeylangBahru AirportRoad ChangiWest ClementiCentral YishunCentral Woodgrove PunggolTownCentre Townsville ChoaChuKangCentral LoyangEast YuhuaWestBoonLay TampinesWest Novena Clementi Victoria SerangoonGarden Phillip Yishun BishanEast Ridout Changi CompassvaleTrafalgar ConeyIsland Gombak MonksHill Outram Sennett Kranji JurongWestCentral NeeSoon Tyersall DefuIndustrialPark OrangeGrove NeeSoon Shipyard KampongUbi SungeiKadut ChangiPoint LeonieHill
48
PasirPanjang2 PasirPanjang2
YioChuKang YioChuKang Boulevard
SungeiRoad SungeiRoad
FarrerPark FarrerPark
NorthCoast NorthCoast
Townsville Townsville
KallangWay KallangWay
Shipyard Shipyard
Yishun Yishun
Sennett Sennett
NeeSoon NeeSoon
Victoria Victoria
PunggolTownCentre PunggolTownCentre
JurongWestCentral JurongWestCentral
Novena Novena SingaporePolytechnic
Ridout Ridout
Guilin Guilin
DefuIndustrialPark DefuIndustrialPark
Springleaf Springleaf
KampongGlam KampongGlam
TuasBay TuasBay
OrangeGrove OrangeGrove
MonksHill MonksHill
SembawangSprings SembawangSprings
ChoaChuKangCentral ChoaChuKangCentral
Tyersall Tyersall
SerangoonGarden SerangoonGarden
Phillip Phillip
Trafalgar Trafalgar
ChangiWest ChangiWest
ConeyIsland ConeyIsland
Semakau Semakau
SungeiKadut SungeiKadut
Woodgrove Woodgrove
AirportRoad AirportRoad
ClementiCentral ClementiCentral
MandaiWest MandaiWest
TanglinHalt TanglinHalt
Kranji Kranji
TampinesWest TampinesWest
GreenwoodPark GreenwoodPark
BishanEast BishanEast
YuhuaWestBoonLay YuhuaWestBoonLay
Outram Outram
BukitBatokCentral BukitBatokCentral
Sentosa Sentosa
AnchorvaleBuangkok AnchorvaleBuangkok
LoyangEast LoyangEast
