139 58 74 7 182 23 146 123 130 37 144 142 119 89 13 43 57 18 134 25 101 64 184 9 161 2 72 69 118 75 91 112 113 189 127 22 41 44 84 105 176 47 77 78 21 79 114 111 108 109 95 5 82 138 104 33 67 128 81 65 35 71 153 26 48 173 39 60 106 14 15 31 131 125 27 188 55 165 148 32 152 96 145 158 98 156 30 187 191 141 198 147 11 157 8 178 1 172 16 186 122 85 139
100
1 1
2 2
5 5
7 7
8 8
9 9
11 11
13 13
14 14
15 15
16 16
18 18
21 21
22 22
23 23
25 25
26 26
27 27
30 30
31 31
32 32
33 33
35 35
37 37
39 39
41 41
43 43
44 44
47 47
48 48
57 57
58 58
60 60
64 64
65 65
67 67
69 69
71 71
72 72
74 74
75 75
77 77
78 78
79 79
81 81
82 82
84 84
85 85
89 89
91 91
95 95
96 96
98 98
101 101
104 104
105 105
106 106
108 108
109 109
111 111
112 112
113 113
114 114
118 118
119 119
122 122
123 123
125 125
127 127
128 128
130 130
131 131
134 134
138 138
141 141
142 142
144 144
145 145
146 146
147 147
148 148
152 152
153 153
156 156
157 157
158 158
161 161
165 165
172 172
173 173
176 176
178 178
182 182
184 184
186 186
187 187
188 188
189 189
191 191
198 198
