Pantheon Spectre Ezreal Nunu WraithKing Jax Lucian CrystalMaiden KogMaw Disruptor Anivia Tiny Heimerdinger Akali Ziggs CentaurWarrunner Galio Phoenix BountyHunter Bard Maokai Bristleback Tailyah Magnus NightStalker Rumble SpiritBreaker ChaosKnight Lich Kled Jhin Skarner Xerath Malphite Morgana Jinx Draven Lux Talon TrollWarlord MasterYi ArcWarden Ahri Slark Jayce Shyvana Ashe Oracle LoneDruid Pantheon
48
MasterYi MasterYi
Tailyah Tailyah
Ahri Ahri
Galio Galio
Phoenix Phoenix
Spectre Spectre
Ezreal Ezreal
KogMaw KogMaw
Jayce Jayce
Morgana Morgana
TrollWarlord TrollWarlord
Oracle Oracle
Jax Jax
Shyvana Shyvana
Akali Akali
Malphite Malphite
Anivia Anivia
Bristleback Bristleback
Skarner Skarner
Bard Bard
SpiritBreaker SpiritBreaker
Slark Slark
Lich Lich
CrystalMaiden CrystalMaiden
ArcWarden ArcWarden
Ashe Ashe
Kled Kled
Magnus Magnus
Maokai Maokai
Nunu Nunu
BountyHunter BountyHunter
Rumble Rumble
Jinx Jinx
Lucian Lucian
Xerath Xerath
CentaurWarrunner CentaurWarrunner
Disruptor Disruptor
Heimerdinger Heimerdinger
Tiny Tiny
ChaosKnight ChaosKnight
Lux Lux
Jhin Jhin
Draven Draven
Ziggs Ziggs
WraithKing WraithKing
Talon Talon
NightStalker NightStalker
LoneDruid LoneDruid
