0 17 51 3 119 69 21 174 105 126 43 182 184 183 191 16 159 9 157 50 180 2 4 12 109 133 52 86 195 60 193 198 80 197 179 39 78 74 29 131 178 192 199 33 68 194 93 18 185 177 46 136 77 62 189 38 163 156 116 8 160 129 125 143 58 188 170 115 31 94 190 103 70 24 142 96 19 32 35 158 0
80
0 0
2 2
3 3
4 4
8 8
9 9
12 12
16 16
17 17
18 18
19 19
21 21
24 24
29 29
31 31
32 32
33 33
35 35
38 38
39 39
43 43
46 46
50 50
51 51
52 52
58 58
60 60
62 62
68 68
69 69
70 70
74 74
77 77
78 78
80 80
86 86
93 93
94 94
96 96
103 103
105 105
109 109
115 115
116 116
119 119
125 125
126 126
129 129
131 131
133 133
136 136
142 142
143 143
156 156
157 157
158 158
159 159
160 160
163 163
170 170
174 174
177 177
178 178
179 179
180 180
182 182
183 183
184 184
185 185
188 188
189 189
190 190
191 191
192 192
193 193
194 194
195 195
197 197
198 198
199 199
