Liam Isaiah Daniel Robert Ian Adam Jayden Cooper Maverick Roman Jacob Jordan Asher Luke Noah Lucas Eli Dominic Carter Benjamin Sawyer Jose Owen Dylan Thomas Ezra Michael Jaxson Brayden Ethan Logan William Aiden Elijah Mason Alexander Mateo Sebastian Mateo Joseph Isaiah Liam
28
Liam Liam
Noah Noah
William William
Logan Logan
Benjamin Benjamin
Mason Mason
Elijah Elijah
Jacob Jacob
Lucas Lucas
Michael Michael
Alexander Alexander
Ethan Ethan
Daniel Daniel
Aiden Aiden
Joseph Joseph
Sebastian Sebastian David
Carter Carter
Jayden Jayden
Owen Owen
Dylan Dylan
Luke Luke
Ian Henry
Cooper Matthew
Eli Jackson Wyatt
Dominic Oliver
Sawyer John
Thomas James
Brayden Samuel
