Liam Benjamin Nathan Jackson Lucas Julian Ethan Logan Noah Dylan Wyatt Daniel Lincoln Michael Luke Oliver Alexander Samuel Mason William Elijah Mason Sebastian Jaxon James David Jaxon Matthew Joseph Jacob Liam
23
Liam Liam
Noah Noah
William William Carter
James James
Logan Logan
Benjamin Benjamin
Mason Mason
Elijah Elijah
Oliver Oliver
Jacob Jacob
Lucas Lucas
Michael Michael
Alexander Alexander Henry
Ethan Ethan
Daniel Daniel
Matthew Matthew
Joseph Joseph
Jackson Jackson
Samuel Samuel
Sebastian Sebastian
David David
Wyatt Wyatt
Jaxon Aiden
