zero two three four five twelve eleven ten seventeen twentyfour twentyfive thirtytwo thirtythree thirtyfour thirtyfive twentynine thirty thirtyseven fortyfour fiftyone fifty fiftyseven sixtyfour seventyone seventyseven eightyfour seventyeight seventynine eightysix eightyseven eightyeight ninetyfive ninetysix eightynine eightytwo seventyfive sixtyeight sixtyseven sixtysix sixtyfive sixtyfour seventy sixtynine sixtytwo sixtyone sixty fiftythree fiftyfour fiftyfive fortyeight fortyseven fortysix thirtynine thirtyeight thirtyseven thirtysix twentynine twentytwo fifteen twentyone fourteen thirteen six zero
48
two two
three three
four four
five five
six six
ten ten
twelve twelve
fourteen fourteen
fifteen fifteen
twentytwo twentytwo
twentyfour twentyfour
twentyfive twentyfive
twentynine twentynine
thirty thirty
thirtythree thirtythree
thirtyfour thirtyfour
thirtyfive thirtyfive
thirtysix thirtysix
thirtyseven thirtyseven
thirtynine thirtynine
fortyfour fortyfour fortyfive
fortyseven fortyseven
fortyeight fortyeight
fifty fifty
fiftyone fiftyone
fiftythree fiftythree
fiftyfive fiftyfive
fiftyseven fiftyseven
sixty sixty
sixtyone sixtyone
sixtytwo sixtytwo
sixtyfive sixtyfive
sixtysix sixtysix
sixtyseven sixtyseven
sixtyeight sixtyeight
seventy seventy
seventyone seventyone
seventyfive seventyfive
seventyseven seventyseven
seventyeight seventyeight
seventynine seventynine
eightytwo eightytwo eightyone
eightyfour eightyfour
eightyseven eightyseven
eightyeight eightyeight
eightynine eightynine
ninetyfive ninetyfive
twentyone twenty
