0 20 79 12 36 86 15 150 92 182 70 59 89 83 104 4 31 5 173 63 13 17 33 78 6 51 183 120 98 90 28 84 121 9 194 94 82 113 11 85 144 43 29 75 62 176 34 179 48 46 2 66 134 132 69 41 30 55 193 80 54 16 96 100 24 56 65 21 52 74 19 153 50 93 26 37 68 72 22 71 58 81 18 39 184 7 76 97 27 105 67 116 130 64 73 122 95 3 88 10 8 57 40 91 1 61 25 38 14 188 77 49 87 47 35 42 99 32 53 20 0
99
80 80
29 29
27 27
12 12
77 77
5 5
74 74
21 21
35 35
24 24
37 37
93 93
67 67
41 41
83 83
79 79
97 97
51 51
19 19
50 50
4 4
94 94
33 33
84 84
96 96
98 98
69 69
76 76
13 13
78 78
92 92
39 39
95 95
25 25
47 47
63 63
82 82
73 73
70 70
91 91
22 22
66 66
36 36
26 26
15 15
64 64
20 20
31 31
17 17
46 46
55 55
2 2
53 53
81 81
57 57
65 65
88 88
49 49
72 72
54 54
30 30
89 89
16 16
0 0
58 58
42 42
18 18
75 75
59 59
8 8
38 38
11 11
34 34
85 85
32 32
62 62
10 10
71 71
52 52
14 14
6 6
43 43
86 86
61 61
48 48
90 90
99 99
1 1
9 9
7 7
28 28
40 40
68 68 23
87 87
56 56
3 3
183 44
176 45
116 60
