Wheeler Dwinelle LeConte Birge Campbell Haviland Koshland Stonefire Haas Faculty FSM Baker McCone BigC Pavilion Simons Koja LaNote Simons Pavilion BigC McCone Baker FSM Faculty Haas Minor Memorial McLaughlin South Stephens HearstAnnex Anthony GBC WayWest Cloyne Cafe3 Hearst Davis Kresge Normandy Cheit Soda Sather Soda Moffitt VLSB Etcheverry Latimer Evans Morrison Hertz Kroeber Lewis Greek Bechtel Jacobs Cory Greek Morrison Evans Wheeler
29
Jacobs Jacobs
Bechtel Bechtel
Moffitt Moffitt
Birge Birge
Morrison Morrison
Dwinelle Dwinelle
Haas Haas
McLaughlin McLaughlin
Kroeber Kroeber Boalt
Etcheverry Etcheverry
Anthony Anthony
Cheit Cheit
Cloyne Cloyne
Davis Davis
Hearst Hearst
Baker Baker Fiji
Stonefire Stonefire
Sather OCF Unit3 Barker Martinez
WayWest Warren Metropolitan
Stephens Moses
Memorial IHouse
Koja Legends TriDelta
LaNote Unit2
Pavilion PeoplePark
McCone CKerr
Koshland RSF
Wheeler Sproul
Latimer Foothill
Minor Hargrove
