Bowles Calvin Bowles Birge Bechtel Minor Memorial Maxwell Memorial Minor Bechtel Baker Strada Baker Bechtel Wilde StrawberryCreek Wolf Unit2 Greek Moses Pimentel Stacks Pimentel Moses Wellman Sutardja Kah Gregoire Kresge Boalt VLSB LeConte Campanile Bongo Campanile Wurster McCone Spats Stonefire PiLambda Stonefire Spats McCone Wurster Campanile LeConte Stanley Campbell MemorialStadium Hargrove BearFoodCourt SigmaPhiOmega Evan Blackwell Evan Jacob Foothill Haviland Morgan Haviland Foothill Dwinelle HearstAnnex Dwinelle Haas Crossroads Lawrence UCTheatre Lawrence Crossroads Haas Dwinelle Foothill Davis Hildebrand Davis Foothill Jacob TopDog Starbucks Chipotle Starbucks TopDog Jacob Hertz CVStarr Unit3 CKerr Unit3 CVStarr Hertz Jacob Hearst MLK Latimer Edwards Latimer Mulford Bowles
45
Evan Evan Cloyne
Foothill Foothill Unit1
Campbell Campbell Koshland Doe
Birge Birge
Campanile Campanile
Moses Moses Gypsys
VLSB VLSB NorthGate
Wellman Wellman
Mulford Mulford Crescent
HearstAnnex HearstAnnex Lothlorien
Haas Haas Pavilion
Boalt Boalt
Wurster Wurster Zellerbach
Blackwell Blackwell GenPlantBio
Greek Greek Safeway
Maxwell Maxwell Barrows
Calvin Calvin Graduate Etcheverry
Sutardja Sutardja
Kresge Kresge PeoplesPark Castro
Hildebrand Hildebrand YogurtPark
Morgan Morgan Martinez
Baker Baker Daiso Simons
Unit2 Unit2 IndianRock
Unit3 Unit3
CKerr CKerr WayWest Ridge
Stacks Stacks Sherman
Bongo Bongo ShengKee Cheeseboard
Strada Strada RoseGarden
Edwards Edwards Easterly
Crossroads Crossroads
Wilde Wilde
Wolf Wolf
Spats Spats
Chipotle Chipotle MFoundry
UCTheatre UCTheatre NCEM
StrawberryCreek StrawberryCreek
BearFoodCourt BearFoodCourt
PiLambda PiLambda PiAlphaPhi
Memorial AlphaSigmaPhi TacoBell
LeConte ALS RSF
Davis Browns
TopDog GammaPhiBeta Barker
MLK Rochdale
Bowles LaVals
Bechtel Extension
