0 86 90 85 98 12 62 81 10 20 58 11 96 4 3 54 75 29 3 51 57 31 53 89 1 35 64 7 25 24 70 65 5 22 77 17 68 17 13 0 100 102 100 104 100 103 100 105 100 106 100 107 100 101 111 101 115 101 110 101 108 101 109 101 113 101 112 101 100 0
50
1 1
4 4 87 49 14 63
5 5 42
7 7
10 10 99 83
13 13
17 17 66
20 20 43
22 22
24 24
25 25 59
29 29
31 31
35 35
51 51
53 53
54 54
57 57 21
58 58
62 62
65 65
68 68 44
70 70
75 75 18 28
77 77
81 81 82
85 85
86 86
89 89 26
90 90
96 96
98 98
100 100
101 101 117 198
102 102 124 123 118 121
104 104 136
105 105 138
106 106 147 146 145 149 142 144
109 109 167
112 112 179 180 182
113 113 188 189
11 55
3 56
64 72
103 127 130 128
107 152 153 151
111 178 177
115 196 194
110 168 169 172 173 171 175
108 156 154 160 158
