86 120 186 172 88 181 143 48 12 8 79 30 61 104 107 61 71 78 76 111 54 114 93 67 2 63 145 167 132 178 52 114 1 42 199 188 94 46 117 103 10 127 97 165 75 171 129 111 113 147 140 67 22 68 100 182 92 43 185 23 169 147 138 62 89 115 101 7 45 180 26 9 13 109 5 98 91 147 158 102 38 20 36 133 116 58 73 147 160 131 196 186 72 95 57 70 175 32 139 47 34 122 40 149 108 198 188 156 62 192 151 184 164 66 60 87 99 11 3 19 166 183 4 142 154 25 150 86
91
1 1
2 2
5 5
8 8
10 10
11 11
13 13
19 19
22 22
26 26
30 30
36 36
38 38
45 45
48 48
52 52
54 54
57 57
66 66
71 71
72 72
73 73
75 75
76 76
87 87
89 89
91 91
92 92
93 93
94 94
97 97
100 100
101 101
107 107
113 113
116 116
117 117
120 120
122 122
129 129
132 132
138 138
139 139
140 140
145 145
149 149
150 150
154 154
156 156
158 158
160 160
169 169
175 175
181 181
183 183
184 184
185 185
192 192
196 196
198 198
199 199
172 56
88 84 27
143 6
12 123
79 137 21
61 51 69
78 14
114 105
63 74
165 177
111 121
68 90 35
7 163
180 126 106 53
9 110
98 173
20 82
133 152
58 28
95 148
32 159 157
47 41
108 44
151 17 194
4 179
25 153 64
86 125
167 146
182 174
104 189
