31 74 65 128 52 46 167 196 175 168 188 164 173 198 170 184 195 169 171 197 191 180 179 199 186 137 12 120 33 105 29 57 89 151 125 35 64 38 69 60 110 138 134 32 58 6 30 34 20 141 119 131 13 81 115 14 66 68 7 86 22 103 117 123 106 27 49 78 147 93 108 67 160 4 28 9 88 152 82 149 94 45 21 140 156 99 48 114 121 47 90 143 80 83 148 42 77 127 146 112 107 31
100
4 4
6 6
7 7
9 9
12 12
13 13
14 14
20 20
21 21
22 22
27 27
28 28
29 29
30 30
32 32
33 33
34 34
35 35
38 38
42 42
45 45
46 46
47 47
48 48
49 49
52 52
57 57
58 58
60 60
64 64
65 65
66 66
67 67
68 68
69 69
74 74
77 77
78 78
80 80
81 81
82 82
83 83
86 86
88 88
89 89
90 90
93 93
94 94
99 99
103 103
105 105
106 106
107 107
108 108
110 110
112 112
114 114
115 115
117 117
119 119
120 120
121 121
123 123
125 125
127 127
128 128
131 131
134 134
137 137
138 138
140 140
141 141
143 143
146 146
147 147
148 148
149 149
151 151
152 152
156 156
160 160
164 164
167 167
168 168
169 169
170 170
171 171
173 173
175 175
179 179
180 180
184 184
186 186
188 188
191 191
195 195
196 196
197 197
198 198
199 199
