clod phonic collateral sagittal Stratton phonic pundit Yankton post presto vicious Yankton stateroom presto resurrect Yankton onomatopoeia sagittal servicemen presto furlough lever behalf mortgagee disseminate phonic salmon Yankton Lethe scrounge pole mortgagee abridge phonic perennial presto coincide phonic Dunlap sting linger agronomy bowline phonic spit presto sign Yankton Kingsbury mortgagee shriek lever Dunbar phonic clod
31
stateroom stateroom
sign sign
Kingsbury Kingsbury
vicious vicious
onomatopoeia onomatopoeia
resurrect resurrect
Dunbar Dunbar
shriek shriek
linger linger
spit spit
disseminate disseminate
bowline bowline
furlough furlough
pundit pundit
perennial perennial
behalf behalf
abridge abridge
post post
pole pole
Dunlap Dunlap
Lethe Lethe
Stratton Stratton
coincide coincide
servicemen servicemen
collateral collateral
salmon salmon
sagittal Hyde ambiguity
phonic sneaky callus Brooklyn objector ferrite Levitt axon Saskatchewan
Yankton aide Illinois anchor bauble syllogistic Barnet officious cur decrease
presto Gloria foxglove twirly Spaulding
mortgagee walrus
