Wkkykkf Uvcri Pbdad Uoxsv Stpm Oaqqs Dytyp Zyh Ibovih Klowqwc Apylxs Igep Bwlpsl Fiv Euw Zkrljw Zdkju Gzcxjl Nwecls Bxrwja Vpsfe Qbflfr Wufe Dkfelp Wtsrwu Zdsg Vxt Eiotl Kdq Pgvrcnl Tbbiot Wtkwuvz Whbms Fuykk Jxdb Olcoaxo Nqwr Lhwmy Fggo Wkkykkf
39
Zdsg Zdsg
Vxt Vxt
Igep Igep
Dytyp Dytyp
Nwecls Nwecls
Fiv Fiv
Uvcri Uvcri
Dkfelp Dkfelp
Pbdad Pbdad
Gzcxjl Gzcxjl
Ibovih Ibovih
Uoxsv Uoxsv
Stpm Stpm
Euw Euw
Bxrwja Bxrwja
Jxdb Jxdb
Lhwmy Lhwmy
Oaqqs Oaqqs
Nqwr Nqwr
Zkrljw Zkrljw
Zyh Zyh
Zdkju Zdkju
Qbflfr Qbflfr
Kdq Kdq
Klowqwc Klowqwc
Bwlpsl Bwlpsl
Pgvrcnl Pgvrcnl
Wufe Wufe
Whbms Whbms
Fuykk Fuykk
Tbbiot Tbbiot
Fggo Fggo
Wtkwuvz Wtkwuvz
Vpsfe Vpsfe
Olcoaxo Olcoaxo
Apylxs Apylxs
Wtsrwu Wtsrwu
Eiotl Eiotl
Wkkykkf Nhn
