142 121 137 48 76 24 53 131 63 171 140 171 135 137 66 106 111 90 143 77 160 108 148 46 4 174 3 91 181 18 70 92 9 33 133 41 152 68 128 122 64 69 158 195 178 52 134 14 54 99 150 21 157 86 78 186 78 60 193 16 177 126 12 197 38 118 190 183 0 26 149 22 185 5 115 39 132 187 85 103 18 181 153 139 145 72 27 147 58 130 175 34 100 163 8 45 159 151 167 142
54
3 3
4 4
133 133
137 137
140 140 129
14 14
145 145
16 16
21 21
150 150
22 22
151 151 93 144
157 157
158 158
159 159
34 34
33 33
38 38
167 167
39 39
41 41
174 174
46 46
48 48
177 177
178 178
181 181
183 183
186 186 55
58 58
60 60 124
63 63
64 64
195 195
197 197
70 70
69 69
76 76
77 77
90 90
91 91
106 106 127
108 108
115 115
121 121
131 35
135 97
66 44
99 141
85 89
153 23
139 30
8 31
9 7
