xse uok ybr jam phg zud ask zdb loj ckx kfu aeu cen ego fin dgl adx kxn mok vlb fgp xjt ceo tlh ksg rir qbf wiy emz vmt uuw nwn vvn mti jgt vzr fyc nhi cun nry agh bnl nko fbk vmv fjy kpp xeh aeg vtd hmi rjv idv ukv nii tdu tso cma ljd gex pjf wyg ocp njg wbg hpx qwk igs aii bdh rtc txq lrj nfr lwk fzi pvs ikb xme vwg nwc xnr khu fhv nmf fia lvm nvz qkp qdw zkt qxs ruo byu ptu ttw bda svk uau krr bod ogh tko qjf uwo miy jfh ils hcr nsw dkp rsg xse
99
jfh jfh
xme xme
uau uau
vvn vvn
loj loj
nii nii
bod bod
vzr vzr
byu byu
ttw ttw
uuw uuw
zkt zkt
bda bda
zud zud
jam jam
ljd ljd
vmt vmt
lwk lwk
mti mti
ocp ocp
fzi fzi
lrj lrj
nko nko
nry nry
txq txq
aii aii
ruo ruo
mok mok
fjy fjy
hmi hmi
qbf qbf
hpx hpx
vmv vmv
adx adx
qjf qjf
nhi nhi
kpp kpp
jgt jgt
aeg aeg
ybr ybr
lvm lvm
fia fia
qxs qxs
tso tso
tko tko
wyg wyg
svk svk
cen cen
wiy wiy
khu khu
qdw qdw
miy miy
nwc nwc
uok uok
cma cma
tdu tdu
fin fin
rtc rtc
fhv fhv
ogh ogh
nsw nsw
pjf pjf
fbk fbk
cun cun
vwg vwg
ptu ptu
bdh bdh
fyc fyc
hcr hcr
xjt xjt
kxn kxn
kfu kfu
idv idv
nmf nmf
ikb ikb
krr krr
bnl bnl
zdb zdb
xeh xeh
ksg ksg
vtd vtd
pvs pvs
wbg wbg
dgl dgl
emz emz
rjv rjv
ckx ckx
ukv ukv
uwo uwo
phg phg
rsg rsg
nvz nvz
gex gex
nfr nfr
tlh tlh
ego ego
ils ils
fgp fgp
qkp yug
