Evans WursterHall Campbell Eshelman Marugame Gilman BotanicalGardens ClarkKerr ThaiNoodle Dwinelle MLK LatimerHall Plentea Doe SatherGate GreekTheatre StrawberryCreek HearstMining VLSB HavilandHall BancroftLibrary LawrenceHall HappyLemon Moffit LeConte HortonHall UniversityVillage Wheeler Raretea Yifang BerkeleyWayWest AlumniHouse ImmThai Blackwell Underhill RSF Firewings CaliforniaHall Firewings DurantHall Unit2 Barrows KroeberHall Bowles Unit3 Milkbomb SouthHall Milkbomb MemorialGlade StrawberryCreek Unit1 HAAS Foothill Artichokes Evans
40
Doe Doe
HearstMining HearstMining
Wheeler Wheeler
LeConte LeConte
Moffit Moffit
Dwinelle Dwinelle
SouthHall SouthHall HesseHall
Gilman Gilman
CaliforniaHall CaliforniaHall InternationalHouse
Bowles Bowles HilgardHall ZellerbachHall
BancroftLibrary BancroftLibrary
DurantHall DurantHall
Campbell Campbell
GreekTheatre GreekTheatre CanyonPool
BerkeleyWayWest BerkeleyWayWest
LawrenceHall LawrenceHall
Unit1 Unit1
Unit2 Unit2 Stern
Unit3 Unit3 Boalt
Foothill Foothill
VLSB VLSB
RSF RSF
Blackwell Blackwell
MLK MLK HildebrandHall
Eshelman Eshelman
Barrows Barrows
HAAS HAAS BAMPFA
AlumniHouse AlumniHouse
BotanicalGardens BotanicalGardens
UniversityVillage UniversityVillage
HavilandHall HavilandHall
ThaiNoodle ThaiNoodle
HortonHall MemorialStadium
KroeberHall Etcheverry
MemorialGlade Kresge
SatherGate GiauqueHall
Plentea Soda SutardjaDai
ClarkKerr DavisHall
Marugame Campanile
Evans Cory
