Horse0 Breakfast74 Ring45 Settings5 Shower11 Whale59 Printer53 Mail88 Robot9 Ice32 Towel37 Dislike70 Water83 Websites81 Rollers48 Book41 Male84 Kitty14 Leash68 Water66 Bird93 Toilet20 BBQ86 Monster71 Monster39 Ice38 Leash89 Websites17 Rollers34 Shower15 Dislike21 Plus62 Post61 Comics49 Dislike51 Bird82 Whale22 Shelf25 Ice10 Floppy63 Prints23 Ice30 Cat13 Water52 Towel35 Allergies3 Flowers98 Solar58 Ring97 Running77 Breakfast42 Towel16 Soda57 Breakfast19 Horse55 Floppy64 Horse0
49
Horse0 Horse0
Allergies3 Allergies3
Settings5 Settings5
Robot9 Robot9
Ice10 Ice10
Shower11 Shower11
Cat13 Cat13
Kitty14 Kitty14
Shower15 Shower15
Towel16 Towel16
Websites17 Websites17
Breakfast19 Breakfast19
Toilet20 Toilet20
Whale22 Whale22
Prints23 Prints23
Shelf25 Shelf25
Ice30 Ice30 Allergies4
Rollers34 Rollers34
Towel35 Towel35
Towel37 Towel37
Ice38 Ice38
Monster39 Monster39
Book41 Book41
Ring45 Ring45
Rollers48 Rollers48
Comics49 Comics49
Dislike51 Dislike51
Water52 Water52
Printer53 Printer53
Horse55 Horse55
Soda57 Soda57
Solar58 Solar58
Whale59 Whale59
Post61 Post61
Plus62 Plus62
Floppy63 Floppy63
Water66 Water66
Leash68 Leash68
Monster71 Monster71
Breakfast74 Breakfast74
Running77 Running77
Websites81 Websites81
Bird82 Bird82
Male84 Male84
BBQ86 BBQ86
Mail88 Mail88
Bird93 Bird93
Ring97 Ring97
Flowers98 Flowers98
