S A E J O W G 7 12 17 Q Q3 127 E3 J3 O3 77 G3 91 H3 84 71 64 K3 F3 P3 58 M3 N3 V3 79 80 W3 C3 107 105 R3 T3 104 I3 D3 X3 Y3 82 68 62 57 B3 A3 49 V2 P2 K2 F2 E2 J2 O2 U2 T2 N2 I2 D2 C2 H2 M2 R2 Z2 Y2 Q2 L2 G2 B2 I 11 16 R X2 W2 20 15 Y 5 Z 6 M N U D C B P 8 T 10 H 3 X 2 K F S
72
A A
B B
C C
D D
J3 J3
K3 K3
M3 M3
N3 N3 U3
E E
F F
P P
O3 O3
U U
V3 V3
J J
K K
M M
N N V
W3 W3
X3 X3
O O
Y3 Y3
T T
G3 G3
H3 H3
C3 C3
D3 D3
W W
X X
Z Z
I3 I3
G G
H H
I I
B2 B2
C2 C2
D2 D2
E2 E2
F2 F2
Y Y
G2 G2
H2 H2
I2 I2
J2 J2
K2 K2
R3 R3
T3 T3
L2 L2
M2 M2
N2 N2
O2 O2
P2 P2
R R
Q2 Q2
R2 R2
T2 T2
U2 U2
V2 V2
Q Q
W2 W2
X2 X2
Y2 Y2
Z2 Z2 Z3
A3 A3
Q3 Q3
B3 B3
E3 E3
F3 F3
P3 P3
91 L3
3 L
49 A2
