Aberdeen SanAntonio Redding SaltLakeCity Chattanooga Lowell WestValleyCity Henderson StPetersburg Lewisville Elkhart Racine Montgomery SouthLyon Frederick Modesto SanBernardino Hartford Miramar McAllen GreenBay Palmdale Austin Winston Tuscaloosa Hampton Reno Aberdeen
22
SaltLakeCity SaltLakeCity
Hampton Hampton Newburgh
Winston Winston
Tuscaloosa Tuscaloosa
WestValleyCity WestValleyCity
Chattanooga Chattanooga
Modesto Modesto
Henderson Henderson
Lewisville Lewisville Gainesville
Miramar Miramar
Racine Racine
Reno Reno Springdale
Lowell Lowell
SanBernardino SanBernardino
SouthLyon SouthLyon
Austin Austin
Montgomery Montgomery
GreenBay GreenBay
SanAntonio SanAntonio
StPetersburg StPetersburg
Elkhart Pensacola
McAllen Marina
