Hayward Shreveport Orem NewBedford SouthLyon Norwalk Burlington Downey Topeka Henderson Vancouver GrandRapids SaintPaul ElPaso SanAntonio JohnsonCity HavredeGrace PuntaGorda Hemet Mobile SanBernardino PembrokePines VeroBeach SantaClara Aberdeen SimiValley NewportNews Cincinnati Independence RoundLakeBeach Lorain Scottsdale Omaha Champaign York Reno Ogden CathedralCity StPaul CorpusChristi PalmBay Hagerstown Plano Greenville OverlandPark Savannah Lacey PortArthur RichmondCounty Torrance Melbourne Lubbock Bryan Birmingham Barnstable Youngstown SouthBend Fresno Anchorage Utica Norwich SanBuenaventura Oxnard Albuquerque Hialeah Marina Kissimmee Huntsville ThousandOaks PortSaintLucie Olympia Syracuse Murrieta Harlingen Springfield Spartanburg LakeCharles HuntingtonBeach Sarasota Scranton Arvada Tyler Nashua LasVegas Stamford Marysville Boise Eugene Anaheim Columbus Visalia Carrollton Newburgh Waterbury Lafayette GreenBay Laredo Gastonia Hampton Salem Deltona Tucson NewYork Monroe Escondido Mesquite CapeCoral Bloomington Louisville Trenton Flint Fullerton Duluth Detroit Merced ElMonte McAllen Elkhart Modesto Hartford Shreveport Hayward
95
PuntaGorda PuntaGorda
Tyler Tyler
Cincinnati Cincinnati
ThousandOaks ThousandOaks
Norwich Norwich
PalmBay PalmBay
Tucson Tucson
Utica Utica
Albuquerque Albuquerque
Laredo Laredo
NewportNews NewportNews
Barnstable Barnstable
JohnsonCity JohnsonCity
Greenville Greenville
Eugene Eugene
Nashua Nashua
RoundLakeBeach RoundLakeBeach
Harlingen Harlingen
Newburgh Newburgh
HavredeGrace HavredeGrace
OverlandPark OverlandPark
Omaha Omaha
Topeka Topeka
CapeCoral CapeCoral
Deltona Deltona
Anchorage Anchorage
Marina Marina Frederick
Salem Salem
LasVegas LasVegas
Downey Downey
Hagerstown Hagerstown
Birmingham Birmingham
SanBuenaventura SanBuenaventura
Mesquite Mesquite
Flint Flint
McAllen McAllen
Lubbock Lubbock
CorpusChristi CorpusChristi
Fullerton Fullerton
GrandRapids GrandRapids
Boise Boise
Arvada Arvada
Oxnard Oxnard
Hemet Hemet
Scranton Scranton
Fresno Fresno
Waterbury Waterbury
LakeCharles LakeCharles
Stamford Stamford
Olympia Olympia
RichmondCounty RichmondCounty
Duluth Duluth
Modesto Modesto
Henderson Henderson NewYorkCity
HuntingtonBeach HuntingtonBeach
Huntsville Huntsville
Lacey Lacey
Burlington Burlington
Columbus Columbus
Savannah Savannah
Vancouver Vancouver
Detroit Detroit
Hialeah Hialeah
CathedralCity CathedralCity
Marysville Marysville Layton
GreenBay GreenBay
Monroe Monroe
Louisville Louisville
ElPaso ElPaso
SantaClara SantaClara
Kissimmee Kissimmee
Torrance Torrance
Hartford Hartford NorthLasVegas
Plano Plano
Bloomington Bloomington
NewBedford NewBedford
Elkhart Elkhart
Champaign Champaign Charlotte
Anaheim Anaheim
SaintPaul SaintPaul
York York
Spartanburg Spartanburg
Scottsdale Scottsdale
Aberdeen Aberdeen
Mobile Mobile
Melbourne Melbourne
Ogden Ogden
Orem Bethlehem
Norwalk StLouis
SanBernardino Pueblo
PembrokePines Racine
SouthBend Bakersfield
Carrollton SiouxFalls
Hampton Newark
NewYork Kalamazoo
