Soda C9 A7 B8 D1 D9 B9 D8 C3 E1 D4 D7 D5 C9 Soda A F M AC AM AN AO X O F A C J I C A G N AA AP Y Z AB H B A D K AI AU AS AI AH AW AK AJ T K D A E Q U AG V P E A Soda a0 a5 a9 b7 a4 a3 a8 b5 c1 d3 d6 a5 a0 c4 e3 b2 e5 b1 e7 e6 b3 c7 b2 c5 a0 c9 a7 b8 d1 d9 b9 d8 c3 e1 d4 d7 d5 c9 a0 Soda C5 B2 C7 B3 E6 E7 B1 E5 B2 E3 C5 Soda A5 A9 B7 A4 A3 A8 B5 C1 D3 D6 A5 Soda a b m ad l ax ac av ab k b a i j aa at as ar z aa j y ap ao v u x i a e p af ag o n d a g f r ak al t ak h a Soda
86
A3 A3
A5 A5
A7 A7 A1
A9 A9
B1 B1
B3 B3
B5 B5
B7 B7
B9 B9
C1 C1
C3 C3
C5 C5
C7 C7
C9 C9
D1 D1
D3 D3
D5 D5
D7 D7
D9 D9
E1 E1
E3 E3
E5 E5
E7 E7
H H
J J
N N
P P
Q Q
T T
AB AB
AC AC
AG AG
AO AO
AP AP
AS AS
AU AU
AW AW
b b
d d
f f
h h
j j
l l
n n
p p
r r
t t
v v
x x
z z
ab ab
ad ad
af af
al al
ap ap
ar ar
at at
av av
ax ax
a3 a3
a5 a5
a7 a7 a1
a9 a9
b1 b1
b3 b3
b5 b5
b7 b7
b9 b9
c1 c1
c3 c3
c5 c5
c7 c7
c9 c9
d1 d1
d3 d3
d5 d5
d7 d7
d9 d9
e1 e1
e3 e3
e5 e5
e7 e7
I AF
u an
ag ah
ak aj
