1 17 127 105 75 95 13 41 35 125 109 131 121 107 53 129 59 103 25 51 73 149 147 47 5 7 3 61 77 135 123 71 63 31 23 111 43 11 93 119 15 97 19 37 69 137 79 39 133 85 49 115 143 81 141 57 45 91 29 55 139 87 145 67 9 33 117 101 83 89 27 99 21 65 113 1
75
1 1
129 129
3 3
131 131
5 5
133 133
7 7
135 135
9 9
137 137
11 11
139 139
13 13
141 141
15 15
143 143
17 17
145 145
19 19
147 147
21 21
149 149
23 23
25 25
27 27
29 29
31 31
33 33
35 35
37 37
39 39
41 41
43 43
45 45
47 47
49 49
51 51
53 53
55 55
57 57
59 59
61 61
63 63
65 65
67 67
69 69
71 71
73 73
75 75
77 77
79 79
81 81
83 83
85 85
87 87
89 89
91 91
93 93
95 95
97 97
99 99
101 101
103 103
105 105
107 107
109 109
111 111
113 113
115 115
117 117
119 119
121 121
123 123
125 125
127 127
