Glameow Inkay Spheal Gigalith Buneary Glalie Throh Fomantis Poochyena Piplup Meganium Turtwig Wailord Feebas Togepi Sigilyph Yanma Electivire Gumshoos Bergmite Spiritomb Ivysaur Zygarde Ledian Beheeyem Golett Wartortle Furret Electivire Archeops Loudred Glameow
23
Electivire Electivire
Spiritomb Spiritomb
Wailord Wailord
Gumshoos Gumshoos
Ledian Ledian
Buneary Buneary
Bergmite Bergmite
Glalie Glalie
Inkay Inkay
Zygarde Zygarde
Togepi Togepi
Yanma Yanma
Piplup Piplup
Archeops Archeops
Spheal Spheal Gothorita
Meganium Meganium
Furret Furret
Loudred Loudred
Gigalith Gigalith
Golett Golett
Beheeyem Beheeyem Leavanny
Fomantis Mudbray
Ivysaur Spinarak
