0 52 143 83 91 75 130 174 101 84 68 126 20 156 179 103 114 85 167 15 46 106 135 98 16 17 151 27 199 197 157 63 149 48 189 73 131 145 109 176 195 6 160 55 105 153 181 152 144 74 41 72 171 11 134 168 117 147 82 36 125 116 59 97 19 45 70 140 155 42 40 111 193 136 113 185 92 76 198 187 108 139 53 196 31 138 12 34 30 141 4 69 180 87 183 128 5 26 9 88 62 23 121 102 166 122 7 67 13 80 0
94
4 4
9 9
11 11
13 13
16 16
17 17
19 19
20 20
23 23
26 26
27 27
30 30
31 31
34 34
36 36
40 40
42 42
45 45 137
46 46
48 48
52 52
53 53
55 55
59 59
62 62
63 63 81
67 67
69 69
70 70
72 72
74 74
75 75
76 76
80 80
82 82
83 83
84 84
85 85
87 87
88 88
91 91
97 97
98 98
102 102
103 103 184
105 105
106 106
108 108
109 109
111 111
114 114
116 116
117 117
121 121
122 122 162 35
125 125
126 126
128 128
130 130
131 131
134 134
136 136
138 138 50
139 139
140 140
143 143
144 144
145 145
147 147
149 149
151 151
152 152
156 156
157 157
160 160
166 166
168 168
171 171
174 174
176 176
179 179
180 180
181 181
183 183
185 185
189 189
195 195
196 196
197 197
198 198
199 199
68 66
73 177
92 10
