1 68 55 127 83 100 77 177 164 105 100 101 115 18 100 12 8 30 170 84 124 195 178 100 183 155 137 100 57 35 26 100 134 60 191 174 100 180 171 54 159 199 158 21 141 100 142 151 50 88 19 100 196 45 100 129 89 189 100 0 22 111 100 97 99 193 49 119 117 43 131 76 59 121 157 100 80 175 44 100 25 93 29 27 125 182 100 163 32 160 16 1
77
0 0
1 1
8 8
12 12
16 16
18 18
19 19
21 21
22 22
25 25
26 26
27 27
29 29
30 30
32 32
35 35
43 43
44 44
45 45
49 49
50 50
54 54
55 55
57 57
59 59
60 60
68 68
76 76
77 77
80 80
83 83
84 84
88 88
89 89
93 93
97 97
99 99
101 101
105 105
111 111
115 115
117 117
119 119
121 121
124 124
125 125
127 127
129 129
131 131
134 134
137 137
141 141
142 142
151 151
155 155
157 157
158 158
159 159
160 160
163 163
164 164
170 170
171 171
174 174
175 175
177 177
178 178
180 180
182 182
183 183
189 189
191 191
193 193
195 195
196 196
199 199
100 82 194 10 3 38 186 63 15 153 148 150 188 56 31 28 138 113 24 36 172 192 86 74 136
