Soda Burkina Malawi Mayotte Ireland China Lao Macedonia Burundi Congo Luxembourg Argentina Pakistan Saint Belize Croatia Sint Egypt Korea British Aruba Liberia Hong Palau Sao Kyrgyzstan Antigua Republic Algeria Niger United Albania New Moldova Latvia Japan Pitcairn Macao Iran Iraq Germany Fiji Netherlands Jamaica Cambodia Finland Lebanon Singapore Rwanda Nigeria Indonesia Bahamas Mexico Kiribati Northern Soda
50
United United
Cambodia Cambodia
Aruba Aruba
Saint Saint
Argentina Argentina
Lebanon Lebanon
Rwanda Rwanda
Sint Sint
Japan Japan
Burundi Burundi
Fiji Fiji
Liberia Liberia
Jamaica Jamaica
Netherlands Netherlands
Albania Albania
Antigua Antigua
Republic Republic
Sao Sao
Lao Lao
Kyrgyzstan Kyrgyzstan
Macao Macao
Mayotte Mayotte
Iraq Iraq
British British
Latvia Latvia
Mexico Mexico
New New
Egypt Egypt
Singapore Singapore
Malawi Malawi
Korea Korea
Congo Congo
Indonesia Indonesia
Finland Finland
Burkina Burkina
Niger Niger
Hong Hong
Pitcairn Pitcairn
Luxembourg Luxembourg
Bahamas Bahamas
Ireland Ireland
Pakistan Pakistan
Palau Palau
Nigeria Nigeria
Northern Northern
Algeria Algeria
Kiribati Kiribati
Belize Belize
Moldova Moldova
Croatia Croatia
