FleaBottom RockofKuthian Olivanders TheBurningPlains Yll HighGarden TheGreatDivide Trebon Eggmanland Batcave GringottsBank Ebonfall SatishVille Ademre TheBoilingRock UtgardMountain Glimthain Lorien TheSpine ShriekingShack Lorien TheVale Carvahall Westopolis Arkham MinistryofMagic Accrington Peterborough Urubaen Bobbingbourne FleaBottom
24
Olivanders Olivanders
Yll Yll
TheBoilingRock TheBoilingRock
TheBurningPlains TheBurningPlains
Batcave Batcave
SatishVille SatishVille
Eggmanland Eggmanland
TheVale TheVale
Trebon Trebon
ShriekingShack ShriekingShack
UtgardMountain UtgardMountain
TheGreatDivide TheGreatDivide
Glimthain Glimthain
Bobbingbourne Bobbingbourne
Accrington Accrington
MinistryofMagic MinistryofMagic
HighGarden HighGarden Vintas
Westopolis Westopolis
Ademre Ademre
Urubaen Urubaen
Arkham Arkham
Ebonfall Ebonfall
GringottsBank GringottsBank
TheSpine Coalwatch
