0 7 25 7 2 5 2 7 0 80 81 82 83 84 85 86 87 88 89 90 91 92 93 94 95 96 97 98 99 100 101 102 103 104 105 106 107 108 109 110 111 112 113 114 115 116 117 118 119 80 0 1 18 1 19 3 9 3 13 17 13 3 19 1 12 26 12 1 0 8 4 15 4 16 24 16 4 10 6 10 4 8 11 22 11 8 0
43
1 1 45 21 28 58
2 2 77 67 70 55 72 56 42 23
3 3 27 41 54 49
4 4 43 69 38
5 5 78 37 50 39
6 6 20 31 34 73 53
7 7
8 8 51 57 65 75
9 9 35 48 68
10 10 74 36 40
11 11 64 46
12 12 63
13 13
15 15 47
16 16
17 17 32
18 18 62
19 19
22 22 76
24 24 61
25 25 59
26 26 129
80 80
82 82
84 84
86 86
88 88
90 90
92 92
94 94
96 96
98 98
100 100
102 102
104 104
106 106
108 108
110 110
112 112
114 114
116 116
118 118
0 33 60 14 29 30 71 52 44 79 66
