runcation backpay flourless decouples begynnynge toper husbandman multifaith kempy Carazo medicine ungroomed foreshores haligi timefuse palatial agistments holodeck tholoi triforium stinkbugs offset pentine thereagain wolfer metre blackdye construed megahero perfusive Lipetsk grilses wheatberry infants broomer prairies destinate draftox aliens yuzus maxim chargeback bewitch urethritic almshouse montages undramatic turbid stips silicon cutout usant torsions trikini baken tuneful Simferopol ephas conceiv hambone fibrates festuca passcards huddle wintrier yokeline erysipelas nervus miticides inurns Marah unbribable cloaca fason coalblack retexture stoble jaborandi dollying polyuria lionfish greatborn turnoff Astaire colocynth revolution ilian oogle Muscogee bookhouses boomah tipuana tutelar embittered forepast wideband Margery lichened Massorete quakerlike runcation
100
runcation runcation
multifaith multifaith
ephas ephas
tuneful tuneful
Simferopol Simferopol
conceiv conceiv
quakerlike quakerlike
triforium triforium
ungroomed ungroomed
cloaca cloaca
haligi haligi
Lipetsk Lipetsk
fason fason
turbid turbid
baken baken
inurns inurns
medicine medicine
construed construed
erysipelas erysipelas
Margery Margery
palatial palatial
backpay backpay
jaborandi jaborandi
kempy kempy
boomah boomah
torsions torsions
Astaire Astaire
montages montages
trikini trikini
foreshores foreshores
unbribable unbribable
toper toper
hambone hambone
begynnynge begynnynge
retexture retexture
colocynth colocynth
chargeback chargeback
bewitch bewitch
aliens aliens
bookhouses bookhouses
festuca festuca
Marah Marah
thereagain thereagain
lionfish lionfish
blackdye blackdye
metre metre
wolfer wolfer
flourless flourless
Carazo Carazo
tholoi tholoi
usant usant
decouples decouples
dollying dollying
perfusive perfusive
embittered embittered
tipuana tipuana
holodeck holodeck
stips stips
fibrates fibrates
yokeline yokeline
wintrier wintrier
husbandman husbandman
Massorete Massorete
stinkbugs stinkbugs
miticides miticides
undramatic undramatic
destinate destinate
megahero megahero
urethritic urethritic
tutelar tutelar
passcards passcards
almshouse almshouse
agistments agistments
silicon silicon
wheatberry wheatberry
stoble stoble
offset offset
ilian ilian
prairies prairies
broomer broomer
oogle oogle
huddle huddle
wideband wideband
Muscogee Muscogee
greatborn greatborn
coalblack coalblack
draftox draftox
grilses grilses
polyuria polyuria
cutout cutout
timefuse timefuse
yuzus yuzus
lichened lichened
infants infants
turnoff turnoff
maxim maxim
pentine pentine
revolution revolution
forepast forepast
nervus nervus
