140 135 108 186 161 96 18 77 152 190 146 94 195 159 8 166 12 173 93 97 197 120 35 89 82 73 147 151 29 168 127 45 21 19 11 79 130 6 154 23 160 158 95 149 128 185 133 80 42 134 59 62 167 9 61 177 32 115 53 169 139 101 41 180 184 85 14 112 22 178 188 10 196 47 162 36 182 104 25 132 150 56 122 13 102 107 50 44 174 117 49 4 103 76 125 179 7 175 84 57 83 55 176 123 153 140
93
4 4
6 6
7 7
8 8
9 9
10 10
11 11
12 12 193
13 13
14 14
18 18
19 19
21 21
22 22
25 25
29 29
32 32
35 35
36 36
41 41
42 42
44 44
45 45 5
47 47
49 49
50 50
53 53
55 55
56 56
57 57
59 59
61 61
62 62
73 73
76 76
77 77
79 79
80 80 40
82 82
83 83 142
84 84
85 85
89 89
93 93 39
94 94
95 95
96 96
97 97
101 101
102 102
103 103
104 104
108 108
112 112
115 115
117 117
123 123
125 125
127 127
128 128
130 130
132 132
133 133 114
134 134
135 135
139 139
146 146
150 150 27
151 151
153 153
154 154
158 158
159 159
160 160
166 166
167 167
168 168
169 169
173 173
175 175
176 176
177 177
178 178
179 179
182 182
185 185
186 186
190 190
196 196
197 197
152 170
23 65
122 51
