aliquam vestibulum ultricies fames et malesuada imperdiet sagittis placerat eu enim cras porttitor semper nec mauris euismod cursus habitant nisi vitae mattis condimentum viverra ornare maecenas lectus senectus platea praesent quisque lorem congue suscipit sed consectetur mi gravida turpis adipiscing quis ut habitasse eros aliquam
43
sagittis sagittis
semper semper
condimentum condimentum
mattis mattis
lectus lectus
vitae vitae
habitant habitant
senectus senectus
et et
malesuada malesuada
fames fames
turpis turpis
sed sed
ultricies ultricies
mi mi
quis quis
lorem lorem
consectetur consectetur
adipiscing adipiscing
praesent praesent
gravida gravida
cursus cursus
habitasse habitasse
platea platea
quisque quisque
mauris mauris
congue congue
nisi nisi
suscipit suscipit
maecenas maecenas
enim enim
ut ut
viverra viverra
cras cras
eu eu
placerat placerat
vestibulum vestibulum
eros eros
ornare ornare
imperdiet imperdiet
euismod euismod
porttitor porttitor
nec nec
