AAA AAB AAC AAD ABD ACD ABD ABC ABB ACB ACA ADA BAA BBA BCA BDA CAA CAB CBB CBC CAC CAD CBD CCD CDD CDC CDB CDA DAA DAB DAC DAD DBD DCD DBD DBC DBB DCB DCA DDA EAA EAB EBB EBC EAC EAD EBD ECD EDD EDC EDB EDA FAA FAB FAC FAD FBD FCD FCC FCB FBB FAB FAA EDA ECA ECB EBB EAB EAA DDA DCA DBA DAA CDA CCA CBA CAA BDA BCA BCB BCC BCD BBD BAD BAC BBC BBB BAB BAA ADA ACA ABA AAA
31
AAD AAD
ABB ABB
ABC ABC
ACB ACB
ACD ACD ADD
BAD BAD
BBB BBB
BBC BBC
BCB BCB
BCD BCD BDD
CAD CAD
CBB CBB CCB
CBC CBC
CCD CCD
CDD CDD
DAD DAD
DBB DBB
DBC DBC
DCB DCB
DCD DCD DDD
EAD EAD
EBB EBB
EBC EBC
ECB ECB
ECD ECD
EDD EDD
FAD FAD
FBB FBB
FCB FCB
FCD FCD FDD
FAC FBC
