AAA AAB AAC AAD ABD ACD ADD ADC ADB ADA BAA BBA BCA BDA CAA CAB CBB CBC CAC CAD CBD CCD CDD CDC CDB CDA DAA DAB DBB DBC DAC DAD DBD DCD DDD DDC DDB DDA EAA EBA ECA EDA FAA FBA FCA FDA GAA GAB GAC GBC GBB GCB GCA GDA HAA HAB HBB HBC HAC HAD HBD HCD HDD HDC HDB HDA IAA IBA ICA IDA JAA JBA JCA JDA KAA KAB KBB KBC KAC KAD KBD KCD KDD KDC KDB KDA LAA LAB LAC LAD LBD LCD LCC LCB LBB LBC LAC LAB LAA KDA KCA KCB KBB KAB KAA JDA JCA JCB JCC JCD JBD JAD JAC JBC JBB JAB JAA IDA IDB IDC IDD ICD ICC ICB IBB IBC IAC IAB IAA HDA HCA HBA HAA GDA GDB GDC GDD GCD GBD GAD GAC GAB GAA FDA FDB FDC FDD FCD FBD FAD FAC FBC FBB FAB FAA EDA ECA ECB ECC ECD EBD EAD EAC EBC EBB EAB EAA DDA DCA DBA DAA CDA CCA CBA CAA BDA BCA BCB BBB BBC BBD BCD BBD BAD BAC BAB BAA ADA ACA ACB ABB ABC AAC AAB AAA
64
AAD AAD
ABB ABB
ABC ABC
IBB IBB
IBC IBC
ACB ACB
ICB ICB
ACD ACD
ICD ICD
ADD ADD
IDD IDD
BAD BAD
JAD JAD
BBB BBB
BBC BBC
JBB JBB
JBC JBC
BCB BCB
JCB JCB
BCD BCD BDD
JCD JCD JDD
CAD CAD
KAD KAD
CBB CBB CCB
CBC CBC
KBB KBB
KBC KBC
KCB KCB
CCD CCD
KCD KCD
CDD CDD
KDD KDD
DAD DAD
LAD LAD
DBB DBB DCB
DBC DBC
LBB LBB
LBC LBC
LCB LCB
DCD DCD
LCD LCD LDD
DDD DDD
EAD EAD
EBB EBB
EBC EBC
ECB ECB
ECD ECD EDD
FAD FAD
FBB FBB FCB
FBC FBC
FCD FCD
FDD FDD
GAD GAD
GBB GBB
GBC GBC
GCB GCB
GCD GCD
GDD GDD
HAD HAD
HBB HBB HCB
HBC HBC
HCD HCD
HDD HDD
IAC IAD
