Wrightsville Irvington Hsinchu Zanzibar Necochea Leeuwarden Mzimba Pljevlja Changde Bayonne Asti Progress Ljutomer Ayacucho Rivas Sayhut Gemena Metz Temirtau Coihaique Golubac Rauna Praya Maywood Gevgelija Palopo Wrightsville
25
Leeuwarden Leeuwarden
Hsinchu Hsinchu
Irvington Irvington
Bayonne Bayonne
Rauna Rauna
Mzimba Mzimba
Gemena Gemena
Changde Changde
Golubac Golubac
Zanzibar Zanzibar
Rivas Rivas
Temirtau Temirtau
Ljutomer Ljutomer
Pljevlja Pljevlja
Progress Progress
Palopo Palopo
Asti Asti
Necochea Necochea
Sayhut Sayhut
Praya Praya
Metz Metz
Gevgelija Gevgelija
Ayacucho Ayacucho
Coihaique Coihaique
Maywood Maywood
