Gastre Bovec Daloa Narva Maidenhead Bosilovo Leo Pingtung Benha Scranton Caen Destrnik Triesen Kyrenia Scottsdale Juliaca Cocieri Kalgoorlie Winters Taungoo Polatsk Cumming Polevskoy Coatzacoalcos Chepes Sambava Allahabad Dongola Punakha Absecon Aasiaat Forteau Charlestown Gwadar Bell Coronel Luganville Visby Derby Sholapur Kindu Channahon Branson Baicheng Woodinville Hope Tukchi Clay Malolos Neryungri Bungoma Gastre
50
Allahabad Allahabad
Benha Benha
Cumming Cumming
Maidenhead Maidenhead
Kalgoorlie Kalgoorlie
Malolos Malolos
Bovec Bovec
Woodinville Woodinville
Tukchi Tukchi
Polevskoy Polevskoy
Scranton Scranton
Destrnik Destrnik
Charlestown Charlestown
Baicheng Baicheng
Clay Clay
Luganville Luganville
Coronel Coronel
Kindu Kindu
Chepes Chepes
Taungoo Taungoo
Channahon Channahon
Neryungri Neryungri
Narva Narva
Sambava Sambava
Winters Winters
Cocieri Cocieri
Kyrenia Kyrenia
Derby Derby
Visby Visby
Bosilovo Bosilovo
Dongola Dongola
Coatzacoalcos Coatzacoalcos
Bungoma Bungoma
Polatsk Polatsk
Aasiaat Aasiaat
Hope Hope
Branson Branson
Absecon Absecon
Gwadar Gwadar
Triesen Triesen
Juliaca Juliaca
Pingtung Pingtung
Scottsdale Scottsdale
Sholapur Sholapur
Daloa Daloa
Bell Bell
Caen Caen
Punakha Punakha
Leo Leo
Forteau Forteau
