Soda Location31 Location8 Location30 Location3 Location32 Location39 Location0 Location18 Location9 Location21 Location2 Location42 Location5 Location38 Location33 Location43 Location22 Location10 Location13 Location29 Location36 Location45 Soda
19
Location0 Location0
Location2 Location2
Location5 Location5
Location9 Location9
Location10 Location10
Location13 Location13
Location21 Location21
Location22 Location22
Location29 Location29
Location30 Location30
Location31 Location31
Location32 Location32
Location33 Location33
Location38 Location38 Location19
Location42 Location42
Location43 Location43
Location45 Location45
Location36 Location44
Soda Location40
