mqncr qxsoe jkkgv jemlu sbnmi anscp mbqyg fnipk xphcw ygust hribg jxcvu qrmyp kdtrw nppux hrhzb lukkm tyjab iggzg cegzm igpmu ssyjd ylsow peobk derxh ilbfw fjrpj btqda yuvek xftof dkdci mqreu mwoev dsfpg jvfig qpjoh kwvgs diapc qcfox cakfa jjlwh qfcxo dxllq innfa bymoa aoxfw ayayj gztsf mpjyf mlqbj tctxs awsuk dsbhm gkosc vnnvv mrnva pvzeb vzoqh eakkr qotnp edxoe macxu iigud ibnyw cfspg rnrth wwphq lhsag irkbu mxihv pnmkd axdtz piswp rtshe mzwec eludu gpwkr mjgiw qkftw gsdqj mnymy tcxbn ypkmm lfdet zcixl fblut qwmew tcqqe eustb sxqhs ywyyb sfgmu drlqp uooez byjai jwmjp kqysx eqddq yuuqu bwinl drrap mqncr
100
eqddq eqddq
fblut fblut
ypkmm ypkmm
jwmjp jwmjp
qfcxo qfcxo
iggzg iggzg
gztsf gztsf
xphcw xphcw
uooez uooez
qotnp qotnp
sxqhs sxqhs
mpjyf mpjyf
gkosc gkosc
mlqbj mlqbj
mqreu mqreu
dsbhm dsbhm
dkdci dkdci
nppux nppux
dsfpg dsfpg
jxcvu jxcvu
yuuqu yuuqu
wwphq wwphq
dxllq dxllq
qxsoe qxsoe
ayayj ayayj
lfdet lfdet
eludu eludu
btqda btqda
mnymy mnymy
macxu macxu
pvzeb pvzeb
mzwec mzwec
eustb eustb
peobk peobk
hribg hribg
lukkm lukkm
rnrth rnrth
bymoa bymoa
diapc diapc
cakfa cakfa
kwvgs kwvgs
qrmyp qrmyp
bwinl bwinl
gsdqj gsdqj
edxoe edxoe
jjlwh jjlwh
lhsag lhsag
ygust ygust
qcfox qcfox
qpjoh qpjoh
mjgiw mjgiw
tctxs tctxs
jvfig jvfig
vzoqh vzoqh
mwoev mwoev
vnnvv vnnvv
ilbfw ilbfw
eakkr eakkr
rtshe rtshe
xftof xftof
sbnmi sbnmi
anscp anscp
kqysx kqysx
tcxbn tcxbn
qkftw qkftw
drrap drrap
fjrpj fjrpj
derxh derxh
ylsow ylsow
gpwkr gpwkr
ywyyb ywyyb
qwmew qwmew
drlqp drlqp
fnipk fnipk
mxihv mxihv
pnmkd pnmkd
sfgmu sfgmu
ssyjd ssyjd
cegzm cegzm
jemlu jemlu
innfa innfa
mbqyg mbqyg
ibnyw ibnyw
piswp piswp
hrhzb hrhzb
zcixl zcixl
jkkgv jkkgv
igpmu igpmu
cfspg cfspg
byjai byjai
irkbu irkbu
aoxfw aoxfw
kdtrw kdtrw
awsuk awsuk
axdtz axdtz
yuvek yuvek
mrnva mrnva
tcqqe tcqqe
iigud iigud
tyjab tyjab
