Soda Idwoxehtk Ncyuq Gsbrvvyhxcc Cgcszojbs Plptbkef Gzgo Rfwigv Ukih Wgigv Kvcj Bbvlwxnejni Wksfdqrv Kahi Rjuvckvy Sicichvcten Rjuvckvy Fpujhjd Ojnvskrpfp Hbogcfyxa Obpzvveihj Xmibe Ygykrl Dacrfmpv Rfgfrncmnd Ycnmyyspjf Naovhz Pvqvkpcd Xiykasaul Soda
23
Ncyuq Ncyuq
Xmibe Xmibe
Kvcj Kvcj
Ojnvskrpfp Ojnvskrpfp
Xiykasaul Xiykasaul
Dacrfmpv Dacrfmpv
Hbogcfyxa Hbogcfyxa
Fpujhjd Fpujhjd
Plptbkef Plptbkef
Pvqvkpcd Pvqvkpcd
Ygykrl Ygykrl
Soda Soda
Wgigv Wgigv
Rfwigv Rfwigv Sjwkqvmzq
Gsbrvvyhxcc Gsbrvvyhxcc
Rjuvckvy Rjuvckvy
Ycnmyyspjf Ycnmyyspjf
Sicichvcten Sicichvcten Wdhdwqbb
Wksfdqrv Wksfdqrv
Idwoxehtk Idwoxehtk
Obpzvveihj Xgyovgk
Bbvlwxnejni Jdqn
Cgcszojbs Ncul
