KMZ EVY CSI GEV VZI RDP EXX ACK GMG OUR KVT WZI YET SZK NSY UAO WPB YQU KAL XNM MQG RHL VIF PSZ KDH YEC COR FYE BWL DEW KQK XFP FBZ WYK CDW HTV GAZ MBM BUN ZUA YFA TFL VTA BVP HSN BMH NDM ZES JTH GVH NLD HGZ XNH HTU GJK NYW XWZ IKT VSQ EFO BTR HDY WDE MWC DGD XXL WVO CEA FZZ HON XYT QOE VNH ZCR XPB KDF GJW KNQ QUS IYC KBZ HPL DZY IEN LRF YGM MWN MMI EKW RWN PKG OBR URI ENU YWR LCB WDN KDO AFO WXC PWL KMZ
100
OUR OUR
PSZ PSZ
BMH BMH
DEW DEW
NYW NYW
MWN MWN
RHL RHL
GAZ GAZ
MMI MMI
KDH KDH
KDF KDF
WDN WDN
EKW EKW
VSQ VSQ
CDW CDW
VZI VZI
GJW GJW
KBZ KBZ
XNM XNM
WXC WXC
HPL HPL
YEC YEC
ENU ENU
RWN RWN
YWR YWR
HDY HDY
WPB WPB
MQG MQG
EFO EFO
GVH GVH
YGM YGM
XNH XNH
PKG PKG
XWZ XWZ
VNH VNH
EVY EVY
MWC MWC
NDM NDM
VTA VTA
AFO AFO
HSN HSN
JTH JTH
QUS QUS
FBZ FBZ
KNQ KNQ
QOE QOE
HGZ HGZ
XFP XFP
XPB XPB
BVP BVP
GJK GJK
HTU HTU
HTV HTV
IKT IKT
XXL XXL
ZES ZES
BUN BUN
PWL PWL
UAO UAO
LCB LCB
KQK KQK
KDO KDO
BWL BWL
VIF VIF
COR COR
WYK WYK
OBR OBR
WZI WZI
FZZ FZZ
KAL KAL
ZUA ZUA
URI URI
IYC IYC
GEV GEV
CEA CEA
MBM MBM
NLD NLD
YFA YFA
DGD DGD
CSI CSI
RDP RDP
WVO WVO
DZY DZY
YET YET
KVT KVT
TFL TFL
SZK SZK
ZCR ZCR
IEN IEN
BTR BTR
EXX EXX
LRF LRF
WDE WDE
YQU YQU
ACK ACK
GMG GMG
NSY NSY
FYE FYE
HON HON
XYT XYT
