0 18 13 21 53 38 193 80 93 43 187 71 68 7 56 10 116 48 139 97 69 72 64 26 143 109 91 30 112 73 102 65 44 45 90 66 79 25 33 58 46 47 62 76 20 105 51 32 120 161 86 63 39 57 29 92 40 14 133 154 19 12 34 99 5 36 35 110 42 77 28 61 15 23 94 41 27 157 54 84 1 70 95 83 88 180 6 96 22 75 151 135 16 177 67 100 24 192 98 59 87 17 181 52 55 78 145 37 60 49 85 89 81 153 2 114 3 0
96
13 13
97 97
48 48
87 87
95 95
81 81
44 44
17 17
29 29
40 40
21 21 82
25 25 4
16 16
85 85
88 88
6 6
86 86
68 68
93 93
75 75
53 53
3 3
70 70
61 61 9
58 58
19 19
60 60
64 64
33 33
73 73
46 46
80 80
14 14
52 52
42 42
83 83
99 99
49 49
34 34
65 65
27 27
41 41
22 22
79 79
18 18
5 5
1 1
15 15
55 55
2 2
43 43 11
84 84
20 20
54 54
94 94
37 37
69 69
66 66
0 0
92 92
32 32
62 62
10 10
28 28
56 56
38 38
71 71
78 78
90 90
24 24
47 47
12 12
7 7
59 59
98 98
72 72
45 45
23 23
63 63
57 57
67 67
35 35
36 36
89 89
39 39
30 30
26 26
96 96
76 76
77 77
51 51
91 91
109 50
105 8
133 31
177 74
