144 47 11 158 28 19 120 127 49 64 136 53 83 174 170 67 124 74 157 147 159 70 183 142 76 131 42 87 43 108 24 104 156 130 186 106 126 21 78 14 169 107 90 165 66 122 3 132 88 112 44 114 110 13 62 16 188 39 75 8 79 152 92 185 128 93 7 99 95 119 51 187 141 18 133 144
72
128 128
130 130
3 3
131 131
132 132
133 133
7 7
8 8
136 136
11 11
13 13
14 14
141 141
16 16
142 142
18 18
19 19
147 147
21 21
24 24
152 152
28 28
156 156
157 157
158 158
159 159
165 165
39 39
169 169
42 42
43 43
44 44
170 170
174 174
47 47
49 49
51 51
53 53
183 183
187 187
188 188
62 62
64 64
66 66
67 67
70 70
74 74
75 75
76 76
78 78
79 79
83 83
87 87
88 88
90 90
92 92
93 93
95 95
99 99
104 104
106 106
107 107
108 108
110 110
112 112
114 114
119 119
120 120
122 122
124 124
126 126
127 127
