0 21 63 194 149 59 186 24 5 93 35 45 189 195 50 77 13 130 72 79 91 23 136 170 179 139 101 10 172 143 163 76 49 142 64 108 193 31 52 177 175 47 1 164 82 100 62 178 66 140 132 46 131 71 133 97 94 87 51 115 67 150 168 38 27 2 34 103 183 11 28 146 85 104 12 78 120 121 126 68 105 110 99 30 155 22 42 44 127 141 152 73 39 192 29 88 162 14 26 56 0
98
1 1
2 2
5 5
10 10
11 11
12 12
13 13
14 14
21 21
22 22
23 23
24 24
26 26
27 27
28 28
29 29
30 30
31 31
34 34
35 35
38 38
39 39
42 42
44 44
45 45
46 46
47 47
49 49
50 50
51 51
52 52
56 56
59 59
62 62
63 63
64 64
66 66
67 67
68 68
71 71
72 72
73 73
76 76
77 77
78 78
79 79
82 82
85 85
87 87
91 91
93 93
94 94
97 97
99 99
100 100
101 101
103 103
104 104
105 105
108 108
110 110
115 115
120 120
121 121
126 126
127 127
130 130
131 131
132 132
133 133
136 136
139 139
140 140
141 141
142 142
143 143
146 146
149 149
150 150
152 152
155 155
162 162
163 163
164 164
168 168
170 170
172 172
175 175
177 177
178 178
179 179
183 183
186 186
189 189
192 192
193 193
194 194
195 195
