aa0 aa1 aa5 aa8 aa2 aa4 aa2 aa8 aa9 ab0 ab1 ab5 ab8 ab7 ab4 ab7 ab8 ab9 ac0 ac5 ac8 ac6 ac3 ac2 ac4 ac9 ad0 ad9 ad1 ad2 ad3 ad2 ad1 ad9 ga0 ga1 ga5 ga8 ga9 gb0 gb3 gb4 gb7 gb1 gb6 gb9 gc0 gc1 gc0 gc6 gc5 gc9 gd0 gd2 gd5 gd3 gd4 gd6 gd9 gd8 gd9 aa0
26
aa4 aa4 aa7 aa3
aa5 aa5 aa6
ab4 ab4 ab2
ab5 ab5
ab7 ab7
ab8 ab8
ac2 ac2
ac3 ac3 ac7
ac6 ac6
ac8 ac8
gb3 gb3
gb4 gb4
gb6 gb6
gb7 gb7
gc1 gc1 gc2
gc5 gc5
gd3 gd3
gd4 gd4
gd8 gd8
gd9 gd9 gd7
ad3 ad5 ad6 ad4 ad7 ad8
ga1 ga2 ga3
ga5 ga6
ga8 ga4 ga7
gb0 gb2
gc0 gc3 gc8
