0 24 54 118 160 66 38 69 22 178 188 142 88 34 151 52 48 97 144 46 8 139 36 44 40 155 122 28 76 196 19 148 62 17 12 106 119 42 18 134 198 166 156 4 90 78 190 74 184 174 150 30 114 2 86 158 98 120 191 172 80 70 20 64 170 84 96 112 16 163 168 162 100 126 162 182 116 14 99 140 92 68 176 180 110 50 192 194 60 105 124 130 154 26 152 108 161 138 186 136 82 128 32 6 61 104 58 94 132 24 0
96
0 0
2 2
4 4
6 6
8 8
12 12
14 14
16 16
18 18
20 20
22 22
24 24
26 26
28 28
30 30
32 32
34 34
36 36
38 38
40 40 72
42 42
44 44
46 46
48 48
50 50
52 52
54 54
58 58
60 60
62 62
64 64
66 66
68 68
70 70
74 74
76 76
78 78
80 80
82 82
84 84
86 86
88 88
90 90
92 92 56
94 94
96 96
98 98
100 100
104 104
106 106
108 108
110 110
112 112
114 114
116 116
118 118
120 120
122 122
124 124
126 126
128 128
130 130
132 132
134 134
136 136
138 138
140 140
142 142
144 144
148 148
150 150
152 152
154 154
156 156
158 158 102
160 160 10
162 162
166 166
168 168
170 170
172 172
174 174
176 176
178 178
180 180
182 182
184 184
186 186
188 188
190 190
192 192
194 194
196 196
198 198
97 146
61 164
