Soda Koshland McCone Boalt LifeSciences Jacobs Hildebrand Stern Senior Giannini Wheeler Blackwell DoeLibrary Wellman Cheit Dwinelle Haste Moses Stanley Pitzer Hertz Bowles HaasPavilion Foothill Morgan Soda
24
Boalt Boalt
Cheit Cheit
Dwinelle Dwinelle
Giannini Giannini
Haste Haste
LifeSciences LifeSciences
Jacobs Jacobs
Hildebrand Hildebrand
Moses Moses
Senior Senior
Stern Stern
Wheeler Wheeler
Blackwell Blackwell
Bowles Bowles
DoeLibrary DoeLibrary
Foothill Foothill
HaasPavilion HaasPavilion
Hertz Hertz
Koshland Koshland
McCone McCone
Morgan Morgan
Pitzer Pitzer
Stanley Stanley
Wellman Wellman
