Soda Bechtel Dwinelle Cheit Campbell Cory Observatory Koshland Haste Etcheverry Blackwell DoeLibrary HearstMiningCircle Moses Boalt Wheeler MLK HearstFieldAnnex VLSB Senior Pitzer Bowles LeConte Simon Stanley Insectary Jacobs MemorialStadium Gilman EdwardsStadium BarkerHall ClarkKerr Giannini GreekTheatre McCone Foothill Morgan Stern Hildebrand SproulPlaza LifeSciences Hertz NorthGate McLaughlin HaasPavilion KrutchTheater Soda
45
Bechtel Bechtel
Boalt Boalt
Cheit Cheit
Cory Cory
Dwinelle Dwinelle
Etcheverry Etcheverry
Giannini Giannini
GreekTheatre GreekTheatre
Haste Haste
HearstMiningCircle HearstMiningCircle
LifeSciences LifeSciences
McLaughlin McLaughlin
Jacobs Jacobs
KrutchTheater KrutchTheater
Hildebrand Hildebrand
MLK MLK
Moses Moses
Observatory Observatory
Senior Senior
SproulPlaza SproulPlaza
Stern Stern
VLSB VLSB
Wheeler Wheeler
BarkerHall BarkerHall
Blackwell Blackwell
Campbell Campbell
Bowles Bowles
ClarkKerr ClarkKerr
DoeLibrary DoeLibrary
EdwardsStadium EdwardsStadium
Foothill Foothill
Gilman Gilman
HaasPavilion HaasPavilion
HearstFieldAnnex HearstFieldAnnex
Hertz Hertz
Insectary Insectary
Koshland Koshland
LeConte LeConte
McCone McCone
MemorialStadium MemorialStadium
Morgan Morgan
NorthGate NorthGate
Pitzer Pitzer
Simon Simon
Stanley Stanley
