199 24 10 151 48 16 81 43 92 193 31 97 102 52 183 87 149 89 138 30 66 14 162 22 63 143 15 91 133 105 77 88 21 59 114 11 57 61 20 60 44 5 39 29 7 177 23 42 106 76 65 8 98 34 67 103 182 35 159 80 45 104 85 99 139 158 71 2 27 19 70 134 53 163 49 142 184 6 72 46 176 189 96 174 40 144 186 58 192 74 156 119 78 167 115 157 41 177 79 38 83 55 3 55 94 62 183 122 84 32 120 130 145 107 36 47 93 178 50 101 13 108 1 113 25 190 196 82 199
88
1 1
2 2
3 3 18
5 5
6 6
7 7
8 8
10 10
11 11
13 13
14 14
15 15
16 16
19 19
20 20
21 21 73
22 22
23 23
24 24
25 25
27 27
29 29
30 30
31 31
32 32
34 34
35 35
36 36
38 38
39 39 90
40 40 33
41 41
42 42
43 43
44 44
45 45
46 46
47 47
48 48
49 49 0
50 50
52 52
53 53
55 55
57 57
58 58
59 59
60 60
61 61
62 62
63 63 68
65 65 86
66 66
67 67
70 70
71 71
72 72
74 74
76 76
77 77 51
78 78
79 79
80 80
81 81
82 82
83 83
84 84
85 85
87 87
88 88
89 89
91 91 12
92 92
93 93 56
94 94
96 96 9
97 97
98 98
99 99
102 64
158 28
163 17 75
142 26
176 54
189 95
119 4
145 37
190 69
