SusanneJohnBerrios LaquitaJohnBrunette RalphClydeMills JorgeHeatherSamuels HarryNeilFranklin JuliaMollieHernandez DorothyDavidStromme MaryFrankieWomack GarryDavidKingery StephanieAaronWalker FernandoLindaWatson AntonioGeraldBaker DouglasRobertFerkovi RubyLelandCollard JuliaLindaGordon ClaudiaDavidTaylor JuanDebbieAllen MonteMonicaLum MattieBarbaraEkstrom DinahCatherineFaulkn SpencerCourtneyBroth DougHelenHornbeck SusanneJohnBerrios
21
MattieBarbaraEkstrom MattieBarbaraEkstrom
JuanDebbieAllen JuanDebbieAllen
JuliaLindaGordon JuliaLindaGordon
LaquitaJohnBrunette LaquitaJohnBrunette
MaryFrankieWomack MaryFrankieWomack
GarryDavidKingery GarryDavidKingery
DougHelenHornbeck DougHelenHornbeck
DouglasRobertFerkovi DouglasRobertFerkovi
RalphClydeMills RalphClydeMills
JorgeHeatherSamuels JorgeHeatherSamuels
HarryNeilFranklin HarryNeilFranklin
MonteMonicaLum MonteMonicaLum
AntonioGeraldBaker AntonioGeraldBaker
RubyLelandCollard RubyLelandCollard
JuliaMollieHernandez JuliaMollieHernandez
SpencerCourtneyBroth SpencerCourtneyBroth
DinahCatherineFaulkn DinahCatherineFaulkn
StephanieAaronWalker StephanieAaronWalker
FernandoLindaWatson FernandoLindaWatson
DorothyDavidStromme DorothyDavidStromme
ClaudiaDavidTaylor ClaudiaDavidTaylor
