dweidxeutk xdhiumwdwn klbefaxnzg jiowqcrqpz sjcwiapdwb uqhdcumthr gmvwahagsy drtcvphibq iqbyvqgkcp seqrxdjigd vqlbufoinm akzsqllzsv cmelcyxenw mnmjklgmnp elifcmozpf afkxpktsxw kgpqjqjrhc rlgdknlxmz efgyvzmusc wiwpekzeuz naqyljkxxq auonnlthcz vteisghgld rulcikswsa hlimwiksjd nmshjtpxad taoimnqdrr lgpbgvlzpo siwbsyuwap vtquakjujf gkbqwvqnfu gqwhfeepal ftrqchqaif wqeazvzkdf fxejnitkot dldiwncohw rzqbegeoni hcvrravrik nimybvgttg gvxfzzmwzk itouxsyevo ulneltboej fxpsowceqq qjjslhkvnr rqchbdjiqp xtugynuehn nqdbgeypdu ouzfljsksj lzsvglcvqa tdtlnqnprm arrkheyths dfgysrnikx okcwuqslme dlfzngcmgq wwmcjuetgz bqrcwxsyuw lvqqznnzyn fwwnyjpwnp pgiiochubt hjvmodgwdg zdiibealli kufcwxmspu xdmzjapanj tehmqpfdnn ltjqdpdqwv gyjkhdbyvm fuhtgylsov ctnsbezpjg dzzxropcld tofdobbbjt bcwzxsuutq aihlvhrjir rqmdukqpbg cnbqxrvlvl tzpaywhybw wlzaatlgns cowtuqqsll depihfdmjk rwobvahhfa joegbqydne hpqsgalvar bxdnijtmyn sjqdgtugly kjgjbkdckc cavyunvwuk dllzvxpcgk wfybmclpmp zbgxyjmdnm cwexpxaktw ivgiotlrrr ratnlmbmpr vpghbvlzxd xwsnmxufqy ienasnqnvt cpdpvshtof toeqvvzlae cxrfqntbtm jfjtxukxas irtbznwvcu gpbaqafhdz audojmtlep dweidxeutk
95
dweidxeutk dweidxeutk
xdmzjapanj xdmzjapanj pphebmysxy
xwsnmxufqy xwsnmxufqy
cowtuqqsll cowtuqqsll
arrkheyths arrkheyths
tehmqpfdnn tehmqpfdnn
pgiiochubt pgiiochubt
klbefaxnzg klbefaxnzg
cavyunvwuk cavyunvwuk
tzpaywhybw tzpaywhybw
cwexpxaktw cwexpxaktw
nimybvgttg nimybvgttg
taoimnqdrr taoimnqdrr
mnmjklgmnp mnmjklgmnp
ftrqchqaif ftrqchqaif
wfybmclpmp wfybmclpmp
fuhtgylsov fuhtgylsov
lzsvglcvqa lzsvglcvqa
naqyljkxxq naqyljkxxq
hlimwiksjd hlimwiksjd
aihlvhrjir aihlvhrjir
rwobvahhfa rwobvahhfa
iqbyvqgkcp iqbyvqgkcp
cmelcyxenw cmelcyxenw
zdiibealli zdiibealli
dzzxropcld dzzxropcld
wqeazvzkdf wqeazvzkdf
rzqbegeoni rzqbegeoni
rqchbdjiqp rqchbdjiqp
wwmcjuetgz wwmcjuetgz
ctnsbezpjg ctnsbezpjg
gpbaqafhdz gpbaqafhdz
cxrfqntbtm cxrfqntbtm
elifcmozpf elifcmozpf
tdtlnqnprm tdtlnqnprm
vpghbvlzxd vpghbvlzxd
cnbqxrvlvl cnbqxrvlvl
ouzfljsksj ouzfljsksj
fxpsowceqq fxpsowceqq
gyjkhdbyvm gyjkhdbyvm
dlfzngcmgq dlfzngcmgq
lgpbgvlzpo lgpbgvlzpo
uqhdcumthr uqhdcumthr
rqmdukqpbg rqmdukqpbg
vteisghgld vteisghgld
bxdnijtmyn bxdnijtmyn
wiwpekzeuz wiwpekzeuz
dldiwncohw dldiwncohw
gvxfzzmwzk gvxfzzmwzk
sjqdgtugly sjqdgtugly
rlgdknlxmz rlgdknlxmz
hcvrravrik hcvrravrik
jiowqcrqpz jiowqcrqpz
itouxsyevo itouxsyevo
dfgysrnikx dfgysrnikx
zbgxyjmdnm zbgxyjmdnm
tofdobbbjt tofdobbbjt
depihfdmjk depihfdmjk
siwbsyuwap siwbsyuwap
ivgiotlrrr ivgiotlrrr
irtbznwvcu irtbznwvcu
vqlbufoinm vqlbufoinm
gkbqwvqnfu gkbqwvqnfu
ienasnqnvt ienasnqnvt
gqwhfeepal gqwhfeepal
bcwzxsuutq bcwzxsuutq
sjcwiapdwb sjcwiapdwb
fxejnitkot fxejnitkot
ulneltboej ulneltboej
hjvmodgwdg hjvmodgwdg
kgpqjqjrhc kgpqjqjrhc
drtcvphibq drtcvphibq
nmshjtpxad nmshjtpxad
qjjslhkvnr qjjslhkvnr
hpqsgalvar hpqsgalvar
audojmtlep audojmtlep
akzsqllzsv akzsqllzsv
fwwnyjpwnp fwwnyjpwnp
bqrcwxsyuw bqrcwxsyuw
okcwuqslme okcwuqslme
afkxpktsxw afkxpktsxw
wlzaatlgns wlzaatlgns
kjgjbkdckc kjgjbkdckc
vtquakjujf vtquakjujf
dllzvxpcgk dllzvxpcgk
rulcikswsa rulcikswsa
toeqvvzlae toeqvvzlae
xtugynuehn xtugynuehn
xdhiumwdwn xdhiumwdwn
lvqqznnzyn lvqqznnzyn
efgyvzmusc efgyvzmusc
kufcwxmspu kufcwxmspu
cpdpvshtof cpdpvshtof
gmvwahagsy gmvwahagsy
auonnlthcz auonnlthcz
