Egsmith Barnton Wywick Wychbeck Staplake Penborne Shaftbridge Watchavon Alfchester Wenside Burbourne Leathermere Sudtree Wenwold Stainby Brackbrough Wenbeck Watchcombe Pemlow Bromton Flitgrove Chelmbeck Cookford Farnsmith Wychsmith Chelmwang Hurstlow Edgey Shaftbage Egavon Wychbourne Wychnell Egtree Stainbrough Nortley Wetwick Sudwich Ashbourne Stapbeck Waltditch Egsmith
34
Barnton Barnton
Leathermere Leathermere
Chelmbeck Chelmbeck
Alfchester Alfchester
Wychsmith Wychsmith
Brackbrough Brackbrough
Nortley Nortley
Wychbourne Wychbourne
Penborne Penborne
Egavon Egavon
Wywick Wywick
Chelmwang Chelmwang
Shaftbridge Shaftbridge
Stainbrough Stainbrough
Stapbeck Stapbeck
Waltditch Waltditch
Wenside Wenside
Wenwold Wenwold
Egtree Egtree Chelmden
Stainby Stainby
Shaftbage Shaftbage Ashdown
Staplake Staplake
Ashbourne Ashbourne
Wenbeck Wenbeck
Wychbeck Wychbeck
Cookford Cookford
Sudtree Sudtree
Farnsmith Farnsmith
Wychnell Wychnell
Flitgrove Flitgrove
Pemlow Pemlow
Edgey Edgey
Burbourne Burbourne
Wetwick Wetwick
