qtq wju oto pta pjx plx ifc fsl sfp zgs blo rju uwp pxi uxr wuc npu zgf cnv xmz wpq vsu wuf rwt ahv krg uoz kza qfc qbe pug fgo xax ooi nxr ynq ptq vlt unf nhk orc pkx nkx qoe cxu bpm gup fib zqn cjp egz lxt gak qjm lnv bwq qyi spp lfh cpw qlo qls mmf ase vaf zbn lbs hhe rxi cer tmc udq pwa thz txk rod jta htv wpo tmd tro viv nhr slq wiq fne hxp brk ooc art nfy iuz bsz ili yiz rut pxs unk dkn qbj mnv lah ukh hxo tvy qnn uca jno thd ahy xdz qtq
94
pta pta
xdz xdz
hhe hhe
htv htv eqm
xax xax
nhk nhk
qtq qtq
ptq ptq
ase ase
krg krg
gup gup
ifc ifc
pxs pxs
qbe qbe
jno jno
kza kza
pkx pkx
qnn qnn
nkx nkx
dkn dkn
wuc wuc
sfp sfp
cpw cpw
zgf zgf
ooi ooi
uxr uxr
pwa pwa
ynq ynq
tmc tmc
wju wju
jta jta
fgo fgo
zbn zbn
hxo hxo
bsz bsz
qjm qjm
tro tro
rut rut
lah lah xos
nfy nfy tnl
egz egz bai vub
uca uca
npu npu
pjx pjx
vlt vlt
vaf vaf
mnv mnv
hxp hxp
wiq wiq
qfc qfc
nhr nhr
lxt lxt
rxi rxi
tmd tmd
uoz uoz
wuf wuf
slq slq
ili ili
fsl fsl
lnv lnv
uwp uwp
txk txk
yiz yiz
iuz iuz
zgs zgs
cxu cxu
gak gak
udq udq
zqn zqn
rju rju
ooc ooc
plx plx
lfh lfh
thz thz
ukh ukh
thd thd
viv viv
qlo qlo
wpq wpq
rwt rwt
brk brk
ahv ahv
cjp cjp
orc orc hpb
qls qls
cnv cnv
qbj qbj
rod rod
vsu vsu
ahy ahy
spp spp
wpo mbx
art idl
lbs itg
