Soda Browning Kenilworth Edith Lewiston Eunice Solano Allston Shasta Addison Byron Columbia High Amador Florida Muir Cutter Bancroft Menlo Colusa Menlo Belrose Haviland Summit Vicente Alvarado Overlook Mabel Terrace Forest Ajax Heinz Greenwood Marin Kentucky Haste Bataan Bowditch Fresno Center Haskell Martin Yolo Bristol Hospital Vermont Bret Comstock Spring Poplar Keeler Pardee Anne Arch Poppy Soda
46
Addison Addison
Ajax Ajax
Allston Allston
Anne Anne
Arch Arch
Bancroft Bancroft
Bataan Bataan
Belrose Belrose
Bowditch Bowditch
Bret Bret
Bristol Bristol
Browning Browning
Byron Byron
Columbia Columbia
Colusa Colusa Fulton
Comstock Comstock
Cutter Cutter
Edith Edith
Eunice Eunice
Florida Florida
Forest Forest
Fresno Fresno
Greenwood Greenwood
Haskell Haskell
Haste Haste
Haviland Haviland
Heinz Heinz
High High
Hospital Hospital
Keeler Keeler
Kenilworth Kenilworth
Lewiston Lewiston
Mabel Mabel
Marin Marin Madera
Martin Martin
Menlo Menlo Burnett
Muir Muir
Overlook Overlook
Pardee Pardee
Poplar Poplar
Poppy Poppy
Shasta Shasta Domingo
Spring Spring
Summit Summit
Terrace Terrace
Vermont Vermont
