FD CU DI GP DF GO AF AU BG FU AC BV CK DU DM FG CA BN AZ GA CL DZ BC GQ BE EJ DC FP EL ET GM EW BQ FR GZ CT FB GR ED EO FX HR AK BZ AD DK EY FT BM AJ DB HP CI GF CW FM HF GC AT EQ AV HO EM FI ES GD CS GX GS AX CE DQ BK AM FQ EX DS EK CO EG BF DV HC FJ EZ FY HM DA ER DN CF EN FV CC CB CN BA GN BO DP GK EE HH CM CG AG DE AW HD HB CZ AR FD
99
AD AD
AF AF
AG AG
AJ AJ
AK AK
AM AM
AT AT
AU AU
AV AV
AW AW
AX AX
AZ AZ
BA BA
BC BC
BE BE
BF BF
BG BG
BK BK
BM BM
BN BN
BO BO
BQ BQ
BV BV
BZ BZ
CA CA
CB CB
CC CC
CF CF
CG CG
CI CI
CK CK
CL CL
CO CO
CS CS
CT CT
CU CU
CW CW
DA DA
DB DB
DC DC
DE DE
DF DF
DI DI
DK DK
DM DM
DN DN
DP DP
DQ DQ
DU DU
DZ DZ
EE EE
EG EG
EJ EJ
EK EK FO
EL EL
EM EM
EN EN
EO EO
ER ER
ES ES
ET ET
EW EW
EX EX
EY EY
EZ EZ
FI FI
FJ FJ
FM FM
FP FP
FR FR
FT FT
FU FU
FV FV
FY FY
GA GA
GC GC
GD GD
GF GF
GK GK
GN GN
GO GO
GP GP
GQ GQ
GR GR
GS GS
GX GX
GZ GZ
HB HB
HC HC
HD HD
HF HF
HH HH
HO HO
HP HP
HR HR
ED DH
FQ FS
HM FN
CM BT
