Hamsbourne Sundlechester Camsborne Rocklow Skelgrove Sudbage Shaftthorne Camhampton Enderton Dribstoke Chilringfield Rotmerby Sunderborough Prestbourne Botherstanport Leatherblesley Camswich Cimansbrough Wendleslake Boothenrensborough Wendleslake Stafdenbourne Chipsted Chipfield Hamsbourne
19
Enderton Enderton
Sundlechester Sundlechester
Chipfield Chipfield Hamperrehampton Cammercastle
Leatherblesley Leatherblesley Sodderrenshead
Camhampton Camhampton Hartberbury
Shaftthorne Shaftthorne
Camswich Camswich
Rocklow Rocklow
Sunderborough Sunderborough Ciley
Chipsted Chipsted
Boothenrensborough Boothenrensborough Candlesdon
Sudbage Sudbage
Chilringfield Chilringfield
Prestbourne Prestbourne
Cimansbrough Cimansbrough
Rotmerby Rotmerby
Skelgrove Warrewick
Botherstanport Wolvencester
Dribstoke Melshot
