Whitgrove Sodberling Bothenton Bootwick Todhampton Nortwell Marlcester Egsted Southmere Ribberrenston Farnditch Abglewold Wychditch Rothendcombe Bastlebury Hamwold Blansbrook Fullensborne Sundlethorne Abgleham Siavon Horsnell Warsmith Skellingover Candleswick Endleshall Melwood Reddensden Cirerham Dartden Tippingbage Watchlake Ketchester Staplow Ketnell Toddenmoor Durbrook Wychchester Siey Redcombe Casbrook Toddenmerbrough Horstleover Warsmith Wetsmith Elside Sodport Skelberden Hamscombe Alfmere Leatherport Cireport Egbeck Skellenshot Cihead Shaftborough Wychcompwold Dribberham Bothenhall Worrenberwang Ellerbridge Suddingover Chedworth Sundendford Botbeck Clereennell Bromstanham Ribbenhall Worhall Reddendeney Prestwick Egmerhampton Suddenmoor Tippenbrook Marlbeck Enderbeck Sifield Abcester Shaftwick Hurstdown Botshot Falworth Whitringlake Milthorne Rothingcombe Faldenhall Wethampton Tipstoke Burlake Endleberey Reddingtree Stapbrough Penby Falderseythorne Worford Rotherlow Wendleringdown Stainbrough Tippendham Emmerley Southbury Stapbrook Wetwick Hampingbascombe Sirenshall Cannerthorne Waltbeck Hampingcastle Basditch Hampingworth Bursmith Dribblecombe Whitgrove
97
Hampingworth Hampingworth
Staplow Staplow
Wetsmith Wetsmith
Horsnell Horsnell
Bastlebury Bastlebury
Sodport Sodport
Sirenshall Sirenshall
Alfmere Alfmere
Emmerley Emmerley
Skellenshot Skellenshot
Prestwick Prestwick
Worhall Worhall
Rothendcombe Rothendcombe
Nortwell Nortwell
Wetwick Wetwick
Worrenberwang Worrenberwang
Sifield Sifield
Blansbrook Blansbrook
Bromstanham Bromstanham
Falworth Falworth
Abcester Abcester
Falderseythorne Falderseythorne
Leatherport Leatherport
Elside Elside
Tippenbrook Tippenbrook
Dartden Dartden
Durbrook Durbrook
Hampingcastle Hampingcastle
Dribblecombe Dribblecombe
Stapbrough Stapbrough
Chedworth Chedworth
Tippendham Tippendham
Watchlake Watchlake Farndlesover
Basditch Basditch
Egmerhampton Egmerhampton
Ketchester Ketchester
Tipstoke Tipstoke
Dribberham Dribberham
Whitgrove Whitgrove
Rothingcombe Rothingcombe
Bothenhall Bothenhall
Reddendeney Reddendeney
Endleberey Endleberey
Candleswick Candleswick
Hamwold Hamwold
Sundlethorne Sundlethorne
Shaftborough Shaftborough
Whitringlake Whitringlake
Enderbeck Enderbeck
Penby Penby
Casbrook Casbrook
Siavon Siavon
Farnditch Farnditch
Cihead Cihead
Botbeck Botbeck
Abglewold Abglewold
Bootwick Bootwick
Southmere Southmere
Suddenmoor Suddenmoor Staincombe
Milthorne Milthorne
Clereennell Clereennell
Egsted Egsted
Sundendford Sundendford
Ellerbridge Ellerbridge Wycastle
Ribberrenston Ribberrenston
Wychchester Wychchester
Suddingover Suddingover
Cannerthorne Cannerthorne
Ketnell Ketnell
Worford Worford
Skellingover Skellingover
Southbury Southbury
Horstleover Horstleover
Abgleham Abgleham
Wendleringdown Wendleringdown
Skelberden Skelberden
Waltbeck Waltbeck
Hampingbascombe Hampingbascombe
Wethampton Wethampton
Bursmith Bursmith
Siey Siey
Rotherlow Rotherlow
Melwood Melwood
Sodberling Sodberling
Bothenton Bothenton
Tippingbage Tippingbage
Marlcester Marlcester
Faldenhall Faldenhall
Toddenmoor Toddenmoor
Wychcompwold Wychcompwold
Redcombe Redcombe
Todhampton Todhampton
Cirerham Wolley
Toddenmerbrough Endingnell
Ribbenhall Boothingmanstree
Reddingtree Eley
Warsmith Marlbrook
