0 18 139 183 1 170 103 28 155 70 157 50 77 182 44 67 96 95 29 119 117 167 9 35 164 79 51 111 126 74 63 91 19 146 129 194 163 161 145 160 85 99 58 64 118 17 175 106 199 48 31 22 150 69 135 180 179 196 26 8 39 151 178 193 186 78 81 121 20 152 141 4 14 83 60 104 97 36 73 184 128 134 191 127 109 25 156 168 125 133 100 10 12 130 87 159 42 84 65 173 89 108 120 116 75 32 116 6 38 153 27 185 54 98 56 154 49 0
95
4 4
6 6
9 9
10 10
12 12
14 14
17 17
18 18
19 19
20 20
22 22
25 25
26 26 176
27 27
28 28
31 31
32 32
36 36
38 38
39 39
42 42
44 44
48 48
49 49
50 50
51 51
58 58
63 63
64 64
65 65
67 67 47
69 69
70 70
74 74
75 75
77 77
78 78
79 79
81 81
83 83
85 85
87 87
89 89
91 91
95 95
96 96
98 98
99 99
100 100
103 103
104 104
106 106
108 108 102
109 109
111 111 149
116 116
117 117
119 119
120 120
121 121
125 125
126 126
128 128
130 130
133 133
134 134
139 139
145 145
146 146
151 151
155 155
156 156
157 157
159 159
160 160
163 163
168 168
170 170
173 173
175 175
178 178
179 179
180 180
182 182
184 184
185 185
186 186 197
193 193
194 194
196 196
199 199
35 138
164 24
8 166
191 137
