0 66 188 22 74 38 131 93 150 63 183 100 68 101 37 108 166 146 163 1 133 86 84 59 199 52 78 177 94 17 72 184 14 13 102 30 197 140 70 124 96 98 2 119 174 154 114 111 164 51 176 69 167 120 12 26 80 110 18 192 113 76 42 159 141 97 27 193 39 56 67 172 88 130 83 15 16 116 190 87 43 21 143 175 173 6 5 160 8 135 182 50 125 25 152 138 157 35 3 4 9 103 31 24 151 89 47 129 137 11 65 187 28 128 81 123 158 107 115 153 23 185 0
99
0 0
1 1
2 2
3 3
4 4
5 5
8 8
9 9
11 11
13 13
14 14
15 15
16 16
17 17
18 18
21 21
22 22
23 23
24 24
26 26
27 27
28 28
31 31
35 35
38 38
39 39
42 42
43 43
47 47
50 50
51 51
52 52
56 56
59 59
65 65
66 66
67 67
68 68
69 69
70 70
72 72
74 74
78 78
80 80
81 81
83 83
84 84
86 86
89 89
93 93
94 94
96 96
98 98
100 100
101 101
102 102
103 103
107 107
111 111
114 114
115 115
116 116
120 120
125 125
128 128
129 129
130 130
133 133
137 137
138 138
141 141
143 143
146 146
151 151
152 152
153 153
154 154
157 157
158 158
159 159
160 160
164 164
166 166
167 167
172 172 134
173 173
174 174
177 177
182 182
183 183
184 184
187 187
190 190
193 193
197 197
199 199
108 20
140 71
76 33
