wNqlpYNsRbJEgiGpKxrU lbWonvEbeplndKguSTkk qfRRtdRbhYJBARMfPlZM CbGuHgZfQMmSOfHDFJnK XtZHoAxqEyzvMChzPHpN WMWBpOSnHGywZjCgaYyY RlHeRhvUOhGhZVGGJuED jznspKyqlmxZtgfQUJVB kqcEdfKLaRzxOhAIzchh nCedHqGgdWAicwyuYWpg VRpSthoDcomqMDsGoVql yscsUFTNNyaVMKBztBdV NJZlnWyeJFrkOwoqHKtT shugRMnaHVqQSmKaNBgu efZntVbfQTvIUOiRNPSH EEeDJaHeajXXlwYcHTeJ juzxSpUVuccJUMBOcJjO ANDviqMIuFwdcboQDprt QyXpliHSeQOPIsurIcpa DpztIuGTRpGuLsdlODJw lSJjEsqamUCgRZdCmdyI XvUPApTFkqaSSizYsCIr GMxGouyyndiUBMqMdOoc joWAhkfNqIEECnBeulGl oZXYedlbtBLmkfoVmgta svUOWvTJLneAqJGnExpc eiLPqIroFfCGzqSAlzAp ccdJRKiTXwIErdhSIxfh erZKLqpCZsYKDnOCaBGq gFUGYXSirCYiFTivWNah ayQgUwyRuQVKeyFLPNbQ ZXihCBEQBTdisqSlEMsj CvZkdIYtdeDHtwufupie syonLisTOSczosCwoILE zNRhhVdMWUgTnnqmAfeY xlbpuxAjoVPJWPCWBEkJ imEmCMbYEtZJJkwxkSDD bEfUXCTlwRBndElSbPGf YTwycpmzEWCqqTELtzXc aGPbLNWYAMujnfHCTCMo HeWrJOKsDjgdrcamgZLN kwPuYZgJgVVJfdBGUtPw mgNeYYUOPKpLeiVEFIXd NtyLZDOaSczVvOGdocUp NYdfLxXxFVvLEbDKzXWn NIJaJxCurulNUdZZMxFk JvFxbsySBAiFiOUrzrBi scpUkbcaYSAsHhSktebT JVONrXhhmtFWhFfDiOXW VIPPawblKbhOVWrmrWBx iVjkcMenotYGMFEBTvoa eOfnBeTgmYCNEnRUhlEK KcrnMnFDTrBKaUaGpdLY fpoTaBKmVdlDCxFwCFoz FWnudSYFvYQJHehOpEKf umZXKcxkweEplHZdotgU oLMkSrYLQRLHmPiuLCTC pMOSpTzPTPLXHLOQMjnt XPPBMlNyfVVeZGIzTCEW jUSlIFtitQxyvVLJjiCc eobSFtKBbBdcVrTOREdK UIlSMnVKIdNiXZNSiHsI fgzJCwocQniGlXAZHJId vIbIQYXZnmYrooTLYNtu EmbDgEECbkHbfAfHCgwB ihxEqMQIIvyQmtrtMjeO kyApsCeFkLoLFCdkazaE gcXUxTVUZWsOwtRNeDDa aIuYyryCOUGVeCAqbqkg EhDFVLWZueLOrdjEOzEQ QeYNNLpZMBxyiFbZMPFY wvSJDoqoPGAkYgSuPFPw UdSbtwxTqTJxOiUoxEqw hLaNXBYgTzgUhvjmqUTu pzrGQEObzJGPnfATEYDc xgBrJmdXVwtxgRuCBhMe edlAtPQdNXJQPCIzpkyX wlySPverjehsBxldyigf SitzoubgYFeTjmkLjVPz zHPSSEtFTQIbLYMdHqgP vTbNxpVTEoFlSjvvVvfG cMYyKTXGNKnFzrpwnXUl wuSVWJYvpiWaQAHXocSG cwgJAHVpCCTmuckJkncL lIpVoDPUIfHCPpjswogJ wfEFdNDcColoskjTjcLm QePOUWiXcAUCoHETxuGS gDYKDrbERUXTnCayjBrC qDLPWLkWayzdxIYSKLER ZwvojvRdUOYNJXIwAqgC uUKZHvHmBrpBHjYWNaUL MBJqOYmxhUYbldNVEdRy PZwTcKCPsEmpxetNZvef ZauPfhkpsGmhbvkhkltR ndaHivGVVtIUvLiyUWcm ADVVlRLpnspleRTgeTdu DZEpVGVXkxHljziwItaS QjbdwbUnopENkiNyqirZ nreoVgWrBhNXFZgTBlXO szyiMlKhtyOynWjcoMsm bFmSeBrfNuxjYPUDCLYq TEPaiCedHTXapLxoBXMp oHoxoLeyDYnKZDzgMtxI NzDQJknJPDEkcwCHzzbF NPSPGRTNRcKKVpsBRSwh IvXQutSorlqOgnSVAIUd oKAKfpUUuLItChLyByFh igyeOiSdezmmXGTwMzLw lbWonvEbeplndKguSTkk wNqlpYNsRbJEgiGpKxrU
100
mgNeYYUOPKpLeiVEFIXd mgNeYYUOPKpLeiVEFIXd
RlHeRhvUOhGhZVGGJuED RlHeRhvUOhGhZVGGJuED
QeYNNLpZMBxyiFbZMPFY QeYNNLpZMBxyiFbZMPFY
jznspKyqlmxZtgfQUJVB jznspKyqlmxZtgfQUJVB
bFmSeBrfNuxjYPUDCLYq bFmSeBrfNuxjYPUDCLYq
PZwTcKCPsEmpxetNZvef PZwTcKCPsEmpxetNZvef
eOfnBeTgmYCNEnRUhlEK eOfnBeTgmYCNEnRUhlEK
oZXYedlbtBLmkfoVmgta oZXYedlbtBLmkfoVmgta
WMWBpOSnHGywZjCgaYyY WMWBpOSnHGywZjCgaYyY
QePOUWiXcAUCoHETxuGS QePOUWiXcAUCoHETxuGS
aIuYyryCOUGVeCAqbqkg aIuYyryCOUGVeCAqbqkg
kqcEdfKLaRzxOhAIzchh kqcEdfKLaRzxOhAIzchh
SitzoubgYFeTjmkLjVPz SitzoubgYFeTjmkLjVPz
wlySPverjehsBxldyigf wlySPverjehsBxldyigf
hLaNXBYgTzgUhvjmqUTu hLaNXBYgTzgUhvjmqUTu
EhDFVLWZueLOrdjEOzEQ EhDFVLWZueLOrdjEOzEQ
GMxGouyyndiUBMqMdOoc GMxGouyyndiUBMqMdOoc
jUSlIFtitQxyvVLJjiCc jUSlIFtitQxyvVLJjiCc
ihxEqMQIIvyQmtrtMjeO ihxEqMQIIvyQmtrtMjeO
oKAKfpUUuLItChLyByFh oKAKfpUUuLItChLyByFh
ADVVlRLpnspleRTgeTdu ADVVlRLpnspleRTgeTdu
UdSbtwxTqTJxOiUoxEqw UdSbtwxTqTJxOiUoxEqw
scpUkbcaYSAsHhSktebT scpUkbcaYSAsHhSktebT
DZEpVGVXkxHljziwItaS DZEpVGVXkxHljziwItaS
JVONrXhhmtFWhFfDiOXW JVONrXhhmtFWhFfDiOXW
NzDQJknJPDEkcwCHzzbF NzDQJknJPDEkcwCHzzbF
xlbpuxAjoVPJWPCWBEkJ xlbpuxAjoVPJWPCWBEkJ
cMYyKTXGNKnFzrpwnXUl cMYyKTXGNKnFzrpwnXUl
pzrGQEObzJGPnfATEYDc pzrGQEObzJGPnfATEYDc
eobSFtKBbBdcVrTOREdK eobSFtKBbBdcVrTOREdK
eiLPqIroFfCGzqSAlzAp eiLPqIroFfCGzqSAlzAp
wuSVWJYvpiWaQAHXocSG wuSVWJYvpiWaQAHXocSG
syonLisTOSczosCwoILE syonLisTOSczosCwoILE
YTwycpmzEWCqqTELtzXc YTwycpmzEWCqqTELtzXc
wvSJDoqoPGAkYgSuPFPw wvSJDoqoPGAkYgSuPFPw
zNRhhVdMWUgTnnqmAfeY zNRhhVdMWUgTnnqmAfeY
xgBrJmdXVwtxgRuCBhMe xgBrJmdXVwtxgRuCBhMe
KcrnMnFDTrBKaUaGpdLY KcrnMnFDTrBKaUaGpdLY
ANDviqMIuFwdcboQDprt ANDviqMIuFwdcboQDprt
edlAtPQdNXJQPCIzpkyX edlAtPQdNXJQPCIzpkyX
lSJjEsqamUCgRZdCmdyI lSJjEsqamUCgRZdCmdyI
aGPbLNWYAMujnfHCTCMo aGPbLNWYAMujnfHCTCMo
fpoTaBKmVdlDCxFwCFoz fpoTaBKmVdlDCxFwCFoz
fgzJCwocQniGlXAZHJId fgzJCwocQniGlXAZHJId
XtZHoAxqEyzvMChzPHpN XtZHoAxqEyzvMChzPHpN
CvZkdIYtdeDHtwufupie CvZkdIYtdeDHtwufupie
zHPSSEtFTQIbLYMdHqgP zHPSSEtFTQIbLYMdHqgP
MBJqOYmxhUYbldNVEdRy MBJqOYmxhUYbldNVEdRy
ZauPfhkpsGmhbvkhkltR ZauPfhkpsGmhbvkhkltR
lbWonvEbeplndKguSTkk lbWonvEbeplndKguSTkk
pMOSpTzPTPLXHLOQMjnt pMOSpTzPTPLXHLOQMjnt
cwgJAHVpCCTmuckJkncL cwgJAHVpCCTmuckJkncL
NPSPGRTNRcKKVpsBRSwh NPSPGRTNRcKKVpsBRSwh
QyXpliHSeQOPIsurIcpa QyXpliHSeQOPIsurIcpa
shugRMnaHVqQSmKaNBgu shugRMnaHVqQSmKaNBgu
VIPPawblKbhOVWrmrWBx VIPPawblKbhOVWrmrWBx
TEPaiCedHTXapLxoBXMp TEPaiCedHTXapLxoBXMp
ZXihCBEQBTdisqSlEMsj ZXihCBEQBTdisqSlEMsj
IvXQutSorlqOgnSVAIUd IvXQutSorlqOgnSVAIUd
igyeOiSdezmmXGTwMzLw igyeOiSdezmmXGTwMzLw
gcXUxTVUZWsOwtRNeDDa gcXUxTVUZWsOwtRNeDDa
bEfUXCTlwRBndElSbPGf bEfUXCTlwRBndElSbPGf
vIbIQYXZnmYrooTLYNtu vIbIQYXZnmYrooTLYNtu
EmbDgEECbkHbfAfHCgwB EmbDgEECbkHbfAfHCgwB
wfEFdNDcColoskjTjcLm wfEFdNDcColoskjTjcLm
JvFxbsySBAiFiOUrzrBi JvFxbsySBAiFiOUrzrBi
NtyLZDOaSczVvOGdocUp NtyLZDOaSczVvOGdocUp
nCedHqGgdWAicwyuYWpg nCedHqGgdWAicwyuYWpg
juzxSpUVuccJUMBOcJjO juzxSpUVuccJUMBOcJjO
nreoVgWrBhNXFZgTBlXO nreoVgWrBhNXFZgTBlXO
ZwvojvRdUOYNJXIwAqgC ZwvojvRdUOYNJXIwAqgC
NJZlnWyeJFrkOwoqHKtT NJZlnWyeJFrkOwoqHKtT
ayQgUwyRuQVKeyFLPNbQ ayQgUwyRuQVKeyFLPNbQ
kwPuYZgJgVVJfdBGUtPw kwPuYZgJgVVJfdBGUtPw
yscsUFTNNyaVMKBztBdV yscsUFTNNyaVMKBztBdV
gDYKDrbERUXTnCayjBrC gDYKDrbERUXTnCayjBrC
XPPBMlNyfVVeZGIzTCEW XPPBMlNyfVVeZGIzTCEW
NIJaJxCurulNUdZZMxFk NIJaJxCurulNUdZZMxFk
UIlSMnVKIdNiXZNSiHsI UIlSMnVKIdNiXZNSiHsI
HeWrJOKsDjgdrcamgZLN HeWrJOKsDjgdrcamgZLN
QjbdwbUnopENkiNyqirZ QjbdwbUnopENkiNyqirZ
ccdJRKiTXwIErdhSIxfh ccdJRKiTXwIErdhSIxfh
qfRRtdRbhYJBARMfPlZM qfRRtdRbhYJBARMfPlZM
imEmCMbYEtZJJkwxkSDD imEmCMbYEtZJJkwxkSDD
EEeDJaHeajXXlwYcHTeJ EEeDJaHeajXXlwYcHTeJ
szyiMlKhtyOynWjcoMsm szyiMlKhtyOynWjcoMsm
CbGuHgZfQMmSOfHDFJnK CbGuHgZfQMmSOfHDFJnK
oLMkSrYLQRLHmPiuLCTC oLMkSrYLQRLHmPiuLCTC
FWnudSYFvYQJHehOpEKf FWnudSYFvYQJHehOpEKf
VRpSthoDcomqMDsGoVql VRpSthoDcomqMDsGoVql
vTbNxpVTEoFlSjvvVvfG vTbNxpVTEoFlSjvvVvfG
XvUPApTFkqaSSizYsCIr XvUPApTFkqaSSizYsCIr
DpztIuGTRpGuLsdlODJw DpztIuGTRpGuLsdlODJw
NYdfLxXxFVvLEbDKzXWn NYdfLxXxFVvLEbDKzXWn
joWAhkfNqIEECnBeulGl joWAhkfNqIEECnBeulGl
oHoxoLeyDYnKZDzgMtxI oHoxoLeyDYnKZDzgMtxI
efZntVbfQTvIUOiRNPSH efZntVbfQTvIUOiRNPSH
kyApsCeFkLoLFCdkazaE kyApsCeFkLoLFCdkazaE
svUOWvTJLneAqJGnExpc svUOWvTJLneAqJGnExpc
erZKLqpCZsYKDnOCaBGq erZKLqpCZsYKDnOCaBGq
