Soda woolf winifred danyal rosen garcia shen amanda sunny lewke tamara jarrett annie eshaan ruhi kevin massachusetts martinez noor rob shah ashley ritter sriram lo golden ian rabie sarina grace roshan krishnan andrew alvin yip aidan meghan castro singhal connor chloe berit caroline daniel juliann walsh djajadi vilaythong davis garbers patagonia Soda
50
woolf woolf
winifred winifred
danyal danyal
rosen rosen
garcia garcia
shen shen
amanda amanda
sunny sunny
lewke lewke
tamara tamara
jarrett jarrett
roshan roshan
annie annie
eshaan eshaan
ruhi ruhi
kevin kevin
massachusetts massachusetts
noor noor
martinez martinez
aidan aidan
lo lo
sriram sriram
rob rob
yip yip
alvin alvin
krishnan krishnan
andrew andrew
caroline caroline
daniel daniel
juliann juliann
golden golden
ian ian
rabie rabie
sarina sarina
walsh walsh
ritter ritter
ashley ashley
shah shah
grace grace
berit berit
chloe chloe
meghan meghan
castro castro
singhal singhal
connor connor
djajadi djajadi
vilaythong vilaythong
davis davis
garbers garbers
patagonia patagonia
