LesLilas AinBessem Aracuai Zhaodong Arang Wangon EastLongmeadow Gowurdak Hangu Daokou Sosnovka GuaMusang Andrychow Turek PriegodeCordoba Bury Braila Morwa Ortaca Itororo Wenchi Johnston Kairouan Belalcazar Oerlinghausen Sorada Baramula Mabopane Rhondda Anjarah Khulm Lloydminster SpanishTown Kineshma Gunzenhausen SanJuandelaMaguana NoblePark Kotka PortoVelho FetestiGara Nagar Fuxin Mocoa Shieli Yafo Vaniyambadi Prostejov Shimofurano Arzamas Sobue Garbsen Rivas Twante SenaMadureira Pezinok Escada Pozzuoli VillaPauladeSarmient GongdanglegiKulon Espiye Shchekino AshtonunderLyne Aringay Kaifeng Butuan Acireale Ontinyent Vyazniki Skelmersdale FortWorth Langenhorn Haripur Battambang AinArnat MadinatHamad BlueIsland ChalcodeDiazCovarrub MineralnyeVody TagbilaranCity Hirosaki Ibirataia Izhevsk KotRadhaKishan HaciendaLaCalera Acarau Akcaabat Mauban WestIslip Embu Tabou Korsakov NahiyatashShinafiyah Gorgan Manacapuru Shurugwi Kemise SouthSaintPaul Angleton SenadorPompeu Haora SaintCyrlEcole SantanadoLivramento CapimGrosso MonteAlegre Kambove LesLilas
100
Kaifeng Kaifeng
Gorgan Gorgan
Fuxin Fuxin
Zhaodong Zhaodong
Anjarah Anjarah
VillaPauladeSarmient VillaPauladeSarmient
PriegodeCordoba PriegodeCordoba
HaciendaLaCalera HaciendaLaCalera
Twante Twante
Ontinyent Ontinyent
SaintCyrlEcole SaintCyrlEcole
Mocoa Mocoa
AshtonunderLyne AshtonunderLyne
Izhevsk Izhevsk
Wenchi Wenchi
Hirosaki Hirosaki
Gowurdak Gowurdak
Embu Embu
Espiye Espiye
AinArnat AinArnat
EastLongmeadow EastLongmeadow
Daokou Daokou
SpanishTown SpanishTown
Vaniyambadi Vaniyambadi
Johnston Johnston
Aracuai Aracuai
Shieli Shieli
MineralnyeVody MineralnyeVody
Oerlinghausen Oerlinghausen
Kemise Kemise
Langenhorn Langenhorn
Sosnovka Sosnovka
Baramula Baramula
MadinatHamad MadinatHamad
WestIslip WestIslip
Acarau Acarau
GuaMusang GuaMusang
FortWorth FortWorth
Tabou Tabou
Manacapuru Manacapuru
NoblePark NoblePark
Sorada Sorada
Yafo Yafo
Ibirataia Ibirataia
MonteAlegre MonteAlegre
Khulm Khulm
Morwa Morwa
Kairouan Kairouan
SanJuandelaMaguana SanJuandelaMaguana
Itororo Itororo
Haripur Haripur
Battambang Battambang
Arzamas Arzamas
TagbilaranCity TagbilaranCity
Bury Bury
Ortaca Ortaca
Akcaabat Akcaabat
Shurugwi Shurugwi
Turek Turek
Belalcazar Belalcazar
KotRadhaKishan KotRadhaKishan
Nagar Nagar
Pozzuoli Pozzuoli
Lloydminster Lloydminster
Wangon Wangon
SantanadoLivramento SantanadoLivramento
CapimGrosso CapimGrosso
SouthSaintPaul SouthSaintPaul
Vyazniki Vyazniki
Kotka Kotka
Haora Haora
BlueIsland BlueIsland
Kineshma Kineshma
Skelmersdale Skelmersdale
Gunzenhausen Gunzenhausen
SenaMadureira SenaMadureira
Rhondda Rhondda
PortoVelho PortoVelho
Shimofurano Shimofurano
Andrychow Andrychow
Prostejov Prostejov
AinBessem AinBessem
Mabopane Mabopane
Hangu Hangu
Kambove Kambove
Rivas Rivas
ChalcodeDiazCovarrub ChalcodeDiazCovarrub
Shchekino Shchekino
Braila Braila
Butuan Butuan
Acireale Acireale
SenadorPompeu SenadorPompeu
Korsakov Korsakov
Escada Escada
NahiyatashShinafiyah NahiyatashShinafiyah
Angleton Angleton
FetestiGara FetestiGara
Sobue Sobue
Pezinok Pezinok
Garbsen Garbsen
