Kaimganj Fagaras Pilibhit Norristown Brecht Tsirang Korolev Fandriana Tocache GobernadorGalvez Narangba Dankov MontecatiniTerme Isakogorka Yucheng Tsukawaki Karasuyama Albi Gobo Racine PinhalNovo MilpaAlta Anahuac Novopokrovskaya Mesa Leixlip Kaimganj
24
Dankov Dankov
Karasuyama Karasuyama
Narangba Narangba
Tsukawaki Tsukawaki
Fagaras Fagaras
Pilibhit Pilibhit Irvine
Racine Racine
PinhalNovo PinhalNovo
Brecht Brecht
Anahuac Anahuac
Yucheng Yucheng
Korolev Korolev
Novopokrovskaya Novopokrovskaya
Albi Albi
Tsirang Tsirang
Fandriana Fandriana
Isakogorka Isakogorka
GobernadorGalvez GobernadorGalvez
Gobo Gobo
Tocache Tocache
Leixlip Leixlip
MilpaAlta MilpaAlta
MontecatiniTerme MontecatiniTerme
Mesa EncarnaciondeDiaz
