0 196 187 190 53 113 70 191 30 84 40 86 66 39 160 134 195 185 166 146 48 182 3 121 148 162 51 42 38 132 32 57 163 41 119 110 175 103 52 62 77 104 67 88 20 22 21 14 109 116 72 169 60 144 55 126 24 8 19 26 25 93 58 183 188 105 151 115 97 10 43 35 114 173 78 125 102 85 100 65 159 59 107 56 64 168 171 176 83 174 81 172 76 68 71 37 96 6 23 5 0
100
0 0
3 3
5 5
6 6
8 8
10 10
14 14
19 19
20 20
21 21
22 22
23 23
24 24
25 25
26 26
30 30
32 32
35 35
37 37
38 38
39 39
40 40
41 41
42 42
43 43
48 48
51 51
52 52
53 53
55 55
56 56
57 57
58 58
59 59
60 60
62 62
64 64
65 65
66 66
67 67
68 68
70 70
71 71
72 72
76 76
77 77
78 78
81 81
83 83
84 84
85 85
86 86
88 88
93 93
96 96
97 97
100 100
102 102
103 103
104 104
105 105
107 107
109 109
110 110
113 113
114 114
115 115
116 116
119 119
121 121
125 125
126 126
132 132
134 134
144 144
146 146
148 148
151 151
159 159
160 160
162 162
163 163
166 166
168 168
169 169
171 171
172 172
173 173
174 174
175 175
176 176
182 182
183 183
185 185
187 187
188 188
190 190
191 191
195 195
196 196
