S 2M 2Ea 2Ec 2Ea 2M 2Aa 2Ab 2Af 2Ag 2Af 2M 2Ba 2Bf 2M 2Ca 2Cb 2Cc 2Cb 2Ca 2M 2Da 2M S 1M 1Da 1M 1Ca 1Cb 1Cc 1Cb 1Ca 1M 1Bf 1Ba 1M 1Ea 1Ec 1Ea 1M 1Aa 1Ab 1Af 1Ag 1Af 1M S 4M 4Ba 4Bf 4M 4Aa 4Ab 4Af 4Ag 4Af 4M 4Ca 4Cb 4Cc 4Cb 4Ca 4M 4Da 4M 4Ea 4Ec 4Ea 4M S 3M 3Ea 3Ec 3Ea 3M 3Ba 3Bf 3M 3Ca 3Cb 3Cc 3Cb 3Ca 3M 3Da 3M 3Aa 3Ab 3Af 3Ag 3Af 3M S
48
1Aa 1Aa
1Ab 1Ab 1Ac 1Ae 1Ad
1Ag 1Ag 1Ai 1Ah 1Aj
1Bf 1Bf 1Bi 1Bj
1Ca 1Ca
1Cb 1Cb
1Cc 1Cc 1Cd
2Aa 2Aa
2Ab 2Ab 2Ad 2Ac 2Ae
2Ag 2Ag 2Ai 2Aj 2Ah
2Bf 2Bf 2Bj 2Bi
2Ca 2Ca
2Cb 2Cb
2Cc 2Cc 2Cd
3Aa 3Aa
3Ab 3Ab 3Ac 3Ad 3Ae
3Ag 3Ag 3Aj 3Ah 3Ai
3Bf 3Bf 3Bj 3Bi
3Ca 3Ca
3Cb 3Cb
3Cc 3Cc 3Cd
4Aa 4Aa
4Ab 4Ab 4Ae 4Ac 4Ad
4Ag 4Ag 4Aj 4Ai 4Ah
4Bf 4Bf 4Bj 4Bi
4Ca 4Ca
4Cb 4Cb
4Cc 4Cc 4Cd
2Ec 2Eh 2Ei
2Ea 2Ee 2Ek
2Ba 2Bb
2Da 2Dd 2De
1Da 1Dd 1De
1Ba 1Bb
1Ea 1Ee 1Ek
1Ec 1Ei 1Eh
4Ba 4Bb
4Da 4De 4Dd
4Ec 4Eh 4Ei
4Ea 4Ee 4Ek
3Ec 3Ei 3Eh
3Ea 3Ee 3Ek
3Ba 3Bb
3Da 3Dd 3De
2M 2Fe
1M 1Fe
4M 4Fe
3M 3Fe
