0 1 6 11 16 20 19 16 18 17 16 22 23 21 26 28 27 26 32 33 31 36 39 40 36 41 44 45 41 42 43 41 46 48 47 46 52 53 51 57 58 56 61 63 62 61 67 68 66 72 71 76 79 80 76 81 86 91 93 92 91 94 95 91 86 81 83 82 81 76 71 73 72 66 67 61 64 65 61 56 57 51 52 46 50 49 0
48
17 17
18 18
19 19
20 20
23 23
27 27
28 28
33 33
39 39
40 40
42 42
43 43
44 44
45 45
47 47
48 48
49 49
50 50
53 53
57 57
58 58
62 62
63 63
64 64
65 65
67 67
68 68
72 72
73 73
79 79
80 80
82 82
83 83
92 92
93 93
94 94
95 95
1 4 3
6 9
11 15
21 25
31 34
36 38
51 54
76 78
86 89 88
81 84
66 70
