0 1 6 11 12 13 11 16 21 25 24 21 26 30 29 26 32 33 31 35 34 31 37 38 36 42 41 46 47 48 46 51 52 53 51 57 58 56 59 60 56 61 65 64 61 62 63 61 66 71 75 74 71 72 73 71 76 79 80 76 81 82 83 81 87 86 92 93 91 95 94 91 96 99 100 96 98 97 96 101 103 102 101 105 104 101 106 107 108 106 112 113 111 116 121 127 128 126 129 130 126 131 136 140 139 136 138 137 136 141 143 142 141 145 144 141 146 151 152 153 151 156 162 163 161 164 165 161 167 166 170 169 166 171 176 180 179 176 181 185 184 181 186 192 193 191 196 197 198 0
97
12 12
13 13
24 24
25 25
29 29
30 30
32 32
33 33
34 34
35 35
38 38
42 42
47 47
48 48
52 52
53 53
58 58
59 59
60 60
62 62
63 63
64 64
65 65
72 72
73 73
74 74
75 75
79 79
80 80
82 82
83 83
87 87
93 93
94 94
95 95
97 97
98 98
99 99
100 100
102 102
103 103
104 104
105 105
107 107
108 108
112 112
113 113
127 127
128 128
129 129
130 130
137 137
138 138
139 139
140 140
142 142
143 143
144 144
145 145
152 152
153 153
162 162
163 163
164 164
165 165
169 169
170 170
179 179
180 180
184 184
185 185
192 192
193 193
1 3
6 7
11 14
16 19 17
21 22
26 27
36 39
41 44
66 68 70
76 78
81 84
86 90
106 109
111 114
116 118
121 122
131 135
146 149
151 155
156 159
171 173
181 183
186 187 189
191 195
