pace king guarantee due seize sunrise title shy nationalist dip joint demand cigarette tablet swear other excuse thumb output circulation gate mystery enter autonomy glasses tool dialogue prison solve winner forge vegetarian linger dough enhance legislation sign romantic straighten quality headline mature buffet exclusive class disclose skeleton understand paper deposit honor feature interactive throne imposter fortune page lake rob bitter respect financial voice pace
49
prison prison
title title
king king
quality quality
paper paper
output output
circulation circulation
page page
voice voice
honor honor
enter enter
throne throne
guarantee guarantee
tablet tablet
thumb thumb
headline headline
dough dough
exclusive exclusive
other other
nationalist nationalist
winner winner
cigarette cigarette
buffet buffet
mystery mystery
autonomy autonomy
sign sign
financial financial
legislation legislation
class class
glasses glasses
tool tool
lake lake
sunrise sunrise
linger linger
rob rob
bitter bitter
seize seize
shy shy
dip dip
imposter imposter
demand demand pain
enhance enhance
swear swear
vegetarian vegetarian
dialogue likely
forge tolerate
mature brake
disclose injury
understand figure
