HAZtD 4Eg1F wnnBN Cg1yP iKwe0 J0OP0 F7CZj z82fM EyMEe vfAR8 bW6Ms RN9nS CXkxa ED9em CXkxa 3NU9e aWuHk mJExt XbFfE O8CwF aegld C4biR 93R2m cu5FB 4AhmX jesVt 69WZh zrVPv wedr3 69WZh ox9Gx 15wtn Mm2U8 v7hOX SEkfX b9v0q eVDVP Ia6ul VG4na Agb0E WVEjT wVSYr fExZu 2zHfe AwFdf kNG2j kjZGl UQeyk EgumV fWz4T SE1WY ZKvNM iHR3J v0WXM R6NzB 0FMEI tgL8p DmTRc 4jcrD Vg6Sz iIQll GrnJ7 UbqWX v9joy GrnJ7 rmW0U CHx6u lF8gH bMhFI SfSL1 RkCLD xKTIz E6pda e7SjH DuU0x BIY9X o2JtM H1xt8 GaZ4O Q8lcd iPRoT 8Qx0C qz2Of iimZq GUEko 0moVI Pk19A HAKlt iimZq 6owsT OWqP4 rVnMc SxklZ BaYb3 1VA1I BaYb3 IOpdQ 7kY28 URrao fiXIW 7kY28 pLg86 Xqwfz jyRQW zcuSA 4PSW9 0F8yg 9cp56 u60s4 gpbSj cC0Rg p3gJd cpzS8 p3gJd DaieK p3gJd rH3nx 1gvq4 lJnz7 GxQg8 X2hjX UqGfS kPB79 6gp0A HAZtD
86
cu5FB cu5FB
zcuSA zcuSA
fiXIW fiXIW
wedr3 wedr3
H1xt8 H1xt8
pLg86 pLg86
SEkfX SEkfX
0F8yg 0F8yg
zrVPv zrVPv
GxQg8 GxQg8
4AhmX 4AhmX
URrao URrao
8Qx0C 8Qx0C
aegld aegld
ED9em ED9em 5h4rt
7kY28 7kY28
UbqWX UbqWX
jesVt jesVt
E6pda E6pda
BIY9X BIY9X
69WZh 69WZh mdIe6
DuU0x DuU0x
wnnBN wnnBN
v9joy v9joy
IOpdQ IOpdQ
CHx6u CHx6u
lJnz7 lJnz7
BaYb3 BaYb3
eVDVP eVDVP
1gvq4 1gvq4
ox9Gx ox9Gx
Ia6ul Ia6ul
bMhFI bMhFI
iIQll iIQll p4kTx
rH3nx rH3nx
1VA1I 1VA1I Zok18
Vg6Sz Vg6Sz
u60s4 u60s4 Zxvdf
aWuHk aWuHk
lF8gH lF8gH
RN9nS RN9nS
O8CwF O8CwF TlJnt
OWqP4 OWqP4
p3gJd p3gJd
gpbSj gpbSj
SxklZ SxklZ VESmp
X2hjX X2hjX
v7hOX v7hOX
cpzS8 cpzS8 acHTt
DaieK DaieK uPUO1
Q8lcd Q8lcd
Cg1yP Cg1yP
fExZu fExZu
cC0Rg cC0Rg
R6NzB R6NzB
6owsT 6owsT
AwFdf AwFdf
J0OP0 J0OP0
DmTRc DmTRc
iKwe0 iKwe0
xKTIz xKTIz
iHR3J iHR3J
bW6Ms bW6Ms
UqGfS UqGfS NqBQW Ssao4
iimZq iimZq
vfAR8 vfAR8
z82fM z82fM
Agb0E Agb0E
EgumV EgumV
0moVI 0moVI
HAKlt HAKlt
kNG2j kNG2j
fWz4T fWz4T
4jcrD 4jcrD
Pk19A Pk19A
WVEjT WVEjT
VG4na VG4na
CXkxa Lusir
mJExt iqOI4
ZKvNM TzGS5
0FMEI 2GCiD
GrnJ7 gNinx iaaYU
rmW0U 9tf0w HOuAL
e7SjH 2LhKB
kPB79 4PXv9 4Tt2a
9cp56 5EAEu
