1 82 119 103 138 49 121 105 128 130 31 90 46 23 127 110 26 83 193 101 175 185 98 156 161 182 157 163 58 93 7 14 174 71 66 129 152 60 3 64 116 12 190 13 15 108 57 84 140 194 137 56 99 43 132 153 42 95 147 142 51 176 186 92 86 162 53 136 159 96 18 89 88 52 115 36 91 78 199 1
78
3 3
7 7
12 12
13 13
14 14
15 15
18 18
23 23
26 26
31 31
36 36
42 42
43 43
46 46
49 49
51 51
52 52
53 53
56 56
57 57
58 58
60 60
64 64
66 66
71 71
78 78
82 82
83 83
84 84
86 86
88 88
89 89
90 90
91 91
92 92
93 93
95 95
96 96
98 98
99 99
101 101
103 103
105 105
108 108
110 110
115 115
116 116
119 119
121 121
127 127
128 128
129 129
130 130
132 132
136 136
137 137
138 138
140 140
142 142
147 147
152 152
153 153
156 156
157 157
159 159
161 161
162 162
163 163
174 174
175 175
176 176
182 182
185 185
186 186
190 190
193 193
194 194
199 199
