Abbey Zion Myah Matilda Haven Denisse Mya Ciara Mira Jillian Jade Zara Baylee Alia Kristina Lucille Ingrid Jazmyn Neveah Ashley Alexus Kenzie Riley Mckayla Kayden Melina Iyana Dana Kaydence Lilia Alexia Jamiya Sharon Brooklyn Arielle Lainey Claire Emilie Emma Gillian Diana Rylee Shyanne Janiya Carlee Maggie Jasmin Avni Keyla Taniyah Sophie Ariel Kristin Noelle Natalee Aryana Aniya Aubree Parker Juliette Elianna Kimberly Imani Lindsay Kiana Laylah Tara Zaria Alivia Jimena Lacey Mireya Christine Mckinley Carleigh Lilyana Jaden Nia Camilla Carlie Kiley Chasity Dayami Leila Madilynn Kaley Sophia Kira Bryanna Carly Abbey
90
Abbey Abbey
Alexia Alexia
Alexus Alexus
Alia Alia
Alivia Alivia
Aniya Aniya
Ariel Ariel
Arielle Arielle
Aryana Aryana
Ashley Ashley
Aubree Aubree
Avni Avni
Baylee Baylee
Brooklyn Brooklyn
Bryanna Bryanna
Camilla Camilla
Carlee Carlee
Carleigh Carleigh
Carlie Carlie
Carly Carly
Chasity Chasity
Christine Christine
Ciara Ciara
Claire Claire
Dana Dana
Dayami Dayami
Denisse Denisse
Diana Diana
Elianna Elianna
Emilie Emilie
Emma Emma
Gillian Gillian
Haven Haven
Imani Imani
Ingrid Ingrid
Iyana Iyana
Jade Jade
Jaden Jaden
Jamiya Jamiya
Janiya Janiya
Jasmin Jasmin
Jazmyn Jazmyn
Jillian Jillian
Jimena Jimena
Juliette Juliette
Kaley Kaley
Kayden Kayden
Kaydence Kaydence
Kenzie Kenzie
Keyla Keyla
Kiana Kiana
Kiley Kiley
Kimberly Kimberly
Kira Kira
Kristin Kristin
Kristina Kristina
Lacey Lacey
Lainey Lainey
Laylah Laylah
Leila Leila
Lilia Lilia
Lilyana Lilyana
Lindsay Lindsay
Lucille Lucille
Madilynn Madilynn
Maggie Maggie
Matilda Matilda
Mckayla Mckayla
Mckinley Mckinley
Melina Melina
Mira Mira
Mireya Mireya
Mya Mya
Myah Myah
Natalee Natalee
Neveah Neveah
Nia Nia
Noelle Noelle
Parker Parker
Riley Riley
Rylee Rylee
Sharon Sharon
Shyanne Shyanne
Sophia Sophia
Sophie Sophie
Taniyah Taniyah
Tara Tara
Zara Zara
Zaria Zaria
Zion Zion
