1 16 34 40 3 101 90 128 66 89 3 29 70 68 106 136 130 52 142 140 102 125 138 80 3 112 46 100 3 64 58 88 3 41 118 8 30 32 3 113 126 77 114 65 94 17 54 104 3 56 6 5 78 20 82 4 3 137 22 116 18 92 42 53 10 28 3 124 1 62 84 38 1 23 48 47 1 74 12 59 96 134 1 131 60 50 36 119 120 71 108 107 1 86 72 98 1 35 24 14 1 11 144 122 1 110 132 143 1
92
4 4
5 5
6 6
8 8
10 10
11 11
12 12
14 14
16 16
17 17
18 18
20 20
22 22
23 23
24 24
28 28
29 29
30 30
32 32
34 34
35 35
36 36
38 38
40 40
41 41
42 42
46 46
47 47
48 48
50 50
52 52
53 53
54 54
56 56
58 58
59 59
60 60
62 62
64 64
65 65
66 66
68 68
70 70
71 71
72 72
74 74
77 77
78 78
80 80
82 82
84 84
86 86
88 88
89 89
90 90
92 92
94 94
96 96
98 98
100 100
101 101
102 102
104 104
106 106
107 107
108 108
110 110
112 112
113 113
114 114
116 116
118 118
119 119
120 120
122 122
124 124
125 125
126 126
128 128
130 130
131 131
132 132
134 134
136 136
137 137
138 138
140 140
142 142
143 143
144 144
3 76 44
1 95 83 26 2
