start c3 c8 c11 c20 c21 c23 c30 c29 c28 c26 c27 c31 c35 c36 c20 c11 c12 c13 c15 c14 c10 c9 c8 c3 start d1 d3 d6 d5 d4 d3 start a1 a4 a2 a3 a5 start e7 e8 e22 e10 e23 e12 e24 e15 e25 e18 e6 e4 e3 e20 e2 e19 e1 start h6 h17 h16 h12 h11 h10 h9 h8 h2 h26 h3 h25 h24 h23 h4 start
32
c10 c10
c13 c13
c15 c15
c21 c21
c23 c23
c26 c26
c27 c27
c31 c31 c33
d1 d1
d4 d4
d5 d5
a1 a1
a2 a2
a3 a3
a4 a4
a5 a5
e19 e19
e20 e20
e22 e22
e23 e23
e24 e24
e25 e25
h9 h9
h17 h17
h24 h24
h26 h26
c20 c17
c3 c5 c1
e4 e21
h6 h18
h12 h13
h4 h22
