Nepal Georgia Argentina Azerbaijan Belarus UAE Estonia Suriname Botswana Fiji Vietnam Afghanistan Palau Niger Serbia Panama Mauritius Kuwait Tajikistan NewZealand Slovakia MarshallIslands TheGambia VaticanCity SaintLucia Liechtenstein Tanzania Nepal
25
Liechtenstein Liechtenstein
Palau Palau
Vietnam Vietnam
Estonia Estonia
Afghanistan Afghanistan
Georgia Georgia
Panama Panama
MarshallIslands MarshallIslands
Fiji Fiji
Azerbaijan Azerbaijan
NewZealand NewZealand
Kuwait Kuwait
Suriname Suriname
Argentina Argentina
Mauritius Mauritius
SaintLucia SaintLucia
UAE UAE
Belarus Belarus
Botswana Botswana
Serbia Serbia
VaticanCity VaticanCity
Tajikistan Tajikistan
Slovakia Slovakia
Tanzania Tanzania
Niger Niger
