l0 h0 h4 h6 h42 h7 h9 h11 h45 l1 h8 h3 h5 h49 h12 l15 h14 h26 h47 h33 h40 h24 h44 h25 h39 h46 l36 h41 h35 h34 h38 h15 h43 h17 l12 h16 h36 l32 h13 l39 h2 h31 h18 h20 h30 h21 h30 h48 l43 h19 h23 h32 h29 l30 h28 h1 l0
47
h0 h0
h1 h1
h2 h2
h3 h3
h4 h4
h5 h5
h6 h6
h7 h7 h10
h8 h8
h9 h9
h11 h11
h12 h12
h13 h13
h14 h14
h15 h15
h16 h16
h17 h17 h37
h18 h18
h19 h19
h20 h20
h21 h21 h22
h23 h23
h24 h24
h25 h25
h26 h26
h28 h28
h29 h29
h30 h30
h31 h31
h32 h32
h33 h33
h34 h34
h35 h35
h36 h36
h38 h38
h39 h39
h40 h40
h41 h41
h42 h42
h43 h43
h44 h44
h45 h45
h46 h46
h47 h47
h48 h48
h49 h49
l30 h27
