55 57 182 101 173 177 162 151 45 12 84 16 4 71 189 111 137 83 33 186 159 59 119 152 30 126 164 27 170 160 136 124 105 49 150 32 134 116 76 67 114 28 172 8 44 9 53 127 54 40 97 109 175 148 41 187 74 107 69 77 78 153 184 163 10 133 58 166 140 43 66 174 26 88 80 86 188 128 81 118 14 17 168 11 161 20 131 185 89 149 171 180 85 56 90 146 181 42 62 179 122 61 13 15 113 29 158 106 63 115 48 91 55
95
8 8
9 9
11 11
12 12
13 13
15 15 135
16 16
17 17
20 20
26 26
27 27
29 29
30 30
32 32
33 33
40 40
41 41
42 42
43 43
45 45
48 48
49 49
53 53
54 54
56 56
57 57
58 58
59 59
61 61
62 62
63 63
66 66
67 67
71 71
74 74
76 76
77 77
78 78
80 80
81 81
83 83
85 85
86 86
88 88
90 90
91 91
97 97
101 101
105 105
106 106
107 107
109 109
111 111
113 113
114 114
115 115
116 116
118 118
119 119
122 122
126 126
131 131
133 133
134 134
137 137
140 140
146 146
148 148
149 149
150 150
151 151
152 152
153 153
158 158
159 159
160 160
162 162
163 163
166 166
168 168
170 170
171 171
172 172
173 173
175 175
177 177
179 179
181 181
182 182
184 184
185 185
186 186
188 188
189 189
14 36
